#
# There is insufficient memory for the Java Runtime Environment to continue.
# Native memory allocation (malloc) failed to allocate 1785136 bytes for Chunk::new
# Possible reasons:
#   The system is out of physical RAM or swap space
#   In 32 bit mode, the process size limit was hit
# Possible solutions:
#   Reduce memory load on the system
#   Increase physical memory or swap space
#   Check if swap backing store is full
#   Use 64 bit Java on a 64 bit OS
#   Decrease Java heap size (-Xmx/-Xms)
#   Decrease number of Java threads
#   Decrease Java thread stack sizes (-Xss)
#   Set larger code cache with -XX:ReservedCodeCacheSize=
# This output file may be truncated or incomplete.
#
#  Out of Memory Error (allocation.cpp:388), pid=15464, tid=10684
#
# JRE version: Java(TM) SE Runtime Environment (8.0_05-b13) (build 1.8.0_05-b13)
# Java VM: Java HotSpot(TM) 64-Bit Server VM (25.5-b02 mixed mode windows-amd64 compressed oops)
# Failed to write core dump. Minidumps are not enabled by default on client versions of Windows
#

---------------  T H R E A D  ---------------

Current thread (0x0000000056d02000):  JavaThread "C2 CompilerThread1" daemon [_thread_in_native, id=10684, stack(0x00000000575c0000,0x00000000576c0000)]

Stack: [0x00000000575c0000,0x00000000576c0000]
Native frames: (J=compiled Java code, j=interpreted, Vv=VM code, C=native code)
V  [jvm.dll+0x308dea]
V  [jvm.dll+0x25def1]
V  [jvm.dll+0x25eb0f]
V  [jvm.dll+0x2564e5]
V  [jvm.dll+0xbcfc5]
V  [jvm.dll+0xbd45c]
V  [jvm.dll+0x44d422]
V  [jvm.dll+0x48e13f]
V  [jvm.dll+0x442075]
V  [jvm.dll+0x44366b]
V  [jvm.dll+0x427532]
V  [jvm.dll+0x96702]
V  [jvm.dll+0x96ef3]
V  [jvm.dll+0x2232c4]
V  [jvm.dll+0x27baca]
C  [msvcr100.dll+0x21d9f]
C  [msvcr100.dll+0x21e3b]
C  [kernel32.dll+0x159ed]
C  [ntdll.dll+0x2c541]


Current CompileTask:
C2:   3537 1745   !   4       com.android.dx.cf.cst.ConstantPoolParser::parse0 (731 bytes)


---------------  P R O C E S S  ---------------

Java Threads: ( => current thread )
  0x0000000056d53000 JavaThread "Service Thread" daemon [_thread_blocked, id=15504, stack(0x0000000057990000,0x0000000057a90000)]
  0x0000000056d08000 JavaThread "C1 CompilerThread2" daemon [_thread_blocked, id=10512, stack(0x00000000577b0000,0x00000000578b0000)]
=>0x0000000056d02000 JavaThread "C2 CompilerThread1" daemon [_thread_in_native, id=10684, stack(0x00000000575c0000,0x00000000576c0000)]
  0x0000000056d0f000 JavaThread "C2 CompilerThread0" daemon [_thread_in_native, id=12772, stack(0x00000000570b0000,0x00000000571b0000)]
  0x0000000056d0d800 JavaThread "Attach Listener" daemon [_thread_blocked, id=7452, stack(0x0000000057380000,0x0000000057480000)]
  0x0000000056d0c800 JavaThread "Signal Dispatcher" daemon [_thread_blocked, id=14268, stack(0x0000000057280000,0x0000000057380000)]
  0x00000000554a1000 JavaThread "Finalizer" daemon [_thread_blocked, id=16228, stack(0x0000000056bb0000,0x0000000056cb0000)]
  0x0000000055496000 JavaThread "Reference Handler" daemon [_thread_blocked, id=15872, stack(0x0000000056a30000,0x0000000056b30000)]
  0x000000000216f000 JavaThread "main" [_thread_in_Java, id=11136, stack(0x0000000002440000,0x0000000002540000)]

Other Threads:
  0x0000000055492800 VMThread [stack: 0x0000000056900000,0x0000000056a00000] [id=16816]
  0x0000000056d5f000 WatcherThread [stack: 0x0000000057c10000,0x0000000057d10000] [id=6892]

VM state:not at safepoint (normal execution)

VM Mutex/Monitor currently owned by a thread: None

Heap:
 PSYoungGen      total 55808K, used 21099K [0x00000000eab00000, 0x00000000f0280000, 0x0000000100000000)
  eden space 48640K, 28% used [0x00000000eab00000,0x00000000eb89e7c0,0x00000000eda80000)
  from space 7168K, 99% used [0x00000000eda80000,0x00000000ee17c6e0,0x00000000ee180000)
  to   space 10752K, 0% used [0x00000000ef800000,0x00000000ef800000,0x00000000f0280000)
 ParOldGen       total 129536K, used 33069K [0x00000000c0000000, 0x00000000c7e80000, 0x00000000eab00000)
  object space 129536K, 25% used [0x00000000c0000000,0x00000000c204b6b0,0x00000000c7e80000)
 Metaspace       used 5495K, capacity 6896K, committed 7040K, reserved 1056768K
  class space    used 540K, capacity 616K, committed 640K, reserved 1048576K

Card table byte_map: [0x0000000011bd0000,0x0000000011de0000] byte_map_base: 0x00000000115d0000

Marking Bits: (ParMarkBitMap*) 0x00000000661413b0
 Begin Bits: [0x00000000128b0000, 0x00000000138b0000)
 End Bits:   [0x00000000138b0000, 0x00000000148b0000)

Polling page: 0x0000000000340000

CodeCache: size=245760Kb used=7421Kb max_used=7432Kb free=238338Kb
 bounds [0x0000000002810000, 0x0000000002f60000, 0x0000000011810000]
 total_blobs=2032 nmethods=1774 adapters=173
 compilation: enabled

Compilation events (10 events):
Event: 3.495 Thread 0x0000000056d08000 1807       2       java.lang.String::lastIndexOf (25 bytes)
Event: 3.496 Thread 0x0000000056d08000 nmethod 1807 0x0000000002f2a890 code [0x0000000002f2aa00, 0x0000000002f2aba8]
Event: 3.496 Thread 0x0000000056d08000 1808       2       com.android.dx.cf.direct.DirectClassFile::setAttributeFactory (20 bytes)
Event: 3.496 Thread 0x0000000056d08000 nmethod 1808 0x0000000002f2a450 code [0x0000000002f2a5c0, 0x0000000002f2a7c8]
Event: 3.496 Thread 0x0000000056d08000 1809       2       com.android.dx.cf.direct.DirectClassFile::getMagic (9 bytes)
Event: 3.496 Thread 0x0000000056d08000 nmethod 1809 0x0000000002f2a010 code [0x0000000002f2a180, 0x0000000002f2a338]
Event: 3.496 Thread 0x0000000056d08000 1810       2       com.android.dx.cf.direct.DirectClassFile::getMinorVersion0 (9 bytes)
Event: 3.496 Thread 0x0000000056d08000 nmethod 1810 0x0000000002f29b10 code [0x0000000002f29c80, 0x0000000002f29e68]
Event: 3.496 Thread 0x0000000056d08000 1811       2       com.android.dx.cf.cst.ConstantPoolParser::getEndOffset (9 bytes)
Event: 3.496 Thread 0x0000000056d08000 nmethod 1811 0x0000000002f29750 code [0x0000000002f298c0, 0x0000000002f29a48]

GC Heap History (10 events):
Event: 2.171 GC heap before
{Heap before GC invocations=17 (full 0):
 PSYoungGen      total 28672K, used 27855K [0x00000000eab00000, 0x00000000ecc00000, 0x0000000100000000)
  eden space 25088K, 100% used [0x00000000eab00000,0x00000000ec380000,0x00000000ec380000)
  from space 3584K, 77% used [0x00000000ec780000,0x00000000eca33ec0,0x00000000ecb00000)
  to   space 4096K, 0% used [0x00000000ec380000,0x00000000ec380000,0x00000000ec780000)
 ParOldGen       total 129536K, used 12165K [0x00000000c0000000, 0x00000000c7e80000, 0x00000000eab00000)
  object space 129536K, 9% used [0x00000000c0000000,0x00000000c0be17c8,0x00000000c7e80000)
 Metaspace       used 5432K, capacity 6832K, committed 7040K, reserved 1056768K
  class space    used 540K, capacity 616K, committed 640K, reserved 1048576K
Event: 2.218 GC heap after
Heap after GC invocations=17 (full 0):
 PSYoungGen      total 29184K, used 4080K [0x00000000eab00000, 0x00000000ed880000, 0x0000000100000000)
  eden space 25088K, 0% used [0x00000000eab00000,0x00000000eab00000,0x00000000ec380000)
  from space 4096K, 99% used [0x00000000ec380000,0x00000000ec77c020,0x00000000ec780000)
  to   space 5632K, 0% used [0x00000000ed300000,0x00000000ed300000,0x00000000ed880000)
 ParOldGen       total 129536K, used 14921K [0x00000000c0000000, 0x00000000c7e80000, 0x00000000eab00000)
  object space 129536K, 11% used [0x00000000c0000000,0x00000000c0e925b8,0x00000000c7e80000)
 Metaspace       used 5432K, capacity 6832K, committed 7040K, reserved 1056768K
  class space    used 540K, capacity 616K, committed 640K, reserved 1048576K
}
Event: 2.393 GC heap before
{Heap before GC invocations=18 (full 0):
 PSYoungGen      total 29184K, used 29168K [0x00000000eab00000, 0x00000000ed880000, 0x0000000100000000)
  eden space 25088K, 100% used [0x00000000eab00000,0x00000000ec380000,0x00000000ec380000)
  from space 4096K, 99% used [0x00000000ec380000,0x00000000ec77c020,0x00000000ec780000)
  to   space 5632K, 0% used [0x00000000ed300000,0x00000000ed300000,0x00000000ed880000)
 ParOldGen       total 129536K, used 14921K [0x00000000c0000000, 0x00000000c7e80000, 0x00000000eab00000)
  object space 129536K, 11% used [0x00000000c0000000,0x00000000c0e925b8,0x00000000c7e80000)
 Metaspace       used 5439K, capacity 6832K, committed 7040K, reserved 1056768K
  class space    used 540K, capacity 616K, committed 640K, reserved 1048576K
Event: 2.522 GC heap after
Heap after GC invocations=18 (full 0):
 PSYoungGen      total 40448K, used 3823K [0x00000000eab00000, 0x00000000ed980000, 0x0000000100000000)
  eden space 34816K, 0% used [0x00000000eab00000,0x00000000eab00000,0x00000000ecd00000)
  from space 5632K, 67% used [0x00000000ed300000,0x00000000ed6bbdf0,0x00000000ed880000)
  to   space 6144K, 0% used [0x00000000ecd00000,0x00000000ecd00000,0x00000000ed300000)
 ParOldGen       total 129536K, used 18977K [0x00000000c0000000, 0x00000000c7e80000, 0x00000000eab00000)
  object space 129536K, 14% used [0x00000000c0000000,0x00000000c12886c0,0x00000000c7e80000)
 Metaspace       used 5439K, capacity 6832K, committed 7040K, reserved 1056768K
  class space    used 540K, capacity 616K, committed 640K, reserved 1048576K
}
Event: 2.770 GC heap before
{Heap before GC invocations=19 (full 0):
 PSYoungGen      total 40448K, used 38639K [0x00000000eab00000, 0x00000000ed980000, 0x0000000100000000)
  eden space 34816K, 100% used [0x00000000eab00000,0x00000000ecd00000,0x00000000ecd00000)
  from space 5632K, 67% used [0x00000000ed300000,0x00000000ed6bbdf0,0x00000000ed880000)
  to   space 6144K, 0% used [0x00000000ecd00000,0x00000000ecd00000,0x00000000ed300000)
 ParOldGen       total 129536K, used 18977K [0x00000000c0000000, 0x00000000c7e80000, 0x00000000eab00000)
  object space 129536K, 14% used [0x00000000c0000000,0x00000000c12886c0,0x00000000c7e80000)
 Metaspace       used 5449K, capacity 6832K, committed 7040K, reserved 1056768K
  class space    used 540K, capacity 616K, committed 640K, reserved 1048576K
Event: 2.847 GC heap after
Heap after GC invocations=19 (full 0):
 PSYoungGen      total 40960K, used 4896K [0x00000000eab00000, 0x00000000ee800000, 0x0000000100000000)
  eden space 34816K, 0% used [0x00000000eab00000,0x00000000eab00000,0x00000000ecd00000)
  from space 6144K, 79% used [0x00000000ecd00000,0x00000000ed1c8000,0x00000000ed300000)
  to   space 6656K, 0% used [0x00000000ee180000,0x00000000ee180000,0x00000000ee800000)
 ParOldGen       total 129536K, used 22348K [0x00000000c0000000, 0x00000000c7e80000, 0x00000000eab00000)
  object space 129536K, 17% used [0x00000000c0000000,0x00000000c15d3100,0x00000000c7e80000)
 Metaspace       used 5449K, capacity 6832K, committed 7040K, reserved 1056768K
  class space    used 540K, capacity 616K, committed 640K, reserved 1048576K
}
Event: 3.064 GC heap before
{Heap before GC invocations=20 (full 0):
 PSYoungGen      total 40960K, used 39712K [0x00000000eab00000, 0x00000000ee800000, 0x0000000100000000)
  eden space 34816K, 100% used [0x00000000eab00000,0x00000000ecd00000,0x00000000ecd00000)
  from space 6144K, 79% used [0x00000000ecd00000,0x00000000ed1c8000,0x00000000ed300000)
  to   space 6656K, 0% used [0x00000000ee180000,0x00000000ee180000,0x00000000ee800000)
 ParOldGen       total 129536K, used 22348K [0x00000000c0000000, 0x00000000c7e80000, 0x00000000eab00000)
  object space 129536K, 17% used [0x00000000c0000000,0x00000000c15d3100,0x00000000c7e80000)
 Metaspace       used 5479K, capacity 6832K, committed 7040K, reserved 1056768K
  class space    used 540K, capacity 616K, committed 640K, reserved 1048576K
Event: 3.091 GC heap after
Heap after GC invocations=20 (full 0):
 PSYoungGen      total 55296K, used 5600K [0x00000000eab00000, 0x00000000ee900000, 0x0000000100000000)
  eden space 48640K, 0% used [0x00000000eab00000,0x00000000eab00000,0x00000000eda80000)
  from space 6656K, 84% used [0x00000000ee180000,0x00000000ee6f8000,0x00000000ee800000)
  to   space 7168K, 0% used [0x00000000eda80000,0x00000000eda80000,0x00000000ee180000)
 ParOldGen       total 129536K, used 27039K [0x00000000c0000000, 0x00000000c7e80000, 0x00000000eab00000)
  object space 129536K, 20% used [0x00000000c0000000,0x00000000c1a67fe8,0x00000000c7e80000)
 Metaspace       used 5479K, capacity 6832K, committed 7040K, reserved 1056768K
  class space    used 540K, capacity 616K, committed 640K, reserved 1048576K
}
Event: 3.417 GC heap before
{Heap before GC invocations=21 (full 0):
 PSYoungGen      total 55296K, used 54240K [0x00000000eab00000, 0x00000000ee900000, 0x0000000100000000)
  eden space 48640K, 100% used [0x00000000eab00000,0x00000000eda80000,0x00000000eda80000)
  from space 6656K, 84% used [0x00000000ee180000,0x00000000ee6f8000,0x00000000ee800000)
  to   space 7168K, 0% used [0x00000000eda80000,0x00000000eda80000,0x00000000ee180000)
 ParOldGen       total 129536K, used 27039K [0x00000000c0000000, 0x00000000c7e80000, 0x00000000eab00000)
  object space 129536K, 20% used [0x00000000c0000000,0x00000000c1a67fe8,0x00000000c7e80000)
 Metaspace       used 5493K, capacity 6896K, committed 7040K, reserved 1056768K
  class space    used 540K, capacity 616K, committed 640K, reserved 1048576K
Event: 3.462 GC heap after
Heap after GC invocations=21 (full 0):
 PSYoungGen      total 55808K, used 7153K [0x00000000eab00000, 0x00000000f0280000, 0x0000000100000000)
  eden space 48640K, 0% used [0x00000000eab00000,0x00000000eab00000,0x00000000eda80000)
  from space 7168K, 99% used [0x00000000eda80000,0x00000000ee17c6e0,0x00000000ee180000)
  to   space 10752K, 0% used [0x00000000ef800000,0x00000000ef800000,0x00000000f0280000)
 ParOldGen       total 129536K, used 33069K [0x00000000c0000000, 0x00000000c7e80000, 0x00000000eab00000)
  object space 129536K, 25% used [0x00000000c0000000,0x00000000c204b6b0,0x00000000c7e80000)
 Metaspace       used 5493K, capacity 6896K, committed 7040K, reserved 1056768K
  class space    used 540K, capacity 616K, committed 640K, reserved 1048576K
}

Deoptimization events (10 events):
Event: 3.110 Thread 0x000000000216f000 Uncommon trap: reason=unreached action=reinterpret pc=0x0000000002c4aa0c method=com.android.dx.ssa.SsaMethod.updateOneDefinition(Lcom/android/dx/ssa/SsaInsn;Lcom/android/dx/rop/code/RegisterSpec;)V @ 4
Event: 3.113 Thread 0x000000000216f000 Uncommon trap: reason=bimorphic action=maybe_recompile pc=0x0000000002ec28ac method=com.android.dx.ssa.LiteralOpUpgrader.tryReplacingWithConstant(Lcom/android/dx/ssa/NormalSsaInsn;)Z @ 62
Event: 3.137 Thread 0x000000000216f000 Uncommon trap: reason=unreached action=reinterpret pc=0x0000000002e24d04 method=com.android.dx.ssa.MoveParamCombiner$1.visitNonMoveInsn(Lcom/android/dx/ssa/NormalSsaInsn;)V @ 27
Event: 3.204 Thread 0x000000000216f000 Uncommon trap: reason=unreached action=reinterpret pc=0x0000000002dd4a44 method=com.android.dx.ssa.SCCP.simulateBranch(Lcom/android/dx/ssa/SsaInsn;)V @ 132
Event: 3.204 Thread 0x000000000216f000 Uncommon trap: reason=unloaded action=reinterpret pc=0x0000000002ec1ec8 method=com.android.dx.ssa.LiteralOpUpgrader$1.visitNonMoveInsn(Lcom/android/dx/ssa/NormalSsaInsn;)V @ 72
Event: 3.206 Thread 0x000000000216f000 Uncommon trap: reason=class_check action=maybe_recompile pc=0x0000000002f083ec method=com.android.dx.cf.code.OneLocalsArray.set(ILcom/android/dx/rop/type/TypeBearer;)V @ 85
Event: 3.207 Thread 0x000000000216f000 Uncommon trap: reason=class_check action=maybe_recompile pc=0x0000000002f083ec method=com.android.dx.cf.code.OneLocalsArray.set(ILcom/android/dx/rop/type/TypeBearer;)V @ 85
Event: 3.209 Thread 0x000000000216f000 Uncommon trap: reason=class_check action=maybe_recompile pc=0x0000000002f083ec method=com.android.dx.cf.code.OneLocalsArray.set(ILcom/android/dx/rop/type/TypeBearer;)V @ 85
Event: 3.209 Thread 0x000000000216f000 Uncommon trap: reason=class_check action=maybe_recompile pc=0x0000000002f083ec method=com.android.dx.cf.code.OneLocalsArray.set(ILcom/android/dx/rop/type/TypeBearer;)V @ 85
Event: 3.243 Thread 0x000000000216f000 Uncommon trap: reason=bimorphic action=maybe_recompile pc=0x0000000002e41a38 method=java.util.HashMap.putVal(ILjava/lang/Object;Ljava/lang/Object;ZZ)Ljava/lang/Object; @ 203

Internal exceptions (4 events):
Event: 0.101 Thread 0x000000000216f000 Exception <a 'java/lang/NoSuchMethodError': Method sun.misc.Unsafe.defineClass(Ljava/lang/String;[BII)Ljava/lang/Class; name or signature does not match> (0x00000000eab0fa90) thrown at [D:\re\workspace\8-2-build-windows-amd64-cygwin\jdk8u5\2488\hotspot\srcC“Rß&ò¹?
Event: 0.101 Thread 0x000000000216f000 Exception <a 'java/lang/NoSuchMethodError': Method sun.misc.Unsafe.prefetchRead(Ljava/lang/Object;J)V name or signature does not match> (0x00000000eab0fd38) thrown at [D:\re\workspace\8-2-build-windows-amd64-cygwin\jdk8u5\2488\hotspot\src\share\vm\prims\jnþ‰^Ñoõ?
Event: 1.340 Thread 0x000000000216f000 Implicit null exception at 0x0000000002c10434 to 0x0000000002c1247d
Event: 1.975 Thread 0x000000000216f000 Implicit null exception at 0x0000000002bbdff8 to 0x0000000002bbf17d

Events (10 events):
Event: 3.243 Thread 0x000000000216f000 DEOPT PACKING pc=0x0000000002e41a38 sp=0x000000000253e230
Event: 3.243 Thread 0x000000000216f000 DEOPT UNPACKING pc=0x00000000028573ef sp=0x000000000253e1a8 mode 2
Event: 3.338 Thread 0x000000000216f000 DEOPT PACKING pc=0x0000000002e262c9 sp=0x000000000253e800
Event: 3.338 Thread 0x000000000216f000 DEOPT UNPACKING pc=0x0000000002857204 sp=0x000000000253e610 mode 0
Event: 3.339 Thread 0x000000000216f000 DEOPT PACKING pc=0x0000000002e13041 sp=0x000000000253e700
Event: 3.339 Thread 0x000000000216f000 DEOPT UNPACKING pc=0x0000000002857204 sp=0x000000000253e4c0 mode 0
Event: 3.342 Thread 0x000000000216f000 DEOPT PACKING pc=0x0000000002e2898d sp=0x000000000253e9e0
Event: 3.342 Thread 0x000000000216f000 DEOPT UNPACKING pc=0x0000000002857204 sp=0x000000000253e7e0 mode 0
Event: 3.416 Executing VM operation: ParallelGCFailedAllocation
Event: 3.462 Executing VM operation: ParallelGCFailedAllocation done


Dynamic libraries:
0x000000013f5a0000 - 0x000000013f5d4000 	C:\PROGRA~1\Java\JDK18~1.0_0\bin\java.exe
0x0000000076ed0000 - 0x0000000077079000 	C:\Windows\SYSTEM32\ntdll.dll
0x0000000076cb0000 - 0x0000000076dcf000 	C:\Windows\system32\kernel32.dll
0x000007fefcfe0000 - 0x000007fefd04c000 	C:\Windows\system32\KERNELBASE.dll
0x000007feff010000 - 0x000007feff0eb000 	C:\Windows\system32\ADVAPI32.dll
0x000007fefeb00000 - 0x000007fefeb9f000 	C:\Windows\system32\msvcrt.dll
0x000007fefd200000 - 0x000007fefd21f000 	C:\Windows\SYSTEM32\sechost.dll
0x000007fefd400000 - 0x000007fefd52d000 	C:\Windows\system32\RPCRT4.dll
0x0000000076dd0000 - 0x0000000076eca000 	C:\Windows\system32\USER32.dll
0x000007fefd0c0000 - 0x000007fefd127000 	C:\Windows\system32\GDI32.dll
0x000007fefedd0000 - 0x000007fefedde000 	C:\Windows\system32\LPK.dll
0x000007fefd130000 - 0x000007fefd1f9000 	C:\Windows\system32\USP10.dll
0x000007fefb6f0000 - 0x000007fefb8e4000 	C:\Windows\WinSxS\amd64_microsoft.windows.common-controls_6595b64144ccf1df_6.0.7601.17514_none_fa396087175ac9ac\COMCTL32.dll
0x000007fefef90000 - 0x000007feff001000 	C:\Windows\system32\SHLWAPI.dll
0x000007fefede0000 - 0x000007fefee0e000 	C:\Windows\system32\IMM32.DLL
0x000007fefe6a0000 - 0x000007fefe7a9000 	C:\Windows\system32\MSCTF.dll
0x000000006d9a0000 - 0x000000006da72000 	C:\PROGRA~1\Java\JDK18~1.0_0\jre\bin\msvcr100.dll
0x0000000065990000 - 0x00000000661ba000 	C:\PROGRA~1\Java\JDK18~1.0_0\jre\bin\server\jvm.dll
0x000007fef6b10000 - 0x000007fef6b19000 	C:\Windows\system32\WSOCK32.dll
0x000007fefd860000 - 0x000007fefd8ad000 	C:\Windows\system32\WS2_32.dll
0x000007feff1d0000 - 0x000007feff1d8000 	C:\Windows\system32\NSI.dll
0x000007fefa8c0000 - 0x000007fefa8fb000 	C:\Windows\system32\WINMM.dll
0x00000000770a0000 - 0x00000000770a7000 	C:\Windows\system32\PSAPI.DLL
0x00000000701c0000 - 0x00000000701cf000 	C:\PROGRA~1\Java\JDK18~1.0_0\jre\bin\verify.dll
0x000000006e210000 - 0x000000006e238000 	C:\PROGRA~1\Java\JDK18~1.0_0\jre\bin\java.dll
0x000000006f330000 - 0x000000006f346000 	C:\PROGRA~1\Java\JDK18~1.0_0\jre\bin\zip.dll
0x000007fefd910000 - 0x000007fefe698000 	C:\Windows\system32\SHELL32.dll
0x000007fefe7b0000 - 0x000007fefe9b3000 	C:\Windows\system32\ole32.dll
0x000007fefcc90000 - 0x000007fefcc9f000 	C:\Windows\system32\profapi.dll
0x000007fefaa00000 - 0x000007fefab25000 	C:\Windows\system32\dbghelp.dll

VM Arguments:
jvm_args: -Xmx1024M -Xss1m -Djava.ext.dirs=C:\Program Files (x86)\Android\android-studio\sdk\build-tools\android-4.4.2\lib 
java_command: C:\Program Files (x86)\Android\android-studio\sdk\build-tools\android-4.4.2\lib\dx.jar --dex --output C:\Users\Siza\Arrythmia Project Newtonmin\ArrythmiaProject\Arrythmia\app\build\pre-dexed\debug\support-v4-19.1.0-e311e493b238b75da4095bd5ee7b69d76d73dc42.jar C:\Program Files (x86)\Android\android-studio\sdk\extras\android\m2repository\com\android\support\support-v4\19.1.0\support-v4-19.1.0.jar
java_class_path (initial): C:\Program Files (x86)\Android\android-studio\sdk\build-tools\android-4.4.2\lib\dx.jar
Launcher Type: SUN_STANDARD

Environment Variables:
JAVA_HOME=C:\Program Files\Java\jdk1.8.0_05
PATH=C:\Program Files (x86)\NVIDIA Corporation\PhysX\Common;C:\Program Files\Common Files\Microsoft Shared\Windows Live;C:\Program Files (x86)\Common Files\Microsoft Shared\Windows Live;C:\Program Files (x86)\Microchip\MPLABC18\v3.45\mpasm;C:\Program Files (x86)\Microchip\MPLABC18\v3.45\bin;C:\Program Files (x86)\Microchip\MPLABC18\v3.41\mpasm;C:\Program Files (x86)\Microchip\MPLABC18\v3.41\bin;C:\Program Files (x86)\Microchip\mplabc32\v2.02\bin;C:\Program Files (x86)\Microchip\MPLAB C30\bin;C:\Program Files (x86)\Microchip\xc32\v1.20\bin;C:\Program Files (x86)\Microchip\xc16\v1.11\bin;C:\Program Files (x86)\Microchip\xc8\v1.12\bin;C:\Windows\system32;C:\Windows;C:\Windows\System32\Wbem;C:\Windows\System32\WindowsPowerShell\v1.0\;C:\Program Files\Microsoft\Web Platform Installer\;C:\Program Files (x86)\Microsoft ASP.NET\ASP.NET Web Pages\v1.0\;C:\Program Files (x86)\Windows Kits\8.0\Windows Performance Toolkit\;C:\Program Files\Microsoft SQL Server\110\Tools\Binn\;C:\Program Files\IVI Foundation\VISA\Win64\Bin\;C:\Program Files (x86)\IVI Foundation\VISA\WinNT\Bin\;C:\Program Files (x86)\IVI Foundation\VISA\WinNT\Bin;C:\Program Files (x86)\Microsoft SQL Server\100\Tools\Binn\;C:\Program Files\Microsoft SQL Server\100\Tools\Binn\;C:\Program Files\Microsoft SQL Server\100\DTS\Binn\;C:\Program Files\MATLAB\R2011b\runtime\win64;C:\Program Files\MATLAB\R2011b\bin;C:\Program Files\MATLAB\R2010b\runtime\win64;C:\Program Files\MATLAB\R2010b\bin;C:\Program Files (x86)\Microchip\MPLAB C32 Suite\bin;C:\Program Files\Java\jdk1.7.0_17\bin;C:\Program Files (x86)\HI-TECH Software\PICC\9.83\bin;C:\Program Files (x86)\Windows Live\Shared;C:\Program Files (x86)\QuickTime\QTSystem\;
USERNAME=Siza
OS=Windows_NT
PROCESSOR_IDENTIFIER=AMD64 Family 16 Model 10 Stepping 0, AuthenticAMD



---------------  S Y S T E M  ---------------

OS: Windows 7 , 64 bit Build 7601 Service Pack 1

CPU:total 6 (6 cores per cpu, 1 threads per core) family 16 model 10 stepping 0, cmov, cx8, fxsr, mmx, sse, sse2, sse3, popcnt, mmxext, 3dnowpref, lzcnt, sse4a, tsc, tscinvbit

Memory: 4k page, physical 8387816k(1408500k free), swap 8385952k(8428k free)

vm_info: Java HotSpot(TM) 64-Bit Server VM (25.5-b02) for windows-amd64 JRE (1.8.0_05-b13), built on Mar 18 2014 01:08:39 by "java_re" with MS VC++ 10.0 (VS2010)

time: Sat Jun 07 19:19:49 2014
elapsed time: 3 seconds

