#
# There is insufficient memory for the Java Runtime Environment to continue.
# Native memory allocation (malloc) failed to allocate 2396736 bytes for Chunk::new
# Possible reasons:
#   The system is out of physical RAM or swap space
#   In 32 bit mode, the process size limit was hit
# Possible solutions:
#   Reduce memory load on the system
#   Increase physical memory or swap space
#   Check if swap backing store is full
#   Use 64 bit Java on a 64 bit OS
#   Decrease Java heap size (-Xmx/-Xms)
#   Decrease number of Java threads
#   Decrease Java thread stack sizes (-Xss)
#   Set larger code cache with -XX:ReservedCodeCacheSize=
# This output file may be truncated or incomplete.
#
#  Out of Memory Error (allocation.cpp:388), pid=14692, tid=12460
#
# JRE version: Java(TM) SE Runtime Environment (8.0_05-b13) (build 1.8.0_05-b13)
# Java VM: Java HotSpot(TM) 64-Bit Server VM (25.5-b02 mixed mode windows-amd64 compressed oops)
# Failed to write core dump. Minidumps are not enabled by default on client versions of Windows
#

---------------  T H R E A D  ---------------

Current thread (0x0000000057033000):  JavaThread "C2 CompilerThread0" daemon [_thread_in_native, id=12460, stack(0x0000000057860000,0x0000000057960000)]

Stack: [0x0000000057860000,0x0000000057960000]
Native frames: (J=compiled Java code, j=interpreted, Vv=VM code, C=native code)
V  [jvm.dll+0x308dea]
V  [jvm.dll+0x25def1]
V  [jvm.dll+0x25eb0f]
V  [jvm.dll+0x2564e5]
V  [jvm.dll+0xbcfc5]
V  [jvm.dll+0xbd45c]
V  [jvm.dll+0x44d422]
V  [jvm.dll+0x48e13f]
V  [jvm.dll+0x44293e]
V  [jvm.dll+0x44366b]
V  [jvm.dll+0x427532]
V  [jvm.dll+0x96702]
V  [jvm.dll+0x96ef3]
V  [jvm.dll+0x2232c4]
V  [jvm.dll+0x27baca]
C  [msvcr100.dll+0x21d9f]
C  [msvcr100.dll+0x21e3b]
C  [kernel32.dll+0x159ed]
C  [ntdll.dll+0x2c541]


Current CompileTask:
C2:   3948 1757   !   4       com.android.dx.cf.cst.ConstantPoolParser::parse0 (731 bytes)


---------------  P R O C E S S  ---------------

Java Threads: ( => current thread )
  0x0000000057069000 JavaThread "Service Thread" daemon [_thread_blocked, id=6076, stack(0x0000000057470000,0x0000000057570000)]
  0x0000000057027800 JavaThread "C1 CompilerThread2" daemon [_thread_in_native, id=17016, stack(0x0000000057b80000,0x0000000057c80000)]
  0x0000000057026000 JavaThread "C2 CompilerThread1" daemon [_thread_in_native, id=5552, stack(0x0000000057a30000,0x0000000057b30000)]
=>0x0000000057033000 JavaThread "C2 CompilerThread0" daemon [_thread_in_native, id=12460, stack(0x0000000057860000,0x0000000057960000)]
  0x0000000057031800 JavaThread "Attach Listener" daemon [_thread_blocked, id=15088, stack(0x0000000057740000,0x0000000057840000)]
  0x0000000057031000 JavaThread "Signal Dispatcher" daemon [_thread_blocked, id=14852, stack(0x00000000575c0000,0x00000000576c0000)]
  0x00000000557a1000 JavaThread "Finalizer" daemon [_thread_blocked, id=15768, stack(0x0000000056dc0000,0x0000000056ec0000)]
  0x0000000055796000 JavaThread "Reference Handler" daemon [_thread_blocked, id=14200, stack(0x0000000056ed0000,0x0000000056fd0000)]
  0x000000000241f000 JavaThread "main" [_thread_in_Java, id=9764, stack(0x0000000002760000,0x0000000002860000)]

Other Threads:
  0x0000000055792800 VMThread [stack: 0x0000000056c40000,0x0000000056d40000] [id=16628]
  0x000000005706d000 WatcherThread [stack: 0x0000000057d30000,0x0000000057e30000] [id=16780]

VM state:not at safepoint (normal execution)

VM Mutex/Monitor currently owned by a thread: None

Heap:
 PSYoungGen      total 54784K, used 12081K [0x00000000eab00000, 0x00000000ee680000, 0x0000000100000000)
  eden space 48640K, 12% used [0x00000000eab00000,0x00000000eb0ce6b8,0x00000000eda80000)
  from space 6144K, 99% used [0x00000000eda80000,0x00000000ee07dfd0,0x00000000ee080000)
  to   space 6144K, 0% used [0x00000000ee080000,0x00000000ee080000,0x00000000ee680000)
 ParOldGen       total 129536K, used 40634K [0x00000000c0000000, 0x00000000c7e80000, 0x00000000eab00000)
  object space 129536K, 31% used [0x00000000c0000000,0x00000000c27aea98,0x00000000c7e80000)
 Metaspace       used 5594K, capacity 6896K, committed 7040K, reserved 1056768K
  class space    used 559K, capacity 616K, committed 640K, reserved 1048576K

Card table byte_map: [0x0000000011ef0000,0x0000000012100000] byte_map_base: 0x00000000118f0000

Marking Bits: (ParMarkBitMap*) 0x00000000661413b0
 Begin Bits: [0x0000000012bb0000, 0x0000000013bb0000)
 End Bits:   [0x0000000013bb0000, 0x0000000014bb0000)

Polling page: 0x0000000000130000

CodeCache: size=245760Kb used=7325Kb max_used=7325Kb free=238434Kb
 bounds [0x0000000002b30000, 0x0000000003260000, 0x0000000011b30000]
 total_blobs=2022 nmethods=1764 adapters=173
 compilation: enabled

Compilation events (10 events):
Event: 3.826 Thread 0x0000000057027800 1805   !   2       sun.reflect.generics.parser.SignatureParser::current (40 bytes)
Event: 3.826 Thread 0x0000000057027800 nmethod 1805 0x0000000003226fd0 code [0x0000000003227120, 0x00000000032272d0]
Event: 3.828 Thread 0x0000000057027800 1806   !   2       com.android.dx.rop.code.RegisterSpec::intern (70 bytes)
Event: 3.829 Thread 0x0000000057027800 nmethod 1806 0x000000000325bf10 code [0x000000000325c0c0, 0x000000000325c628]
Event: 3.851 Thread 0x0000000057027800 1807       2       com.android.dx.cf.code.SwitchList::getTarget (9 bytes)
Event: 3.851 Thread 0x0000000057027800 nmethod 1807 0x0000000003226c10 code [0x0000000003226d80, 0x0000000003226ee8]
Event: 3.862 Thread 0x0000000057027800 1808       2       com.android.dx.cf.code.Simulator::requiredArrayTypeFor (61 bytes)
Event: 3.863 Thread 0x0000000057027800 nmethod 1808 0x000000000325ca90 code [0x000000000325cc40, 0x000000000325cf38]
Event: 3.863 Thread 0x0000000057027800 1809       2       java.util.HashMap::getNode (148 bytes)
Event: 3.864 Thread 0x0000000057027800 nmethod 1809 0x000000000325d1d0 code [0x000000000325d380, 0x000000000325d7c8]

GC Heap History (10 events):
Event: 1.850 GC heap before
{Heap before GC invocations=14 (full 0):
 PSYoungGen      total 22528K, used 21517K [0x00000000eab00000, 0x00000000ed000000, 0x0000000100000000)
  eden space 18944K, 100% used [0x00000000eab00000,0x00000000ebd80000,0x00000000ebd80000)
  from space 3584K, 71% used [0x00000000ebd80000,0x00000000ec003610,0x00000000ec100000)
  to   space 3584K, 0% used [0x00000000ecc80000,0x00000000ecc80000,0x00000000ed000000)
 ParOldGen       total 129536K, used 10350K [0x00000000c0000000, 0x00000000c7e80000, 0x00000000eab00000)
  object space 129536K, 7% used [0x00000000c0000000,0x00000000c0a1ba38,0x00000000c7e80000)
 Metaspace       used 5417K, capacity 6832K, committed 7040K, reserved 1056768K
  class space    used 540K, capacity 616K, committed 640K, reserved 1048576K
Event: 1.930 GC heap after
Heap after GC invocations=14 (full 0):
 PSYoungGen      total 33792K, used 3151K [0x00000000eab00000, 0x00000000ed100000, 0x0000000100000000)
  eden space 30208K, 0% used [0x00000000eab00000,0x00000000eab00000,0x00000000ec880000)
  from space 3584K, 87% used [0x00000000ecc80000,0x00000000ecf93ec0,0x00000000ed000000)
  to   space 4096K, 0% used [0x00000000ec880000,0x00000000ec880000,0x00000000ecc80000)
 ParOldGen       total 129536K, used 12751K [0x00000000c0000000, 0x00000000c7e80000, 0x00000000eab00000)
  object space 129536K, 9% used [0x00000000c0000000,0x00000000c0c73cb0,0x00000000c7e80000)
 Metaspace       used 5417K, capacity 6832K, committed 7040K, reserved 1056768K
  class space    used 540K, capacity 616K, committed 640K, reserved 1048576K
}
Event: 2.225 GC heap before
{Heap before GC invocations=15 (full 0):
 PSYoungGen      total 33792K, used 33359K [0x00000000eab00000, 0x00000000ed100000, 0x0000000100000000)
  eden space 30208K, 100% used [0x00000000eab00000,0x00000000ec880000,0x00000000ec880000)
  from space 3584K, 87% used [0x00000000ecc80000,0x00000000ecf93ec0,0x00000000ed000000)
  to   space 4096K, 0% used [0x00000000ec880000,0x00000000ec880000,0x00000000ecc80000)
 ParOldGen       total 129536K, used 12751K [0x00000000c0000000, 0x00000000c7e80000, 0x00000000eab00000)
  object space 129536K, 9% used [0x00000000c0000000,0x00000000c0c73cb0,0x00000000c7e80000)
 Metaspace       used 5443K, capacity 6832K, committed 7040K, reserved 1056768K
  class space    used 540K, capacity 616K, committed 640K, reserved 1048576K
Event: 2.255 GC heap after
Heap after GC invocations=15 (full 0):
 PSYoungGen      total 34304K, used 4095K [0x00000000eab00000, 0x00000000ee680000, 0x0000000100000000)
  eden space 30208K, 0% used [0x00000000eab00000,0x00000000eab00000,0x00000000ec880000)
  from space 4096K, 99% used [0x00000000ec880000,0x00000000ecc7fe10,0x00000000ecc80000)
  to   space 6144K, 0% used [0x00000000ee080000,0x00000000ee080000,0x00000000ee680000)
 ParOldGen       total 129536K, used 16761K [0x00000000c0000000, 0x00000000c7e80000, 0x00000000eab00000)
  object space 129536K, 12% used [0x00000000c0000000,0x00000000c105e548,0x00000000c7e80000)
 Metaspace       used 5443K, capacity 6832K, committed 7040K, reserved 1056768K
  class space    used 540K, capacity 616K, committed 640K, reserved 1048576K
}
Event: 2.491 GC heap before
{Heap before GC invocations=16 (full 0):
 PSYoungGen      total 34304K, used 34303K [0x00000000eab00000, 0x00000000ee680000, 0x0000000100000000)
  eden space 30208K, 100% used [0x00000000eab00000,0x00000000ec880000,0x00000000ec880000)
  from space 4096K, 99% used [0x00000000ec880000,0x00000000ecc7fe10,0x00000000ecc80000)
  to   space 6144K, 0% used [0x00000000ee080000,0x00000000ee080000,0x00000000ee680000)
 ParOldGen       total 129536K, used 16761K [0x00000000c0000000, 0x00000000c7e80000, 0x00000000eab00000)
  object space 129536K, 12% used [0x00000000c0000000,0x00000000c105e548,0x00000000c7e80000)
 Metaspace       used 5449K, capacity 6832K, committed 7040K, reserved 1056768K
  class space    used 540K, capacity 616K, committed 640K, reserved 1048576K
Event: 2.584 GC heap after
Heap after GC invocations=16 (full 0):
 PSYoungGen      total 54784K, used 3680K [0x00000000eab00000, 0x00000000ee680000, 0x0000000100000000)
  eden space 48640K, 0% used [0x00000000eab00000,0x00000000eab00000,0x00000000eda80000)
  from space 6144K, 59% used [0x00000000ee080000,0x00000000ee418000,0x00000000ee680000)
  to   space 6144K, 0% used [0x00000000eda80000,0x00000000eda80000,0x00000000ee080000)
 ParOldGen       total 129536K, used 20715K [0x00000000c0000000, 0x00000000c7e80000, 0x00000000eab00000)
  object space 129536K, 15% used [0x00000000c0000000,0x00000000c143ad68,0x00000000c7e80000)
 Metaspace       used 5449K, capacity 6832K, committed 7040K, reserved 1056768K
  class space    used 540K, capacity 616K, committed 640K, reserved 1048576K
}
Event: 2.920 GC heap before
{Heap before GC invocations=17 (full 0):
 PSYoungGen      total 54784K, used 52320K [0x00000000eab00000, 0x00000000ee680000, 0x0000000100000000)
  eden space 48640K, 100% used [0x00000000eab00000,0x00000000eda80000,0x00000000eda80000)
  from space 6144K, 59% used [0x00000000ee080000,0x00000000ee418000,0x00000000ee680000)
  to   space 6144K, 0% used [0x00000000eda80000,0x00000000eda80000,0x00000000ee080000)
 ParOldGen       total 129536K, used 20715K [0x00000000c0000000, 0x00000000c7e80000, 0x00000000eab00000)
  object space 129536K, 15% used [0x00000000c0000000,0x00000000c143ad68,0x00000000c7e80000)
 Metaspace       used 5480K, capacity 6832K, committed 7040K, reserved 1056768K
  class space    used 540K, capacity 616K, committed 640K, reserved 1048576K
Event: 2.990 GC heap after
Heap after GC invocations=17 (full 0):
 PSYoungGen      total 54784K, used 6144K [0x00000000eab00000, 0x00000000ee680000, 0x0000000100000000)
  eden space 48640K, 0% used [0x00000000eab00000,0x00000000eab00000,0x00000000eda80000)
  from space 6144K, 100% used [0x00000000eda80000,0x00000000ee080000,0x00000000ee080000)
  to   space 6144K, 0% used [0x00000000ee080000,0x00000000ee080000,0x00000000ee680000)
 ParOldGen       total 129536K, used 25722K [0x00000000c0000000, 0x00000000c7e80000, 0x00000000eab00000)
  object space 129536K, 19% used [0x00000000c0000000,0x00000000c191e968,0x00000000c7e80000)
 Metaspace       used 5480K, capacity 6832K, committed 7040K, reserved 1056768K
  class space    used 540K, capacity 616K, committed 640K, reserved 1048576K
}
Event: 3.375 GC heap before
{Heap before GC invocations=18 (full 0):
 PSYoungGen      total 54784K, used 54784K [0x00000000eab00000, 0x00000000ee680000, 0x0000000100000000)
  eden space 48640K, 100% used [0x00000000eab00000,0x00000000eda80000,0x00000000eda80000)
  from space 6144K, 100% used [0x00000000eda80000,0x00000000ee080000,0x00000000ee080000)
  to   space 6144K, 0% used [0x00000000ee080000,0x00000000ee080000,0x00000000ee680000)
 ParOldGen       total 129536K, used 25722K [0x00000000c0000000, 0x00000000c7e80000, 0x00000000eab00000)
  object space 129536K, 19% used [0x00000000c0000000,0x00000000c191e968,0x00000000c7e80000)
 Metaspace       used 5496K, capacity 6896K, committed 7040K, reserved 1056768K
  class space    used 540K, capacity 616K, committed 640K, reserved 1048576K
Event: 3.557 GC heap after
Heap after GC invocations=18 (full 0):
 PSYoungGen      total 54784K, used 6113K [0x00000000eab00000, 0x00000000ee680000, 0x0000000100000000)
  eden space 48640K, 0% used [0x00000000eab00000,0x00000000eab00000,0x00000000eda80000)
  from space 6144K, 99% used [0x00000000ee080000,0x00000000ee6786f0,0x00000000ee680000)
  to   space 6144K, 0% used [0x00000000eda80000,0x00000000eda80000,0x00000000ee080000)
 ParOldGen       total 129536K, used 33558K [0x00000000c0000000, 0x00000000c7e80000, 0x00000000eab00000)
  object space 129536K, 25% used [0x00000000c0000000,0x00000000c20c5ab0,0x00000000c7e80000)
 Metaspace       used 5496K, capacity 6896K, committed 7040K, reserved 1056768K
  class space    used 540K, capacity 616K, committed 640K, reserved 1048576K
}

Deoptimization events (10 events):
Event: 2.413 Thread 0x000000000241f000 Uncommon trap: reason=unreached action=reinterpret pc=0x000000000314de28 method=com.android.dx.cf.code.BytecodeArray.parseInstruction(ILcom/android/dx/cf/code/BytecodeArray$Visitor;)I @ 1261
Event: 3.014 Thread 0x000000000241f000 Uncommon trap: reason=bimorphic action=maybe_recompile pc=0x00000000031b8ca8 method=com.android.dx.ssa.LiteralOpUpgrader.tryReplacingWithConstant(Lcom/android/dx/ssa/NormalSsaInsn;)Z @ 62
Event: 3.014 Thread 0x000000000241f000 Uncommon trap: reason=unreached action=reinterpret pc=0x0000000002f0cd8c method=com.android.dx.ssa.SsaMethod.updateOneDefinition(Lcom/android/dx/ssa/SsaInsn;Lcom/android/dx/rop/code/RegisterSpec;)V @ 4
Event: 3.017 Thread 0x000000000241f000 Uncommon trap: reason=bimorphic action=maybe_recompile pc=0x00000000031b8ca8 method=com.android.dx.ssa.LiteralOpUpgrader.tryReplacingWithConstant(Lcom/android/dx/ssa/NormalSsaInsn;)Z @ 62
Event: 3.041 Thread 0x000000000241f000 Uncommon trap: reason=unreached action=reinterpret pc=0x000000000314a744 method=com.android.dx.ssa.MoveParamCombiner$1.visitNonMoveInsn(Lcom/android/dx/ssa/NormalSsaInsn;)V @ 27
Event: 3.132 Thread 0x000000000241f000 Uncommon trap: reason=unreached action=reinterpret pc=0x00000000031089f0 method=com.android.dx.ssa.SCCP.simulateBranch(Lcom/android/dx/ssa/SsaInsn;)V @ 132
Event: 3.133 Thread 0x000000000241f000 Uncommon trap: reason=unloaded action=reinterpret pc=0x00000000031b82d0 method=com.android.dx.ssa.LiteralOpUpgrader$1.visitNonMoveInsn(Lcom/android/dx/ssa/NormalSsaInsn;)V @ 72
Event: 3.197 Thread 0x000000000241f000 Uncommon trap: reason=bimorphic action=maybe_recompile pc=0x00000000031148f8 method=java.util.HashMap.putVal(ILjava/lang/Object;Ljava/lang/Object;ZZ)Ljava/lang/Object; @ 203
Event: 3.828 Thread 0x000000000241f000 Uncommon trap: reason=unreached action=reinterpret pc=0x0000000002e9af28 method=java.util.HashMap.getNode(ILjava/lang/Object;)Ljava/util/HashMap$Node; @ 84
Event: 3.863 Thread 0x000000000241f000 Uncommon trap: reason=unreached action=reinterpret pc=0x0000000002ffe0dc method=java.util.HashMap.getNode(ILjava/lang/Object;)Ljava/util/HashMap$Node; @ 84

Internal exceptions (7 events):
Event: 0.067 Thread 0x000000000241f000 Exception <a 'java/lang/NoSuchMethodError': Method sun.misc.Unsafe.defineClass(Ljava/lang/String;[BII)Ljava/lang/Class; name or signature does not match> (0x00000000eab0fa90) thrown at [D:\re\workspace\8-2-build-windows-amd64-cygwin\jdk8u5\2488\hotspot\src:}·÷¡±?
Event: 0.067 Thread 0x000000000241f000 Exception <a 'java/lang/NoSuchMethodError': Method sun.misc.Unsafe.prefetchRead(Ljava/lang/Object;J)V name or signature does not match> (0x00000000eab0fd38) thrown at [D:\re\workspace\8-2-build-windows-amd64-cygwin\jdk8u5\2488\hotspot\src\share\vm\prims\jn]¾!'~ô?
Event: 1.251 Thread 0x000000000241f000 Implicit null exception at 0x0000000002f1dc2f to 0x0000000002f1fbfd
Event: 1.839 Thread 0x000000000241f000 Implicit null exception at 0x0000000002ef1f38 to 0x0000000002ef30cd
Event: 3.826 Thread 0x000000000241f000 Exception <a 'java/lang/ArrayIndexOutOfBoundsException': 18> (0x00000000ed0d5690) thrown at [D:\re\workspace\8-2-build-windows-amd64-cygwin\jdk8u5\2488\hotspot\src\share\vm\interpreter\interpreterRuntime.cpp, line 337]
Event: 3.826 Thread 0x000000000241f000 Exception <a 'java/lang/ArrayIndexOutOfBoundsException': 145> (0x00000000ed0d7128) thrown at [D:\re\workspace\8-2-build-windows-amd64-cygwin\jdk8u5\2488\hotspot\src\share\vm\interpreter\interpreterRuntime.cpp, line 337]
Event: 3.827 Thread 0x000000000241f000 Exception <a 'java/lang/ArrayIndexOutOfBoundsException'> (0x00000000ed0d8340) thrown at [D:\re\workspace\8-2-build-windows-amd64-cygwin\jdk8u5\2488\hotspot\src\share\vm\runtime\sharedRuntime.cpp, line 595]

Events (10 events):
Event: 3.827 loading class sun/reflect/generics/reflectiveObjects/TypeVariableImpl
Event: 3.827 loading class sun/reflect/generics/reflectiveObjects/LazyReflectiveObjectGenerator
Event: 3.827 loading class sun/reflect/generics/reflectiveObjects/LazyReflectiveObjectGenerator done
Event: 3.827 loading class sun/reflect/generics/reflectiveObjects/TypeVariableImpl done
Event: 3.828 Thread 0x000000000241f000 Uncommon trap: trap_request=0xffffffad fr.pc=0x0000000002e9af28
Event: 3.828 Thread 0x000000000241f000 DEOPT PACKING pc=0x0000000002e9af28 sp=0x000000000285e630
Event: 3.828 Thread 0x000000000241f000 DEOPT UNPACKING pc=0x0000000002b773ef sp=0x000000000285e4f0 mode 2
Event: 3.863 Thread 0x000000000241f000 Uncommon trap: trap_request=0xffffffad fr.pc=0x0000000002ffe0dc
Event: 3.863 Thread 0x000000000241f000 DEOPT PACKING pc=0x0000000002ffe0dc sp=0x000000000285e390
Event: 3.863 Thread 0x000000000241f000 DEOPT UNPACKING pc=0x0000000002b773ef sp=0x000000000285e308 mode 2


Dynamic libraries:
0x000000013fcb0000 - 0x000000013fce4000 	C:\PROGRA~1\Java\JDK18~1.0_0\bin\java.exe
0x0000000076ed0000 - 0x0000000077079000 	C:\Windows\SYSTEM32\ntdll.dll
0x0000000076cb0000 - 0x0000000076dcf000 	C:\Windows\system32\kernel32.dll
0x000007fefcfe0000 - 0x000007fefd04c000 	C:\Windows\system32\KERNELBASE.dll
0x000007feff010000 - 0x000007feff0eb000 	C:\Windows\system32\ADVAPI32.dll
0x000007fefeb00000 - 0x000007fefeb9f000 	C:\Windows\system32\msvcrt.dll
0x000007fefd200000 - 0x000007fefd21f000 	C:\Windows\SYSTEM32\sechost.dll
0x000007fefd400000 - 0x000007fefd52d000 	C:\Windows\system32\RPCRT4.dll
0x0000000076dd0000 - 0x0000000076eca000 	C:\Windows\system32\USER32.dll
0x000007fefd0c0000 - 0x000007fefd127000 	C:\Windows\system32\GDI32.dll
0x000007fefedd0000 - 0x000007fefedde000 	C:\Windows\system32\LPK.dll
0x000007fefd130000 - 0x000007fefd1f9000 	C:\Windows\system32\USP10.dll
0x000007fefb6f0000 - 0x000007fefb8e4000 	C:\Windows\WinSxS\amd64_microsoft.windows.common-controls_6595b64144ccf1df_6.0.7601.17514_none_fa396087175ac9ac\COMCTL32.dll
0x000007fefef90000 - 0x000007feff001000 	C:\Windows\system32\SHLWAPI.dll
0x000007fefede0000 - 0x000007fefee0e000 	C:\Windows\system32\IMM32.DLL
0x000007fefe6a0000 - 0x000007fefe7a9000 	C:\Windows\system32\MSCTF.dll
0x000000006d9a0000 - 0x000000006da72000 	C:\PROGRA~1\Java\JDK18~1.0_0\jre\bin\msvcr100.dll
0x0000000065990000 - 0x00000000661ba000 	C:\PROGRA~1\Java\JDK18~1.0_0\jre\bin\server\jvm.dll
0x000007fef6b10000 - 0x000007fef6b19000 	C:\Windows\system32\WSOCK32.dll
0x000007fefd860000 - 0x000007fefd8ad000 	C:\Windows\system32\WS2_32.dll
0x000007feff1d0000 - 0x000007feff1d8000 	C:\Windows\system32\NSI.dll
0x000007fefa8c0000 - 0x000007fefa8fb000 	C:\Windows\system32\WINMM.dll
0x00000000770a0000 - 0x00000000770a7000 	C:\Windows\system32\PSAPI.DLL
0x000000006fea0000 - 0x000000006feaf000 	C:\PROGRA~1\Java\JDK18~1.0_0\jre\bin\verify.dll
0x000000006e210000 - 0x000000006e238000 	C:\PROGRA~1\Java\JDK18~1.0_0\jre\bin\java.dll
0x000000006f330000 - 0x000000006f346000 	C:\PROGRA~1\Java\JDK18~1.0_0\jre\bin\zip.dll
0x000007fefd910000 - 0x000007fefe698000 	C:\Windows\system32\SHELL32.dll
0x000007fefe7b0000 - 0x000007fefe9b3000 	C:\Windows\system32\ole32.dll
0x000007fefcc90000 - 0x000007fefcc9f000 	C:\Windows\system32\profapi.dll
0x000007fefaa00000 - 0x000007fefab25000 	C:\Windows\system32\dbghelp.dll

VM Arguments:
jvm_args: -Xmx1024M -Xss1m -Djava.ext.dirs=C:\Program Files (x86)\Android\android-studio\sdk\build-tools\android-4.4.2\lib 
java_command: C:\Program Files (x86)\Android\android-studio\sdk\build-tools\android-4.4.2\lib\dx.jar --dex --output C:\Users\Siza\Arrythmia Project Newtonmin\ArrythmiaProject\Arrythmia\app\build\pre-dexed\debug\support-v4-19.1.0-e311e493b238b75da4095bd5ee7b69d76d73dc42.jar C:\Program Files (x86)\Android\android-studio\sdk\extras\android\m2repository\com\android\support\support-v4\19.1.0\support-v4-19.1.0.jar
java_class_path (initial): C:\Program Files (x86)\Android\android-studio\sdk\build-tools\android-4.4.2\lib\dx.jar
Launcher Type: SUN_STANDARD

Environment Variables:
JAVA_HOME=C:\Program Files\Java\jdk1.8.0_05
PATH=C:\Program Files (x86)\NVIDIA Corporation\PhysX\Common;C:\Program Files\Common Files\Microsoft Shared\Windows Live;C:\Program Files (x86)\Common Files\Microsoft Shared\Windows Live;C:\Program Files (x86)\Microchip\MPLABC18\v3.45\mpasm;C:\Program Files (x86)\Microchip\MPLABC18\v3.45\bin;C:\Program Files (x86)\Microchip\MPLABC18\v3.41\mpasm;C:\Program Files (x86)\Microchip\MPLABC18\v3.41\bin;C:\Program Files (x86)\Microchip\mplabc32\v2.02\bin;C:\Program Files (x86)\Microchip\MPLAB C30\bin;C:\Program Files (x86)\Microchip\xc32\v1.20\bin;C:\Program Files (x86)\Microchip\xc16\v1.11\bin;C:\Program Files (x86)\Microchip\xc8\v1.12\bin;C:\Windows\system32;C:\Windows;C:\Windows\System32\Wbem;C:\Windows\System32\WindowsPowerShell\v1.0\;C:\Program Files\Microsoft\Web Platform Installer\;C:\Program Files (x86)\Microsoft ASP.NET\ASP.NET Web Pages\v1.0\;C:\Program Files (x86)\Windows Kits\8.0\Windows Performance Toolkit\;C:\Program Files\Microsoft SQL Server\110\Tools\Binn\;C:\Program Files\IVI Foundation\VISA\Win64\Bin\;C:\Program Files (x86)\IVI Foundation\VISA\WinNT\Bin\;C:\Program Files (x86)\IVI Foundation\VISA\WinNT\Bin;C:\Program Files (x86)\Microsoft SQL Server\100\Tools\Binn\;C:\Program Files\Microsoft SQL Server\100\Tools\Binn\;C:\Program Files\Microsoft SQL Server\100\DTS\Binn\;C:\Program Files\MATLAB\R2011b\runtime\win64;C:\Program Files\MATLAB\R2011b\bin;C:\Program Files\MATLAB\R2010b\runtime\win64;C:\Program Files\MATLAB\R2010b\bin;C:\Program Files (x86)\Microchip\MPLAB C32 Suite\bin;C:\Program Files\Java\jdk1.7.0_17\bin;C:\Program Files (x86)\HI-TECH Software\PICC\9.83\bin;C:\Program Files (x86)\Windows Live\Shared;C:\Program Files (x86)\QuickTime\QTSystem\;
USERNAME=Siza
OS=Windows_NT
PROCESSOR_IDENTIFIER=AMD64 Family 16 Model 10 Stepping 0, AuthenticAMD



---------------  S Y S T E M  ---------------

OS: Windows 7 , 64 bit Build 7601 Service Pack 1

CPU:total 6 (6 cores per cpu, 1 threads per core) family 16 model 10 stepping 0, cmov, cx8, fxsr, mmx, sse, sse2, sse3, popcnt, mmxext, 3dnowpref, lzcnt, sse4a, tsc, tscinvbit

Memory: 4k page, physical 8387816k(1295844k free), swap 8385952k(4044k free)

vm_info: Java HotSpot(TM) 64-Bit Server VM (25.5-b02) for windows-amd64 JRE (1.8.0_05-b13), built on Mar 18 2014 01:08:39 by "java_re" with MS VC++ 10.0 (VS2010)

time: Sat Jun 07 19:10:58 2014
elapsed time: 3 seconds

