#
# There is insufficient memory for the Java Runtime Environment to continue.
# Native memory allocation (malloc) failed to allocate 1661056 bytes for Chunk::new
# Possible reasons:
#   The system is out of physical RAM or swap space
#   In 32 bit mode, the process size limit was hit
# Possible solutions:
#   Reduce memory load on the system
#   Increase physical memory or swap space
#   Check if swap backing store is full
#   Use 64 bit Java on a 64 bit OS
#   Decrease Java heap size (-Xmx/-Xms)
#   Decrease number of Java threads
#   Decrease Java thread stack sizes (-Xss)
#   Set larger code cache with -XX:ReservedCodeCacheSize=
# This output file may be truncated or incomplete.
#
#  Out of Memory Error (allocation.cpp:388), pid=5712, tid=13564
#
# JRE version: Java(TM) SE Runtime Environment (8.0_05-b13) (build 1.8.0_05-b13)
# Java VM: Java HotSpot(TM) 64-Bit Server VM (25.5-b02 mixed mode windows-amd64 compressed oops)
# Failed to write core dump. Minidumps are not enabled by default on client versions of Windows
#

---------------  T H R E A D  ---------------

Current thread (0x0000000056faf000):  JavaThread "C2 CompilerThread0" daemon [_thread_in_native, id=13564, stack(0x00000000578a0000,0x00000000579a0000)]

Stack: [0x00000000578a0000,0x00000000579a0000]
Native frames: (J=compiled Java code, j=interpreted, Vv=VM code, C=native code)
V  [jvm.dll+0x308dea]
V  [jvm.dll+0x25def1]
V  [jvm.dll+0x25eb0f]
V  [jvm.dll+0x2564e5]
V  [jvm.dll+0xbcfc5]
V  [jvm.dll+0xbd45c]
V  [jvm.dll+0x44d422]
V  [jvm.dll+0x48e13f]
V  [jvm.dll+0x44293e]
V  [jvm.dll+0x44366b]
V  [jvm.dll+0x427532]
V  [jvm.dll+0x96702]
V  [jvm.dll+0x96ef3]
V  [jvm.dll+0x2232c4]
V  [jvm.dll+0x27baca]
C  [msvcr100.dll+0x21d9f]
C  [msvcr100.dll+0x21e3b]
C  [kernel32.dll+0x159ed]
C  [ntdll.dll+0x2c541]


Current CompileTask:
C2:   2397 1520   !   4       com.android.dx.cf.code.BytecodeArray::parseInstruction (2764 bytes)


---------------  P R O C E S S  ---------------

Java Threads: ( => current thread )
  0x0000000056fee000 JavaThread "Service Thread" daemon [_thread_blocked, id=12616, stack(0x0000000057c70000,0x0000000057d70000)]
  0x0000000056fa4800 JavaThread "C1 CompilerThread2" daemon [_thread_in_native, id=8352, stack(0x0000000056a30000,0x0000000056b30000)]
  0x0000000056fa3000 JavaThread "C2 CompilerThread1" daemon [_thread_in_native, id=13388, stack(0x0000000057a60000,0x0000000057b60000)]
=>0x0000000056faf000 JavaThread "C2 CompilerThread0" daemon [_thread_in_native, id=13564, stack(0x00000000578a0000,0x00000000579a0000)]
  0x0000000056fad800 JavaThread "Attach Listener" daemon [_thread_blocked, id=17116, stack(0x0000000057670000,0x0000000057770000)]
  0x0000000056fac800 JavaThread "Signal Dispatcher" daemon [_thread_blocked, id=4528, stack(0x0000000057450000,0x0000000057550000)]
  0x00000000553d1000 JavaThread "Finalizer" daemon [_thread_blocked, id=6892, stack(0x0000000056e50000,0x0000000056f50000)]
  0x00000000553c6000 JavaThread "Reference Handler" daemon [_thread_blocked, id=14276, stack(0x0000000056c60000,0x0000000056d60000)]
  0x00000000022ef000 JavaThread "main" [_thread_in_Java, id=772, stack(0x00000000025f0000,0x00000000026f0000)]

Other Threads:
  0x00000000553c2800 VMThread [stack: 0x0000000056b60000,0x0000000056c60000] [id=17020]
  0x0000000056fa9800 WatcherThread [stack: 0x0000000057e70000,0x0000000057f70000] [id=12876]

VM state:not at safepoint (normal execution)

VM Mutex/Monitor currently owned by a thread: None

Heap:
 PSYoungGen      total 29184K, used 16930K [0x00000000eab00000, 0x00000000ecc00000, 0x0000000100000000)
  eden space 25088K, 51% used [0x00000000eab00000,0x00000000eb78c908,0x00000000ec380000)
  from space 4096K, 99% used [0x00000000ec380000,0x00000000ec77c020,0x00000000ec780000)
  to   space 3584K, 0% used [0x00000000ec780000,0x00000000ec780000,0x00000000ecb00000)
 ParOldGen       total 129536K, used 14237K [0x00000000c0000000, 0x00000000c7e80000, 0x00000000eab00000)
  object space 129536K, 10% used [0x00000000c0000000,0x00000000c0de7648,0x00000000c7e80000)
 Metaspace       used 5434K, capacity 6832K, committed 7040K, reserved 1056768K
  class space    used 540K, capacity 616K, committed 640K, reserved 1048576K

Card table byte_map: [0x0000000011d80000,0x0000000011f90000] byte_map_base: 0x0000000011780000

Marking Bits: (ParMarkBitMap*) 0x0000000061d413b0
 Begin Bits: [0x00000000127e0000, 0x00000000137e0000)
 End Bits:   [0x00000000137e0000, 0x00000000147e0000)

Polling page: 0x0000000000330000

CodeCache: size=245760Kb used=6273Kb max_used=6276Kb free=239486Kb
 bounds [0x00000000029c0000, 0x0000000002ff0000, 0x00000000119c0000]
 total_blobs=1877 nmethods=1619 adapters=173
 compilation: enabled

Compilation events (10 events):
Event: 2.340 Thread 0x0000000056fa4800 1640       2       com.android.dx.rop.code.LocalVariableExtractor::<init> (59 bytes)
Event: 2.340 Thread 0x0000000056fa4800 nmethod 1640 0x0000000002fdb550 code [0x0000000002fdb6e0, 0x0000000002fdba68]
Event: 2.340 Thread 0x0000000056fa4800 1641       2       java.util.EnumSet::noneOf (63 bytes)
Event: 2.341 Thread 0x0000000056fa4800 nmethod 1641 0x0000000002fdbc10 code [0x0000000002fdbde0, 0x0000000002fdc368]
Event: 2.342 Thread 0x0000000056fa4800 1642       1       com.android.dx.cf.attrib.AttInnerClasses::getInnerClasses (5 bytes)
Event: 2.342 Thread 0x0000000056fa4800 nmethod 1642 0x0000000002fdc790 code [0x0000000002fdc8e0, 0x0000000002fdc9f0]
Event: 2.350 Thread 0x0000000056fa4800 1643       1       com.android.dx.cf.direct.DirectClassFile$DcfTypeList::size (5 bytes)
Event: 2.350 Thread 0x0000000056fa4800 nmethod 1643 0x0000000002fdca50 code [0x0000000002fdcba0, 0x0000000002fdccb0]
Event: 2.350 Thread 0x0000000056fa4800 1644       2       com.android.dx.dex.file.ClassDefItem::addDirectMethod (9 bytes)
Event: 2.350 Thread 0x0000000056fa4800 nmethod 1644 0x0000000002fdcd10 code [0x0000000002fdcea0, 0x0000000002fdd1b8]

GC Heap History (10 events):
Event: 1.437 GC heap before
{Heap before GC invocations=13 (full 0):
 PSYoungGen      total 12288K, used 11328K [0x00000000eab00000, 0x00000000eb900000, 0x0000000100000000)
  eden space 10240K, 100% used [0x00000000eab00000,0x00000000eb500000,0x00000000eb500000)
  from space 2048K, 53% used [0x00000000eb700000,0x00000000eb810010,0x00000000eb900000)
  to   space 2048K, 0% used [0x00000000eb500000,0x00000000eb500000,0x00000000eb700000)
 ParOldGen       total 129536K, used 4545K [0x00000000c0000000, 0x00000000c7e80000, 0x00000000eab00000)
  object space 129536K, 3% used [0x00000000c0000000,0x00000000c04704f0,0x00000000c7e80000)
 Metaspace       used 5335K, capacity 6768K, committed 7040K, reserved 1056768K
  class space    used 540K, capacity 616K, committed 640K, reserved 1048576K
Event: 1.476 GC heap after
Heap after GC invocations=13 (full 0):
 PSYoungGen      total 12288K, used 1824K [0x00000000eab00000, 0x00000000ebf00000, 0x0000000100000000)
  eden space 10240K, 0% used [0x00000000eab00000,0x00000000eab00000,0x00000000eb500000)
  from space 2048K, 89% used [0x00000000eb500000,0x00000000eb6c8000,0x00000000eb700000)
  to   space 2048K, 0% used [0x00000000ebd00000,0x00000000ebd00000,0x00000000ebf00000)
 ParOldGen       total 129536K, used 5576K [0x00000000c0000000, 0x00000000c7e80000, 0x00000000eab00000)
  object space 129536K, 4% used [0x00000000c0000000,0x00000000c0572080,0x00000000c7e80000)
 Metaspace       used 5335K, capacity 6768K, committed 7040K, reserved 1056768K
  class space    used 540K, capacity 616K, committed 640K, reserved 1048576K
}
Event: 1.561 GC heap before
{Heap before GC invocations=14 (full 0):
 PSYoungGen      total 12288K, used 12064K [0x00000000eab00000, 0x00000000ebf00000, 0x0000000100000000)
  eden space 10240K, 100% used [0x00000000eab00000,0x00000000eb500000,0x00000000eb500000)
  from space 2048K, 89% used [0x00000000eb500000,0x00000000eb6c8000,0x00000000eb700000)
  to   space 2048K, 0% used [0x00000000ebd00000,0x00000000ebd00000,0x00000000ebf00000)
 ParOldGen       total 129536K, used 5576K [0x00000000c0000000, 0x00000000c7e80000, 0x00000000eab00000)
  object space 129536K, 4% used [0x00000000c0000000,0x00000000c0572080,0x00000000c7e80000)
 Metaspace       used 5352K, capacity 6768K, committed 7040K, reserved 1056768K
  class space    used 540K, capacity 616K, committed 640K, reserved 1048576K
Event: 1.726 GC heap after
Heap after GC invocations=14 (full 0):
 PSYoungGen      total 17920K, used 1760K [0x00000000eab00000, 0x00000000ec000000, 0x0000000100000000)
  eden space 15872K, 0% used [0x00000000eab00000,0x00000000eab00000,0x00000000eba80000)
  from space 2048K, 85% used [0x00000000ebd00000,0x00000000ebeb8010,0x00000000ebf00000)
  to   space 2560K, 0% used [0x00000000eba80000,0x00000000eba80000,0x00000000ebd00000)
 ParOldGen       total 129536K, used 7264K [0x00000000c0000000, 0x00000000c7e80000, 0x00000000eab00000)
  object space 129536K, 5% used [0x00000000c0000000,0x00000000c0718118,0x00000000c7e80000)
 Metaspace       used 5352K, capacity 6768K, committed 7040K, reserved 1056768K
  class space    used 540K, capacity 616K, committed 640K, reserved 1048576K
}
Event: 1.865 GC heap before
{Heap before GC invocations=15 (full 0):
 PSYoungGen      total 17920K, used 17632K [0x00000000eab00000, 0x00000000ec000000, 0x0000000100000000)
  eden space 15872K, 100% used [0x00000000eab00000,0x00000000eba80000,0x00000000eba80000)
  from space 2048K, 85% used [0x00000000ebd00000,0x00000000ebeb8010,0x00000000ebf00000)
  to   space 2560K, 0% used [0x00000000eba80000,0x00000000eba80000,0x00000000ebd00000)
 ParOldGen       total 129536K, used 7264K [0x00000000c0000000, 0x00000000c7e80000, 0x00000000eab00000)
  object space 129536K, 5% used [0x00000000c0000000,0x00000000c0718118,0x00000000c7e80000)
 Metaspace       used 5359K, capacity 6768K, committed 7040K, reserved 1056768K
  class space    used 540K, capacity 616K, committed 640K, reserved 1048576K
Event: 1.888 GC heap after
Heap after GC invocations=15 (full 0):
 PSYoungGen      total 18432K, used 2559K [0x00000000eab00000, 0x00000000ecb00000, 0x0000000100000000)
  eden space 15872K, 0% used [0x00000000eab00000,0x00000000eab00000,0x00000000eba80000)
  from space 2560K, 99% used [0x00000000eba80000,0x00000000ebcffdb0,0x00000000ebd00000)
  to   space 3584K, 0% used [0x00000000ec780000,0x00000000ec780000,0x00000000ecb00000)
 ParOldGen       total 129536K, used 9767K [0x00000000c0000000, 0x00000000c7e80000, 0x00000000eab00000)
  object space 129536K, 7% used [0x00000000c0000000,0x00000000c0989db8,0x00000000c7e80000)
 Metaspace       used 5359K, capacity 6768K, committed 7040K, reserved 1056768K
  class space    used 540K, capacity 616K, committed 640K, reserved 1048576K
}
Event: 2.003 GC heap before
{Heap before GC invocations=16 (full 0):
 PSYoungGen      total 18432K, used 18431K [0x00000000eab00000, 0x00000000ecb00000, 0x0000000100000000)
  eden space 15872K, 100% used [0x00000000eab00000,0x00000000eba80000,0x00000000eba80000)
  from space 2560K, 99% used [0x00000000eba80000,0x00000000ebcffdb0,0x00000000ebd00000)
  to   space 3584K, 0% used [0x00000000ec780000,0x00000000ec780000,0x00000000ecb00000)
 ParOldGen       total 129536K, used 9767K [0x00000000c0000000, 0x00000000c7e80000, 0x00000000eab00000)
  object space 129536K, 7% used [0x00000000c0000000,0x00000000c0989db8,0x00000000c7e80000)
 Metaspace       used 5382K, capacity 6768K, committed 7040K, reserved 1056768K
  class space    used 540K, capacity 616K, committed 640K, reserved 1048576K
Event: 2.035 GC heap after
Heap after GC invocations=16 (full 0):
 PSYoungGen      total 28672K, used 2735K [0x00000000eab00000, 0x00000000ecc00000, 0x0000000100000000)
  eden space 25088K, 0% used [0x00000000eab00000,0x00000000eab00000,0x00000000ec380000)
  from space 3584K, 76% used [0x00000000ec780000,0x00000000eca2bec0,0x00000000ecb00000)
  to   space 4096K, 0% used [0x00000000ec380000,0x00000000ec380000,0x00000000ec780000)
 ParOldGen       total 129536K, used 11482K [0x00000000c0000000, 0x00000000c7e80000, 0x00000000eab00000)
  object space 129536K, 8% used [0x00000000c0000000,0x00000000c0b369f8,0x00000000c7e80000)
 Metaspace       used 5382K, capacity 6768K, committed 7040K, reserved 1056768K
  class space    used 540K, capacity 616K, committed 640K, reserved 1048576K
}
Event: 2.251 GC heap before
{Heap before GC invocations=17 (full 0):
 PSYoungGen      total 28672K, used 27823K [0x00000000eab00000, 0x00000000ecc00000, 0x0000000100000000)
  eden space 25088K, 100% used [0x00000000eab00000,0x00000000ec380000,0x00000000ec380000)
  from space 3584K, 76% used [0x00000000ec780000,0x00000000eca2bec0,0x00000000ecb00000)
  to   space 4096K, 0% used [0x00000000ec380000,0x00000000ec380000,0x00000000ec780000)
 ParOldGen       total 129536K, used 11482K [0x00000000c0000000, 0x00000000c7e80000, 0x00000000eab00000)
  object space 129536K, 8% used [0x00000000c0000000,0x00000000c0b369f8,0x00000000c7e80000)
 Metaspace       used 5421K, capacity 6832K, committed 7040K, reserved 1056768K
  class space    used 540K, capacity 616K, committed 640K, reserved 1048576K
Event: 2.279 GC heap after
Heap after GC invocations=17 (full 0):
 PSYoungGen      total 29184K, used 4080K [0x00000000eab00000, 0x00000000ecc00000, 0x0000000100000000)
  eden space 25088K, 0% used [0x00000000eab00000,0x00000000eab00000,0x00000000ec380000)
  from space 4096K, 99% used [0x00000000ec380000,0x00000000ec77c020,0x00000000ec780000)
  to   space 3584K, 0% used [0x00000000ec780000,0x00000000ec780000,0x00000000ecb00000)
 ParOldGen       total 129536K, used 14237K [0x00000000c0000000, 0x00000000c7e80000, 0x00000000eab00000)
  object space 129536K, 10% used [0x00000000c0000000,0x00000000c0de7648,0x00000000c7e80000)
 Metaspace       used 5421K, capacity 6832K, committed 7040K, reserved 1056768K
  class space    used 540K, capacity 616K, committed 640K, reserved 1048576K
}

Deoptimization events (10 events):
Event: 1.953 Thread 0x00000000022ef000 Uncommon trap: reason=bimorphic action=maybe_recompile pc=0x0000000002f275d8 method=com.android.dx.cf.code.BytecodeArray.parseInstruction(ILcom/android/dx/cf/code/BytecodeArray$Visitor;)I @ 1501
Event: 1.990 Thread 0x00000000022ef000 Uncommon trap: reason=bimorphic action=maybe_recompile pc=0x0000000002f295b0 method=com.android.dx.cf.code.BytecodeArray.parseInstruction(ILcom/android/dx/cf/code/BytecodeArray$Visitor;)I @ 955
Event: 1.990 Thread 0x00000000022ef000 Uncommon trap: reason=bimorphic action=maybe_recompile pc=0x0000000002f29630 method=com.android.dx.cf.code.BytecodeArray.parseInstruction(ILcom/android/dx/cf/code/BytecodeArray$Visitor;)I @ 939
Event: 1.990 Thread 0x00000000022ef000 Uncommon trap: reason=bimorphic action=maybe_recompile pc=0x0000000002f295b0 method=com.android.dx.cf.code.BytecodeArray.parseInstruction(ILcom/android/dx/cf/code/BytecodeArray$Visitor;)I @ 955
Event: 2.042 Thread 0x00000000022ef000 Uncommon trap: reason=bimorphic action=maybe_recompile pc=0x0000000002f71e2c method=com.android.dx.ssa.LiteralOpUpgrader.tryReplacingWithConstant(Lcom/android/dx/ssa/NormalSsaInsn;)Z @ 52
Event: 2.106 Thread 0x00000000022ef000 Uncommon trap: reason=null_check action=make_not_entrant pc=0x0000000002cf5748 method=com.android.dx.ssa.SsaRenamer.getLocalForNewReg(I)Lcom/android/dx/rop/code/LocalItem; @ 19
Event: 2.213 Thread 0x00000000022ef000 Uncommon trap: reason=bimorphic action=maybe_recompile pc=0x0000000002f71e2c method=com.android.dx.ssa.LiteralOpUpgrader.tryReplacingWithConstant(Lcom/android/dx/ssa/NormalSsaInsn;)Z @ 52
Event: 2.214 Thread 0x00000000022ef000 Uncommon trap: reason=bimorphic action=maybe_recompile pc=0x0000000002f71e2c method=com.android.dx.ssa.LiteralOpUpgrader.tryReplacingWithConstant(Lcom/android/dx/ssa/NormalSsaInsn;)Z @ 52
Event: 2.307 Thread 0x00000000022ef000 Uncommon trap: reason=bimorphic action=maybe_recompile pc=0x0000000002f94ff4 method=com.android.dx.rop.code.RegisterSpec.withSimpleType()Lcom/android/dx/rop/code/RegisterSpec; @ 21
Event: 2.315 Thread 0x00000000022ef000 Uncommon trap: reason=bimorphic action=maybe_recompile pc=0x0000000002f94ff4 method=com.android.dx.rop.code.RegisterSpec.withSimpleType()Lcom/android/dx/rop/code/RegisterSpec; @ 21

Internal exceptions (5 events):
Event: 0.095 Thread 0x00000000022ef000 Exception <a 'java/lang/NoSuchMethodError': Method sun.misc.Unsafe.defineClass(Ljava/lang/String;[BII)Ljava/lang/Class; name or signature does not match> (0x00000000eab0f900) thrown at [D:\re\workspace\8-2-build-windows-amd64-cygwin\jdk8u5\2488\hotspot\srcÈ‹÷X L¸?
Event: 0.095 Thread 0x00000000022ef000 Exception <a 'java/lang/NoSuchMethodError': Method sun.misc.Unsafe.prefetchRead(Ljava/lang/Object;J)V name or signature does not match> (0x00000000eab0fba8) thrown at [D:\re\workspace\8-2-build-windows-amd64-cygwin\jdk8u5\2488\hotspot\src\share\vm\prims\jnJ’Z(q6ñ?
Event: 1.076 Thread 0x00000000022ef000 Implicit null exception at 0x0000000002c95e92 to 0x0000000002c95f31
Event: 1.324 Thread 0x00000000022ef000 Implicit null exception at 0x0000000002d08f90 to 0x0000000002d0a1c1
Event: 2.106 Thread 0x00000000022ef000 Implicit null exception at 0x0000000002cf4578 to 0x0000000002cf570d

Events (10 events):
Event: 2.214 Thread 0x00000000022ef000 DEOPT PACKING pc=0x0000000002f71e2c sp=0x00000000026ee7e0
Event: 2.214 Thread 0x00000000022ef000 DEOPT UNPACKING pc=0x0000000002a073ef sp=0x00000000026ee6e8 mode 2
Event: 2.251 Executing VM operation: ParallelGCFailedAllocation
Event: 2.280 Executing VM operation: ParallelGCFailedAllocation done
Event: 2.307 Thread 0x00000000022ef000 Uncommon trap: trap_request=0xffffffc6 fr.pc=0x0000000002f94ff4
Event: 2.307 Thread 0x00000000022ef000 DEOPT PACKING pc=0x0000000002f94ff4 sp=0x00000000026ee890
Event: 2.307 Thread 0x00000000022ef000 DEOPT UNPACKING pc=0x0000000002a073ef sp=0x00000000026ee7f8 mode 2
Event: 2.315 Thread 0x00000000022ef000 Uncommon trap: trap_request=0xffffffc6 fr.pc=0x0000000002f94ff4
Event: 2.315 Thread 0x00000000022ef000 DEOPT PACKING pc=0x0000000002f94ff4 sp=0x00000000026ee7e0
Event: 2.315 Thread 0x00000000022ef000 DEOPT UNPACKING pc=0x0000000002a073ef sp=0x00000000026ee748 mode 2


Dynamic libraries:
0x000000013fd10000 - 0x000000013fd44000 	C:\PROGRA~1\Java\JDK18~1.0_0\bin\java.exe
0x0000000076ed0000 - 0x0000000077079000 	C:\Windows\SYSTEM32\ntdll.dll
0x0000000076cb0000 - 0x0000000076dcf000 	C:\Windows\system32\kernel32.dll
0x000007fefcfe0000 - 0x000007fefd04c000 	C:\Windows\system32\KERNELBASE.dll
0x000007feff010000 - 0x000007feff0eb000 	C:\Windows\system32\ADVAPI32.dll
0x000007fefeb00000 - 0x000007fefeb9f000 	C:\Windows\system32\msvcrt.dll
0x000007fefd200000 - 0x000007fefd21f000 	C:\Windows\SYSTEM32\sechost.dll
0x000007fefd400000 - 0x000007fefd52d000 	C:\Windows\system32\RPCRT4.dll
0x0000000076dd0000 - 0x0000000076eca000 	C:\Windows\system32\USER32.dll
0x000007fefd0c0000 - 0x000007fefd127000 	C:\Windows\system32\GDI32.dll
0x000007fefedd0000 - 0x000007fefedde000 	C:\Windows\system32\LPK.dll
0x000007fefd130000 - 0x000007fefd1f9000 	C:\Windows\system32\USP10.dll
0x000007fefb6f0000 - 0x000007fefb8e4000 	C:\Windows\WinSxS\amd64_microsoft.windows.common-controls_6595b64144ccf1df_6.0.7601.17514_none_fa396087175ac9ac\COMCTL32.dll
0x000007fefef90000 - 0x000007feff001000 	C:\Windows\system32\SHLWAPI.dll
0x000007fefede0000 - 0x000007fefee0e000 	C:\Windows\system32\IMM32.DLL
0x000007fefe6a0000 - 0x000007fefe7a9000 	C:\Windows\system32\MSCTF.dll
0x000000006d3a0000 - 0x000000006d472000 	C:\PROGRA~1\Java\JDK18~1.0_0\jre\bin\msvcr100.dll
0x0000000061590000 - 0x0000000061dba000 	C:\PROGRA~1\Java\JDK18~1.0_0\jre\bin\server\jvm.dll
0x000007fef6b10000 - 0x000007fef6b19000 	C:\Windows\system32\WSOCK32.dll
0x000007fefd860000 - 0x000007fefd8ad000 	C:\Windows\system32\WS2_32.dll
0x000007feff1d0000 - 0x000007feff1d8000 	C:\Windows\system32\NSI.dll
0x000007fefa8c0000 - 0x000007fefa8fb000 	C:\Windows\system32\WINMM.dll
0x00000000770a0000 - 0x00000000770a7000 	C:\Windows\system32\PSAPI.DLL
0x0000000070130000 - 0x000000007013f000 	C:\PROGRA~1\Java\JDK18~1.0_0\jre\bin\verify.dll
0x000000006e210000 - 0x000000006e238000 	C:\PROGRA~1\Java\JDK18~1.0_0\jre\bin\java.dll
0x000000006d9b0000 - 0x000000006d9c6000 	C:\PROGRA~1\Java\JDK18~1.0_0\jre\bin\zip.dll
0x000007fefd910000 - 0x000007fefe698000 	C:\Windows\system32\SHELL32.dll
0x000007fefe7b0000 - 0x000007fefe9b3000 	C:\Windows\system32\ole32.dll
0x000007fefcc90000 - 0x000007fefcc9f000 	C:\Windows\system32\profapi.dll
0x000007fefaa00000 - 0x000007fefab25000 	C:\Windows\system32\dbghelp.dll

VM Arguments:
jvm_args: -Xmx1024M -Xss1m -Djava.ext.dirs=C:\Program Files (x86)\Android\android-studio\sdk\build-tools\android-4.4.2\lib 
java_command: C:\Program Files (x86)\Android\android-studio\sdk\build-tools\android-4.4.2\lib\dx.jar --dex --output C:\Users\Siza\Arrythmia Project Newtonmin\ArrythmiaProject\Arrythmia\app\build\pre-dexed\debug\support-v4-19.1.0-e311e493b238b75da4095bd5ee7b69d76d73dc42.jar C:\Program Files (x86)\Android\android-studio\sdk\extras\android\m2repository\com\android\support\support-v4\19.1.0\support-v4-19.1.0.jar
java_class_path (initial): C:\Program Files (x86)\Android\android-studio\sdk\build-tools\android-4.4.2\lib\dx.jar
Launcher Type: SUN_STANDARD

Environment Variables:
JAVA_HOME=C:\Program Files\Java\jdk1.8.0_05
PATH=C:\Program Files (x86)\NVIDIA Corporation\PhysX\Common;C:\Program Files\Common Files\Microsoft Shared\Windows Live;C:\Program Files (x86)\Common Files\Microsoft Shared\Windows Live;C:\Program Files (x86)\Microchip\MPLABC18\v3.45\mpasm;C:\Program Files (x86)\Microchip\MPLABC18\v3.45\bin;C:\Program Files (x86)\Microchip\MPLABC18\v3.41\mpasm;C:\Program Files (x86)\Microchip\MPLABC18\v3.41\bin;C:\Program Files (x86)\Microchip\mplabc32\v2.02\bin;C:\Program Files (x86)\Microchip\MPLAB C30\bin;C:\Program Files (x86)\Microchip\xc32\v1.20\bin;C:\Program Files (x86)\Microchip\xc16\v1.11\bin;C:\Program Files (x86)\Microchip\xc8\v1.12\bin;C:\Windows\system32;C:\Windows;C:\Windows\System32\Wbem;C:\Windows\System32\WindowsPowerShell\v1.0\;C:\Program Files\Microsoft\Web Platform Installer\;C:\Program Files (x86)\Microsoft ASP.NET\ASP.NET Web Pages\v1.0\;C:\Program Files (x86)\Windows Kits\8.0\Windows Performance Toolkit\;C:\Program Files\Microsoft SQL Server\110\Tools\Binn\;C:\Program Files\IVI Foundation\VISA\Win64\Bin\;C:\Program Files (x86)\IVI Foundation\VISA\WinNT\Bin\;C:\Program Files (x86)\IVI Foundation\VISA\WinNT\Bin;C:\Program Files (x86)\Microsoft SQL Server\100\Tools\Binn\;C:\Program Files\Microsoft SQL Server\100\Tools\Binn\;C:\Program Files\Microsoft SQL Server\100\DTS\Binn\;C:\Program Files\MATLAB\R2011b\runtime\win64;C:\Program Files\MATLAB\R2011b\bin;C:\Program Files\MATLAB\R2010b\runtime\win64;C:\Program Files\MATLAB\R2010b\bin;C:\Program Files (x86)\Microchip\MPLAB C32 Suite\bin;C:\Program Files\Java\jdk1.7.0_17\bin;C:\Program Files (x86)\HI-TECH Software\PICC\9.83\bin;C:\Program Files (x86)\Windows Live\Shared;C:\Program Files (x86)\QuickTime\QTSystem\;
USERNAME=Siza
OS=Windows_NT
PROCESSOR_IDENTIFIER=AMD64 Family 16 Model 10 Stepping 0, AuthenticAMD



---------------  S Y S T E M  ---------------

OS: Windows 7 , 64 bit Build 7601 Service Pack 1

CPU:total 6 (6 cores per cpu, 1 threads per core) family 16 model 10 stepping 0, cmov, cx8, fxsr, mmx, sse, sse2, sse3, popcnt, mmxext, 3dnowpref, lzcnt, sse4a, tsc, tscinvbit

Memory: 4k page, physical 8387816k(1241704k free), swap 8385952k(3932k free)

vm_info: Java HotSpot(TM) 64-Bit Server VM (25.5-b02) for windows-amd64 JRE (1.8.0_05-b13), built on Mar 18 2014 01:08:39 by "java_re" with MS VC++ 10.0 (VS2010)

time: Sat Jun 07 22:23:17 2014
elapsed time: 2 seconds

