#
# There is insufficient memory for the Java Runtime Environment to continue.
# Native memory allocation (malloc) failed to allocate 71216 bytes for Chunk::new
# Possible reasons:
#   The system is out of physical RAM or swap space
#   In 32 bit mode, the process size limit was hit
# Possible solutions:
#   Reduce memory load on the system
#   Increase physical memory or swap space
#   Check if swap backing store is full
#   Use 64 bit Java on a 64 bit OS
#   Decrease Java heap size (-Xmx/-Xms)
#   Decrease number of Java threads
#   Decrease Java thread stack sizes (-Xss)
#   Set larger code cache with -XX:ReservedCodeCacheSize=
# This output file may be truncated or incomplete.
#
#  Out of Memory Error (allocation.cpp:328), pid=15584, tid=9492
#
# JRE version: 7.0_17-b02
# Java VM: Java HotSpot(TM) 64-Bit Server VM (23.7-b01 mixed mode windows-amd64 compressed oops)
# Failed to write core dump. Minidumps are not enabled by default on client versions of Windows
#

---------------  T H R E A D  ---------------

Current thread (0x00000000096fe000):  JavaThread "C2 CompilerThread1" daemon [_thread_in_native, id=9492, stack(0x000000000b430000,0x000000000b530000)]

Stack: [0x000000000b430000,0x000000000b530000]

Current CompileTask:
C2:  78996  846             sun.nio.cs.SingleByte$Decoder::decodeArrayLoop (154 bytes)


---------------  P R O C E S S  ---------------

Java Threads: ( => current thread )
  0x000000000b74d000 JavaThread "stdout" [_thread_in_native, id=15812, stack(0x0000000012e80000,0x0000000012f80000)]
  0x000000000b74c800 JavaThread "stdout" [_thread_in_native, id=9308, stack(0x0000000012c90000,0x0000000012d90000)]
  0x000000000b74b800 JavaThread "stderr" [_thread_in_native, id=5936, stack(0x0000000012b90000,0x0000000012c90000)]
  0x000000000b749800 JavaThread "stderr" [_thread_in_native, id=8760, stack(0x0000000010840000,0x0000000010940000)]
  0x000000000b74a000 JavaThread "pool-2-thread-2" [_thread_blocked, id=9928, stack(0x000000000de50000,0x000000000df50000)]
  0x000000000b748800 JavaThread "pool-2-thread-1" [_thread_blocked, id=11588, stack(0x0000000012a00000,0x0000000012b00000)]
  0x000000000b747000 JavaThread "Stdin handler" [_thread_blocked, id=6828, stack(0x00000000128e0000,0x00000000129e0000)]
  0x000000000b748000 JavaThread "Handler for socket connection at /127.0.0.1:36911 with /127.0.0.1:36924" [_thread_in_native, id=10580, stack(0x000000000f6e0000,0x000000000f7e0000)]
  0x000000000cc62000 JavaThread "File lock request listener" [_thread_in_native, id=15932, stack(0x000000000e580000,0x000000000e680000)]
  0x000000000cb3d800 JavaThread "Daemon" [_thread_blocked, id=9688, stack(0x000000000e1f0000,0x000000000e2f0000)]
  0x000000000c38b800 JavaThread "Incoming local TCP Connector on port 36911" [_thread_in_native, id=15916, stack(0x000000000dfc0000,0x000000000e0c0000)]
  0x00000000096fe800 JavaThread "Service Thread" daemon [_thread_blocked, id=9992, stack(0x000000000ba20000,0x000000000bb20000)]
=>0x00000000096fe000 JavaThread "C2 CompilerThread1" daemon [_thread_in_native, id=9492, stack(0x000000000b430000,0x000000000b530000)]
  0x00000000096f5000 JavaThread "C2 CompilerThread0" daemon [_thread_blocked, id=8496, stack(0x000000000b2e0000,0x000000000b3e0000)]
  0x00000000096f4000 JavaThread "Attach Listener" daemon [_thread_blocked, id=12064, stack(0x000000000b1c0000,0x000000000b2c0000)]
  0x00000000096f3000 JavaThread "Signal Dispatcher" daemon [_thread_blocked, id=10676, stack(0x000000000aff0000,0x000000000b0f0000)]
  0x0000000009669800 JavaThread "Finalizer" daemon [_thread_blocked, id=12652, stack(0x000000000ad40000,0x000000000ae40000)]
  0x000000000965e000 JavaThread "Reference Handler" daemon [_thread_blocked, id=13760, stack(0x000000000aed0000,0x000000000afd0000)]
  0x00000000022bd800 JavaThread "main" [_thread_blocked, id=16116, stack(0x00000000024a0000,0x00000000025a0000)]

Other Threads:
  0x0000000009659800 VMThread [stack: 0x000000000ac40000,0x000000000ad40000] [id=9284]
  0x00000000096ff800 WatcherThread [stack: 0x000000000bc00000,0x000000000bd00000] [id=13632]

VM state:not at safepoint (normal execution)

VM Mutex/Monitor currently owned by a thread: None

Heap
 PSYoungGen      total 281920K, used 48868K [0x00000000eaab0000, 0x0000000100000000, 0x0000000100000000)
  eden space 257344K, 9% used [0x00000000eaab0000,0x00000000ec318868,0x00000000fa600000)
  from space 24576K, 97% used [0x00000000fc0d0000,0x00000000fd820ac8,0x00000000fd8d0000)
  to   space 27456K, 0% used [0x00000000fa600000,0x00000000fa600000,0x00000000fc0d0000)
 ParOldGen       total 87424K, used 40198K [0x00000000c0000000, 0x00000000c5560000, 0x00000000eaab0000)
  object space 87424K, 45% used [0x00000000c0000000,0x00000000c2741938,0x00000000c5560000)
 PSPermGen       total 69440K, used 40670K [0x00000000b0000000, 0x00000000b43d0000, 0x00000000c0000000)
  object space 69440K, 58% used [0x00000000b0000000,0x00000000b27b7ae0,0x00000000b43d0000)

Card table byte_map: [0x00000000055a0000,0x0000000005830000] byte_map_base: 0x0000000005020000

Polling page: 0x0000000000330000

Code Cache  [0x00000000025a0000, 0x00000000029c0000, 0x00000000055a0000)
 total_blobs=1375 nmethods=787 adapters=538 free_code_cache=44990Kb largest_free_block=46020480

Compilation events (10 events):
Event: 75.399 Thread 0x00000000096f5000 nmethod 841 0x0000000002985110 code [0x0000000002985260, 0x0000000002985368]
Event: 75.400 Thread 0x00000000096fe000  842             java.util.regex.Matcher::start (22 bytes)
Event: 75.400 Thread 0x00000000096fe000 nmethod 842 0x0000000002984ed0 code [0x0000000002985000, 0x0000000002985058]
Event: 75.406 Thread 0x00000000096f5000  843             java.io.ObjectStreamClass$WeakClassKey::<init> (15 bytes)
Event: 75.407 Thread 0x00000000096f5000 nmethod 843 0x00000000028c9290 code [0x00000000028c93e0, 0x00000000028c94c8]
Event: 75.447 Thread 0x00000000096fe000  844             java.util.concurrent.atomic.AtomicReferenceArray::length (6 bytes)
Event: 75.448 Thread 0x00000000096fe000 nmethod 844 0x00000000028c9090 code [0x00000000028c91c0, 0x00000000028c9218]
Event: 78.936 Thread 0x00000000096f5000  845             sun.nio.cs.SingleByte$Decoder::decode (11 bytes)
Event: 78.936 Thread 0x00000000096f5000 nmethod 845 0x00000000028c8e10 code [0x00000000028c8f40, 0x00000000028c8fd8]
Event: 78.968 Thread 0x00000000096fe000  846             sun.nio.cs.SingleByte$Decoder::decodeArrayLoop (154 bytes)

GC Heap History (10 events):
Event: 5.815 GC heap before
{Heap before GC invocations=7 (full 0):
 PSYoungGen      total 143488K, used 141778K [0x00000000eaab0000, 0x00000000f46b0000, 0x0000000100000000)
  eden space 130112K, 100% used [0x00000000eaab0000,0x00000000f29c0000,0x00000000f29c0000)
  from space 13376K, 87% used [0x00000000f37c0000,0x00000000f4324b08,0x00000000f44d0000)
  to   space 14336K, 0% used [0x00000000f29c0000,0x00000000f29c0000,0x00000000f37c0000)
 ParOldGen       total 87424K, used 16709K [0x00000000c0000000, 0x00000000c5560000, 0x00000000eaab0000)
  object space 87424K, 19% used [0x00000000c0000000,0x00000000c1051468,0x00000000c5560000)
 PSPermGen       total 30464K, used 30285K [0x00000000b0000000, 0x00000000b1dc0000, 0x00000000c0000000)
  object space 30464K, 99% used [0x00000000b0000000,0x00000000b1d93570,0x00000000b1dc0000)
Event: 5.839 GC heap after
Heap after GC invocations=7 (full 0):
 PSYoungGen      total 144448K, used 14324K [0x00000000eaab0000, 0x00000000fcfb0000, 0x0000000100000000)
  eden space 130112K, 0% used [0x00000000eaab0000,0x00000000eaab0000,0x00000000f29c0000)
  from space 14336K, 99% used [0x00000000f29c0000,0x00000000f37bd010,0x00000000f37c0000)
  to   space 19904K, 0% used [0x00000000fbc40000,0x00000000fbc40000,0x00000000fcfb0000)
 ParOldGen       total 87424K, used 24158K [0x00000000c0000000, 0x00000000c5560000, 0x00000000eaab0000)
  object space 87424K, 27% used [0x00000000c0000000,0x00000000c1797970,0x00000000c5560000)
 PSPermGen       total 30464K, used 30285K [0x00000000b0000000, 0x00000000b1dc0000, 0x00000000c0000000)
  object space 30464K, 99% used [0x00000000b0000000,0x00000000b1d93570,0x00000000b1dc0000)
}
Event: 16.280 GC heap before
{Heap before GC invocations=8 (full 0):
 PSYoungGen      total 144448K, used 144436K [0x00000000eaab0000, 0x00000000fcfb0000, 0x0000000100000000)
  eden space 130112K, 100% used [0x00000000eaab0000,0x00000000f29c0000,0x00000000f29c0000)
  from space 14336K, 99% used [0x00000000f29c0000,0x00000000f37bd010,0x00000000f37c0000)
  to   space 19904K, 0% used [0x00000000fbc40000,0x00000000fbc40000,0x00000000fcfb0000)
 ParOldGen       total 87424K, used 24158K [0x00000000c0000000, 0x00000000c5560000, 0x00000000eaab0000)
  object space 87424K, 27% used [0x00000000c0000000,0x00000000c1797970,0x00000000c5560000)
 PSPermGen       total 33728K, used 33609K [0x00000000b0000000, 0x00000000b20f0000, 0x00000000c0000000)
  object space 33728K, 99% used [0x00000000b0000000,0x00000000b20d2590,0x00000000b20f0000)
Event: 16.301 GC heap after
Heap after GC invocations=8 (full 0):
 PSYoungGen      total 275200K, used 19874K [0x00000000eaab0000, 0x00000000fd950000, 0x0000000100000000)
  eden space 255296K, 0% used [0x00000000eaab0000,0x00000000eaab0000,0x00000000fa400000)
  from space 19904K, 99% used [0x00000000fbc40000,0x00000000fcfa88f8,0x00000000fcfb0000)
  to   space 24832K, 0% used [0x00000000fa400000,0x00000000fa400000,0x00000000fbc40000)
 ParOldGen       total 87424K, used 29001K [0x00000000c0000000, 0x00000000c5560000, 0x00000000eaab0000)
  object space 87424K, 33% used [0x00000000c0000000,0x00000000c1c52558,0x00000000c5560000)
 PSPermGen       total 33728K, used 33609K [0x00000000b0000000, 0x00000000b20f0000, 0x00000000c0000000)
  object space 33728K, 99% used [0x00000000b0000000,0x00000000b20d2590,0x00000000b20f0000)
}
Event: 23.515 GC heap before
{Heap before GC invocations=9 (full 0):
 PSYoungGen      total 275200K, used 97796K [0x00000000eaab0000, 0x00000000fd950000, 0x0000000100000000)
  eden space 255296K, 30% used [0x00000000eaab0000,0x00000000ef6c8878,0x00000000fa400000)
  from space 19904K, 99% used [0x00000000fbc40000,0x00000000fcfa88f8,0x00000000fcfb0000)
  to   space 24832K, 0% used [0x00000000fa400000,0x00000000fa400000,0x00000000fbc40000)
 ParOldGen       total 87424K, used 29001K [0x00000000c0000000, 0x00000000c5560000, 0x00000000eaab0000)
  object space 87424K, 33% used [0x00000000c0000000,0x00000000c1c52558,0x00000000c5560000)
 PSPermGen       total 34496K, used 34446K [0x00000000b0000000, 0x00000000b21b0000, 0x00000000c0000000)
  object space 34496K, 99% used [0x00000000b0000000,0x00000000b21a3978,0x00000000b21b0000)
Event: 23.547 GC heap after
Heap after GC invocations=9 (full 0):
 PSYoungGen      total 280128K, used 15347K [0x00000000eaab0000, 0x00000000fd8d0000, 0x0000000100000000)
  eden space 255296K, 0% used [0x00000000eaab0000,0x00000000eaab0000,0x00000000fa400000)
  from space 24832K, 61% used [0x00000000fa400000,0x00000000fb2fce50,0x00000000fbc40000)
  to   space 24576K, 0% used [0x00000000fc0d0000,0x00000000fc0d0000,0x00000000fd8d0000)
 ParOldGen       total 87424K, used 34321K [0x00000000c0000000, 0x00000000c5560000, 0x00000000eaab0000)
  object space 87424K, 39% used [0x00000000c0000000,0x00000000c2184578,0x00000000c5560000)
 PSPermGen       total 34496K, used 34446K [0x00000000b0000000, 0x00000000b21b0000, 0x00000000c0000000)
  object space 34496K, 99% used [0x00000000b0000000,0x00000000b21a3978,0x00000000b21b0000)
}
Event: 23.547 GC heap before
{Heap before GC invocations=10 (full 1):
 PSYoungGen      total 280128K, used 15347K [0x00000000eaab0000, 0x00000000fd8d0000, 0x0000000100000000)
  eden space 255296K, 0% used [0x00000000eaab0000,0x00000000eaab0000,0x00000000fa400000)
  from space 24832K, 61% used [0x00000000fa400000,0x00000000fb2fce50,0x00000000fbc40000)
  to   space 24576K, 0% used [0x00000000fc0d0000,0x00000000fc0d0000,0x00000000fd8d0000)
 ParOldGen       total 87424K, used 34321K [0x00000000c0000000, 0x00000000c5560000, 0x00000000eaab0000)
  object space 87424K, 39% used [0x00000000c0000000,0x00000000c2184578,0x00000000c5560000)
 PSPermGen       total 34496K, used 34446K [0x00000000b0000000, 0x00000000b21b0000, 0x00000000c0000000)
  object space 34496K, 99% used [0x00000000b0000000,0x00000000b21a3978,0x00000000b21b0000)
Event: 23.880 GC heap after
Heap after GC invocations=10 (full 1):
 PSYoungGen      total 280128K, used 0K [0x00000000eaab0000, 0x00000000fd8d0000, 0x0000000100000000)
  eden space 255296K, 0% used [0x00000000eaab0000,0x00000000eaab0000,0x00000000fa400000)
  from space 24832K, 0% used [0x00000000fa400000,0x00000000fa400000,0x00000000fbc40000)
  to   space 24576K, 0% used [0x00000000fc0d0000,0x00000000fc0d0000,0x00000000fd8d0000)
 ParOldGen       total 87424K, used 40198K [0x00000000c0000000, 0x00000000c5560000, 0x00000000eaab0000)
  object space 87424K, 45% used [0x00000000c0000000,0x00000000c2741938,0x00000000c5560000)
 PSPermGen       total 69440K, used 34426K [0x00000000b0000000, 0x00000000b43d0000, 0x00000000c0000000)
  object space 69440K, 49% used [0x00000000b0000000,0x00000000b219eaf8,0x00000000b43d0000)
}
Event: 75.165 GC heap before
{Heap before GC invocations=11 (full 1):
 PSYoungGen      total 280128K, used 255296K [0x00000000eaab0000, 0x00000000fd8d0000, 0x0000000100000000)
  eden space 255296K, 100% used [0x00000000eaab0000,0x00000000fa400000,0x00000000fa400000)
  from space 24832K, 0% used [0x00000000fa400000,0x00000000fa400000,0x00000000fbc40000)
  to   space 24576K, 0% used [0x00000000fc0d0000,0x00000000fc0d0000,0x00000000fd8d0000)
 ParOldGen       total 87424K, used 40198K [0x00000000c0000000, 0x00000000c5560000, 0x00000000eaab0000)
  object space 87424K, 45% used [0x00000000c0000000,0x00000000c2741938,0x00000000c5560000)
 PSPermGen       total 69440K, used 40279K [0x00000000b0000000, 0x00000000b43d0000, 0x00000000c0000000)
  object space 69440K, 58% used [0x00000000b0000000,0x00000000b2755f00,0x00000000b43d0000)
Event: 75.184 GC heap after
Heap after GC invocations=11 (full 1):
 PSYoungGen      total 281920K, used 23874K [0x00000000eaab0000, 0x0000000100000000, 0x0000000100000000)
  eden space 257344K, 0% used [0x00000000eaab0000,0x00000000eaab0000,0x00000000fa600000)
  from space 24576K, 97% used [0x00000000fc0d0000,0x00000000fd820ac8,0x00000000fd8d0000)
  to   space 27456K, 0% used [0x00000000fa600000,0x00000000fa600000,0x00000000fc0d0000)
 ParOldGen       total 87424K, used 40198K [0x00000000c0000000, 0x00000000c5560000, 0x00000000eaab0000)
  object space 87424K, 45% used [0x00000000c0000000,0x00000000c2741938,0x00000000c5560000)
 PSPermGen       total 69440K, used 40279K [0x00000000b0000000, 0x00000000b43d0000, 0x00000000c0000000)
  object space 69440K, 58% used [0x00000000b0000000,0x00000000b2755f00,0x00000000b43d0000)
}

Deoptimization events (10 events):
Event: 68.260 Thread 0x000000000cb3d800 Uncommon trap -12 fr.pc 0x0000000002976520
Event: 68.261 Thread 0x000000000cb3d800 Uncommon trap -12 fr.pc 0x0000000002976520
Event: 68.261 Thread 0x000000000cb3d800 Uncommon trap -12 fr.pc 0x0000000002976520
Event: 68.297 Thread 0x000000000cb3d800 Uncommon trap -42 fr.pc 0x0000000002956ac8
Event: 68.313 Thread 0x000000000cb3d800 Uncommon trap -42 fr.pc 0x0000000002956ac8
Event: 68.362 Thread 0x000000000cb3d800 Uncommon trap -42 fr.pc 0x0000000002956ac8
Event: 68.386 Thread 0x000000000cb3d800 Uncommon trap -42 fr.pc 0x0000000002956ac8
Event: 75.408 Thread 0x000000000cb3d800 Uncommon trap -122 fr.pc 0x0000000002868c48
Event: 75.445 Thread 0x000000000b74a000 Uncommon trap -83 fr.pc 0x000000000278ab08
Event: 75.445 Thread 0x000000000b748800 Uncommon trap -83 fr.pc 0x000000000278aaec

Internal exceptions (10 events):
Event: 75.715 Thread 0x000000000b74a000 Threw 0x00000000ebc80eb0 at C:\jdk7u2_64p\jdk7u17\hotspot\src\share\vm\prims\jvm.cpp:1166
Event: 75.716 Thread 0x000000000b74a000 Threw 0x00000000ebc8a570 at C:\jdk7u2_64p\jdk7u17\hotspot\src\share\vm\prims\jvm.cpp:1166
Event: 75.716 Thread 0x000000000b74a000 Threw 0x00000000ebc90230 at C:\jdk7u2_64p\jdk7u17\hotspot\src\share\vm\prims\jvm.cpp:1166
Event: 75.716 Thread 0x000000000b74a000 Threw 0x00000000ebc906c8 at C:\jdk7u2_64p\jdk7u17\hotspot\src\share\vm\prims\jvm.cpp:1166
Event: 75.716 Thread 0x000000000b74a000 Threw 0x00000000ebc9a750 at C:\jdk7u2_64p\jdk7u17\hotspot\src\share\vm\prims\jvm.cpp:1166
Event: 75.716 Thread 0x000000000b74a000 Threw 0x00000000ebca0a30 at C:\jdk7u2_64p\jdk7u17\hotspot\src\share\vm\prims\jvm.cpp:1166
Event: 75.716 Thread 0x000000000b74a000 Threw 0x00000000ebca0ed0 at C:\jdk7u2_64p\jdk7u17\hotspot\src\share\vm\prims\jvm.cpp:1166
Event: 75.717 Thread 0x000000000b74a000 Threw 0x00000000ebcab058 at C:\jdk7u2_64p\jdk7u17\hotspot\src\share\vm\prims\jvm.cpp:1166
Event: 75.717 Thread 0x000000000b74a000 Threw 0x00000000ebcb1338 at C:\jdk7u2_64p\jdk7u17\hotspot\src\share\vm\prims\jvm.cpp:1166
Event: 75.717 Thread 0x000000000b74a000 Threw 0x00000000ebcb17d8 at C:\jdk7u2_64p\jdk7u17\hotspot\src\share\vm\prims\jvm.cpp:1166

Events (10 events):
Event: 75.715 Executing VM operation: RevokeBias
Event: 75.715 Executing VM operation: RevokeBias done
Event: 75.715 Executing VM operation: RevokeBias
Event: 75.715 Executing VM operation: RevokeBias done
Event: 75.715 Executing VM operation: RevokeBias
Event: 75.715 Executing VM operation: RevokeBias done
Event: 75.717 Thread 0x000000000b749800 Thread added: 0x000000000b749800
Event: 75.718 Thread 0x000000000b74b800 Thread added: 0x000000000b74b800
Event: 75.718 Thread 0x000000000b74c800 Thread added: 0x000000000b74c800
Event: 75.718 Thread 0x000000000b74d000 Thread added: 0x000000000b74d000


Dynamic libraries:
0x000000013f9e0000 - 0x000000013fa13000 	C:\Program Files\Java\jdk1.7.0_17\bin\java.exe
0x0000000076ed0000 - 0x0000000077079000 	C:\Windows\SYSTEM32\ntdll.dll
0x0000000076cb0000 - 0x0000000076dcf000 	C:\Windows\system32\kernel32.dll
0x000007fefcfe0000 - 0x000007fefd04c000 	C:\Windows\system32\KERNELBASE.dll
0x000007feff010000 - 0x000007feff0eb000 	C:\Windows\system32\ADVAPI32.dll
0x000007fefeb00000 - 0x000007fefeb9f000 	C:\Windows\system32\msvcrt.dll
0x000007fefd200000 - 0x000007fefd21f000 	C:\Windows\SYSTEM32\sechost.dll
0x000007fefd400000 - 0x000007fefd52d000 	C:\Windows\system32\RPCRT4.dll
0x0000000076dd0000 - 0x0000000076eca000 	C:\Windows\system32\USER32.dll
0x000007fefd0c0000 - 0x000007fefd127000 	C:\Windows\system32\GDI32.dll
0x000007fefedd0000 - 0x000007fefedde000 	C:\Windows\system32\LPK.dll
0x000007fefd130000 - 0x000007fefd1f9000 	C:\Windows\system32\USP10.dll
0x000007fefb6f0000 - 0x000007fefb8e4000 	C:\Windows\WinSxS\amd64_microsoft.windows.common-controls_6595b64144ccf1df_6.0.7601.17514_none_fa396087175ac9ac\COMCTL32.dll
0x000007fefef90000 - 0x000007feff001000 	C:\Windows\system32\SHLWAPI.dll
0x000007fefede0000 - 0x000007fefee0e000 	C:\Windows\system32\IMM32.DLL
0x000007fefe6a0000 - 0x000007fefe7a9000 	C:\Windows\system32\MSCTF.dll
0x000000006ccb0000 - 0x000000006cd81000 	C:\Program Files\Java\jdk1.7.0_17\jre\bin\msvcr100.dll
0x000000006a070000 - 0x000000006a78f000 	C:\Program Files\Java\jdk1.7.0_17\jre\bin\server\jvm.dll
0x000007fef6b10000 - 0x000007fef6b19000 	C:\Windows\system32\WSOCK32.dll
0x000007fefd860000 - 0x000007fefd8ad000 	C:\Windows\system32\WS2_32.dll
0x000007feff1d0000 - 0x000007feff1d8000 	C:\Windows\system32\NSI.dll
0x000007fefa8c0000 - 0x000007fefa8fb000 	C:\Windows\system32\WINMM.dll
0x00000000770a0000 - 0x00000000770a7000 	C:\Windows\system32\PSAPI.DLL
0x0000000070200000 - 0x000000007020f000 	C:\Program Files\Java\jdk1.7.0_17\jre\bin\verify.dll
0x000000006fa50000 - 0x000000006fa78000 	C:\Program Files\Java\jdk1.7.0_17\jre\bin\java.dll
0x00000000701e0000 - 0x00000000701f5000 	C:\Program Files\Java\jdk1.7.0_17\jre\bin\zip.dll
0x000000006f350000 - 0x000000006f369000 	C:\Program Files\Java\jdk1.7.0_17\jre\bin\net.dll
0x000007fefc430000 - 0x000007fefc485000 	C:\Windows\system32\mswsock.dll
0x000007fefc6f0000 - 0x000007fefc6f7000 	C:\Windows\System32\wship6.dll
0x000000006f440000 - 0x000000006f451000 	C:\Program Files\Java\jdk1.7.0_17\jre\bin\nio.dll
0x000007fefc630000 - 0x000007fefc647000 	C:\Windows\system32\CRYPTSP.dll
0x000007fefc1d0000 - 0x000007fefc217000 	C:\Windows\system32\rsaenh.dll
0x000007fefbf90000 - 0x000007fefbfae000 	C:\Windows\system32\USERENV.dll
0x000007fefcc90000 - 0x000007fefcc9f000 	C:\Windows\system32\profapi.dll
0x000007fefcb80000 - 0x000007fefcb8f000 	C:\Windows\system32\CRYPTBASE.dll
0x000007fefaf80000 - 0x000007fefaf95000 	C:\Windows\system32\NLAapi.dll
0x000007fef6aa0000 - 0x000007fef6ab5000 	C:\Windows\system32\napinsp.dll
0x000007fef6920000 - 0x000007fef6939000 	C:\Windows\system32\pnrpnsp.dll
0x000007fefc2c0000 - 0x000007fefc31b000 	C:\Windows\system32\DNSAPI.dll
0x000007fef6870000 - 0x000007fef687b000 	C:\Windows\System32\winrnr.dll
0x0000000063560000 - 0x0000000063569000 	C:\Program Files\National Instruments\Shared\mDNS Responder\nimdnsNSP.dll
0x0000000063550000 - 0x000000006355e000 	C:\Windows\system32\nimdnsResponder.dll
0x000000006fa90000 - 0x000000006fb33000 	C:\Windows\WinSxS\amd64_microsoft.vc90.crt_1fc8b3b9a1e18e3b_9.0.30729.6161_none_08e61857a83bc251\MSVCR90.dll
0x000007fef9be0000 - 0x000007fef9c07000 	C:\Windows\system32\Iphlpapi.DLL
0x000007fef9bd0000 - 0x000007fef9bdb000 	C:\Windows\system32\WINNSI.DLL
0x000007fef7220000 - 0x000007fef724f000 	C:\Program Files\Common Files\Microsoft Shared\Windows Live\WLIDNSP.DLL
0x000000006f9e0000 - 0x000000006fa06000 	C:\Program Files\Bonjour\mdnsNSP.dll
0x000007fef6860000 - 0x000007fef6870000 	C:\Windows\system32\wshbth.dll
0x000007fefbe50000 - 0x000007fefbe57000 	C:\Windows\System32\wshtcpip.dll
0x000007fef7210000 - 0x000007fef7218000 	C:\Windows\system32\rasadhlp.dll
0x000007fef9980000 - 0x000007fef99d3000 	C:\Windows\System32\fwpuclnt.dll
0x000007fefa300000 - 0x000007fefa314000 	C:\Users\Siza\AppData\Local\Temp\native-platform1310976057913953492dir\native-platform-windows-amd64.dll
0x000007fef9810000 - 0x000007fef9828000 	C:\Windows\system32\dhcpcsvc.DLL
0x000007fef97d0000 - 0x000007fef97e1000 	C:\Windows\system32\dhcpcsvc6.DLL
0x000007fefcb20000 - 0x000007fefcb77000 	C:\Windows\system32\apphelp.dll

VM Arguments:
jvm_args: -XX:MaxPermSize=256m -XX:+HeapDumpOnOutOfMemoryError -Xmx1024m -Dfile.encoding=windows-1252 
java_command: org.gradle.launcher.daemon.bootstrap.GradleDaemon 1.10 C:\Users\Siza\.gradle\daemon 60000 d7e7041d-89ea-4542-8cb7-a2c2e750b1c6 -XX:MaxPermSize=256m -XX:+HeapDumpOnOutOfMemoryError -Xmx1024m -Dfile.encoding=windows-1252
Launcher Type: SUN_STANDARD

Environment Variables:
JAVA_HOME=C:\Program Files\Java\jdk1.8.0_05
PATH=C:\Program Files (x86)\NVIDIA Corporation\PhysX\Common;C:\Program Files\Common Files\Microsoft Shared\Windows Live;C:\Program Files (x86)\Common Files\Microsoft Shared\Windows Live;C:\Program Files (x86)\Microchip\MPLABC18\v3.45\mpasm;C:\Program Files (x86)\Microchip\MPLABC18\v3.45\bin;C:\Program Files (x86)\Microchip\MPLABC18\v3.41\mpasm;C:\Program Files (x86)\Microchip\MPLABC18\v3.41\bin;C:\Program Files (x86)\Microchip\mplabc32\v2.02\bin;C:\Program Files (x86)\Microchip\MPLAB C30\bin;C:\Program Files (x86)\Microchip\xc32\v1.20\bin;C:\Program Files (x86)\Microchip\xc16\v1.11\bin;C:\Program Files (x86)\Microchip\xc8\v1.12\bin;C:\Windows\system32;C:\Windows;C:\Windows\System32\Wbem;C:\Windows\System32\WindowsPowerShell\v1.0\;C:\Program Files\Microsoft\Web Platform Installer\;C:\Program Files (x86)\Microsoft ASP.NET\ASP.NET Web Pages\v1.0\;C:\Program Files (x86)\Windows Kits\8.0\Windows Performance Toolkit\;C:\Program Files\Microsoft SQL Server\110\Tools\Binn\;C:\Program Files\IVI Foundation\VISA\Win64\Bin\;C:\Program Files (x86)\IVI Foundation\VISA\WinNT\Bin\;C:\Program Files (x86)\IVI Foundation\VISA\WinNT\Bin;C:\Program Files (x86)\Microsoft SQL Server\100\Tools\Binn\;C:\Program Files\Microsoft SQL Server\100\Tools\Binn\;C:\Program Files\Microsoft SQL Server\100\DTS\Binn\;C:\Program Files\MATLAB\R2011b\runtime\win64;C:\Program Files\MATLAB\R2011b\bin;C:\Program Files\MATLAB\R2010b\runtime\win64;C:\Program Files\MATLAB\R2010b\bin;C:\Program Files (x86)\Microchip\MPLAB C32 Suite\bin;C:\Program Files\Java\jdk1.7.0_17\bin;C:\Program Files (x86)\HI-TECH Software\PICC\9.83\bin;C:\Program Files (x86)\Windows Live\Shared;C:\Program Files (x86)\QuickTime\QTSystem\;C:\Program Files (x86)\Microchip\MPLABC18\v3.41\mpasm;C:\Program Files (x86)\Microchip\MPLABC18\v3.41\bin;C:\Program Files (x86)\Microchip\MPLABC18\v3.45\mpasm;C:\Program Files (x86)\Microchip\MPLABC18\v3.45\bin;C:\Windows\system32;C:\Windows;C:\Windows\System32\Wbem
USERNAME=Siza
OS=Windows_NT
PROCESSOR_IDENTIFIER=AMD64 Family 16 Model 10 Stepping 0, AuthenticAMD



---------------  S Y S T E M  ---------------

OS: Windows 7 , 64 bit Build 7601 Service Pack 1

CPU:total 6 (6 cores per cpu, 1 threads per core) family 16 model 10 stepping 0, cmov, cx8, fxsr, mmx, sse, sse2, sse3, popcnt, mmxext, 3dnowpref, lzcnt, sse4a, tsc, tscinvbit, tscinv

Memory: 4k page, physical 8387816k(1413984k free), swap 8385952k(267332k free)

vm_info: Java HotSpot(TM) 64-Bit Server VM (23.7-b01) for windows-amd64 JRE (1.7.0_17-b02), built on Mar  1 2013 03:38:30 by "java_re" with unknown MS VC++:1600

time: Mon Jun 02 23:04:54 2014
elapsed time: 78 seconds

