#
# There is insufficient memory for the Java Runtime Environment to continue.
# Native memory allocation (malloc) failed to allocate 1503056 bytes for Chunk::new
# Possible reasons:
#   The system is out of physical RAM or swap space
#   In 32 bit mode, the process size limit was hit
# Possible solutions:
#   Reduce memory load on the system
#   Increase physical memory or swap space
#   Check if swap backing store is full
#   Use 64 bit Java on a 64 bit OS
#   Decrease Java heap size (-Xmx/-Xms)
#   Decrease number of Java threads
#   Decrease Java thread stack sizes (-Xss)
#   Set larger code cache with -XX:ReservedCodeCacheSize=
# This output file may be truncated or incomplete.
#
#  Out of Memory Error (allocation.cpp:388), pid=7612, tid=13052
#
# JRE version: Java(TM) SE Runtime Environment (8.0_05-b13) (build 1.8.0_05-b13)
# Java VM: Java HotSpot(TM) 64-Bit Server VM (25.5-b02 mixed mode windows-amd64 compressed oops)
# Failed to write core dump. Minidumps are not enabled by default on client versions of Windows
#

---------------  T H R E A D  ---------------

Current thread (0x0000000056d42800):  JavaThread "C2 CompilerThread1" daemon [_thread_in_native, id=13052, stack(0x0000000057350000,0x0000000057450000)]

Stack: [0x0000000057350000,0x0000000057450000]
Native frames: (J=compiled Java code, j=interpreted, Vv=VM code, C=native code)
V  [jvm.dll+0x308dea]


Current CompileTask:
C2:   2375 1550   !   4       com.android.dx.cf.code.BytecodeArray::parseInstruction (2764 bytes)


---------------  P R O C E S S  ---------------

Java Threads: ( => current thread )
  0x0000000056d91800 JavaThread "Service Thread" daemon [_thread_blocked, id=12720, stack(0x0000000057850000,0x0000000057950000)]
  0x0000000056d44000 JavaThread "C1 CompilerThread2" daemon [_thread_blocked, id=8908, stack(0x00000000576f0000,0x00000000577f0000)]
=>0x0000000056d42800 JavaThread "C2 CompilerThread1" daemon [_thread_in_native, id=13052, stack(0x0000000057350000,0x0000000057450000)]
  0x0000000056d4f000 JavaThread "C2 CompilerThread0" daemon [_thread_in_native, id=12520, stack(0x0000000057470000,0x0000000057570000)]
  0x0000000056d4d800 JavaThread "Attach Listener" daemon [_thread_blocked, id=5208, stack(0x0000000056840000,0x0000000056940000)]
  0x0000000056d4c800 JavaThread "Signal Dispatcher" daemon [_thread_blocked, id=12564, stack(0x00000000571a0000,0x00000000572a0000)]
  0x0000000055241000 JavaThread "Finalizer" daemon [_thread_blocked, id=17076, stack(0x0000000056bf0000,0x0000000056cf0000)]
  0x0000000055236000 JavaThread "Reference Handler" daemon [_thread_blocked, id=16604, stack(0x0000000056ae0000,0x0000000056be0000)]
  0x000000000044f000 JavaThread "main" [_thread_in_Java, id=16512, stack(0x0000000002270000,0x0000000002370000)]

Other Threads:
  0x0000000055232800 VMThread [stack: 0x0000000056980000,0x0000000056a80000] [id=6228]
  0x0000000056d93800 WatcherThread [stack: 0x0000000057990000,0x0000000057a90000] [id=9792]

VM state:not at safepoint (normal execution)

VM Mutex/Monitor currently owned by a thread: None

Heap:
 PSYoungGen      total 24576K, used 23315K [0x00000000eab00000, 0x00000000ec600000, 0x0000000100000000)
  eden space 21504K, 94% used [0x00000000eab00000,0x00000000ebec8a40,0x00000000ec000000)
  from space 3072K, 99% used [0x00000000ec000000,0x00000000ec2fc1d0,0x00000000ec300000)
  to   space 3072K, 0% used [0x00000000ec300000,0x00000000ec300000,0x00000000ec600000)
 ParOldGen       total 129536K, used 10429K [0x00000000c0000000, 0x00000000c7e80000, 0x00000000eab00000)
  object space 129536K, 8% used [0x00000000c0000000,0x00000000c0a2f670,0x00000000c7e80000)
 Metaspace       used 5513K, capacity 6832K, committed 7040K, reserved 1056768K
  class space    used 559K, capacity 616K, committed 640K, reserved 1048576K

Card table byte_map: [0x0000000011a00000,0x0000000011c10000] byte_map_base: 0x0000000011400000

Marking Bits: (ParMarkBitMap*) 0x0000000061d413b0
 Begin Bits: [0x0000000012650000, 0x0000000013650000)
 End Bits:   [0x0000000013650000, 0x0000000014650000)

Polling page: 0x0000000000430000

CodeCache: size=245760Kb used=6041Kb max_used=6041Kb free=239718Kb
 bounds [0x0000000002640000, 0x0000000002c30000, 0x0000000011640000]
 total_blobs=1803 nmethods=1544 adapters=173
 compilation: enabled

Compilation events (10 events):
Event: 2.356 Thread 0x0000000056d44000 1569       2       com.android.dx.rop.annotation.NameValuePair::<init> (43 bytes)
Event: 2.357 Thread 0x0000000056d44000 nmethod 1569 0x0000000002c1f090 code [0x0000000002c1f200, 0x0000000002c1f498]
Event: 2.357 Thread 0x0000000056d44000 1570       2       com.android.dx.rop.annotation.Annotation::put (32 bytes)
Event: 2.357 Thread 0x0000000056d44000 nmethod 1570 0x0000000002c1ea90 code [0x0000000002c1ec20, 0x0000000002c1eee8]
Event: 2.364 Thread 0x0000000056d44000 1572   !   2       com.android.dx.cf.cst.ConstantPoolParser::determineOffsets (285 bytes)
Event: 2.365 Thread 0x0000000056d44000 nmethod 1572 0x0000000002c26510 code [0x0000000002c267c0, 0x0000000002c27318]
Event: 2.366 Thread 0x0000000056d44000 1573       2       com.android.dx.cf.cst.ConstantPoolParser::parse (365 bytes)
Event: 2.368 Thread 0x0000000056d44000 nmethod 1573 0x0000000002c28090 code [0x0000000002c28440, 0x0000000002c29708]
Event: 2.371 Thread 0x0000000056d44000 1574       2       com.android.dx.cf.code.ExecutionStack::makeInitialized (51 bytes)
Event: 2.371 Thread 0x0000000056d44000 nmethod 1574 0x0000000002c2abd0 code [0x0000000002c2ad60, 0x0000000002c2b0d8]

GC Heap History (10 events):
Event: 1.145 GC heap before
{Heap before GC invocations=9 (full 0):
 PSYoungGen      total 10240K, used 10193K [0x00000000eab00000, 0x00000000eb700000, 0x0000000100000000)
  eden space 8192K, 100% used [0x00000000eab00000,0x00000000eb300000,0x00000000eb300000)
  from space 2048K, 97% used [0x00000000eb500000,0x00000000eb6f45d0,0x00000000eb700000)
  to   space 2048K, 0% used [0x00000000eb300000,0x00000000eb300000,0x00000000eb500000)
 ParOldGen       total 129536K, used 1872K [0x00000000c0000000, 0x00000000c7e80000, 0x00000000eab00000)
  object space 129536K, 1% used [0x00000000c0000000,0x00000000c01d4368,0x00000000c7e80000)
 Metaspace       used 5225K, capacity 6640K, committed 6784K, reserved 1056768K
  class space    used 538K, capacity 616K, committed 640K, reserved 1048576K
Event: 1.166 GC heap after
Heap after GC invocations=9 (full 0):
 PSYoungGen      total 10240K, used 2032K [0x00000000eab00000, 0x00000000ebe00000, 0x0000000100000000)
  eden space 8192K, 0% used [0x00000000eab00000,0x00000000eab00000,0x00000000eb300000)
  from space 2048K, 99% used [0x00000000eb300000,0x00000000eb4fc2e0,0x00000000eb500000)
  to   space 3072K, 0% used [0x00000000ebb00000,0x00000000ebb00000,0x00000000ebe00000)
 ParOldGen       total 129536K, used 2970K [0x00000000c0000000, 0x00000000c7e80000, 0x00000000eab00000)
  object space 129536K, 2% used [0x00000000c0000000,0x00000000c02e6a00,0x00000000c7e80000)
 Metaspace       used 5225K, capacity 6640K, committed 6784K, reserved 1056768K
  class space    used 538K, capacity 616K, committed 640K, reserved 1048576K
}
Event: 1.270 GC heap before
{Heap before GC invocations=10 (full 0):
 PSYoungGen      total 10240K, used 10224K [0x00000000eab00000, 0x00000000ebe00000, 0x0000000100000000)
  eden space 8192K, 100% used [0x00000000eab00000,0x00000000eb300000,0x00000000eb300000)
  from space 2048K, 99% used [0x00000000eb300000,0x00000000eb4fc2e0,0x00000000eb500000)
  to   space 3072K, 0% used [0x00000000ebb00000,0x00000000ebb00000,0x00000000ebe00000)
 ParOldGen       total 129536K, used 2970K [0x00000000c0000000, 0x00000000c7e80000, 0x00000000eab00000)
  object space 129536K, 2% used [0x00000000c0000000,0x00000000c02e6a00,0x00000000c7e80000)
 Metaspace       used 5303K, capacity 6704K, committed 6784K, reserved 1056768K
  class space    used 540K, capacity 616K, committed 640K, reserved 1048576K
Event: 1.322 GC heap after
Heap after GC invocations=10 (full 0):
 PSYoungGen      total 16384K, used 2267K [0x00000000eab00000, 0x00000000ebe00000, 0x0000000100000000)
  eden space 13312K, 0% used [0x00000000eab00000,0x00000000eab00000,0x00000000eb800000)
  from space 3072K, 73% used [0x00000000ebb00000,0x00000000ebd36c60,0x00000000ebe00000)
  to   space 3072K, 0% used [0x00000000eb800000,0x00000000eb800000,0x00000000ebb00000)
 ParOldGen       total 129536K, used 4152K [0x00000000c0000000, 0x00000000c7e80000, 0x00000000eab00000)
  object space 129536K, 3% used [0x00000000c0000000,0x00000000c040e290,0x00000000c7e80000)
 Metaspace       used 5303K, capacity 6704K, committed 6784K, reserved 1056768K
  class space    used 540K, capacity 616K, committed 640K, reserved 1048576K
}
Event: 1.499 GC heap before
{Heap before GC invocations=11 (full 0):
 PSYoungGen      total 16384K, used 15579K [0x00000000eab00000, 0x00000000ebe00000, 0x0000000100000000)
  eden space 13312K, 100% used [0x00000000eab00000,0x00000000eb800000,0x00000000eb800000)
  from space 3072K, 73% used [0x00000000ebb00000,0x00000000ebd36c60,0x00000000ebe00000)
  to   space 3072K, 0% used [0x00000000eb800000,0x00000000eb800000,0x00000000ebb00000)
 ParOldGen       total 129536K, used 4152K [0x00000000c0000000, 0x00000000c7e80000, 0x00000000eab00000)
  object space 129536K, 3% used [0x00000000c0000000,0x00000000c040e290,0x00000000c7e80000)
 Metaspace       used 5348K, capacity 6768K, committed 7040K, reserved 1056768K
  class space    used 540K, capacity 616K, committed 640K, reserved 1048576K
Event: 1.726 GC heap after
Heap after GC invocations=11 (full 0):
 PSYoungGen      total 16384K, used 1760K [0x00000000eab00000, 0x00000000ec600000, 0x0000000100000000)
  eden space 13312K, 0% used [0x00000000eab00000,0x00000000eab00000,0x00000000eb800000)
  from space 3072K, 57% used [0x00000000eb800000,0x00000000eb9b8000,0x00000000ebb00000)
  to   space 3072K, 0% used [0x00000000ec300000,0x00000000ec300000,0x00000000ec600000)
 ParOldGen       total 129536K, used 6212K [0x00000000c0000000, 0x00000000c7e80000, 0x00000000eab00000)
  object space 129536K, 4% used [0x00000000c0000000,0x00000000c0611298,0x00000000c7e80000)
 Metaspace       used 5348K, capacity 6768K, committed 7040K, reserved 1056768K
  class space    used 540K, capacity 616K, committed 640K, reserved 1048576K
}
Event: 1.866 GC heap before
{Heap before GC invocations=12 (full 0):
 PSYoungGen      total 16384K, used 15072K [0x00000000eab00000, 0x00000000ec600000, 0x0000000100000000)
  eden space 13312K, 100% used [0x00000000eab00000,0x00000000eb800000,0x00000000eb800000)
  from space 3072K, 57% used [0x00000000eb800000,0x00000000eb9b8000,0x00000000ebb00000)
  to   space 3072K, 0% used [0x00000000ec300000,0x00000000ec300000,0x00000000ec600000)
 ParOldGen       total 129536K, used 6212K [0x00000000c0000000, 0x00000000c7e80000, 0x00000000eab00000)
  object space 129536K, 4% used [0x00000000c0000000,0x00000000c0611298,0x00000000c7e80000)
 Metaspace       used 5401K, capacity 6768K, committed 7040K, reserved 1056768K
  class space    used 540K, capacity 616K, committed 640K, reserved 1048576K
Event: 1.889 GC heap after
Heap after GC invocations=12 (full 0):
 PSYoungGen      total 24576K, used 2192K [0x00000000eab00000, 0x00000000ec600000, 0x0000000100000000)
  eden space 21504K, 0% used [0x00000000eab00000,0x00000000eab00000,0x00000000ec000000)
  from space 3072K, 71% used [0x00000000ec300000,0x00000000ec524170,0x00000000ec600000)
  to   space 3072K, 0% used [0x00000000ec000000,0x00000000ec000000,0x00000000ec300000)
 ParOldGen       total 129536K, used 7925K [0x00000000c0000000, 0x00000000c7e80000, 0x00000000eab00000)
  object space 129536K, 6% used [0x00000000c0000000,0x00000000c07bd4d8,0x00000000c7e80000)
 Metaspace       used 5401K, capacity 6768K, committed 7040K, reserved 1056768K
  class space    used 540K, capacity 616K, committed 640K, reserved 1048576K
}
Event: 2.130 GC heap before
{Heap before GC invocations=13 (full 0):
 PSYoungGen      total 24576K, used 23696K [0x00000000eab00000, 0x00000000ec600000, 0x0000000100000000)
  eden space 21504K, 100% used [0x00000000eab00000,0x00000000ec000000,0x00000000ec000000)
  from space 3072K, 71% used [0x00000000ec300000,0x00000000ec524170,0x00000000ec600000)
  to   space 3072K, 0% used [0x00000000ec000000,0x00000000ec000000,0x00000000ec300000)
 ParOldGen       total 129536K, used 7925K [0x00000000c0000000, 0x00000000c7e80000, 0x00000000eab00000)
  object space 129536K, 6% used [0x00000000c0000000,0x00000000c07bd4d8,0x00000000c7e80000)
 Metaspace       used 5504K, capacity 6832K, committed 7040K, reserved 1056768K
  class space    used 559K, capacity 616K, committed 640K, reserved 1048576K
Event: 2.231 GC heap after
Heap after GC invocations=13 (full 0):
 PSYoungGen      total 24576K, used 3056K [0x00000000eab00000, 0x00000000ec600000, 0x0000000100000000)
  eden space 21504K, 0% used [0x00000000eab00000,0x00000000eab00000,0x00000000ec000000)
  from space 3072K, 99% used [0x00000000ec000000,0x00000000ec2fc1d0,0x00000000ec300000)
  to   space 3072K, 0% used [0x00000000ec300000,0x00000000ec300000,0x00000000ec600000)
 ParOldGen       total 129536K, used 10429K [0x00000000c0000000, 0x00000000c7e80000, 0x00000000eab00000)
  object space 129536K, 8% used [0x00000000c0000000,0x00000000c0a2f670,0x00000000c7e80000)
 Metaspace       used 5504K, capacity 6832K, committed 7040K, reserved 1056768K
  class space    used 559K, capacity 616K, committed 640K, reserved 1048576K
}

Deoptimization events (10 events):
Event: 1.436 Thread 0x000000000044f000 Uncommon trap: reason=bimorphic action=maybe_recompile pc=0x00000000028319f0 method=java.util.HashMap.getNode(ILjava/lang/Object;)Ljava/util/HashMap$Node; @ 126
Event: 1.436 Thread 0x000000000044f000 Uncommon trap: reason=class_check action=maybe_recompile pc=0x0000000002b2a1e4 method=java.util.HashMap.putVal(ILjava/lang/Object;Ljava/lang/Object;ZZ)Ljava/lang/Object; @ 203
Event: 1.436 Thread 0x000000000044f000 Uncommon trap: reason=bimorphic action=maybe_recompile pc=0x0000000002881c28 method=java.util.HashMap.getNode(ILjava/lang/Object;)Ljava/util/HashMap$Node; @ 126
Event: 2.019 Thread 0x000000000044f000 Uncommon trap: reason=bimorphic action=maybe_recompile pc=0x0000000002b90aa8 method=com.android.dx.cf.code.BytecodeArray.parseInstruction(ILcom/android/dx/cf/code/BytecodeArray$Visitor;)I @ 2484
Event: 2.019 Thread 0x000000000044f000 Uncommon trap: reason=bimorphic action=maybe_recompile pc=0x0000000002b90aa8 method=com.android.dx.cf.code.BytecodeArray.parseInstruction(ILcom/android/dx/cf/code/BytecodeArray$Visitor;)I @ 2484
Event: 2.066 Thread 0x000000000044f000 Uncommon trap: reason=bimorphic action=maybe_recompile pc=0x0000000002b8ea30 method=com.android.dx.cf.code.BytecodeArray.parseInstruction(ILcom/android/dx/cf/code/BytecodeArray$Visitor;)I @ 1224
Event: 2.066 Thread 0x000000000044f000 Uncommon trap: reason=bimorphic action=maybe_recompile pc=0x0000000002b8ea30 method=com.android.dx.cf.code.BytecodeArray.parseInstruction(ILcom/android/dx/cf/code/BytecodeArray$Visitor;)I @ 1224
Event: 2.107 Thread 0x000000000044f000 Uncommon trap: reason=unreached action=reinterpret pc=0x00000000029ca788 method=java.util.HashMap.getNode(ILjava/lang/Object;)Ljava/util/HashMap$Node; @ 84
Event: 2.117 Thread 0x000000000044f000 Uncommon trap: reason=unreached action=reinterpret pc=0x0000000002bca9a8 method=java.util.HashMap.getNode(ILjava/lang/Object;)Ljava/util/HashMap$Node; @ 84
Event: 2.323 Thread 0x000000000044f000 Uncommon trap: reason=bimorphic action=maybe_recompile pc=0x0000000002c01e58 method=com.android.dx.rop.code.RegisterSpec.withSimpleType()Lcom/android/dx/rop/code/RegisterSpec; @ 21

Internal exceptions (7 events):
Event: 0.095 Thread 0x000000000044f000 Exception <a 'java/lang/NoSuchMethodError': Method sun.misc.Unsafe.defineClass(Ljava/lang/String;[BII)Ljava/lang/Class; name or signature does not match> (0x00000000eab0fa88) thrown at [D:\re\workspace\8-2-build-windows-amd64-cygwin\jdk8u5\2488\hotspot\srcy|›õ M∏?
Event: 0.095 Thread 0x000000000044f000 Exception <a 'java/lang/NoSuchMethodError': Method sun.misc.Unsafe.prefetchRead(Ljava/lang/Object;J)V name or signature does not match> (0x00000000eab0fd30) thrown at [D:\re\workspace\8-2-build-windows-amd64-cygwin\jdk8u5\2488\hotspot\src\share\vm\prims\jnÕEÉ”∆ÓÓ?
Event: 0.967 Thread 0x000000000044f000 Implicit null exception at 0x0000000002965fee to 0x00000000029680f1
Event: 1.348 Thread 0x000000000044f000 Implicit null exception at 0x00000000029bdaf3 to 0x00000000029bfe61
Event: 2.101 Thread 0x000000000044f000 Exception <a 'java/lang/ArrayIndexOutOfBoundsException': 18> (0x00000000ebe8bc90) thrown at [D:\re\workspace\8-2-build-windows-amd64-cygwin\jdk8u5\2488\hotspot\src\share\vm\interpreter\interpreterRuntime.cpp, line 337]
Event: 2.102 Thread 0x000000000044f000 Exception <a 'java/lang/ArrayIndexOutOfBoundsException': 145> (0x00000000ebe8d728) thrown at [D:\re\workspace\8-2-build-windows-amd64-cygwin\jdk8u5\2488\hotspot\src\share\vm\interpreter\interpreterRuntime.cpp, line 337]
Event: 2.105 Thread 0x000000000044f000 Exception <a 'java/lang/ArrayIndexOutOfBoundsException'> (0x00000000ebe8e940) thrown at [D:\re\workspace\8-2-build-windows-amd64-cygwin\jdk8u5\2488\hotspot\src\share\vm\runtime\sharedRuntime.cpp, line 595]

Events (10 events):
Event: 2.107 Thread 0x000000000044f000 DEOPT PACKING pc=0x00000000029ca788 sp=0x000000000236db90
Event: 2.107 Thread 0x000000000044f000 DEOPT UNPACKING pc=0x00000000026873ef sp=0x000000000236da50 mode 2
Event: 2.117 Thread 0x000000000044f000 Uncommon trap: trap_request=0xffffffad fr.pc=0x0000000002bca9a8
Event: 2.117 Thread 0x000000000044f000 DEOPT PACKING pc=0x0000000002bca9a8 sp=0x000000000236e370
Event: 2.117 Thread 0x000000000044f000 DEOPT UNPACKING pc=0x00000000026873ef sp=0x000000000236e2e8 mode 2
Event: 2.130 Executing VM operation: ParallelGCFailedAllocation
Event: 2.231 Executing VM operation: ParallelGCFailedAllocation done
Event: 2.323 Thread 0x000000000044f000 Uncommon trap: trap_request=0xffffffc6 fr.pc=0x0000000002c01e58
Event: 2.323 Thread 0x000000000044f000 DEOPT PACKING pc=0x0000000002c01e58 sp=0x000000000236e580
Event: 2.323 Thread 0x000000000044f000 DEOPT UNPACKING pc=0x00000000026873ef sp=0x000000000236e4e8 mode 2


Dynamic libraries:
0x000000013fd10000 - 0x000000013fd44000 	C:\PROGRA~1\Java\JDK18~1.0_0\bin\java.exe
0x0000000076ed0000 - 0x0000000077079000 	C:\Windows\SYSTEM32\ntdll.dll
0x0000000076cb0000 - 0x0000000076dcf000 	C:\Windows\system32\kernel32.dll
0x000007fefcfe0000 - 0x000007fefd04c000 	C:\Windows\system32\KERNELBASE.dll
0x000007feff010000 - 0x000007feff0eb000 	C:\Windows\system32\ADVAPI32.dll
0x000007fefeb00000 - 0x000007fefeb9f000 	C:\Windows\system32\msvcrt.dll
0x000007fefd200000 - 0x000007fefd21f000 	C:\Windows\SYSTEM32\sechost.dll
0x000007fefd400000 - 0x000007fefd52d000 	C:\Windows\system32\RPCRT4.dll
0x0000000076dd0000 - 0x0000000076eca000 	C:\Windows\system32\USER32.dll
0x000007fefd0c0000 - 0x000007fefd127000 	C:\Windows\system32\GDI32.dll
0x000007fefedd0000 - 0x000007fefedde000 	C:\Windows\system32\LPK.dll
0x000007fefd130000 - 0x000007fefd1f9000 	C:\Windows\system32\USP10.dll
0x000007fefb6f0000 - 0x000007fefb8e4000 	C:\Windows\WinSxS\amd64_microsoft.windows.common-controls_6595b64144ccf1df_6.0.7601.17514_none_fa396087175ac9ac\COMCTL32.dll
0x000007fefef90000 - 0x000007feff001000 	C:\Windows\system32\SHLWAPI.dll
0x000007fefede0000 - 0x000007fefee0e000 	C:\Windows\system32\IMM32.DLL
0x000007fefe6a0000 - 0x000007fefe7a9000 	C:\Windows\system32\MSCTF.dll
0x000000006d3a0000 - 0x000000006d472000 	C:\PROGRA~1\Java\JDK18~1.0_0\jre\bin\msvcr100.dll
0x0000000061590000 - 0x0000000061dba000 	C:\PROGRA~1\Java\JDK18~1.0_0\jre\bin\server\jvm.dll
0x000007fef6b10000 - 0x000007fef6b19000 	C:\Windows\system32\WSOCK32.dll
0x000007fefd860000 - 0x000007fefd8ad000 	C:\Windows\system32\WS2_32.dll
0x000007feff1d0000 - 0x000007feff1d8000 	C:\Windows\system32\NSI.dll
0x000007fefa8c0000 - 0x000007fefa8fb000 	C:\Windows\system32\WINMM.dll
0x00000000770a0000 - 0x00000000770a7000 	C:\Windows\system32\PSAPI.DLL
0x0000000070130000 - 0x000000007013f000 	C:\PROGRA~1\Java\JDK18~1.0_0\jre\bin\verify.dll
0x000000006e210000 - 0x000000006e238000 	C:\PROGRA~1\Java\JDK18~1.0_0\jre\bin\java.dll
0x000000006d9b0000 - 0x000000006d9c6000 	C:\PROGRA~1\Java\JDK18~1.0_0\jre\bin\zip.dll
0x000007fefd910000 - 0x000007fefe698000 	C:\Windows\system32\SHELL32.dll
0x000007fefe7b0000 - 0x000007fefe9b3000 	C:\Windows\system32\ole32.dll
0x000007fefcc90000 - 0x000007fefcc9f000 	C:\Windows\system32\profapi.dll
0x000007fefaa00000 - 0x000007fefab25000 	C:\Windows\system32\dbghelp.dll

VM Arguments:
jvm_args: -Xmx1024M -Xss1m -Djava.ext.dirs=C:\Program Files (x86)\Android\android-studio\sdk\build-tools\android-4.4.2\lib 
java_command: C:\Program Files (x86)\Android\android-studio\sdk\build-tools\android-4.4.2\lib\dx.jar --dex --output C:\Users\Siza\Arrythmia Project Newtonmin\ArrythmiaProject\Arrythmia\app\build\pre-dexed\debug\classes-155060e0ae02b3b139bf6535a04ca272e9c6ee87.jar C:\Users\Siza\Arrythmia Project Newtonmin\ArrythmiaProject\Arrythmia\app\build\exploded-aar\com.android.support\appcompat-v7\19.1.0\classes.jar
java_class_path (initial): C:\Program Files (x86)\Android\android-studio\sdk\build-tools\android-4.4.2\lib\dx.jar
Launcher Type: SUN_STANDARD

Environment Variables:
JAVA_HOME=C:\Program Files\Java\jdk1.8.0_05
PATH=C:\Program Files (x86)\NVIDIA Corporation\PhysX\Common;C:\Program Files\Common Files\Microsoft Shared\Windows Live;C:\Program Files (x86)\Common Files\Microsoft Shared\Windows Live;C:\Program Files (x86)\Microchip\MPLABC18\v3.45\mpasm;C:\Program Files (x86)\Microchip\MPLABC18\v3.45\bin;C:\Program Files (x86)\Microchip\MPLABC18\v3.41\mpasm;C:\Program Files (x86)\Microchip\MPLABC18\v3.41\bin;C:\Program Files (x86)\Microchip\mplabc32\v2.02\bin;C:\Program Files (x86)\Microchip\MPLAB C30\bin;C:\Program Files (x86)\Microchip\xc32\v1.20\bin;C:\Program Files (x86)\Microchip\xc16\v1.11\bin;C:\Program Files (x86)\Microchip\xc8\v1.12\bin;C:\Windows\system32;C:\Windows;C:\Windows\System32\Wbem;C:\Windows\System32\WindowsPowerShell\v1.0\;C:\Program Files\Microsoft\Web Platform Installer\;C:\Program Files (x86)\Microsoft ASP.NET\ASP.NET Web Pages\v1.0\;C:\Program Files (x86)\Windows Kits\8.0\Windows Performance Toolkit\;C:\Program Files\Microsoft SQL Server\110\Tools\Binn\;C:\Program Files\IVI Foundation\VISA\Win64\Bin\;C:\Program Files (x86)\IVI Foundation\VISA\WinNT\Bin\;C:\Program Files (x86)\IVI Foundation\VISA\WinNT\Bin;C:\Program Files (x86)\Microsoft SQL Server\100\Tools\Binn\;C:\Program Files\Microsoft SQL Server\100\Tools\Binn\;C:\Program Files\Microsoft SQL Server\100\DTS\Binn\;C:\Program Files\MATLAB\R2011b\runtime\win64;C:\Program Files\MATLAB\R2011b\bin;C:\Program Files\MATLAB\R2010b\runtime\win64;C:\Program Files\MATLAB\R2010b\bin;C:\Program Files (x86)\Microchip\MPLAB C32 Suite\bin;C:\Program Files\Java\jdk1.7.0_17\bin;C:\Program Files (x86)\HI-TECH Software\PICC\9.83\bin;C:\Program Files (x86)\Windows Live\Shared;C:\Program Files (x86)\QuickTime\QTSystem\;
USERNAME=Siza
OS=Windows_NT
PROCESSOR_IDENTIFIER=AMD64 Family 16 Model 10 Stepping 0, AuthenticAMD



---------------  S Y S T E M  ---------------

OS: Windows 7 , 64 bit Build 7601 Service Pack 1

CPU:total 6 (6 cores per cpu, 1 threads per core) family 16 model 10 stepping 0, cmov, cx8, fxsr, mmx, sse, sse2, sse3, popcnt, mmxext, 3dnowpref, lzcnt, sse4a, tsc, tscinvbit

Memory: 4k page, physical 8387816k(1242668k free), swap 8385952k(5108k free)

vm_info: Java HotSpot(TM) 64-Bit Server VM (25.5-b02) for windows-amd64 JRE (1.8.0_05-b13), built on Mar 18 2014 01:08:39 by "java_re" with MS VC++ 10.0 (VS2010)

time: Sat Jun 07 22:23:17 2014
elapsed time: 2 seconds

