#
# There is insufficient memory for the Java Runtime Environment to continue.
# Native memory allocation (malloc) failed to allocate 52816 bytes for Chunk::new
# Possible reasons:
#   The system is out of physical RAM or swap space
#   In 32 bit mode, the process size limit was hit
# Possible solutions:
#   Reduce memory load on the system
#   Increase physical memory or swap space
#   Check if swap backing store is full
#   Use 64 bit Java on a 64 bit OS
#   Decrease Java heap size (-Xmx/-Xms)
#   Decrease number of Java threads
#   Decrease Java thread stack sizes (-Xss)
#   Set larger code cache with -XX:ReservedCodeCacheSize=
# This output file may be truncated or incomplete.
#
#  Out of Memory Error (allocation.cpp:328), pid=8056, tid=16160
#
# JRE version: 7.0_17-b02
# Java VM: Java HotSpot(TM) 64-Bit Server VM (23.7-b01 mixed mode windows-amd64 compressed oops)
# Failed to write core dump. Minidumps are not enabled by default on client versions of Windows
#

---------------  T H R E A D  ---------------

Current thread (0x0000000009288000):  JavaThread "C2 CompilerThread0" daemon [_thread_in_native, id=16160, stack(0x000000000ad90000,0x000000000ae90000)]

Stack: [0x000000000ad90000,0x000000000ae90000]

Current CompileTask:
C2:   3141   55             com.android.dx.ssa.SsaMethod::deleteInsns (239 bytes)


---------------  P R O C E S S  ---------------

Java Threads: ( => current thread )
  0x000000000928e800 JavaThread "Service Thread" daemon [_thread_blocked, id=3512, stack(0x000000000aee0000,0x000000000afe0000)]
  0x000000000928d000 JavaThread "C2 CompilerThread1" daemon [_thread_blocked, id=12920, stack(0x000000000b010000,0x000000000b110000)]
=>0x0000000009288000 JavaThread "C2 CompilerThread0" daemon [_thread_in_native, id=16160, stack(0x000000000ad90000,0x000000000ae90000)]
  0x0000000009283000 JavaThread "Attach Listener" daemon [_thread_blocked, id=9084, stack(0x000000000ab90000,0x000000000ac90000)]
  0x0000000009282000 JavaThread "Signal Dispatcher" daemon [_thread_blocked, id=12304, stack(0x000000000aa70000,0x000000000ab70000)]
  0x00000000091f9800 JavaThread "Finalizer" daemon [_thread_blocked, id=5844, stack(0x000000000a620000,0x000000000a720000)]
  0x00000000091ee000 JavaThread "Reference Handler" daemon [_thread_blocked, id=16252, stack(0x000000000a890000,0x000000000a990000)]
  0x000000000040d800 JavaThread "main" [_thread_in_Java, id=9224, stack(0x0000000002510000,0x0000000002610000)]

Other Threads:
  0x00000000091e9800 VMThread [stack: 0x000000000a720000,0x000000000a820000] [id=9340]
  0x000000000928f800 WatcherThread [stack: 0x000000000b510000,0x000000000b610000] [id=15180]

VM state:not at safepoint (normal execution)

VM Mutex/Monitor currently owned by a thread: None

Heap
 PSYoungGen      total 38208K, used 9883K [0x00000000eaab0000, 0x00000000ed550000, 0x0000000100000000)
  eden space 32768K, 30% used [0x00000000eaab0000,0x00000000eb456e98,0x00000000ecab0000)
  from space 5440K, 0% used [0x00000000ed000000,0x00000000ed000000,0x00000000ed550000)
  to   space 5440K, 0% used [0x00000000ecab0000,0x00000000ecab0000,0x00000000ed000000)
 ParOldGen       total 87424K, used 0K [0x00000000c0000000, 0x00000000c5560000, 0x00000000eaab0000)
  object space 87424K, 0% used [0x00000000c0000000,0x00000000c0000000,0x00000000c5560000)
 PSPermGen       total 21248K, used 5223K [0x00000000bae00000, 0x00000000bc2c0000, 0x00000000c0000000)
  object space 21248K, 24% used [0x00000000bae00000,0x00000000bb319d98,0x00000000bc2c0000)

Card table byte_map: [0x0000000005610000,0x0000000005840000] byte_map_base: 0x0000000005039000

Polling page: 0x0000000000230000

Code Cache  [0x0000000002610000, 0x0000000002880000, 0x0000000005610000)
 total_blobs=285 nmethods=54 adapters=182 free_code_cache=48683Kb largest_free_block=49833216

Compilation events (10 events):
Event: 3.113 Thread 0x0000000009288000 nmethod 50 0x0000000002683810 code [0x0000000002683940, 0x00000000026839f8]
Event: 3.113 Thread 0x000000000928d000   51             com.android.dx.rop.cst.CstString::utf8BytesToString (391 bytes)
Event: 3.120 Thread 0x000000000928d000 nmethod 51 0x00000000026856d0 code [0x00000000026858c0, 0x0000000002685e68]
Event: 3.122 Thread 0x0000000009288000   52             com.android.dx.util.MutabilityControl::<init> (10 bytes)
Event: 3.122 Thread 0x000000000928d000   53             com.android.dx.util.IntList::add (65 bytes)
Event: 3.122 Thread 0x0000000009288000 nmethod 52 0x0000000002686890 code [0x00000000026869c0, 0x0000000002686a18]
Event: 3.122 Thread 0x0000000009288000   54             com.android.dx.util.IntList::growIfNeeded (46 bytes)
Event: 3.124 Thread 0x0000000009288000 nmethod 54 0x0000000002685250 code [0x00000000026853a0, 0x00000000026855d8]
Event: 3.125 Thread 0x000000000928d000 nmethod 53 0x0000000002687a90 code [0x0000000002687be0, 0x0000000002687ef8]
Event: 3.130 Thread 0x0000000009288000   55             com.android.dx.ssa.SsaMethod::deleteInsns (239 bytes)

GC Heap History (0 events):
No events

Deoptimization events (0 events):
No events

Internal exceptions (1 events):
Event: 0.048 Thread 0x000000000040d800 Threw 0x00000000eaab61a8 at C:\jdk7u2_64p\jdk7u17\hotspot\src\share\vm\prims\jni.cpp:3994

Events (10 events):
Event: 3.053 loading class 0x000000000b342070
Event: 3.053 loading class 0x000000000b342070 done
Event: 3.103 loading class 0x0000000009221140
Event: 3.103 loading class 0x0000000009221140 done
Event: 3.114 loading class 0x000000000b14da40
Event: 3.114 loading class 0x000000000b14da40 done
Event: 3.115 loading class 0x000000000b14db40
Event: 3.115 loading class 0x000000000b14db40 done
Event: 3.136 loading class 0x000000000b34a140
Event: 3.136 loading class 0x000000000b34a140 done


Dynamic libraries:
0x000000013f810000 - 0x000000013f843000 	C:\PROGRA~1\Java\JDK17~1.0_1\bin\java.exe
0x0000000076ed0000 - 0x0000000077079000 	C:\Windows\SYSTEM32\ntdll.dll
0x0000000076cb0000 - 0x0000000076dcf000 	C:\Windows\system32\kernel32.dll
0x000007fefcfe0000 - 0x000007fefd04c000 	C:\Windows\system32\KERNELBASE.dll
0x000007feff010000 - 0x000007feff0eb000 	C:\Windows\system32\ADVAPI32.dll
0x000007fefeb00000 - 0x000007fefeb9f000 	C:\Windows\system32\msvcrt.dll
0x000007fefd200000 - 0x000007fefd21f000 	C:\Windows\SYSTEM32\sechost.dll
0x000007fefd400000 - 0x000007fefd52d000 	C:\Windows\system32\RPCRT4.dll
0x0000000076dd0000 - 0x0000000076eca000 	C:\Windows\system32\USER32.dll
0x000007fefd0c0000 - 0x000007fefd127000 	C:\Windows\system32\GDI32.dll
0x000007fefedd0000 - 0x000007fefedde000 	C:\Windows\system32\LPK.dll
0x000007fefd130000 - 0x000007fefd1f9000 	C:\Windows\system32\USP10.dll
0x000007fefb6f0000 - 0x000007fefb8e4000 	C:\Windows\WinSxS\amd64_microsoft.windows.common-controls_6595b64144ccf1df_6.0.7601.17514_none_fa396087175ac9ac\COMCTL32.dll
0x000007fefef90000 - 0x000007feff001000 	C:\Windows\system32\SHLWAPI.dll
0x000007fefede0000 - 0x000007fefee0e000 	C:\Windows\system32\IMM32.DLL
0x000007fefe6a0000 - 0x000007fefe7a9000 	C:\Windows\system32\MSCTF.dll
0x0000000057820000 - 0x00000000578f1000 	C:\PROGRA~1\Java\JDK17~1.0_1\jre\bin\msvcr100.dll
0x00000000580a0000 - 0x00000000587bf000 	C:\PROGRA~1\Java\JDK17~1.0_1\jre\bin\server\jvm.dll
0x000007fef6b10000 - 0x000007fef6b19000 	C:\Windows\system32\WSOCK32.dll
0x000007fefd860000 - 0x000007fefd8ad000 	C:\Windows\system32\WS2_32.dll
0x000007feff1d0000 - 0x000007feff1d8000 	C:\Windows\system32\NSI.dll
0x000007fefa8c0000 - 0x000007fefa8fb000 	C:\Windows\system32\WINMM.dll
0x00000000770a0000 - 0x00000000770a7000 	C:\Windows\system32\PSAPI.DLL
0x0000000062830000 - 0x000000006283f000 	C:\PROGRA~1\Java\JDK17~1.0_1\jre\bin\verify.dll
0x0000000060c70000 - 0x0000000060c98000 	C:\PROGRA~1\Java\JDK17~1.0_1\jre\bin\java.dll
0x0000000060c50000 - 0x0000000060c65000 	C:\PROGRA~1\Java\JDK17~1.0_1\jre\bin\zip.dll
0x0000000060ae0000 - 0x0000000060af9000 	C:\Program Files\Java\jdk1.7.0_17\jre\bin\net.dll
0x000007fefc430000 - 0x000007fefc485000 	C:\Windows\system32\mswsock.dll
0x000007fefc6f0000 - 0x000007fefc6f7000 	C:\Windows\System32\wship6.dll
0x0000000060570000 - 0x0000000060581000 	C:\Program Files\Java\jdk1.7.0_17\jre\bin\nio.dll

VM Arguments:
jvm_args: -Xmx1024M -Xss1m -Djava.ext.dirs=C:\Program Files (x86)\Android\android-studio\sdk\build-tools\android-4.4.2\lib 
java_command: C:\Program Files (x86)\Android\android-studio\sdk\build-tools\android-4.4.2\lib\dx.jar --dex --output C:\Users\Siza\Arrythmia Project Newtonmin\ArrythmiaProject\Arrythmia\app\build\pre-dexed\debug\classes-155060e0ae02b3b139bf6535a04ca272e9c6ee87.jar C:\Users\Siza\Arrythmia Project Newtonmin\ArrythmiaProject\Arrythmia\app\build\exploded-aar\com.android.support\appcompat-v7\19.1.0\classes.jar
Launcher Type: SUN_STANDARD

Environment Variables:
JAVA_HOME=C:\Program Files\Java\jdk1.8.0_05
PATH=C:\Program Files (x86)\NVIDIA Corporation\PhysX\Common;C:\Program Files\Common Files\Microsoft Shared\Windows Live;C:\Program Files (x86)\Common Files\Microsoft Shared\Windows Live;C:\Program Files (x86)\Microchip\MPLABC18\v3.45\mpasm;C:\Program Files (x86)\Microchip\MPLABC18\v3.45\bin;C:\Program Files (x86)\Microchip\MPLABC18\v3.41\mpasm;C:\Program Files (x86)\Microchip\MPLABC18\v3.41\bin;C:\Program Files (x86)\Microchip\mplabc32\v2.02\bin;C:\Program Files (x86)\Microchip\MPLAB C30\bin;C:\Program Files (x86)\Microchip\xc32\v1.20\bin;C:\Program Files (x86)\Microchip\xc16\v1.11\bin;C:\Program Files (x86)\Microchip\xc8\v1.12\bin;C:\Windows\system32;C:\Windows;C:\Windows\System32\Wbem;C:\Windows\System32\WindowsPowerShell\v1.0\;C:\Program Files\Microsoft\Web Platform Installer\;C:\Program Files (x86)\Microsoft ASP.NET\ASP.NET Web Pages\v1.0\;C:\Program Files (x86)\Windows Kits\8.0\Windows Performance Toolkit\;C:\Program Files\Microsoft SQL Server\110\Tools\Binn\;C:\Program Files\IVI Foundation\VISA\Win64\Bin\;C:\Program Files (x86)\IVI Foundation\VISA\WinNT\Bin\;C:\Program Files (x86)\IVI Foundation\VISA\WinNT\Bin;C:\Program Files (x86)\Microsoft SQL Server\100\Tools\Binn\;C:\Program Files\Microsoft SQL Server\100\Tools\Binn\;C:\Program Files\Microsoft SQL Server\100\DTS\Binn\;C:\Program Files\MATLAB\R2011b\runtime\win64;C:\Program Files\MATLAB\R2011b\bin;C:\Program Files\MATLAB\R2010b\runtime\win64;C:\Program Files\MATLAB\R2010b\bin;C:\Program Files (x86)\Microchip\MPLAB C32 Suite\bin;C:\Program Files\Java\jdk1.7.0_17\bin;C:\Program Files (x86)\HI-TECH Software\PICC\9.83\bin;C:\Program Files (x86)\Windows Live\Shared;C:\Program Files (x86)\QuickTime\QTSystem\;
USERNAME=Siza
OS=Windows_NT
PROCESSOR_IDENTIFIER=AMD64 Family 16 Model 10 Stepping 0, AuthenticAMD



---------------  S Y S T E M  ---------------

OS: Windows 7 , 64 bit Build 7601 Service Pack 1

CPU:total 6 (6 cores per cpu, 1 threads per core) family 16 model 10 stepping 0, cmov, cx8, fxsr, mmx, sse, sse2, sse3, popcnt, mmxext, 3dnowpref, lzcnt, sse4a, tsc, tscinvbit, tscinv

Memory: 4k page, physical 8387816k(1502136k free), swap 8385952k(5096k free)

vm_info: Java HotSpot(TM) 64-Bit Server VM (23.7-b01) for windows-amd64 JRE (1.7.0_17-b02), built on Mar  1 2013 03:38:30 by "java_re" with unknown MS VC++:1600

time: Sat Jun 07 19:02:44 2014
elapsed time: 3 seconds

