#
# There is insufficient memory for the Java Runtime Environment to continue.
# Native memory allocation (malloc) failed to allocate 1419696 bytes for Chunk::new
# Possible reasons:
#   The system is out of physical RAM or swap space
#   In 32 bit mode, the process size limit was hit
# Possible solutions:
#   Reduce memory load on the system
#   Increase physical memory or swap space
#   Check if swap backing store is full
#   Use 64 bit Java on a 64 bit OS
#   Decrease Java heap size (-Xmx/-Xms)
#   Decrease number of Java threads
#   Decrease Java thread stack sizes (-Xss)
#   Set larger code cache with -XX:ReservedCodeCacheSize=
# This output file may be truncated or incomplete.
#
#  Out of Memory Error (allocation.cpp:328), pid=8756, tid=1668
#
# JRE version: 7.0_17-b02
# Java VM: Java HotSpot(TM) 64-Bit Server VM (23.7-b01 mixed mode windows-amd64 compressed oops)
# Failed to write core dump. Minidumps are not enabled by default on client versions of Windows
#

---------------  T H R E A D  ---------------

Current thread (0x0000000009767800):  JavaThread "C2 CompilerThread0" daemon [_thread_in_native, id=1668, stack(0x000000000b2a0000,0x000000000b3a0000)]

Stack: [0x000000000b2a0000,0x000000000b3a0000]

Current CompileTask:
C2:  41371  812   !         org.gradle.api.internal.AbstractClassGenerator::generateUnderLock (1142 bytes)


---------------  P R O C E S S  ---------------

Java Threads: ( => current thread )
  0x000000000c1f1800 JavaThread "Stdin handler" [_thread_blocked, id=11220, stack(0x0000000010470000,0x0000000010570000)]
  0x000000000c85e800 JavaThread "Handler for socket connection at /127.0.0.1:12360 with /127.0.0.1:12372" [_thread_in_native, id=3820, stack(0x0000000011730000,0x0000000011830000)]
  0x000000000cb69800 JavaThread "File lock request listener" [_thread_in_native, id=772, stack(0x000000000e0e0000,0x000000000e1e0000)]
  0x000000000c200000 JavaThread "Daemon" [_thread_in_native, id=4840, stack(0x000000000df50000,0x000000000e050000)]
  0x000000000c468000 JavaThread "Incoming local TCP Connector on port 12360" [_thread_in_native, id=5180, stack(0x000000000db30000,0x000000000dc30000)]
  0x000000000976d000 JavaThread "Service Thread" daemon [_thread_blocked, id=7716, stack(0x000000000b690000,0x000000000b790000)]
  0x000000000976c800 JavaThread "C2 CompilerThread1" daemon [_thread_blocked, id=9148, stack(0x000000000b550000,0x000000000b650000)]
=>0x0000000009767800 JavaThread "C2 CompilerThread0" daemon [_thread_in_native, id=1668, stack(0x000000000b2a0000,0x000000000b3a0000)]
  0x0000000009766800 JavaThread "Attach Listener" daemon [_thread_blocked, id=2656, stack(0x000000000ae20000,0x000000000af20000)]
  0x0000000009766000 JavaThread "Signal Dispatcher" daemon [_thread_blocked, id=11076, stack(0x000000000b080000,0x000000000b180000)]
  0x00000000096dd000 JavaThread "Finalizer" daemon [_thread_blocked, id=4136, stack(0x000000000af20000,0x000000000b020000)]
  0x00000000096d1800 JavaThread "Reference Handler" daemon [_thread_blocked, id=3196, stack(0x000000000ac00000,0x000000000ad00000)]
  0x00000000021bd800 JavaThread "main" [_thread_blocked, id=7384, stack(0x0000000002510000,0x0000000002610000)]

Other Threads:
  0x00000000096cd000 VMThread [stack: 0x000000000ad20000,0x000000000ae20000] [id=5732]
  0x000000000b7a8800 WatcherThread [stack: 0x000000000bc60000,0x000000000bd60000] [id=9580]

VM state:not at safepoint (normal execution)

VM Mutex/Monitor currently owned by a thread: None

Heap
 PSYoungGen      total 280192K, used 88906K [0x00000000eaab0000, 0x00000000fd830000, 0x0000000100000000)
  eden space 256256K, 34% used [0x00000000eaab0000,0x00000000f0182918,0x00000000fa4f0000)
  from space 23936K, 0% used [0x00000000fa4f0000,0x00000000fa4f0000,0x00000000fbc50000)
  to   space 24192K, 0% used [0x00000000fc090000,0x00000000fc090000,0x00000000fd830000)
 ParOldGen       total 87424K, used 37325K [0x00000000c0000000, 0x00000000c5560000, 0x00000000eaab0000)
  object space 87424K, 42% used [0x00000000c0000000,0x00000000c24735c0,0x00000000c5560000)
 PSPermGen       total 74944K, used 39964K [0x00000000b0000000, 0x00000000b4930000, 0x00000000c0000000)
  object space 74944K, 53% used [0x00000000b0000000,0x00000000b2707018,0x00000000b4930000)

Card table byte_map: [0x0000000005610000,0x00000000058a0000] byte_map_base: 0x0000000005090000

Polling page: 0x0000000000230000

Code Cache  [0x0000000002610000, 0x00000000029d0000, 0x0000000005610000)
 total_blobs=1384 nmethods=783 adapters=552 free_code_cache=45398Kb largest_free_block=46437056

Compilation events (10 events):
Event: 41.252 Thread 0x000000000976c800  813             org.codehaus.groovy.runtime.metaclass.MetaMethodIndex::getMethods (91 bytes)
Event: 41.257 Thread 0x000000000976c800 nmethod 813 0x00000000029b4ed0 code [0x00000000029b5020, 0x00000000029b5328]
Event: 41.275 Thread 0x000000000976c800  814             java.util.ComparableTimSort::mergeLo (652 bytes)
Event: 41.307 Thread 0x000000000976c800 nmethod 814 0x00000000029c40d0 code [0x00000000029c42c0, 0x00000000029c5c58]
Event: 41.307 Thread 0x000000000976c800  815             java.lang.String::subSequence (7 bytes)
Event: 41.310 Thread 0x000000000976c800 nmethod 815 0x00000000029b4750 code [0x00000000029b48a0, 0x00000000029b4bb8]
Event: 41.323 Thread 0x000000000976c800  816             groovy.lang.MetaClassImpl::inheritStaticInterfaceFields (119 bytes)
Event: 41.335 Thread 0x000000000976c800 nmethod 816 0x00000000029b7610 code [0x00000000029b77e0, 0x00000000029b7f90]
Event: 41.335 Thread 0x000000000976c800  817             com.google.common.collect.MapMakerInternalMap$2::poll (2 bytes)
Event: 41.335 Thread 0x000000000976c800 nmethod 817 0x00000000029b7350 code [0x00000000029b7480, 0x00000000029b74d8]

GC Heap History (10 events):
Event: 5.332 GC heap before
{Heap before GC invocations=6 (full 0):
 PSYoungGen      total 70976K, used 70960K [0x00000000eaab0000, 0x00000000f44d0000, 0x0000000100000000)
  eden space 65536K, 100% used [0x00000000eaab0000,0x00000000eeab0000,0x00000000eeab0000)
  from space 5440K, 99% used [0x00000000eeab0000,0x00000000eeffc010,0x00000000ef000000)
  to   space 13376K, 0% used [0x00000000f37c0000,0x00000000f37c0000,0x00000000f44d0000)
 ParOldGen       total 87424K, used 16528K [0x00000000c0000000, 0x00000000c5560000, 0x00000000eaab0000)
  object space 87424K, 18% used [0x00000000c0000000,0x00000000c10241f8,0x00000000c5560000)
 PSPermGen       total 26624K, used 26486K [0x00000000b0000000, 0x00000000b1a00000, 0x00000000c0000000)
  object space 26624K, 99% used [0x00000000b0000000,0x00000000b19dd8b0,0x00000000b1a00000)
Event: 5.362 GC heap after
Heap after GC invocations=6 (full 0):
 PSYoungGen      total 143552K, used 11631K [0x00000000eaab0000, 0x00000000f4690000, 0x0000000100000000)
  eden space 130176K, 0% used [0x00000000eaab0000,0x00000000eaab0000,0x00000000f29d0000)
  from space 13376K, 86% used [0x00000000f37c0000,0x00000000f431bea0,0x00000000f44d0000)
  to   space 14272K, 0% used [0x00000000f29d0000,0x00000000f29d0000,0x00000000f37c0000)
 ParOldGen       total 87424K, used 16536K [0x00000000c0000000, 0x00000000c5560000, 0x00000000eaab0000)
  object space 87424K, 18% used [0x00000000c0000000,0x00000000c10261f8,0x00000000c5560000)
 PSPermGen       total 26624K, used 26486K [0x00000000b0000000, 0x00000000b1a00000, 0x00000000c0000000)
  object space 26624K, 99% used [0x00000000b0000000,0x00000000b19dd8b0,0x00000000b1a00000)
}
Event: 6.698 GC heap before
{Heap before GC invocations=7 (full 0):
 PSYoungGen      total 143552K, used 141807K [0x00000000eaab0000, 0x00000000f4690000, 0x0000000100000000)
  eden space 130176K, 100% used [0x00000000eaab0000,0x00000000f29d0000,0x00000000f29d0000)
  from space 13376K, 86% used [0x00000000f37c0000,0x00000000f431bea0,0x00000000f44d0000)
  to   space 14272K, 0% used [0x00000000f29d0000,0x00000000f29d0000,0x00000000f37c0000)
 ParOldGen       total 87424K, used 16536K [0x00000000c0000000, 0x00000000c5560000, 0x00000000eaab0000)
  object space 87424K, 18% used [0x00000000c0000000,0x00000000c10261f8,0x00000000c5560000)
 PSPermGen       total 30464K, used 30277K [0x00000000b0000000, 0x00000000b1dc0000, 0x00000000c0000000)
  object space 30464K, 99% used [0x00000000b0000000,0x00000000b1d91750,0x00000000b1dc0000)
Event: 6.723 GC heap after
Heap after GC invocations=7 (full 0):
 PSYoungGen      total 144448K, used 14256K [0x00000000eaab0000, 0x00000000fcfb0000, 0x0000000100000000)
  eden space 130176K, 0% used [0x00000000eaab0000,0x00000000eaab0000,0x00000000f29d0000)
  from space 14272K, 99% used [0x00000000f29d0000,0x00000000f37bc010,0x00000000f37c0000)
  to   space 19840K, 0% used [0x00000000fbc50000,0x00000000fbc50000,0x00000000fcfb0000)
 ParOldGen       total 87424K, used 23984K [0x00000000c0000000, 0x00000000c5560000, 0x00000000eaab0000)
  object space 87424K, 27% used [0x00000000c0000000,0x00000000c176c158,0x00000000c5560000)
 PSPermGen       total 30464K, used 30277K [0x00000000b0000000, 0x00000000b1dc0000, 0x00000000c0000000)
  object space 30464K, 99% used [0x00000000b0000000,0x00000000b1d91750,0x00000000b1dc0000)
}
Event: 10.707 GC heap before
{Heap before GC invocations=8 (full 0):
 PSYoungGen      total 144448K, used 144432K [0x00000000eaab0000, 0x00000000fcfb0000, 0x0000000100000000)
  eden space 130176K, 100% used [0x00000000eaab0000,0x00000000f29d0000,0x00000000f29d0000)
  from space 14272K, 99% used [0x00000000f29d0000,0x00000000f37bc010,0x00000000f37c0000)
  to   space 19840K, 0% used [0x00000000fbc50000,0x00000000fbc50000,0x00000000fcfb0000)
 ParOldGen       total 87424K, used 23984K [0x00000000c0000000, 0x00000000c5560000, 0x00000000eaab0000)
  object space 87424K, 27% used [0x00000000c0000000,0x00000000c176c158,0x00000000c5560000)
 PSPermGen       total 35264K, used 35128K [0x00000000b0000000, 0x00000000b2270000, 0x00000000c0000000)
  object space 35264K, 99% used [0x00000000b0000000,0x00000000b224e2f0,0x00000000b2270000)
Event: 10.729 GC heap after
Heap after GC invocations=8 (full 0):
 PSYoungGen      total 276096K, used 19820K [0x00000000eaab0000, 0x00000000fd7b0000, 0x0000000100000000)
  eden space 256256K, 0% used [0x00000000eaab0000,0x00000000eaab0000,0x00000000fa4f0000)
  from space 19840K, 99% used [0x00000000fbc50000,0x00000000fcfab088,0x00000000fcfb0000)
  to   space 23936K, 0% used [0x00000000fa4f0000,0x00000000fa4f0000,0x00000000fbc50000)
 ParOldGen       total 87424K, used 26948K [0x00000000c0000000, 0x00000000c5560000, 0x00000000eaab0000)
  object space 87424K, 30% used [0x00000000c0000000,0x00000000c1a51000,0x00000000c5560000)
 PSPermGen       total 35264K, used 35128K [0x00000000b0000000, 0x00000000b2270000, 0x00000000c0000000)
  object space 35264K, 99% used [0x00000000b0000000,0x00000000b224e2f0,0x00000000b2270000)
}
Event: 11.473 GC heap before
{Heap before GC invocations=9 (full 0):
 PSYoungGen      total 276096K, used 52507K [0x00000000eaab0000, 0x00000000fd7b0000, 0x0000000100000000)
  eden space 256256K, 12% used [0x00000000eaab0000,0x00000000eca9bce8,0x00000000fa4f0000)
  from space 19840K, 99% used [0x00000000fbc50000,0x00000000fcfab088,0x00000000fcfb0000)
  to   space 23936K, 0% used [0x00000000fa4f0000,0x00000000fa4f0000,0x00000000fbc50000)
 ParOldGen       total 87424K, used 26948K [0x00000000c0000000, 0x00000000c5560000, 0x00000000eaab0000)
  object space 87424K, 30% used [0x00000000c0000000,0x00000000c1a51000,0x00000000c5560000)
 PSPermGen       total 37568K, used 37473K [0x00000000b0000000, 0x00000000b24b0000, 0x00000000c0000000)
  object space 37568K, 99% used [0x00000000b0000000,0x00000000b2498690,0x00000000b24b0000)
Event: 11.522 GC heap after
Heap after GC invocations=9 (full 0):
 PSYoungGen      total 280192K, used 16048K [0x00000000eaab0000, 0x00000000fd830000, 0x0000000100000000)
  eden space 256256K, 0% used [0x00000000eaab0000,0x00000000eaab0000,0x00000000fa4f0000)
  from space 23936K, 67% used [0x00000000fa4f0000,0x00000000fb49c070,0x00000000fbc50000)
  to   space 24192K, 0% used [0x00000000fc090000,0x00000000fc090000,0x00000000fd830000)
 ParOldGen       total 87424K, used 32160K [0x00000000c0000000, 0x00000000c5560000, 0x00000000eaab0000)
  object space 87424K, 36% used [0x00000000c0000000,0x00000000c1f68040,0x00000000c5560000)
 PSPermGen       total 37568K, used 37473K [0x00000000b0000000, 0x00000000b24b0000, 0x00000000c0000000)
  object space 37568K, 99% used [0x00000000b0000000,0x00000000b2498690,0x00000000b24b0000)
}
Event: 11.522 GC heap before
{Heap before GC invocations=10 (full 1):
 PSYoungGen      total 280192K, used 16048K [0x00000000eaab0000, 0x00000000fd830000, 0x0000000100000000)
  eden space 256256K, 0% used [0x00000000eaab0000,0x00000000eaab0000,0x00000000fa4f0000)
  from space 23936K, 67% used [0x00000000fa4f0000,0x00000000fb49c070,0x00000000fbc50000)
  to   space 24192K, 0% used [0x00000000fc090000,0x00000000fc090000,0x00000000fd830000)
 ParOldGen       total 87424K, used 32160K [0x00000000c0000000, 0x00000000c5560000, 0x00000000eaab0000)
  object space 87424K, 36% used [0x00000000c0000000,0x00000000c1f68040,0x00000000c5560000)
 PSPermGen       total 37568K, used 37473K [0x00000000b0000000, 0x00000000b24b0000, 0x00000000c0000000)
  object space 37568K, 99% used [0x00000000b0000000,0x00000000b2498690,0x00000000b24b0000)
Event: 11.954 GC heap after
Heap after GC invocations=10 (full 1):
 PSYoungGen      total 280192K, used 0K [0x00000000eaab0000, 0x00000000fd830000, 0x0000000100000000)
  eden space 256256K, 0% used [0x00000000eaab0000,0x00000000eaab0000,0x00000000fa4f0000)
  from space 23936K, 0% used [0x00000000fa4f0000,0x00000000fa4f0000,0x00000000fbc50000)
  to   space 24192K, 0% used [0x00000000fc090000,0x00000000fc090000,0x00000000fd830000)
 ParOldGen       total 87424K, used 37325K [0x00000000c0000000, 0x00000000c5560000, 0x00000000eaab0000)
  object space 87424K, 42% used [0x00000000c0000000,0x00000000c24735c0,0x00000000c5560000)
 PSPermGen       total 74944K, used 37450K [0x00000000b0000000, 0x00000000b4930000, 0x00000000c0000000)
  object space 74944K, 49% used [0x00000000b0000000,0x00000000b2492b68,0x00000000b4930000)
}

Deoptimization events (10 events):
Event: 41.033 Thread 0x000000000c200000 Uncommon trap -42 fr.pc 0x0000000002857630
Event: 41.052 Thread 0x000000000c200000 Uncommon trap -42 fr.pc 0x00000000028f862c
Event: 41.076 Thread 0x000000000c200000 Uncommon trap -122 fr.pc 0x00000000029b1cec
Event: 41.105 Thread 0x000000000c200000 Uncommon trap -122 fr.pc 0x000000000284df4c
Event: 41.167 Thread 0x000000000c200000 Uncommon trap -42 fr.pc 0x00000000029b9fc4
Event: 41.167 Thread 0x000000000c200000 Uncommon trap -42 fr.pc 0x00000000029bca48
Event: 41.167 Thread 0x000000000c200000 Uncommon trap -42 fr.pc 0x00000000029b9fc4
Event: 41.218 Thread 0x000000000c200000 Uncommon trap -42 fr.pc 0x00000000029bf874
Event: 41.225 Thread 0x000000000c200000 Uncommon trap -42 fr.pc 0x00000000029bf874
Event: 41.342 Thread 0x000000000c200000 Uncommon trap -34 fr.pc 0x00000000028767d4

Internal exceptions (10 events):
Event: 41.339 Thread 0x000000000c200000 Threw 0x00000000efcfbf40 at C:\jdk7u2_64p\jdk7u17\hotspot\src\share\vm\prims\jvm.cpp:1166
Event: 41.339 Thread 0x000000000c200000 Threw 0x00000000efd03f60 at C:\jdk7u2_64p\jdk7u17\hotspot\src\share\vm\prims\jvm.cpp:1166
Event: 41.339 Thread 0x000000000c200000 Threw 0x00000000efd0e6a8 at C:\jdk7u2_64p\jdk7u17\hotspot\src\share\vm\prims\jvm.cpp:1166
Event: 41.339 Thread 0x000000000c200000 Threw 0x00000000efd17628 at C:\jdk7u2_64p\jdk7u17\hotspot\src\share\vm\prims\jvm.cpp:1166
Event: 41.339 Thread 0x000000000c200000 Threw 0x00000000efd18670 at C:\jdk7u2_64p\jdk7u17\hotspot\src\share\vm\prims\jvm.cpp:1166
Event: 41.339 Thread 0x000000000c200000 Threw 0x00000000efd1dd40 at C:\jdk7u2_64p\jdk7u17\hotspot\src\share\vm\prims\jvm.cpp:1166
Event: 41.340 Thread 0x000000000c200000 Threw 0x00000000efd22ac8 at C:\jdk7u2_64p\jdk7u17\hotspot\src\share\vm\prims\jvm.cpp:1166
Event: 41.340 Thread 0x000000000c200000 Threw 0x00000000efd23c58 at C:\jdk7u2_64p\jdk7u17\hotspot\src\share\vm\prims\jvm.cpp:1166
Event: 41.340 Thread 0x000000000c200000 Threw 0x00000000efd2c798 at C:\jdk7u2_64p\jdk7u17\hotspot\src\share\vm\prims\jvm.cpp:1166
Event: 41.342 Thread 0x000000000c200000 Threw 0x00000000efd58c68 at C:\jdk7u2_64p\jdk7u17\hotspot\src\share\vm\runtime\reflection.cpp:1039

Events (10 events):
Event: 41.322 loading class 0x000000000c312fa0
Event: 41.322 loading class 0x000000000c312fa0 done
Event: 41.325 loading class 0x000000000b8a6e10
Event: 41.325 loading class 0x000000000b8a6e10 done
Event: 41.339 loading class 0x000000000b8a6e80
Event: 41.339 loading class 0x000000000b8a6e80 done
Event: 41.340 loading class 0x000000000e42c9b0
Event: 41.340 loading class 0x000000000e42c9b0 done
Event: 41.342 Thread 0x000000000c200000 DEOPT PACKING pc=0x00000000028767d4 sp=0x000000000e048100
Event: 41.342 Thread 0x000000000c200000 DEOPT UNPACKING pc=0x0000000002649164 sp=0x000000000e048078 mode 2


Dynamic libraries:
0x000000013f6b0000 - 0x000000013f6e3000 	C:\Program Files\Java\jdk1.7.0_17\bin\java.exe
0x0000000076ed0000 - 0x0000000077079000 	C:\Windows\SYSTEM32\ntdll.dll
0x0000000076cb0000 - 0x0000000076dcf000 	C:\Windows\system32\kernel32.dll
0x000007fefcfe0000 - 0x000007fefd04c000 	C:\Windows\system32\KERNELBASE.dll
0x000007feff010000 - 0x000007feff0eb000 	C:\Windows\system32\ADVAPI32.dll
0x000007fefeb00000 - 0x000007fefeb9f000 	C:\Windows\system32\msvcrt.dll
0x000007fefd200000 - 0x000007fefd21f000 	C:\Windows\SYSTEM32\sechost.dll
0x000007fefd400000 - 0x000007fefd52d000 	C:\Windows\system32\RPCRT4.dll
0x0000000076dd0000 - 0x0000000076eca000 	C:\Windows\system32\USER32.dll
0x000007fefd0c0000 - 0x000007fefd127000 	C:\Windows\system32\GDI32.dll
0x000007fefedd0000 - 0x000007fefedde000 	C:\Windows\system32\LPK.dll
0x000007fefd130000 - 0x000007fefd1f9000 	C:\Windows\system32\USP10.dll
0x000007fefb6f0000 - 0x000007fefb8e4000 	C:\Windows\WinSxS\amd64_microsoft.windows.common-controls_6595b64144ccf1df_6.0.7601.17514_none_fa396087175ac9ac\COMCTL32.dll
0x000007fefef90000 - 0x000007feff001000 	C:\Windows\system32\SHLWAPI.dll
0x000007fefede0000 - 0x000007fefee0e000 	C:\Windows\system32\IMM32.DLL
0x000007fefe6a0000 - 0x000007fefe7a9000 	C:\Windows\system32\MSCTF.dll
0x0000000052b40000 - 0x0000000052c11000 	C:\Program Files\Java\jdk1.7.0_17\jre\bin\msvcr100.dll
0x0000000050100000 - 0x000000005081f000 	C:\Program Files\Java\jdk1.7.0_17\jre\bin\server\jvm.dll
0x000007fef6b10000 - 0x000007fef6b19000 	C:\Windows\system32\WSOCK32.dll
0x000007fefd860000 - 0x000007fefd8ad000 	C:\Windows\system32\WS2_32.dll
0x000007feff1d0000 - 0x000007feff1d8000 	C:\Windows\system32\NSI.dll
0x000007fefa8c0000 - 0x000007fefa8fb000 	C:\Windows\system32\WINMM.dll
0x00000000770a0000 - 0x00000000770a7000 	C:\Windows\system32\PSAPI.DLL
0x000000006fea0000 - 0x000000006feaf000 	C:\Program Files\Java\jdk1.7.0_17\jre\bin\verify.dll
0x000000006bb80000 - 0x000000006bba8000 	C:\Program Files\Java\jdk1.7.0_17\jre\bin\java.dll
0x000000006bee0000 - 0x000000006bef5000 	C:\Program Files\Java\jdk1.7.0_17\jre\bin\zip.dll
0x000000006b620000 - 0x000000006b639000 	C:\Program Files\Java\jdk1.7.0_17\jre\bin\net.dll
0x000007fefc430000 - 0x000007fefc485000 	C:\Windows\system32\mswsock.dll
0x000007fefc6f0000 - 0x000007fefc6f7000 	C:\Windows\System32\wship6.dll
0x000000006b360000 - 0x000000006b371000 	C:\Program Files\Java\jdk1.7.0_17\jre\bin\nio.dll
0x000007fefc630000 - 0x000007fefc647000 	C:\Windows\system32\CRYPTSP.dll
0x000007fefc1d0000 - 0x000007fefc217000 	C:\Windows\system32\rsaenh.dll
0x000007fefbf90000 - 0x000007fefbfae000 	C:\Windows\system32\USERENV.dll
0x000007fefcc90000 - 0x000007fefcc9f000 	C:\Windows\system32\profapi.dll
0x000007fefcb80000 - 0x000007fefcb8f000 	C:\Windows\system32\CRYPTBASE.dll
0x000007fefaf80000 - 0x000007fefaf95000 	C:\Windows\system32\NLAapi.dll
0x000007fef6aa0000 - 0x000007fef6ab5000 	C:\Windows\system32\napinsp.dll
0x000007fef6920000 - 0x000007fef6939000 	C:\Windows\system32\pnrpnsp.dll
0x000007fefc2c0000 - 0x000007fefc31b000 	C:\Windows\system32\DNSAPI.dll
0x000007fef6870000 - 0x000007fef687b000 	C:\Windows\System32\winrnr.dll
0x0000000063560000 - 0x0000000063569000 	C:\Program Files\National Instruments\Shared\mDNS Responder\nimdnsNSP.dll
0x0000000063550000 - 0x000000006355e000 	C:\Windows\system32\nimdnsResponder.dll
0x000000006fa90000 - 0x000000006fb33000 	C:\Windows\WinSxS\amd64_microsoft.vc90.crt_1fc8b3b9a1e18e3b_9.0.30729.6161_none_08e61857a83bc251\MSVCR90.dll
0x000007fef9be0000 - 0x000007fef9c07000 	C:\Windows\system32\Iphlpapi.DLL
0x000007fef9bd0000 - 0x000007fef9bdb000 	C:\Windows\system32\WINNSI.DLL
0x000007fef7220000 - 0x000007fef724f000 	C:\Program Files\Common Files\Microsoft Shared\Windows Live\WLIDNSP.DLL
0x000000006f9e0000 - 0x000000006fa06000 	C:\Program Files\Bonjour\mdnsNSP.dll
0x000007fef6860000 - 0x000007fef6870000 	C:\Windows\system32\wshbth.dll
0x000007fefbe50000 - 0x000007fefbe57000 	C:\Windows\System32\wshtcpip.dll
0x000007fef7210000 - 0x000007fef7218000 	C:\Windows\system32\rasadhlp.dll
0x000007fef9980000 - 0x000007fef99d3000 	C:\Windows\System32\fwpuclnt.dll
0x000007fef2c20000 - 0x000007fef2c34000 	C:\Users\Siza\AppData\Local\Temp\native-platform2209714020471632926dir\native-platform-windows-amd64.dll
0x000007fef9810000 - 0x000007fef9828000 	C:\Windows\system32\dhcpcsvc.DLL
0x000007fef97d0000 - 0x000007fef97e1000 	C:\Windows\system32\dhcpcsvc6.DLL
0x000007fefcb20000 - 0x000007fefcb77000 	C:\Windows\system32\apphelp.dll

VM Arguments:
jvm_args: -XX:MaxPermSize=256m -XX:+HeapDumpOnOutOfMemoryError -Xmx1024m -Dfile.encoding=windows-1252 
java_command: org.gradle.launcher.daemon.bootstrap.GradleDaemon 1.10 C:\Users\Siza\.gradle\daemon 60000 3237663b-1c2a-42ed-872e-cfc89b4d6051 -XX:MaxPermSize=256m -XX:+HeapDumpOnOutOfMemoryError -Xmx1024m -Dfile.encoding=windows-1252
Launcher Type: SUN_STANDARD

Environment Variables:
JAVA_HOME=C:\Program Files\Java\jdk1.7.0_17
PATH=C:\Program Files (x86)\NVIDIA Corporation\PhysX\Common;C:\Program Files\Common Files\Microsoft Shared\Windows Live;C:\Program Files (x86)\Common Files\Microsoft Shared\Windows Live;C:\Program Files (x86)\Microchip\MPLABC18\v3.45\mpasm;C:\Program Files (x86)\Microchip\MPLABC18\v3.45\bin;C:\Program Files (x86)\Microchip\MPLABC18\v3.41\mpasm;C:\Program Files (x86)\Microchip\MPLABC18\v3.41\bin;C:\Program Files (x86)\Microchip\mplabc32\v2.02\bin;C:\Program Files (x86)\Microchip\MPLAB C30\bin;C:\Program Files (x86)\Microchip\xc32\v1.20\bin;C:\Program Files (x86)\Microchip\xc16\v1.11\bin;C:\Program Files (x86)\Microchip\xc8\v1.12\bin;C:\Windows\system32;C:\Windows;C:\Windows\System32\Wbem;C:\Windows\System32\WindowsPowerShell\v1.0\;C:\Program Files\Microsoft\Web Platform Installer\;C:\Program Files (x86)\Microsoft ASP.NET\ASP.NET Web Pages\v1.0\;C:\Program Files (x86)\Windows Kits\8.0\Windows Performance Toolkit\;C:\Program Files\Microsoft SQL Server\110\Tools\Binn\;C:\Program Files\IVI Foundation\VISA\Win64\Bin\;C:\Program Files (x86)\IVI Foundation\VISA\WinNT\Bin\;C:\Program Files (x86)\IVI Foundation\VISA\WinNT\Bin;C:\Program Files (x86)\Microsoft SQL Server\100\Tools\Binn\;C:\Program Files\Microsoft SQL Server\100\Tools\Binn\;C:\Program Files\Microsoft SQL Server\100\DTS\Binn\;C:\Program Files\MATLAB\R2011b\runtime\win64;C:\Program Files\MATLAB\R2011b\bin;C:\Program Files\MATLAB\R2010b\runtime\win64;C:\Program Files\MATLAB\R2010b\bin;C:\Program Files (x86)\Microchip\MPLAB C32 Suite\bin;C:\Program Files\Java\jdk1.7.0_17\bin;C:\Program Files (x86)\HI-TECH Software\PICC\9.83\bin;C:\Program Files (x86)\Windows Live\Shared;C:\Program Files (x86)\QuickTime\QTSystem\;C:\Program Files (x86)\Microchip\MPLABC18\v3.41\mpasm;C:\Program Files (x86)\Microchip\MPLABC18\v3.41\bin;C:\Program Files (x86)\Microchip\MPLABC18\v3.45\mpasm;C:\Program Files (x86)\Microchip\MPLABC18\v3.45\bin;C:\Windows\system32;C:\Windows;C:\Windows\System32\Wbem
USERNAME=Siza
OS=Windows_NT
PROCESSOR_IDENTIFIER=AMD64 Family 16 Model 10 Stepping 0, AuthenticAMD



---------------  S Y S T E M  ---------------

OS: Windows 7 , 64 bit Build 7601 Service Pack 1

CPU:total 6 (6 cores per cpu, 1 threads per core) family 16 model 10 stepping 0, cmov, cx8, fxsr, mmx, sse, sse2, sse3, popcnt, mmxext, 3dnowpref, lzcnt, sse4a, tsc, tscinvbit, tscinv

Memory: 4k page, physical 8387816k(1561668k free), swap 8385952k(5720k free)

vm_info: Java HotSpot(TM) 64-Bit Server VM (23.7-b01) for windows-amd64 JRE (1.7.0_17-b02), built on Mar  1 2013 03:38:30 by "java_re" with unknown MS VC++:1600

time: Mon May 19 23:23:26 2014
elapsed time: 41 seconds

