#
# There is insufficient memory for the Java Runtime Environment to continue.
# Native memory allocation (malloc) failed to allocate 868336 bytes for Chunk::new
# Possible reasons:
#   The system is out of physical RAM or swap space
#   In 32 bit mode, the process size limit was hit
# Possible solutions:
#   Reduce memory load on the system
#   Increase physical memory or swap space
#   Check if swap backing store is full
#   Use 64 bit Java on a 64 bit OS
#   Decrease Java heap size (-Xmx/-Xms)
#   Decrease number of Java threads
#   Decrease Java thread stack sizes (-Xss)
#   Set larger code cache with -XX:ReservedCodeCacheSize=
# This output file may be truncated or incomplete.
#
#  Out of Memory Error (allocation.cpp:388), pid=12296, tid=12904
#
# JRE version: Java(TM) SE Runtime Environment (8.0_05-b13) (build 1.8.0_05-b13)
# Java VM: Java HotSpot(TM) 64-Bit Server VM (25.5-b02 mixed mode windows-amd64 compressed oops)
# Failed to write core dump. Minidumps are not enabled by default on client versions of Windows
#

---------------  T H R E A D  ---------------

Current thread (0x0000000016b15000):  JavaThread "C2 CompilerThread0" daemon [_thread_in_native, id=12904, stack(0x00000000171e0000,0x00000000172e0000)]

Stack: [0x00000000171e0000,0x00000000172e0000]
Native frames: (J=compiled Java code, j=interpreted, Vv=VM code, C=native code)
V  [jvm.dll+0x308dea]
V  [jvm.dll+0x25def1]
V  [jvm.dll+0x25eb0f]
V  [jvm.dll+0x2564e5]
V  [jvm.dll+0xbcfc5]
V  [jvm.dll+0xbd45c]
V  [jvm.dll+0x44d422]
V  [jvm.dll+0x48e13f]
V  [jvm.dll+0x4422eb]
V  [jvm.dll+0x44366b]
V  [jvm.dll+0x427532]
V  [jvm.dll+0x96702]
V  [jvm.dll+0x96ef3]
V  [jvm.dll+0x2232c4]
V  [jvm.dll+0x27baca]
C  [msvcr100.dll+0x21d9f]
C  [msvcr100.dll+0x21e3b]
C  [kernel32.dll+0x159ed]
C  [ntdll.dll+0x2c541]


Current CompileTask:
C2:   1615 1438       4       com.android.dx.ssa.SCCP::simulateBranch (666 bytes)


---------------  P R O C E S S  ---------------

Java Threads: ( => current thread )
  0x0000000016b69800 JavaThread "Service Thread" daemon [_thread_blocked, id=7936, stack(0x0000000017640000,0x0000000017740000)]
  0x0000000016b27800 JavaThread "C1 CompilerThread2" daemon [_thread_blocked, id=7824, stack(0x0000000017500000,0x0000000017600000)]
  0x0000000016b1e800 JavaThread "C2 CompilerThread1" daemon [_thread_in_native, id=15648, stack(0x0000000017350000,0x0000000017450000)]
=>0x0000000016b15000 JavaThread "C2 CompilerThread0" daemon [_thread_in_native, id=12904, stack(0x00000000171e0000,0x00000000172e0000)]
  0x0000000016b13800 JavaThread "Attach Listener" daemon [_thread_blocked, id=12884, stack(0x0000000017040000,0x0000000017140000)]
  0x000000001509f000 JavaThread "Signal Dispatcher" daemon [_thread_blocked, id=6816, stack(0x0000000016f20000,0x0000000017020000)]
  0x0000000015091000 JavaThread "Finalizer" daemon [_thread_blocked, id=2572, stack(0x00000000169c0000,0x0000000016ac0000)]
  0x0000000015086000 JavaThread "Reference Handler" daemon [_thread_blocked, id=6924, stack(0x0000000016740000,0x0000000016840000)]
  0x00000000000ff000 JavaThread "main" [_thread_in_Java, id=11512, stack(0x0000000002580000,0x0000000002680000)]

Other Threads:
  0x0000000015082800 VMThread [stack: 0x0000000016890000,0x0000000016990000] [id=16128]
  0x0000000016b6c800 WatcherThread [stack: 0x00000000178e0000,0x00000000179e0000] [id=15588]

VM state:not at safepoint (normal execution)

VM Mutex/Monitor currently owned by a thread: None

Heap:
 PSYoungGen      total 24064K, used 19629K [0x00000000eab00000, 0x00000000ec600000, 0x0000000100000000)
  eden space 20480K, 84% used [0x00000000eab00000,0x00000000ebbce6c0,0x00000000ebf00000)
  from space 3584K, 67% used [0x00000000ec280000,0x00000000ec4dd118,0x00000000ec600000)
  to   space 3584K, 0% used [0x00000000ebf00000,0x00000000ebf00000,0x00000000ec280000)
 ParOldGen       total 129536K, used 8717K [0x00000000c0000000, 0x00000000c7e80000, 0x00000000eab00000)
  object space 129536K, 6% used [0x00000000c0000000,0x00000000c08834d8,0x00000000c7e80000)
 Metaspace       used 5406K, capacity 6768K, committed 7040K, reserved 1056768K
  class space    used 540K, capacity 616K, committed 640K, reserved 1048576K

Card table byte_map: [0x0000000011d10000,0x0000000011f20000] byte_map_base: 0x0000000011710000

Marking Bits: (ParMarkBitMap*) 0x0000000053d813b0
 Begin Bits: [0x00000000124a0000, 0x00000000134a0000)
 End Bits:   [0x00000000134a0000, 0x00000000144a0000)

Polling page: 0x0000000000240000

CodeCache: size=245760Kb used=5979Kb max_used=5979Kb free=239780Kb
 bounds [0x0000000002950000, 0x0000000002f30000, 0x0000000011950000]
 total_blobs=1750 nmethods=1492 adapters=173
 compilation: enabled

Compilation events (10 events):
Event: 1.540 Thread 0x0000000016b27800 1484       2       com.android.dx.rop.code.Rops::opReturn (89 bytes)
Event: 1.541 Thread 0x0000000016b27800 nmethod 1484 0x0000000002eee010 code [0x0000000002eee1e0, 0x0000000002eee698]
Event: 1.548 Thread 0x0000000016b27800 1487       2       com.android.dx.ssa.PhiInsn::mapSourceRegisters (78 bytes)
Event: 1.549 Thread 0x0000000016b27800 nmethod 1487 0x0000000002f20b50 code [0x0000000002f20ce0, 0x0000000002f21068]
Event: 1.562 Thread 0x0000000016b27800 1489       2       com.android.dx.dex.code.BlockAddresses::getStart (7 bytes)
Event: 1.562 Thread 0x0000000016b27800 nmethod 1489 0x0000000002f21310 code [0x0000000002f21460, 0x0000000002f215d0]
Event: 1.564 Thread 0x0000000016b27800 1490       1       com.android.dx.ssa.PhiInsn::getOriginalRopInsn (2 bytes)
Event: 1.565 Thread 0x0000000016b27800 nmethod 1490 0x0000000002f216d0 code [0x0000000002f21820, 0x0000000002f21930]
Event: 1.569 Thread 0x0000000016b27800 1491       1       com.android.dx.rop.cst.CstKnownNull::hashCode (3 bytes)
Event: 1.569 Thread 0x0000000016b27800 nmethod 1491 0x0000000002f21990 code [0x0000000002f21ae0, 0x0000000002f21bf0]

GC Heap History (10 events):
Event: 0.864 GC heap before
{Heap before GC invocations=8 (full 0):
 PSYoungGen      total 5632K, used 5511K [0x00000000eab00000, 0x00000000eb700000, 0x0000000100000000)
  eden space 4096K, 100% used [0x00000000eab00000,0x00000000eaf00000,0x00000000eaf00000)
  from space 1536K, 92% used [0x00000000eaf00000,0x00000000eb061c68,0x00000000eb080000)
  to   space 2048K, 0% used [0x00000000eb500000,0x00000000eb500000,0x00000000eb700000)
 ParOldGen       total 129536K, used 1748K [0x00000000c0000000, 0x00000000c7e80000, 0x00000000eab00000)
  object space 129536K, 1% used [0x00000000c0000000,0x00000000c01b50a0,0x00000000c7e80000)
 Metaspace       used 5129K, capacity 6576K, committed 6784K, reserved 1056768K
  class space    used 537K, capacity 616K, committed 640K, reserved 1048576K
Event: 0.871 GC heap after
Heap after GC invocations=8 (full 0):
 PSYoungGen      total 10240K, used 1984K [0x00000000eab00000, 0x00000000eb700000, 0x0000000100000000)
  eden space 8192K, 0% used [0x00000000eab00000,0x00000000eab00000,0x00000000eb300000)
  from space 2048K, 96% used [0x00000000eb500000,0x00000000eb6f0018,0x00000000eb700000)
  to   space 2048K, 0% used [0x00000000eb300000,0x00000000eb300000,0x00000000eb500000)
 ParOldGen       total 129536K, used 1902K [0x00000000c0000000, 0x00000000c7e80000, 0x00000000eab00000)
  object space 129536K, 1% used [0x00000000c0000000,0x00000000c01dbb20,0x00000000c7e80000)
 Metaspace       used 5129K, capacity 6576K, committed 6784K, reserved 1056768K
  class space    used 537K, capacity 616K, committed 640K, reserved 1048576K
}
Event: 1.023 GC heap before
{Heap before GC invocations=9 (full 0):
 PSYoungGen      total 10240K, used 10176K [0x00000000eab00000, 0x00000000eb700000, 0x0000000100000000)
  eden space 8192K, 100% used [0x00000000eab00000,0x00000000eb300000,0x00000000eb300000)
  from space 2048K, 96% used [0x00000000eb500000,0x00000000eb6f0018,0x00000000eb700000)
  to   space 2048K, 0% used [0x00000000eb300000,0x00000000eb300000,0x00000000eb500000)
 ParOldGen       total 129536K, used 1902K [0x00000000c0000000, 0x00000000c7e80000, 0x00000000eab00000)
  object space 129536K, 1% used [0x00000000c0000000,0x00000000c01dbb20,0x00000000c7e80000)
 Metaspace       used 5268K, capacity 6704K, committed 6784K, reserved 1056768K
  class space    used 539K, capacity 616K, committed 640K, reserved 1048576K
Event: 1.036 GC heap after
Heap after GC invocations=9 (full 0):
 PSYoungGen      total 10240K, used 2016K [0x00000000eab00000, 0x00000000ebe00000, 0x0000000100000000)
  eden space 8192K, 0% used [0x00000000eab00000,0x00000000eab00000,0x00000000eb300000)
  from space 2048K, 98% used [0x00000000eb300000,0x00000000eb4f8010,0x00000000eb500000)
  to   space 3072K, 0% used [0x00000000ebb00000,0x00000000ebb00000,0x00000000ebe00000)
 ParOldGen       total 129536K, used 3272K [0x00000000c0000000, 0x00000000c7e80000, 0x00000000eab00000)
  object space 129536K, 2% used [0x00000000c0000000,0x00000000c0332070,0x00000000c7e80000)
 Metaspace       used 5268K, capacity 6704K, committed 6784K, reserved 1056768K
  class space    used 539K, capacity 616K, committed 640K, reserved 1048576K
}
Event: 1.139 GC heap before
{Heap before GC invocations=10 (full 0):
 PSYoungGen      total 10240K, used 10208K [0x00000000eab00000, 0x00000000ebe00000, 0x0000000100000000)
  eden space 8192K, 100% used [0x00000000eab00000,0x00000000eb300000,0x00000000eb300000)
  from space 2048K, 98% used [0x00000000eb300000,0x00000000eb4f8010,0x00000000eb500000)
  to   space 3072K, 0% used [0x00000000ebb00000,0x00000000ebb00000,0x00000000ebe00000)
 ParOldGen       total 129536K, used 3272K [0x00000000c0000000, 0x00000000c7e80000, 0x00000000eab00000)
  object space 129536K, 2% used [0x00000000c0000000,0x00000000c0332070,0x00000000c7e80000)
 Metaspace       used 5320K, capacity 6704K, committed 6784K, reserved 1056768K
  class space    used 539K, capacity 616K, committed 640K, reserved 1048576K
Event: 1.174 GC heap after
Heap after GC invocations=10 (full 0):
 PSYoungGen      total 15872K, used 2758K [0x00000000eab00000, 0x00000000ebf00000, 0x0000000100000000)
  eden space 12800K, 0% used [0x00000000eab00000,0x00000000eab00000,0x00000000eb780000)
  from space 3072K, 89% used [0x00000000ebb00000,0x00000000ebdb1aa0,0x00000000ebe00000)
  to   space 3584K, 0% used [0x00000000eb780000,0x00000000eb780000,0x00000000ebb00000)
 ParOldGen       total 129536K, used 4175K [0x00000000c0000000, 0x00000000c7e80000, 0x00000000eab00000)
  object space 129536K, 3% used [0x00000000c0000000,0x00000000c0413ee0,0x00000000c7e80000)
 Metaspace       used 5320K, capacity 6704K, committed 6784K, reserved 1056768K
  class space    used 539K, capacity 616K, committed 640K, reserved 1048576K
}
Event: 1.298 GC heap before
{Heap before GC invocations=11 (full 0):
 PSYoungGen      total 15872K, used 15558K [0x00000000eab00000, 0x00000000ebf00000, 0x0000000100000000)
  eden space 12800K, 100% used [0x00000000eab00000,0x00000000eb780000,0x00000000eb780000)
  from space 3072K, 89% used [0x00000000ebb00000,0x00000000ebdb1aa0,0x00000000ebe00000)
  to   space 3584K, 0% used [0x00000000eb780000,0x00000000eb780000,0x00000000ebb00000)
 ParOldGen       total 129536K, used 4175K [0x00000000c0000000, 0x00000000c7e80000, 0x00000000eab00000)
  object space 129536K, 3% used [0x00000000c0000000,0x00000000c0413ee0,0x00000000c7e80000)
 Metaspace       used 5349K, capacity 6768K, committed 7040K, reserved 1056768K
  class space    used 540K, capacity 616K, committed 640K, reserved 1048576K
Event: 1.336 GC heap after
Heap after GC invocations=11 (full 0):
 PSYoungGen      total 16384K, used 2432K [0x00000000eab00000, 0x00000000ec600000, 0x0000000100000000)
  eden space 12800K, 0% used [0x00000000eab00000,0x00000000eab00000,0x00000000eb780000)
  from space 3584K, 67% used [0x00000000eb780000,0x00000000eb9e0010,0x00000000ebb00000)
  to   space 3584K, 0% used [0x00000000ec280000,0x00000000ec280000,0x00000000ec600000)
 ParOldGen       total 129536K, used 6523K [0x00000000c0000000, 0x00000000c7e80000, 0x00000000eab00000)
  object space 129536K, 5% used [0x00000000c0000000,0x00000000c065ee00,0x00000000c7e80000)
 Metaspace       used 5349K, capacity 6768K, committed 7040K, reserved 1056768K
  class space    used 540K, capacity 616K, committed 640K, reserved 1048576K
}
Event: 1.489 GC heap before
{Heap before GC invocations=12 (full 0):
 PSYoungGen      total 16384K, used 15232K [0x00000000eab00000, 0x00000000ec600000, 0x0000000100000000)
  eden space 12800K, 100% used [0x00000000eab00000,0x00000000eb780000,0x00000000eb780000)
  from space 3584K, 67% used [0x00000000eb780000,0x00000000eb9e0010,0x00000000ebb00000)
  to   space 3584K, 0% used [0x00000000ec280000,0x00000000ec280000,0x00000000ec600000)
 ParOldGen       total 129536K, used 6523K [0x00000000c0000000, 0x00000000c7e80000, 0x00000000eab00000)
  object space 129536K, 5% used [0x00000000c0000000,0x00000000c065ee00,0x00000000c7e80000)
 Metaspace       used 5399K, capacity 6768K, committed 7040K, reserved 1056768K
  class space    used 540K, capacity 616K, committed 640K, reserved 1048576K
Event: 1.516 GC heap after
Heap after GC invocations=12 (full 0):
 PSYoungGen      total 24064K, used 2420K [0x00000000eab00000, 0x00000000ec600000, 0x0000000100000000)
  eden space 20480K, 0% used [0x00000000eab00000,0x00000000eab00000,0x00000000ebf00000)
  from space 3584K, 67% used [0x00000000ec280000,0x00000000ec4dd118,0x00000000ec600000)
  to   space 3584K, 0% used [0x00000000ebf00000,0x00000000ebf00000,0x00000000ec280000)
 ParOldGen       total 129536K, used 8717K [0x00000000c0000000, 0x00000000c7e80000, 0x00000000eab00000)
  object space 129536K, 6% used [0x00000000c0000000,0x00000000c08834d8,0x00000000c7e80000)
 Metaspace       used 5399K, capacity 6768K, committed 7040K, reserved 1056768K
  class space    used 540K, capacity 616K, committed 640K, reserved 1048576K
}

Deoptimization events (10 events):
Event: 0.876 Thread 0x00000000000ff000 Uncommon trap: reason=null_check action=make_not_entrant pc=0x0000000002c31200 method=com.android.dx.rop.type.Type.equals(Ljava/lang/Object;)Z @ 8
Event: 1.048 Thread 0x00000000000ff000 Uncommon trap: reason=bimorphic action=maybe_recompile pc=0x0000000002b5b630 method=java.util.HashMap.getNode(ILjava/lang/Object;)Ljava/util/HashMap$Node; @ 126
Event: 1.048 Thread 0x00000000000ff000 Uncommon trap: reason=bimorphic action=maybe_recompile pc=0x0000000002b5b630 method=java.util.HashMap.getNode(ILjava/lang/Object;)Ljava/util/HashMap$Node; @ 126
Event: 1.048 Thread 0x00000000000ff000 Uncommon trap: reason=bimorphic action=maybe_recompile pc=0x0000000002b93a4c method=java.util.HashMap.getNode(ILjava/lang/Object;)Ljava/util/HashMap$Node; @ 126
Event: 1.048 Thread 0x00000000000ff000 Uncommon trap: reason=bimorphic action=maybe_recompile pc=0x0000000002b93a4c method=java.util.HashMap.getNode(ILjava/lang/Object;)Ljava/util/HashMap$Node; @ 126
Event: 1.048 Thread 0x00000000000ff000 Uncommon trap: reason=unreached action=reinterpret pc=0x0000000002d05ec4 method=com.android.dx.rop.cst.Constant.compareTo(Lcom/android/dx/rop/cst/Constant;)I @ 12
Event: 1.048 Thread 0x00000000000ff000 Uncommon trap: reason=bimorphic action=maybe_recompile pc=0x0000000002b5b630 method=java.util.HashMap.getNode(ILjava/lang/Object;)Ljava/util/HashMap$Node; @ 126
Event: 1.111 Thread 0x00000000000ff000 Uncommon trap: reason=null_check action=make_not_entrant pc=0x0000000002cd1704 method=com.android.dx.ssa.SsaRenamer.getLocalForNewReg(I)Lcom/android/dx/rop/code/LocalItem; @ 19
Event: 1.520 Thread 0x00000000000ff000 Uncommon trap: reason=unreached action=reinterpret pc=0x0000000002ef6714 method=com.android.dx.ssa.LocalVariableExtractor.processBlock(I)V @ 251
Event: 1.530 Thread 0x00000000000ff000 Uncommon trap: reason=uninitialized action=reinterpret pc=0x0000000002e40b64 method=com.android.dx.cf.code.BytecodeArray.parseInstruction(ILcom/android/dx/cf/code/BytecodeArray$Visitor;)I @ 1047

Internal exceptions (4 events):
Event: 0.065 Thread 0x00000000000ff000 Exception <a 'java/lang/NoSuchMethodError': Method sun.misc.Unsafe.defineClass(Ljava/lang/String;[BII)Ljava/lang/Class; name or signature does not match> (0x00000000eab0fb38) thrown at [D:\re\workspace\8-2-build-windows-amd64-cygwin\jdk8u5\2488\hotspot\srci£r •º°?
Event: 0.065 Thread 0x00000000000ff000 Exception <a 'java/lang/NoSuchMethodError': Method sun.misc.Unsafe.prefetchRead(Ljava/lang/Object;J)V name or signature does not match> (0x00000000eab0fdc8) thrown at [D:\re\workspace\8-2-build-windows-amd64-cygwin\jdk8u5\2488\hotspot\src\share\vm\prims\jn’ƒ£/xì?
Event: 0.876 Thread 0x00000000000ff000 Implicit null exception at 0x0000000002c31152 to 0x0000000002c311f1
Event: 1.111 Thread 0x00000000000ff000 Implicit null exception at 0x0000000002cd04fa to 0x0000000002cd16e9

Events (10 events):
Event: 1.298 Executing VM operation: ParallelGCFailedAllocation
Event: 1.336 Executing VM operation: ParallelGCFailedAllocation done
Event: 1.488 Executing VM operation: ParallelGCFailedAllocation
Event: 1.516 Executing VM operation: ParallelGCFailedAllocation done
Event: 1.520 Thread 0x00000000000ff000 Uncommon trap: trap_request=0xffffffad fr.pc=0x0000000002ef6714
Event: 1.520 Thread 0x00000000000ff000 DEOPT PACKING pc=0x0000000002ef6714 sp=0x000000000267e740
Event: 1.520 Thread 0x00000000000ff000 DEOPT UNPACKING pc=0x00000000029973ef sp=0x000000000267e6f0 mode 2
Event: 1.530 Thread 0x00000000000ff000 Uncommon trap: trap_request=0xffffffb5 fr.pc=0x0000000002e40b64
Event: 1.530 Thread 0x00000000000ff000 DEOPT PACKING pc=0x0000000002e40b64 sp=0x000000000267e750
Event: 1.530 Thread 0x00000000000ff000 DEOPT UNPACKING pc=0x00000000029973ef sp=0x000000000267e6f0 mode 2


Dynamic libraries:
0x000000013ffe0000 - 0x0000000140014000 	C:\PROGRA~1\Java\JDK18~1.0_0\bin\java.exe
0x0000000076ed0000 - 0x0000000077079000 	C:\Windows\SYSTEM32\ntdll.dll
0x0000000076cb0000 - 0x0000000076dcf000 	C:\Windows\system32\kernel32.dll
0x000007fefcfe0000 - 0x000007fefd04c000 	C:\Windows\system32\KERNELBASE.dll
0x000007feff010000 - 0x000007feff0eb000 	C:\Windows\system32\ADVAPI32.dll
0x000007fefeb00000 - 0x000007fefeb9f000 	C:\Windows\system32\msvcrt.dll
0x000007fefd200000 - 0x000007fefd21f000 	C:\Windows\SYSTEM32\sechost.dll
0x000007fefd400000 - 0x000007fefd52d000 	C:\Windows\system32\RPCRT4.dll
0x0000000076dd0000 - 0x0000000076eca000 	C:\Windows\system32\USER32.dll
0x000007fefd0c0000 - 0x000007fefd127000 	C:\Windows\system32\GDI32.dll
0x000007fefedd0000 - 0x000007fefedde000 	C:\Windows\system32\LPK.dll
0x000007fefd130000 - 0x000007fefd1f9000 	C:\Windows\system32\USP10.dll
0x000007fefb6f0000 - 0x000007fefb8e4000 	C:\Windows\WinSxS\amd64_microsoft.windows.common-controls_6595b64144ccf1df_6.0.7601.17514_none_fa396087175ac9ac\COMCTL32.dll
0x000007fefef90000 - 0x000007feff001000 	C:\Windows\system32\SHLWAPI.dll
0x000007fefede0000 - 0x000007fefee0e000 	C:\Windows\system32\IMM32.DLL
0x000007fefe6a0000 - 0x000007fefe7a9000 	C:\Windows\system32\MSCTF.dll
0x000000006c510000 - 0x000000006c5e2000 	C:\PROGRA~1\Java\JDK18~1.0_0\jre\bin\msvcr100.dll
0x00000000535d0000 - 0x0000000053dfa000 	C:\PROGRA~1\Java\JDK18~1.0_0\jre\bin\server\jvm.dll
0x000007fef6b10000 - 0x000007fef6b19000 	C:\Windows\system32\WSOCK32.dll
0x000007fefd860000 - 0x000007fefd8ad000 	C:\Windows\system32\WS2_32.dll
0x000007feff1d0000 - 0x000007feff1d8000 	C:\Windows\system32\NSI.dll
0x000007fefa8c0000 - 0x000007fefa8fb000 	C:\Windows\system32\WINMM.dll
0x00000000770a0000 - 0x00000000770a7000 	C:\Windows\system32\PSAPI.DLL
0x0000000070310000 - 0x000000007031f000 	C:\PROGRA~1\Java\JDK18~1.0_0\jre\bin\verify.dll
0x000000006f3a0000 - 0x000000006f3c8000 	C:\PROGRA~1\Java\JDK18~1.0_0\jre\bin\java.dll
0x000000006e3b0000 - 0x000000006e3c6000 	C:\PROGRA~1\Java\JDK18~1.0_0\jre\bin\zip.dll
0x000007fefd910000 - 0x000007fefe698000 	C:\Windows\system32\SHELL32.dll
0x000007fefe7b0000 - 0x000007fefe9b3000 	C:\Windows\system32\ole32.dll
0x000007fefcc90000 - 0x000007fefcc9f000 	C:\Windows\system32\profapi.dll
0x000007fefaa00000 - 0x000007fefab25000 	C:\Windows\system32\dbghelp.dll

VM Arguments:
jvm_args: -Xmx1024M -Xss1m -Djava.ext.dirs=C:\Program Files (x86)\Android\android-studio\sdk\build-tools\android-4.4.2\lib 
java_command: C:\Program Files (x86)\Android\android-studio\sdk\build-tools\android-4.4.2\lib\dx.jar --dex --output C:\Users\Siza\Arrythmia Project Newtonmin\ArrythmiaProject\Arrythmia\app\build\pre-dexed\debug\support-v4-19.1.0-e311e493b238b75da4095bd5ee7b69d76d73dc42.jar C:\Program Files (x86)\Android\android-studio\sdk\extras\android\m2repository\com\android\support\support-v4\19.1.0\support-v4-19.1.0.jar
java_class_path (initial): C:\Program Files (x86)\Android\android-studio\sdk\build-tools\android-4.4.2\lib\dx.jar
Launcher Type: SUN_STANDARD

Environment Variables:
JAVA_HOME=C:\Program Files\Java\jdk1.8.0_05
PATH=C:\Program Files (x86)\NVIDIA Corporation\PhysX\Common;C:\Program Files\Common Files\Microsoft Shared\Windows Live;C:\Program Files (x86)\Common Files\Microsoft Shared\Windows Live;C:\Program Files (x86)\Microchip\MPLABC18\v3.45\mpasm;C:\Program Files (x86)\Microchip\MPLABC18\v3.45\bin;C:\Program Files (x86)\Microchip\MPLABC18\v3.41\mpasm;C:\Program Files (x86)\Microchip\MPLABC18\v3.41\bin;C:\Program Files (x86)\Microchip\mplabc32\v2.02\bin;C:\Program Files (x86)\Microchip\MPLAB C30\bin;C:\Program Files (x86)\Microchip\xc32\v1.20\bin;C:\Program Files (x86)\Microchip\xc16\v1.11\bin;C:\Program Files (x86)\Microchip\xc8\v1.12\bin;C:\Windows\system32;C:\Windows;C:\Windows\System32\Wbem;C:\Windows\System32\WindowsPowerShell\v1.0\;C:\Program Files\Microsoft\Web Platform Installer\;C:\Program Files (x86)\Microsoft ASP.NET\ASP.NET Web Pages\v1.0\;C:\Program Files (x86)\Windows Kits\8.0\Windows Performance Toolkit\;C:\Program Files\Microsoft SQL Server\110\Tools\Binn\;C:\Program Files\IVI Foundation\VISA\Win64\Bin\;C:\Program Files (x86)\IVI Foundation\VISA\WinNT\Bin\;C:\Program Files (x86)\IVI Foundation\VISA\WinNT\Bin;C:\Program Files (x86)\Microsoft SQL Server\100\Tools\Binn\;C:\Program Files\Microsoft SQL Server\100\Tools\Binn\;C:\Program Files\Microsoft SQL Server\100\DTS\Binn\;C:\Program Files\MATLAB\R2011b\runtime\win64;C:\Program Files\MATLAB\R2011b\bin;C:\Program Files\MATLAB\R2010b\runtime\win64;C:\Program Files\MATLAB\R2010b\bin;C:\Program Files (x86)\Microchip\MPLAB C32 Suite\bin;C:\Program Files\Java\jdk1.7.0_17\bin;C:\Program Files (x86)\HI-TECH Software\PICC\9.83\bin;C:\Program Files (x86)\Windows Live\Shared;C:\Program Files (x86)\QuickTime\QTSystem\;C:\Program Files (x86)\Microchip\MPLABC18\v3.41\mpasm;C:\Program Files (x86)\Microchip\MPLABC18\v3.41\bin;C:\Program Files (x86)\Microchip\MPLABC18\v3.45\mpasm;C:\Program Files (x86)\Microchip\MPLABC18\v3.45\bin;C:\Windows\system32;C:\Windows;C:\Windows\System32\Wbem
USERNAME=Siza
OS=Windows_NT
PROCESSOR_IDENTIFIER=AMD64 Family 16 Model 10 Stepping 0, AuthenticAMD



---------------  S Y S T E M  ---------------

OS: Windows 7 , 64 bit Build 7601 Service Pack 1

CPU:total 6 (6 cores per cpu, 1 threads per core) family 16 model 10 stepping 0, cmov, cx8, fxsr, mmx, sse, sse2, sse3, popcnt, mmxext, 3dnowpref, lzcnt, sse4a, tsc, tscinvbit

Memory: 4k page, physical 8387816k(1210536k free), swap 8385952k(5032k free)

vm_info: Java HotSpot(TM) 64-Bit Server VM (25.5-b02) for windows-amd64 JRE (1.8.0_05-b13), built on Mar 18 2014 01:08:39 by "java_re" with MS VC++ 10.0 (VS2010)

time: Mon Jun 02 02:57:27 2014
elapsed time: 1 seconds

