#
# There is insufficient memory for the Java Runtime Environment to continue.
# Native memory allocation (malloc) failed to allocate 1241136 bytes for Chunk::new
# Possible reasons:
#   The system is out of physical RAM or swap space
#   In 32 bit mode, the process size limit was hit
# Possible solutions:
#   Reduce memory load on the system
#   Increase physical memory or swap space
#   Check if swap backing store is full
#   Use 64 bit Java on a 64 bit OS
#   Decrease Java heap size (-Xmx/-Xms)
#   Decrease number of Java threads
#   Decrease Java thread stack sizes (-Xss)
#   Set larger code cache with -XX:ReservedCodeCacheSize=
# This output file may be truncated or incomplete.
#
#  Out of Memory Error (allocation.cpp:388), pid=14476, tid=3548
#
# JRE version: Java(TM) SE Runtime Environment (8.0_05-b13) (build 1.8.0_05-b13)
# Java VM: Java HotSpot(TM) 64-Bit Server VM (25.5-b02 mixed mode windows-amd64 compressed oops)
# Failed to write core dump. Minidumps are not enabled by default on client versions of Windows
#

---------------  T H R E A D  ---------------

Current thread (0x0000000016f0a800):  JavaThread "C2 CompilerThread1" daemon [_thread_in_native, id=3548, stack(0x00000000173e0000,0x00000000174e0000)]

Stack: [0x00000000173e0000,0x00000000174e0000]
Native frames: (J=compiled Java code, j=interpreted, Vv=VM code, C=native code)
V  [jvm.dll+0x308dea]
V  [jvm.dll+0x25def1]
V  [jvm.dll+0x25eb0f]
V  [jvm.dll+0x2564e5]
V  [jvm.dll+0xbcfc5]
V  [jvm.dll+0xbd45c]
V  [jvm.dll+0x44d422]
V  [jvm.dll+0x48e13f]
V  [jvm.dll+0x4422eb]
V  [jvm.dll+0x44366b]
V  [jvm.dll+0x427532]
V  [jvm.dll+0x96702]
V  [jvm.dll+0x96ef3]
V  [jvm.dll+0x2232c4]
V  [jvm.dll+0x27baca]
C  [msvcr100.dll+0x21d9f]
C  [msvcr100.dll+0x21e3b]
C  [kernel32.dll+0x159ed]
C  [ntdll.dll+0x2c541]


Current CompileTask:
C2:   2362 1429       4       com.android.dx.ssa.SCCP::simulateBranch (666 bytes)


---------------  P R O C E S S  ---------------

Java Threads: ( => current thread )
  0x0000000016f59000 JavaThread "Service Thread" daemon [_thread_blocked, id=15080, stack(0x0000000017ac0000,0x0000000017bc0000)]
  0x0000000016f0c800 JavaThread "C1 CompilerThread2" daemon [_thread_blocked, id=11132, stack(0x0000000017820000,0x0000000017920000)]
=>0x0000000016f0a800 JavaThread "C2 CompilerThread1" daemon [_thread_in_native, id=3548, stack(0x00000000173e0000,0x00000000174e0000)]
  0x0000000016f05000 JavaThread "C2 CompilerThread0" daemon [_thread_in_native, id=16200, stack(0x00000000176b0000,0x00000000177b0000)]
  0x0000000016f03800 JavaThread "Attach Listener" daemon [_thread_blocked, id=10236, stack(0x00000000175a0000,0x00000000176a0000)]
  0x000000001560f000 JavaThread "Signal Dispatcher" daemon [_thread_blocked, id=9308, stack(0x00000000172b0000,0x00000000173b0000)]
  0x0000000015601000 JavaThread "Finalizer" daemon [_thread_blocked, id=15112, stack(0x0000000016ca0000,0x0000000016da0000)]
  0x00000000155f6000 JavaThread "Reference Handler" daemon [_thread_blocked, id=12684, stack(0x0000000016db0000,0x0000000016eb0000)]
  0x000000000019f000 JavaThread "main" [_thread_in_Java, id=10512, stack(0x00000000025f0000,0x00000000026f0000)]

Other Threads:
  0x00000000155f2800 VMThread [stack: 0x0000000016af0000,0x0000000016bf0000] [id=12744]
  0x0000000016f5c000 WatcherThread [stack: 0x0000000017bc0000,0x0000000017cc0000] [id=6736]

VM state:not at safepoint (normal execution)

VM Mutex/Monitor currently owned by a thread: None

Heap:
 PSYoungGen      total 18432K, used 3869K [0x00000000eab00000, 0x00000000ec000000, 0x0000000100000000)
  eden space 15872K, 8% used [0x00000000eab00000,0x00000000eac47408,0x00000000eba80000)
  from space 2560K, 100% used [0x00000000eba80000,0x00000000ebd00000,0x00000000ebd00000)
  to   space 2048K, 0% used [0x00000000ebd00000,0x00000000ebd00000,0x00000000ebf00000)
 ParOldGen       total 129536K, used 14866K [0x00000000c0000000, 0x00000000c7e80000, 0x00000000eab00000)
  object space 129536K, 11% used [0x00000000c0000000,0x00000000c0e84af0,0x00000000c7e80000)
 Metaspace       used 5414K, capacity 6832K, committed 7040K, reserved 1056768K
  class space    used 540K, capacity 616K, committed 640K, reserved 1048576K

Card table byte_map: [0x0000000011d80000,0x0000000011f90000] byte_map_base: 0x0000000011780000

Marking Bits: (ParMarkBitMap*) 0x0000000053d813b0
 Begin Bits: [0x0000000012a10000, 0x0000000013a10000)
 End Bits:   [0x0000000013a10000, 0x0000000014a10000)

Polling page: 0x0000000000130000

CodeCache: size=245760Kb used=5812Kb max_used=5812Kb free=239947Kb
 bounds [0x00000000029c0000, 0x0000000002f80000, 0x00000000119c0000]
 total_blobs=1788 nmethods=1530 adapters=173
 compilation: enabled

Compilation events (10 events):
Event: 2.301 Thread 0x0000000016f0c800 1546       2       com.android.dx.ssa.SsaRenamer::equalsHandlesNulls (23 bytes)
Event: 2.302 Thread 0x0000000016f0c800 nmethod 1546 0x0000000002f6ab50 code [0x0000000002f6acc0, 0x0000000002f6ae68]
Event: 2.302 Thread 0x0000000016f0c800 1547       2       com.android.dx.ssa.SsaRenamer$BlockRenamer::visitMoveInsn (271 bytes)
Event: 2.304 Thread 0x0000000016f0c800 nmethod 1547 0x0000000002f6af10 code [0x0000000002f6b220, 0x0000000002f6c008]
Event: 2.304 Thread 0x0000000016f0c800 1548       2       com.android.dx.ssa.SsaRenamer::access$500 (6 bytes)
Event: 2.304 Thread 0x0000000016f0c800 nmethod 1548 0x0000000002f6d7d0 code [0x0000000002f6d960, 0x0000000002f6dbf8]
Event: 2.304 Thread 0x0000000016f0c800 1549       2       com.android.dx.ssa.SsaRenamer::getLocalForNewReg (25 bytes)
Event: 2.304 Thread 0x0000000016f0c800 nmethod 1549 0x0000000002f6df10 code [0x0000000002f6e0a0, 0x0000000002f6e338]
Event: 2.306 Thread 0x0000000016f0c800 1550       2       com.android.dx.rop.annotation.Annotations::addAll (59 bytes)
Event: 2.307 Thread 0x0000000016f0c800 nmethod 1550 0x0000000002f6e5d0 code [0x0000000002f6e7a0, 0x0000000002f6ec18]

GC Heap History (10 events):
Event: 1.642 GC heap before
{Heap before GC invocations=12 (full 0):
 PSYoungGen      total 8192K, used 7296K [0x00000000eab00000, 0x00000000eb900000, 0x0000000100000000)
  eden space 6144K, 100% used [0x00000000eab00000,0x00000000eb100000,0x00000000eb100000)
  from space 2048K, 56% used [0x00000000eb100000,0x00000000eb220000,0x00000000eb300000)
  to   space 2048K, 0% used [0x00000000eb700000,0x00000000eb700000,0x00000000eb900000)
 ParOldGen       total 129536K, used 3590K [0x00000000c0000000, 0x00000000c7e80000, 0x00000000eab00000)
  object space 129536K, 2% used [0x00000000c0000000,0x00000000c0381b20,0x00000000c7e80000)
 Metaspace       used 5286K, capacity 6704K, committed 6784K, reserved 1056768K
  class space    used 539K, capacity 616K, committed 640K, reserved 1048576K
Event: 1.658 GC heap after
Heap after GC invocations=12 (full 0):
 PSYoungGen      total 12288K, used 1120K [0x00000000eab00000, 0x00000000eb900000, 0x0000000100000000)
  eden space 10240K, 0% used [0x00000000eab00000,0x00000000eab00000,0x00000000eb500000)
  from space 2048K, 54% used [0x00000000eb700000,0x00000000eb818010,0x00000000eb900000)
  to   space 2048K, 0% used [0x00000000eb500000,0x00000000eb500000,0x00000000eb700000)
 ParOldGen       total 129536K, used 4638K [0x00000000c0000000, 0x00000000c7e80000, 0x00000000eab00000)
  object space 129536K, 3% used [0x00000000c0000000,0x00000000c0487b20,0x00000000c7e80000)
 Metaspace       used 5286K, capacity 6704K, committed 6784K, reserved 1056768K
  class space    used 539K, capacity 616K, committed 640K, reserved 1048576K
}
Event: 1.748 GC heap before
{Heap before GC invocations=13 (full 0):
 PSYoungGen      total 12288K, used 11360K [0x00000000eab00000, 0x00000000eb900000, 0x0000000100000000)
  eden space 10240K, 100% used [0x00000000eab00000,0x00000000eb500000,0x00000000eb500000)
  from space 2048K, 54% used [0x00000000eb700000,0x00000000eb818010,0x00000000eb900000)
  to   space 2048K, 0% used [0x00000000eb500000,0x00000000eb500000,0x00000000eb700000)
 ParOldGen       total 129536K, used 4638K [0x00000000c0000000, 0x00000000c7e80000, 0x00000000eab00000)
  object space 129536K, 3% used [0x00000000c0000000,0x00000000c0487b20,0x00000000c7e80000)
 Metaspace       used 5334K, capacity 6768K, committed 7040K, reserved 1056768K
  class space    used 540K, capacity 616K, committed 640K, reserved 1048576K
Event: 1.771 GC heap after
Heap after GC invocations=13 (full 0):
 PSYoungGen      total 12288K, used 1830K [0x00000000eab00000, 0x00000000ebf00000, 0x0000000100000000)
  eden space 10240K, 0% used [0x00000000eab00000,0x00000000eab00000,0x00000000eb500000)
  from space 2048K, 89% used [0x00000000eb500000,0x00000000eb6c9a90,0x00000000eb700000)
  to   space 2048K, 0% used [0x00000000ebd00000,0x00000000ebd00000,0x00000000ebf00000)
 ParOldGen       total 129536K, used 5663K [0x00000000c0000000, 0x00000000c7e80000, 0x00000000eab00000)
  object space 129536K, 4% used [0x00000000c0000000,0x00000000c0587db8,0x00000000c7e80000)
 Metaspace       used 5334K, capacity 6768K, committed 7040K, reserved 1056768K
  class space    used 540K, capacity 616K, committed 640K, reserved 1048576K
}
Event: 1.850 GC heap before
{Heap before GC invocations=14 (full 0):
 PSYoungGen      total 12288K, used 12070K [0x00000000eab00000, 0x00000000ebf00000, 0x0000000100000000)
  eden space 10240K, 100% used [0x00000000eab00000,0x00000000eb500000,0x00000000eb500000)
  from space 2048K, 89% used [0x00000000eb500000,0x00000000eb6c9a90,0x00000000eb700000)
  to   space 2048K, 0% used [0x00000000ebd00000,0x00000000ebd00000,0x00000000ebf00000)
 ParOldGen       total 129536K, used 5663K [0x00000000c0000000, 0x00000000c7e80000, 0x00000000eab00000)
  object space 129536K, 4% used [0x00000000c0000000,0x00000000c0587db8,0x00000000c7e80000)
 Metaspace       used 5352K, capacity 6768K, committed 7040K, reserved 1056768K
  class space    used 540K, capacity 616K, committed 640K, reserved 1048576K
Event: 1.932 GC heap after
Heap after GC invocations=14 (full 0):
 PSYoungGen      total 17920K, used 1792K [0x00000000eab00000, 0x00000000ec000000, 0x0000000100000000)
  eden space 15872K, 0% used [0x00000000eab00000,0x00000000eab00000,0x00000000eba80000)
  from space 2048K, 87% used [0x00000000ebd00000,0x00000000ebec0010,0x00000000ebf00000)
  to   space 2560K, 0% used [0x00000000eba80000,0x00000000eba80000,0x00000000ebd00000)
 ParOldGen       total 129536K, used 7363K [0x00000000c0000000, 0x00000000c7e80000, 0x00000000eab00000)
  object space 129536K, 5% used [0x00000000c0000000,0x00000000c0730c38,0x00000000c7e80000)
 Metaspace       used 5352K, capacity 6768K, committed 7040K, reserved 1056768K
  class space    used 540K, capacity 616K, committed 640K, reserved 1048576K
}
Event: 2.032 GC heap before
{Heap before GC invocations=15 (full 0):
 PSYoungGen      total 17920K, used 17664K [0x00000000eab00000, 0x00000000ec000000, 0x0000000100000000)
  eden space 15872K, 100% used [0x00000000eab00000,0x00000000eba80000,0x00000000eba80000)
  from space 2048K, 87% used [0x00000000ebd00000,0x00000000ebec0010,0x00000000ebf00000)
  to   space 2560K, 0% used [0x00000000eba80000,0x00000000eba80000,0x00000000ebd00000)
 ParOldGen       total 129536K, used 7363K [0x00000000c0000000, 0x00000000c7e80000, 0x00000000eab00000)
  object space 129536K, 5% used [0x00000000c0000000,0x00000000c0730c38,0x00000000c7e80000)
 Metaspace       used 5359K, capacity 6768K, committed 7040K, reserved 1056768K
  class space    used 540K, capacity 616K, committed 640K, reserved 1048576K
Event: 2.059 GC heap after
Heap after GC invocations=15 (full 0):
 PSYoungGen      total 18432K, used 2541K [0x00000000eab00000, 0x00000000ec000000, 0x0000000100000000)
  eden space 15872K, 0% used [0x00000000eab00000,0x00000000eab00000,0x00000000eba80000)
  from space 2560K, 99% used [0x00000000eba80000,0x00000000ebcfb610,0x00000000ebd00000)
  to   space 2048K, 0% used [0x00000000ebd00000,0x00000000ebd00000,0x00000000ebf00000)
 ParOldGen       total 129536K, used 9897K [0x00000000c0000000, 0x00000000c7e80000, 0x00000000eab00000)
  object space 129536K, 7% used [0x00000000c0000000,0x00000000c09aa4a0,0x00000000c7e80000)
 Metaspace       used 5359K, capacity 6768K, committed 7040K, reserved 1056768K
  class space    used 540K, capacity 616K, committed 640K, reserved 1048576K
}
Event: 2.188 GC heap before
{Heap before GC invocations=16 (full 0):
 PSYoungGen      total 18432K, used 18413K [0x00000000eab00000, 0x00000000ec000000, 0x0000000100000000)
  eden space 15872K, 100% used [0x00000000eab00000,0x00000000eba80000,0x00000000eba80000)
  from space 2560K, 99% used [0x00000000eba80000,0x00000000ebcfb610,0x00000000ebd00000)
  to   space 2048K, 0% used [0x00000000ebd00000,0x00000000ebd00000,0x00000000ebf00000)
 ParOldGen       total 129536K, used 9897K [0x00000000c0000000, 0x00000000c7e80000, 0x00000000eab00000)
  object space 129536K, 7% used [0x00000000c0000000,0x00000000c09aa4a0,0x00000000c7e80000)
 Metaspace       used 5402K, capacity 6768K, committed 7040K, reserved 1056768K
  class space    used 540K, capacity 616K, committed 640K, reserved 1048576K
Event: 2.200 GC heap after
Heap after GC invocations=16 (full 0):
 PSYoungGen      total 17920K, used 2039K [0x00000000eab00000, 0x00000000ec000000, 0x0000000100000000)
  eden space 15872K, 0% used [0x00000000eab00000,0x00000000eab00000,0x00000000eba80000)
  from space 2048K, 99% used [0x00000000ebd00000,0x00000000ebefdf60,0x00000000ebf00000)
  to   space 2560K, 0% used [0x00000000eba80000,0x00000000eba80000,0x00000000ebd00000)
 ParOldGen       total 129536K, used 12775K [0x00000000c0000000, 0x00000000c7e80000, 0x00000000eab00000)
  object space 129536K, 9% used [0x00000000c0000000,0x00000000c0c79e98,0x00000000c7e80000)
 Metaspace       used 5402K, capacity 6768K, committed 7040K, reserved 1056768K
  class space    used 540K, capacity 616K, committed 640K, reserved 1048576K
}

Deoptimization events (10 events):
Event: 1.604 Thread 0x000000000019f000 Uncommon trap: reason=bimorphic action=maybe_recompile pc=0x0000000002bccef0 method=java.util.HashMap.getNode(ILjava/lang/Object;)Ljava/util/HashMap$Node; @ 126
Event: 1.660 Thread 0x000000000019f000 Uncommon trap: reason=null_check action=make_not_entrant pc=0x0000000002d5a118 method=com.android.dx.ssa.SsaRenamer.getLocalForNewReg(I)Lcom/android/dx/rop/code/LocalItem; @ 19
Event: 1.663 Thread 0x000000000019f000 Uncommon trap: reason=bimorphic action=maybe_recompile pc=0x0000000002e6aac0 method=java.util.HashMap.putVal(ILjava/lang/Object;Ljava/lang/Object;ZZ)Ljava/lang/Object; @ 91
Event: 1.663 Thread 0x000000000019f000 Uncommon trap: reason=bimorphic action=maybe_recompile pc=0x0000000002e6aac0 method=java.util.HashMap.putVal(ILjava/lang/Object;Ljava/lang/Object;ZZ)Ljava/lang/Object; @ 91
Event: 2.118 Thread 0x000000000019f000 Uncommon trap: reason=bimorphic action=maybe_recompile pc=0x0000000002f265d8 method=com.android.dx.cf.code.BytecodeArray.parseInstruction(ILcom/android/dx/cf/code/BytecodeArray$Visitor;)I @ 1501
Event: 2.120 Thread 0x000000000019f000 Uncommon trap: reason=bimorphic action=maybe_recompile pc=0x0000000002f265d8 method=com.android.dx.cf.code.BytecodeArray.parseInstruction(ILcom/android/dx/cf/code/BytecodeArray$Visitor;)I @ 1501
Event: 2.177 Thread 0x000000000019f000 Uncommon trap: reason=bimorphic action=maybe_recompile pc=0x0000000002f285b0 method=com.android.dx.cf.code.BytecodeArray.parseInstruction(ILcom/android/dx/cf/code/BytecodeArray$Visitor;)I @ 955
Event: 2.177 Thread 0x000000000019f000 Uncommon trap: reason=bimorphic action=maybe_recompile pc=0x0000000002f28630 method=com.android.dx.cf.code.BytecodeArray.parseInstruction(ILcom/android/dx/cf/code/BytecodeArray$Visitor;)I @ 939
Event: 2.177 Thread 0x000000000019f000 Uncommon trap: reason=bimorphic action=maybe_recompile pc=0x0000000002f285b0 method=com.android.dx.cf.code.BytecodeArray.parseInstruction(ILcom/android/dx/cf/code/BytecodeArray$Visitor;)I @ 955
Event: 2.283 Thread 0x000000000019f000 Uncommon trap: reason=null_check action=make_not_entrant pc=0x0000000002d48548 method=com.android.dx.ssa.SsaRenamer.getLocalForNewReg(I)Lcom/android/dx/rop/code/LocalItem; @ 19

Internal exceptions (5 events):
Event: 0.112 Thread 0x000000000019f000 Exception <a 'java/lang/NoSuchMethodError': Method sun.misc.Unsafe.defineClass(Ljava/lang/String;[BII)Ljava/lang/Class; name or signature does not match> (0x00000000eab0fce8) thrown at [D:\re\workspace\8-2-build-windows-amd64-cygwin\jdk8u5\2488\hotspot\srcÒÆpË¹¼?
Event: 0.112 Thread 0x000000000019f000 Exception <a 'java/lang/NoSuchMethodError': Method sun.misc.Unsafe.prefetchRead(Ljava/lang/Object;J)V name or signature does not match> (0x00000000eab0ff78) thrown at [D:\re\workspace\8-2-build-windows-amd64-cygwin\jdk8u5\2488\hotspot\src\share\vm\prims\jn‘ÍU+¨÷?
Event: 1.479 Thread 0x000000000019f000 Implicit null exception at 0x0000000002caff92 to 0x0000000002cb0031
Event: 1.660 Thread 0x000000000019f000 Implicit null exception at 0x0000000002d58f04 to 0x0000000002d5a0f5
Event: 2.283 Thread 0x000000000019f000 Implicit null exception at 0x0000000002d47378 to 0x0000000002d4850d

Events (10 events):
Event: 2.177 Thread 0x000000000019f000 DEOPT PACKING pc=0x0000000002f28630 sp=0x00000000026ee7c0
Event: 2.177 Thread 0x000000000019f000 DEOPT UNPACKING pc=0x0000000002a073ef sp=0x00000000026ee758 mode 2
Event: 2.177 Thread 0x000000000019f000 Uncommon trap: trap_request=0xffffffc6 fr.pc=0x0000000002f285b0
Event: 2.177 Thread 0x000000000019f000 DEOPT PACKING pc=0x0000000002f285b0 sp=0x00000000026ee570
Event: 2.177 Thread 0x000000000019f000 DEOPT UNPACKING pc=0x0000000002a073ef sp=0x00000000026ee508 mode 2
Event: 2.188 Executing VM operation: ParallelGCFailedAllocation
Event: 2.200 Executing VM operation: ParallelGCFailedAllocation done
Event: 2.283 Thread 0x000000000019f000 Uncommon trap: trap_request=0xfffffff4 fr.pc=0x0000000002d48548
Event: 2.283 Thread 0x000000000019f000 DEOPT PACKING pc=0x0000000002d48548 sp=0x00000000026ee6f0
Event: 2.283 Thread 0x000000000019f000 DEOPT UNPACKING pc=0x0000000002a073ef sp=0x00000000026ee548 mode 2


Dynamic libraries:
0x000000013fd50000 - 0x000000013fd84000 	C:\PROGRA~1\Java\JDK18~1.0_0\bin\java.exe
0x0000000076ed0000 - 0x0000000077079000 	C:\Windows\SYSTEM32\ntdll.dll
0x0000000076cb0000 - 0x0000000076dcf000 	C:\Windows\system32\kernel32.dll
0x000007fefcfe0000 - 0x000007fefd04c000 	C:\Windows\system32\KERNELBASE.dll
0x000007feff010000 - 0x000007feff0eb000 	C:\Windows\system32\ADVAPI32.dll
0x000007fefeb00000 - 0x000007fefeb9f000 	C:\Windows\system32\msvcrt.dll
0x000007fefd200000 - 0x000007fefd21f000 	C:\Windows\SYSTEM32\sechost.dll
0x000007fefd400000 - 0x000007fefd52d000 	C:\Windows\system32\RPCRT4.dll
0x0000000076dd0000 - 0x0000000076eca000 	C:\Windows\system32\USER32.dll
0x000007fefd0c0000 - 0x000007fefd127000 	C:\Windows\system32\GDI32.dll
0x000007fefedd0000 - 0x000007fefedde000 	C:\Windows\system32\LPK.dll
0x000007fefd130000 - 0x000007fefd1f9000 	C:\Windows\system32\USP10.dll
0x000007fefb6f0000 - 0x000007fefb8e4000 	C:\Windows\WinSxS\amd64_microsoft.windows.common-controls_6595b64144ccf1df_6.0.7601.17514_none_fa396087175ac9ac\COMCTL32.dll
0x000007fefef90000 - 0x000007feff001000 	C:\Windows\system32\SHLWAPI.dll
0x000007fefede0000 - 0x000007fefee0e000 	C:\Windows\system32\IMM32.DLL
0x000007fefe6a0000 - 0x000007fefe7a9000 	C:\Windows\system32\MSCTF.dll
0x000000006c510000 - 0x000000006c5e2000 	C:\PROGRA~1\Java\JDK18~1.0_0\jre\bin\msvcr100.dll
0x00000000535d0000 - 0x0000000053dfa000 	C:\PROGRA~1\Java\JDK18~1.0_0\jre\bin\server\jvm.dll
0x000007fef6b10000 - 0x000007fef6b19000 	C:\Windows\system32\WSOCK32.dll
0x000007fefd860000 - 0x000007fefd8ad000 	C:\Windows\system32\WS2_32.dll
0x000007feff1d0000 - 0x000007feff1d8000 	C:\Windows\system32\NSI.dll
0x000007fefa8c0000 - 0x000007fefa8fb000 	C:\Windows\system32\WINMM.dll
0x00000000770a0000 - 0x00000000770a7000 	C:\Windows\system32\PSAPI.DLL
0x000000006ff80000 - 0x000000006ff8f000 	C:\PROGRA~1\Java\JDK18~1.0_0\jre\bin\verify.dll
0x000000006e380000 - 0x000000006e3a8000 	C:\PROGRA~1\Java\JDK18~1.0_0\jre\bin\java.dll
0x000000006e360000 - 0x000000006e376000 	C:\PROGRA~1\Java\JDK18~1.0_0\jre\bin\zip.dll
0x000007fefd910000 - 0x000007fefe698000 	C:\Windows\system32\SHELL32.dll
0x000007fefe7b0000 - 0x000007fefe9b3000 	C:\Windows\system32\ole32.dll
0x000007fefcc90000 - 0x000007fefcc9f000 	C:\Windows\system32\profapi.dll
0x000007fefaa00000 - 0x000007fefab25000 	C:\Windows\system32\dbghelp.dll

VM Arguments:
jvm_args: -Xmx1024M -Xss1m -Djava.ext.dirs=C:\Program Files (x86)\Android\android-studio\sdk\build-tools\android-4.4.2\lib 
java_command: C:\Program Files (x86)\Android\android-studio\sdk\build-tools\android-4.4.2\lib\dx.jar --dex --output C:\Users\Siza\Arrythmia Project Newtonmin\ArrythmiaProject\Arrythmia\app\build\pre-dexed\debug\support-v4-19.1.0-e311e493b238b75da4095bd5ee7b69d76d73dc42.jar C:\Program Files (x86)\Android\android-studio\sdk\extras\android\m2repository\com\android\support\support-v4\19.1.0\support-v4-19.1.0.jar
java_class_path (initial): C:\Program Files (x86)\Android\android-studio\sdk\build-tools\android-4.4.2\lib\dx.jar
Launcher Type: SUN_STANDARD

Environment Variables:
JAVA_HOME=C:\Program Files\Java\jdk1.8.0_05
PATH=C:\Program Files (x86)\NVIDIA Corporation\PhysX\Common;C:\Program Files\Common Files\Microsoft Shared\Windows Live;C:\Program Files (x86)\Common Files\Microsoft Shared\Windows Live;C:\Program Files (x86)\Microchip\MPLABC18\v3.45\mpasm;C:\Program Files (x86)\Microchip\MPLABC18\v3.45\bin;C:\Program Files (x86)\Microchip\MPLABC18\v3.41\mpasm;C:\Program Files (x86)\Microchip\MPLABC18\v3.41\bin;C:\Program Files (x86)\Microchip\mplabc32\v2.02\bin;C:\Program Files (x86)\Microchip\MPLAB C30\bin;C:\Program Files (x86)\Microchip\xc32\v1.20\bin;C:\Program Files (x86)\Microchip\xc16\v1.11\bin;C:\Program Files (x86)\Microchip\xc8\v1.12\bin;C:\Windows\system32;C:\Windows;C:\Windows\System32\Wbem;C:\Windows\System32\WindowsPowerShell\v1.0\;C:\Program Files\Microsoft\Web Platform Installer\;C:\Program Files (x86)\Microsoft ASP.NET\ASP.NET Web Pages\v1.0\;C:\Program Files (x86)\Windows Kits\8.0\Windows Performance Toolkit\;C:\Program Files\Microsoft SQL Server\110\Tools\Binn\;C:\Program Files\IVI Foundation\VISA\Win64\Bin\;C:\Program Files (x86)\IVI Foundation\VISA\WinNT\Bin\;C:\Program Files (x86)\IVI Foundation\VISA\WinNT\Bin;C:\Program Files (x86)\Microsoft SQL Server\100\Tools\Binn\;C:\Program Files\Microsoft SQL Server\100\Tools\Binn\;C:\Program Files\Microsoft SQL Server\100\DTS\Binn\;C:\Program Files\MATLAB\R2011b\runtime\win64;C:\Program Files\MATLAB\R2011b\bin;C:\Program Files\MATLAB\R2010b\runtime\win64;C:\Program Files\MATLAB\R2010b\bin;C:\Program Files (x86)\Microchip\MPLAB C32 Suite\bin;C:\Program Files\Java\jdk1.7.0_17\bin;C:\Program Files (x86)\HI-TECH Software\PICC\9.83\bin;C:\Program Files (x86)\Windows Live\Shared;C:\Program Files (x86)\QuickTime\QTSystem\;C:\Program Files (x86)\Microchip\MPLABC18\v3.41\mpasm;C:\Program Files (x86)\Microchip\MPLABC18\v3.41\bin;C:\Program Files (x86)\Microchip\MPLABC18\v3.45\mpasm;C:\Program Files (x86)\Microchip\MPLABC18\v3.45\bin;C:\Windows\system32;C:\Windows;C:\Windows\System32\Wbem
USERNAME=Siza
OS=Windows_NT
PROCESSOR_IDENTIFIER=AMD64 Family 16 Model 10 Stepping 0, AuthenticAMD



---------------  S Y S T E M  ---------------

OS: Windows 7 , 64 bit Build 7601 Service Pack 1

CPU:total 6 (6 cores per cpu, 1 threads per core) family 16 model 10 stepping 0, cmov, cx8, fxsr, mmx, sse, sse2, sse3, popcnt, mmxext, 3dnowpref, lzcnt, sse4a, tsc, tscinvbit

Memory: 4k page, physical 8387816k(1350200k free), swap 8385952k(252288k free)

vm_info: Java HotSpot(TM) 64-Bit Server VM (25.5-b02) for windows-amd64 JRE (1.8.0_05-b13), built on Mar 18 2014 01:08:39 by "java_re" with MS VC++ 10.0 (VS2010)

time: Mon Jun 02 03:04:30 2014
elapsed time: 2 seconds

