#
# There is insufficient memory for the Java Runtime Environment to continue.
# Native memory allocation (malloc) failed to allocate 1548576 bytes for Chunk::new
# Possible reasons:
#   The system is out of physical RAM or swap space
#   In 32 bit mode, the process size limit was hit
# Possible solutions:
#   Reduce memory load on the system
#   Increase physical memory or swap space
#   Check if swap backing store is full
#   Use 64 bit Java on a 64 bit OS
#   Decrease Java heap size (-Xmx/-Xms)
#   Decrease number of Java threads
#   Decrease Java thread stack sizes (-Xss)
#   Set larger code cache with -XX:ReservedCodeCacheSize=
# This output file may be truncated or incomplete.
#
#  Out of Memory Error (allocation.cpp:388), pid=7812, tid=8844
#
# JRE version: Java(TM) SE Runtime Environment (8.0_05-b13) (build 1.8.0_05-b13)
# Java VM: Java HotSpot(TM) 64-Bit Server VM (25.5-b02 mixed mode windows-amd64 compressed oops)
# Failed to write core dump. Minidumps are not enabled by default on client versions of Windows
#

---------------  T H R E A D  ---------------

Current thread (0x0000000056f82800):  JavaThread "C2 CompilerThread1" daemon [_thread_in_native, id=8844, stack(0x0000000057940000,0x0000000057a40000)]

Stack: [0x0000000057940000,0x0000000057a40000]
Native frames: (J=compiled Java code, j=interpreted, Vv=VM code, C=native code)
V  [jvm.dll+0x308dea]


Current CompileTask:
C2:   3891 2161       4       com.android.dx.dex.code.DalvCode::finishProcessingIfNecessary (69 bytes)


---------------  P R O C E S S  ---------------

Java Threads: ( => current thread )
  0x0000000056fcf800 JavaThread "Service Thread" daemon [_thread_blocked, id=15036, stack(0x0000000057be0000,0x0000000057ce0000)]
  0x0000000056f86000 JavaThread "C1 CompilerThread2" daemon [_thread_blocked, id=14164, stack(0x0000000057820000,0x0000000057920000)]
=>0x0000000056f82800 JavaThread "C2 CompilerThread1" daemon [_thread_in_native, id=8844, stack(0x0000000057940000,0x0000000057a40000)]
  0x0000000056f8f000 JavaThread "C2 CompilerThread0" daemon [_thread_blocked, id=7724, stack(0x00000000574d0000,0x00000000575d0000)]
  0x0000000056f8d800 JavaThread "Attach Listener" daemon [_thread_blocked, id=14856, stack(0x0000000057680000,0x0000000057780000)]
  0x0000000056f8c800 JavaThread "Signal Dispatcher" daemon [_thread_blocked, id=17072, stack(0x00000000573c0000,0x00000000574c0000)]
  0x00000000554d1000 JavaThread "Finalizer" daemon [_thread_blocked, id=16468, stack(0x0000000056e30000,0x0000000056f30000)]
  0x00000000554c6000 JavaThread "Reference Handler" daemon [_thread_blocked, id=16932, stack(0x0000000056c50000,0x0000000056d50000)]
  0x000000000233f000 JavaThread "main" [_thread_in_native, id=15512, stack(0x0000000002650000,0x0000000002750000)]

Other Threads:
  0x00000000554c2800 VMThread [stack: 0x0000000056b00000,0x0000000056c00000] [id=17040]
  0x0000000056fd5800 WatcherThread [stack: 0x0000000057d90000,0x0000000057e90000] [id=16228]

VM state:not at safepoint (normal execution)

VM Mutex/Monitor currently owned by a thread: None

Heap:
 PSYoungGen      total 56832K, used 8230K [0x00000000eab00000, 0x00000000ee980000, 0x0000000100000000)
  eden space 50688K, 4% used [0x00000000eab00000,0x00000000ead0c778,0x00000000edc80000)
  from space 6144K, 99% used [0x00000000edc80000,0x00000000ee27d438,0x00000000ee280000)
  to   space 5120K, 0% used [0x00000000ee280000,0x00000000ee280000,0x00000000ee780000)
 ParOldGen       total 129536K, used 21992K [0x00000000c0000000, 0x00000000c7e80000, 0x00000000eab00000)
  object space 129536K, 16% used [0x00000000c0000000,0x00000000c157a1d0,0x00000000c7e80000)
 Metaspace       used 6253K, capacity 7256K, committed 7424K, reserved 1056768K
  class space    used 621K, capacity 656K, committed 768K, reserved 1048576K

Card table byte_map: [0x0000000011de0000,0x0000000011ff0000] byte_map_base: 0x00000000117e0000

Marking Bits: (ParMarkBitMap*) 0x00000000661413b0
 Begin Bits: [0x00000000128e0000, 0x00000000138e0000)
 End Bits:   [0x00000000138e0000, 0x00000000148e0000)

Polling page: 0x0000000000230000

CodeCache: size=245760Kb used=8315Kb max_used=8329Kb free=237444Kb
 bounds [0x0000000002a20000, 0x0000000003250000, 0x0000000011a20000]
 total_blobs=2454 nmethods=2186 adapters=182
 compilation: enabled

Compilation events (10 events):
Event: 3.843 Thread 0x0000000056f86000 nmethod 2216 0x000000000323f450 code [0x000000000323f660, 0x00000000032403a8]
Event: 3.852 Thread 0x0000000056f8f000 nmethod 2204 0x0000000003244550 code [0x0000000003244740, 0x0000000003245630]
Event: 3.852 Thread 0x0000000056f8f000 2208       4       java.lang.CharacterData::of (120 bytes)
Event: 3.853 Thread 0x0000000056f8f000 nmethod 2208 0x0000000003243390 code [0x00000000032435a0, 0x0000000003243658]
Event: 3.853 Thread 0x0000000056f8f000 2214       4       java.lang.Integer::reverseBytes (26 bytes)
Event: 3.853 Thread 0x0000000056f8f000 nmethod 2214 0x0000000003235bd0 code [0x0000000003235d00, 0x0000000003235d78]
Event: 3.853 Thread 0x0000000056f8f000 2217 %     4       sun.security.provider.SHA::implCompress @ 12 (491 bytes)
Event: 3.862 Thread 0x0000000056f86000 2218       3       sun.misc.ASCIICaseInsensitiveComparator::toLower (16 bytes)
Event: 3.862 Thread 0x0000000056f86000 nmethod 2218 0x0000000003244110 code [0x0000000003244280, 0x00000000032444b0]
Event: 3.872 Thread 0x0000000056f8f000 nmethod 2217% 0x0000000003247d50 code [0x0000000003247ea0, 0x0000000003248938]

GC Heap History (10 events):
Event: 1.782 GC heap before
{Heap before GC invocations=13 (full 0):
 PSYoungGen      total 23040K, used 22048K [0x00000000eab00000, 0x00000000ec480000, 0x0000000100000000)
  eden space 19968K, 100% used [0x00000000eab00000,0x00000000ebe80000,0x00000000ebe80000)
  from space 3072K, 67% used [0x00000000ec180000,0x00000000ec388010,0x00000000ec480000)
  to   space 3072K, 0% used [0x00000000ebe80000,0x00000000ebe80000,0x00000000ec180000)
 ParOldGen       total 129536K, used 7618K [0x00000000c0000000, 0x00000000c7e80000, 0x00000000eab00000)
  object space 129536K, 5% used [0x00000000c0000000,0x00000000c0770800,0x00000000c7e80000)
 Metaspace       used 5409K, capacity 6832K, committed 7040K, reserved 1056768K
  class space    used 540K, capacity 616K, committed 640K, reserved 1048576K
Event: 1.788 GC heap after
Heap after GC invocations=13 (full 0):
 PSYoungGen      total 23040K, used 3040K [0x00000000eab00000, 0x00000000ed380000, 0x0000000100000000)
  eden space 19968K, 0% used [0x00000000eab00000,0x00000000eab00000,0x00000000ebe80000)
  from space 3072K, 98% used [0x00000000ebe80000,0x00000000ec1782b0,0x00000000ec180000)
  to   space 4608K, 0% used [0x00000000ecf00000,0x00000000ecf00000,0x00000000ed380000)
 ParOldGen       total 129536K, used 9802K [0x00000000c0000000, 0x00000000c7e80000, 0x00000000eab00000)
  object space 129536K, 7% used [0x00000000c0000000,0x00000000c0992a38,0x00000000c7e80000)
 Metaspace       used 5409K, capacity 6832K, committed 7040K, reserved 1056768K
  class space    used 540K, capacity 616K, committed 640K, reserved 1048576K
}
Event: 1.972 GC heap before
{Heap before GC invocations=14 (full 0):
 PSYoungGen      total 23040K, used 23008K [0x00000000eab00000, 0x00000000ed380000, 0x0000000100000000)
  eden space 19968K, 100% used [0x00000000eab00000,0x00000000ebe80000,0x00000000ebe80000)
  from space 3072K, 98% used [0x00000000ebe80000,0x00000000ec1782b0,0x00000000ec180000)
  to   space 4608K, 0% used [0x00000000ecf00000,0x00000000ecf00000,0x00000000ed380000)
 ParOldGen       total 129536K, used 9802K [0x00000000c0000000, 0x00000000c7e80000, 0x00000000eab00000)
  object space 129536K, 7% used [0x00000000c0000000,0x00000000c0992a38,0x00000000c7e80000)
 Metaspace       used 5504K, capacity 6832K, committed 7040K, reserved 1056768K
  class space    used 559K, capacity 616K, committed 640K, reserved 1048576K
Event: 2.103 GC heap after
Heap after GC invocations=14 (full 0):
 PSYoungGen      total 36864K, used 3152K [0x00000000eab00000, 0x00000000ed380000, 0x0000000100000000)
  eden space 32256K, 0% used [0x00000000eab00000,0x00000000eab00000,0x00000000eca80000)
  from space 4608K, 68% used [0x00000000ecf00000,0x00000000ed2143a8,0x00000000ed380000)
  to   space 4608K, 0% used [0x00000000eca80000,0x00000000eca80000,0x00000000ecf00000)
 ParOldGen       total 129536K, used 12722K [0x00000000c0000000, 0x00000000c7e80000, 0x00000000eab00000)
  object space 129536K, 9% used [0x00000000c0000000,0x00000000c0c6cbf0,0x00000000c7e80000)
 Metaspace       used 5504K, capacity 6832K, committed 7040K, reserved 1056768K
  class space    used 559K, capacity 616K, committed 640K, reserved 1048576K
}
Event: 2.344 GC heap before
{Heap before GC invocations=15 (full 0):
 PSYoungGen      total 36864K, used 35408K [0x00000000eab00000, 0x00000000ed380000, 0x0000000100000000)
  eden space 32256K, 100% used [0x00000000eab00000,0x00000000eca80000,0x00000000eca80000)
  from space 4608K, 68% used [0x00000000ecf00000,0x00000000ed2143a8,0x00000000ed380000)
  to   space 4608K, 0% used [0x00000000eca80000,0x00000000eca80000,0x00000000ecf00000)
 ParOldGen       total 129536K, used 12722K [0x00000000c0000000, 0x00000000c7e80000, 0x00000000eab00000)
  object space 129536K, 9% used [0x00000000c0000000,0x00000000c0c6cbf0,0x00000000c7e80000)
 Metaspace       used 5524K, capacity 6832K, committed 7040K, reserved 1056768K
  class space    used 559K, capacity 616K, committed 640K, reserved 1048576K
Event: 2.367 GC heap after
Heap after GC invocations=15 (full 0):
 PSYoungGen      total 36864K, used 4401K [0x00000000eab00000, 0x00000000ee780000, 0x0000000100000000)
  eden space 32256K, 0% used [0x00000000eab00000,0x00000000eab00000,0x00000000eca80000)
  from space 4608K, 95% used [0x00000000eca80000,0x00000000ececc678,0x00000000ecf00000)
  to   space 5120K, 0% used [0x00000000ee280000,0x00000000ee280000,0x00000000ee780000)
 ParOldGen       total 129536K, used 15672K [0x00000000c0000000, 0x00000000c7e80000, 0x00000000eab00000)
  object space 129536K, 12% used [0x00000000c0000000,0x00000000c0f4e380,0x00000000c7e80000)
 Metaspace       used 5524K, capacity 6832K, committed 7040K, reserved 1056768K
  class space    used 559K, capacity 616K, committed 640K, reserved 1048576K
}
Event: 2.631 GC heap before
{Heap before GC invocations=16 (full 0):
 PSYoungGen      total 36864K, used 36657K [0x00000000eab00000, 0x00000000ee780000, 0x0000000100000000)
  eden space 32256K, 100% used [0x00000000eab00000,0x00000000eca80000,0x00000000eca80000)
  from space 4608K, 95% used [0x00000000eca80000,0x00000000ececc678,0x00000000ecf00000)
  to   space 5120K, 0% used [0x00000000ee280000,0x00000000ee280000,0x00000000ee780000)
 ParOldGen       total 129536K, used 15672K [0x00000000c0000000, 0x00000000c7e80000, 0x00000000eab00000)
  object space 129536K, 12% used [0x00000000c0000000,0x00000000c0f4e380,0x00000000c7e80000)
 Metaspace       used 5531K, capacity 6832K, committed 7040K, reserved 1056768K
  class space    used 559K, capacity 616K, committed 640K, reserved 1048576K
Event: 2.679 GC heap after
Heap after GC invocations=16 (full 0):
 PSYoungGen      total 55808K, used 4667K [0x00000000eab00000, 0x00000000ee980000, 0x0000000100000000)
  eden space 50688K, 0% used [0x00000000eab00000,0x00000000eab00000,0x00000000edc80000)
  from space 5120K, 91% used [0x00000000ee280000,0x00000000ee70ec18,0x00000000ee780000)
  to   space 6144K, 0% used [0x00000000edc80000,0x00000000edc80000,0x00000000ee280000)
 ParOldGen       total 129536K, used 19856K [0x00000000c0000000, 0x00000000c7e80000, 0x00000000eab00000)
  object space 129536K, 15% used [0x00000000c0000000,0x00000000c1364328,0x00000000c7e80000)
 Metaspace       used 5531K, capacity 6832K, committed 7040K, reserved 1056768K
  class space    used 559K, capacity 616K, committed 640K, reserved 1048576K
}
Event: 3.511 GC heap before
{Heap before GC invocations=17 (full 0):
 PSYoungGen      total 55808K, used 55355K [0x00000000eab00000, 0x00000000ee980000, 0x0000000100000000)
  eden space 50688K, 100% used [0x00000000eab00000,0x00000000edc80000,0x00000000edc80000)
  from space 5120K, 91% used [0x00000000ee280000,0x00000000ee70ec18,0x00000000ee780000)
  to   space 6144K, 0% used [0x00000000edc80000,0x00000000edc80000,0x00000000ee280000)
 ParOldGen       total 129536K, used 19856K [0x00000000c0000000, 0x00000000c7e80000, 0x00000000eab00000)
  object space 129536K, 15% used [0x00000000c0000000,0x00000000c1364328,0x00000000c7e80000)
 Metaspace       used 5877K, capacity 7088K, committed 7296K, reserved 1056768K
  class space    used 582K, capacity 616K, committed 640K, reserved 1048576K
Event: 3.558 GC heap after
Heap after GC invocations=17 (full 0):
 PSYoungGen      total 56832K, used 6133K [0x00000000eab00000, 0x00000000ee980000, 0x0000000100000000)
  eden space 50688K, 0% used [0x00000000eab00000,0x00000000eab00000,0x00000000edc80000)
  from space 6144K, 99% used [0x00000000edc80000,0x00000000ee27d438,0x00000000ee280000)
  to   space 5120K, 0% used [0x00000000ee280000,0x00000000ee280000,0x00000000ee780000)
 ParOldGen       total 129536K, used 21992K [0x00000000c0000000, 0x00000000c7e80000, 0x00000000eab00000)
  object space 129536K, 16% used [0x00000000c0000000,0x00000000c157a1d0,0x00000000c7e80000)
 Metaspace       used 5877K, capacity 7088K, committed 7296K, reserved 1056768K
  class space    used 582K, capacity 616K, committed 640K, reserved 1048576K
}

Deoptimization events (10 events):
Event: 3.257 Thread 0x000000000233f000 Uncommon trap: reason=class_check action=maybe_recompile pc=0x0000000002de019c method=java.util.Arrays.equals([Ljava/lang/Object;[Ljava/lang/Object;)Z @ 62
Event: 3.257 Thread 0x000000000233f000 Uncommon trap: reason=class_check action=maybe_recompile pc=0x0000000002e50524 method=com.android.dx.util.FixedSizeList.equals(Ljava/lang/Object;)Z @ 25
Event: 3.257 Thread 0x000000000233f000 Uncommon trap: reason=class_check action=maybe_recompile pc=0x0000000002de019c method=java.util.Arrays.equals([Ljava/lang/Object;[Ljava/lang/Object;)Z @ 62
Event: 3.257 Thread 0x000000000233f000 Uncommon trap: reason=class_check action=maybe_recompile pc=0x0000000002e50524 method=com.android.dx.util.FixedSizeList.equals(Ljava/lang/Object;)Z @ 25
Event: 3.257 Thread 0x000000000233f000 Uncommon trap: reason=class_check action=maybe_recompile pc=0x0000000002de019c method=java.util.Arrays.equals([Ljava/lang/Object;[Ljava/lang/Object;)Z @ 62
Event: 3.257 Thread 0x000000000233f000 Uncommon trap: reason=class_check action=maybe_recompile pc=0x0000000002de019c method=java.util.Arrays.equals([Ljava/lang/Object;[Ljava/lang/Object;)Z @ 62
Event: 3.815 Thread 0x000000000233f000 Uncommon trap: reason=unreached action=reinterpret pc=0x0000000002dd0c34 method=java.util.Arrays.copyOf([Ljava/lang/Object;ILjava/lang/Class;)[Ljava/lang/Object; @ 3
Event: 3.833 Thread 0x000000000233f000 Uncommon trap: reason=class_check action=maybe_recompile pc=0x0000000003020c9c method=java.util.HashMap.putVal(ILjava/lang/Object;Ljava/lang/Object;ZZ)Ljava/lang/Object; @ 56
Event: 3.833 Thread 0x000000000233f000 Uncommon trap: reason=class_check action=maybe_recompile pc=0x0000000003020cec method=java.util.HashMap.putVal(ILjava/lang/Object;Ljava/lang/Object;ZZ)Ljava/lang/Object; @ 152
Event: 3.833 Thread 0x000000000233f000 Uncommon trap: reason=class_check action=maybe_recompile pc=0x0000000003020c9c method=java.util.HashMap.putVal(ILjava/lang/Object;Ljava/lang/Object;ZZ)Ljava/lang/Object; @ 56

Internal exceptions (7 events):
Event: 0.067 Thread 0x000000000233f000 Exception <a 'java/lang/NoSuchMethodError': Method sun.misc.Unsafe.defineClass(Ljava/lang/String;[BII)Ljava/lang/Class; name or signature does not match> (0x00000000eab0fa88) thrown at [D:\re\workspace\8-2-build-windows-amd64-cygwin\jdk8u5\2488\hotspot\srcvb±?
Event: 0.067 Thread 0x000000000233f000 Exception <a 'java/lang/NoSuchMethodError': Method sun.misc.Unsafe.prefetchRead(Ljava/lang/Object;J)V name or signature does not match> (0x00000000eab0fd30) thrown at [D:\re\workspace\8-2-build-windows-amd64-cygwin\jdk8u5\2488\hotspot\src\share\vm\prims\jnðRRº=í?
Event: 0.914 Thread 0x000000000233f000 Implicit null exception at 0x0000000002d4e89e to 0x0000000002d5096d
Event: 1.310 Thread 0x000000000233f000 Implicit null exception at 0x0000000002d9fd33 to 0x0000000002da20a5
Event: 1.832 Thread 0x000000000233f000 Exception <a 'java/lang/ArrayIndexOutOfBoundsException': 18> (0x00000000eae392d8) thrown at [D:\re\workspace\8-2-build-windows-amd64-cygwin\jdk8u5\2488\hotspot\src\share\vm\interpreter\interpreterRuntime.cpp, line 337]
Event: 1.834 Thread 0x000000000233f000 Exception <a 'java/lang/ArrayIndexOutOfBoundsException'> (0x00000000eae3ad70) thrown at [D:\re\workspace\8-2-build-windows-amd64-cygwin\jdk8u5\2488\hotspot\src\share\vm\runtime\sharedRuntime.cpp, line 595]
Event: 1.836 Thread 0x000000000233f000 Exception <a 'java/lang/ArrayIndexOutOfBoundsException'> (0x00000000eae3bf88) thrown at [D:\re\workspace\8-2-build-windows-amd64-cygwin\jdk8u5\2488\hotspot\src\share\vm\runtime\sharedRuntime.cpp, line 595]

Events (10 events):
Event: 3.866 loading class java/util/zip/Deflater
Event: 3.866 loading class java/util/zip/Deflater done
Event: 3.866 loading class java/util/zip/ZipOutputStream$XEntry
Event: 3.866 loading class java/util/zip/ZipOutputStream$XEntry done
Event: 3.867 loading class java/io/DataOutputStream
Event: 3.867 loading class java/io/DataOutput
Event: 3.867 loading class java/io/DataOutput done
Event: 3.867 loading class java/io/DataOutputStream done
Event: 3.867 loading class java/lang/StringCoding$StringEncoder
Event: 3.867 loading class java/lang/StringCoding$StringEncoder done


Dynamic libraries:
0x000000013fcb0000 - 0x000000013fce4000 	C:\PROGRA~1\Java\JDK18~1.0_0\bin\java.exe
0x0000000076ed0000 - 0x0000000077079000 	C:\Windows\SYSTEM32\ntdll.dll
0x0000000076cb0000 - 0x0000000076dcf000 	C:\Windows\system32\kernel32.dll
0x000007fefcfe0000 - 0x000007fefd04c000 	C:\Windows\system32\KERNELBASE.dll
0x000007feff010000 - 0x000007feff0eb000 	C:\Windows\system32\ADVAPI32.dll
0x000007fefeb00000 - 0x000007fefeb9f000 	C:\Windows\system32\msvcrt.dll
0x000007fefd200000 - 0x000007fefd21f000 	C:\Windows\SYSTEM32\sechost.dll
0x000007fefd400000 - 0x000007fefd52d000 	C:\Windows\system32\RPCRT4.dll
0x0000000076dd0000 - 0x0000000076eca000 	C:\Windows\system32\USER32.dll
0x000007fefd0c0000 - 0x000007fefd127000 	C:\Windows\system32\GDI32.dll
0x000007fefedd0000 - 0x000007fefedde000 	C:\Windows\system32\LPK.dll
0x000007fefd130000 - 0x000007fefd1f9000 	C:\Windows\system32\USP10.dll
0x000007fefb6f0000 - 0x000007fefb8e4000 	C:\Windows\WinSxS\amd64_microsoft.windows.common-controls_6595b64144ccf1df_6.0.7601.17514_none_fa396087175ac9ac\COMCTL32.dll
0x000007fefef90000 - 0x000007feff001000 	C:\Windows\system32\SHLWAPI.dll
0x000007fefede0000 - 0x000007fefee0e000 	C:\Windows\system32\IMM32.DLL
0x000007fefe6a0000 - 0x000007fefe7a9000 	C:\Windows\system32\MSCTF.dll
0x000000006d9a0000 - 0x000000006da72000 	C:\PROGRA~1\Java\JDK18~1.0_0\jre\bin\msvcr100.dll
0x0000000065990000 - 0x00000000661ba000 	C:\PROGRA~1\Java\JDK18~1.0_0\jre\bin\server\jvm.dll
0x000007fef6b10000 - 0x000007fef6b19000 	C:\Windows\system32\WSOCK32.dll
0x000007fefd860000 - 0x000007fefd8ad000 	C:\Windows\system32\WS2_32.dll
0x000007feff1d0000 - 0x000007feff1d8000 	C:\Windows\system32\NSI.dll
0x000007fefa8c0000 - 0x000007fefa8fb000 	C:\Windows\system32\WINMM.dll
0x00000000770a0000 - 0x00000000770a7000 	C:\Windows\system32\PSAPI.DLL
0x000000006fea0000 - 0x000000006feaf000 	C:\PROGRA~1\Java\JDK18~1.0_0\jre\bin\verify.dll
0x000000006e210000 - 0x000000006e238000 	C:\PROGRA~1\Java\JDK18~1.0_0\jre\bin\java.dll
0x000000006f330000 - 0x000000006f346000 	C:\PROGRA~1\Java\JDK18~1.0_0\jre\bin\zip.dll
0x000007fefd910000 - 0x000007fefe698000 	C:\Windows\system32\SHELL32.dll
0x000007fefe7b0000 - 0x000007fefe9b3000 	C:\Windows\system32\ole32.dll
0x000007fefcc90000 - 0x000007fefcc9f000 	C:\Windows\system32\profapi.dll

VM Arguments:
jvm_args: -Xmx1024M -Xss1m -Djava.ext.dirs=C:\Program Files (x86)\Android\android-studio\sdk\build-tools\android-4.4.2\lib 
java_command: C:\Program Files (x86)\Android\android-studio\sdk\build-tools\android-4.4.2\lib\dx.jar --dex --output C:\Users\Siza\Arrythmia Project Newtonmin\ArrythmiaProject\Arrythmia\app\build\pre-dexed\debug\classes-155060e0ae02b3b139bf6535a04ca272e9c6ee87.jar C:\Users\Siza\Arrythmia Project Newtonmin\ArrythmiaProject\Arrythmia\app\build\exploded-aar\com.android.support\appcompat-v7\19.1.0\classes.jar
java_class_path (initial): C:\Program Files (x86)\Android\android-studio\sdk\build-tools\android-4.4.2\lib\dx.jar
Launcher Type: SUN_STANDARD

Environment Variables:
JAVA_HOME=C:\Program Files\Java\jdk1.8.0_05
PATH=C:\Program Files (x86)\NVIDIA Corporation\PhysX\Common;C:\Program Files\Common Files\Microsoft Shared\Windows Live;C:\Program Files (x86)\Common Files\Microsoft Shared\Windows Live;C:\Program Files (x86)\Microchip\MPLABC18\v3.45\mpasm;C:\Program Files (x86)\Microchip\MPLABC18\v3.45\bin;C:\Program Files (x86)\Microchip\MPLABC18\v3.41\mpasm;C:\Program Files (x86)\Microchip\MPLABC18\v3.41\bin;C:\Program Files (x86)\Microchip\mplabc32\v2.02\bin;C:\Program Files (x86)\Microchip\MPLAB C30\bin;C:\Program Files (x86)\Microchip\xc32\v1.20\bin;C:\Program Files (x86)\Microchip\xc16\v1.11\bin;C:\Program Files (x86)\Microchip\xc8\v1.12\bin;C:\Windows\system32;C:\Windows;C:\Windows\System32\Wbem;C:\Windows\System32\WindowsPowerShell\v1.0\;C:\Program Files\Microsoft\Web Platform Installer\;C:\Program Files (x86)\Microsoft ASP.NET\ASP.NET Web Pages\v1.0\;C:\Program Files (x86)\Windows Kits\8.0\Windows Performance Toolkit\;C:\Program Files\Microsoft SQL Server\110\Tools\Binn\;C:\Program Files\IVI Foundation\VISA\Win64\Bin\;C:\Program Files (x86)\IVI Foundation\VISA\WinNT\Bin\;C:\Program Files (x86)\IVI Foundation\VISA\WinNT\Bin;C:\Program Files (x86)\Microsoft SQL Server\100\Tools\Binn\;C:\Program Files\Microsoft SQL Server\100\Tools\Binn\;C:\Program Files\Microsoft SQL Server\100\DTS\Binn\;C:\Program Files\MATLAB\R2011b\runtime\win64;C:\Program Files\MATLAB\R2011b\bin;C:\Program Files\MATLAB\R2010b\runtime\win64;C:\Program Files\MATLAB\R2010b\bin;C:\Program Files (x86)\Microchip\MPLAB C32 Suite\bin;C:\Program Files\Java\jdk1.7.0_17\bin;C:\Program Files (x86)\HI-TECH Software\PICC\9.83\bin;C:\Program Files (x86)\Windows Live\Shared;C:\Program Files (x86)\QuickTime\QTSystem\;
USERNAME=Siza
OS=Windows_NT
PROCESSOR_IDENTIFIER=AMD64 Family 16 Model 10 Stepping 0, AuthenticAMD



---------------  S Y S T E M  ---------------

OS: Windows 7 , 64 bit Build 7601 Service Pack 1

CPU:total 6 (6 cores per cpu, 1 threads per core) family 16 model 10 stepping 0, cmov, cx8, fxsr, mmx, sse, sse2, sse3, popcnt, mmxext, 3dnowpref, lzcnt, sse4a, tsc, tscinvbit

Memory: 4k page, physical 8387816k(1287060k free), swap 8385952k(5092k free)

vm_info: Java HotSpot(TM) 64-Bit Server VM (25.5-b02) for windows-amd64 JRE (1.8.0_05-b13), built on Mar 18 2014 01:08:39 by "java_re" with MS VC++ 10.0 (VS2010)

time: Sat Jun 07 19:10:58 2014
elapsed time: 3 seconds

