#
# There is insufficient memory for the Java Runtime Environment to continue.
# Native memory allocation (malloc) failed to allocate 1195376 bytes for Chunk::new
# Possible reasons:
#   The system is out of physical RAM or swap space
#   In 32 bit mode, the process size limit was hit
# Possible solutions:
#   Reduce memory load on the system
#   Increase physical memory or swap space
#   Check if swap backing store is full
#   Use 64 bit Java on a 64 bit OS
#   Decrease Java heap size (-Xmx/-Xms)
#   Decrease number of Java threads
#   Decrease Java thread stack sizes (-Xss)
#   Set larger code cache with -XX:ReservedCodeCacheSize=
# This output file may be truncated or incomplete.
#
#  Out of Memory Error (allocation.cpp:388), pid=13856, tid=14744
#
# JRE version: Java(TM) SE Runtime Environment (8.0_05-b13) (build 1.8.0_05-b13)
# Java VM: Java HotSpot(TM) 64-Bit Server VM (25.5-b02 mixed mode windows-amd64 compressed oops)
# Failed to write core dump. Minidumps are not enabled by default on client versions of Windows
#

---------------  T H R E A D  ---------------

Current thread (0x0000000056f4a800):  JavaThread "C2 CompilerThread1" daemon [_thread_in_native, id=14744, stack(0x00000000574f0000,0x00000000575f0000)]

Stack: [0x00000000574f0000,0x00000000575f0000]
Native frames: (J=compiled Java code, j=interpreted, Vv=VM code, C=native code)
V  [jvm.dll+0x308dea]


Current CompileTask:
C2:   4251 1800   !   4       com.android.dx.cf.code.BytecodeArray::parseInstruction (2764 bytes)


---------------  P R O C E S S  ---------------

Java Threads: ( => current thread )
  0x0000000056f96000 JavaThread "Service Thread" daemon [_thread_blocked, id=17292, stack(0x0000000057ac0000,0x0000000057bc0000)]
  0x0000000056f4d000 JavaThread "C1 CompilerThread2" daemon [_thread_blocked, id=3720, stack(0x0000000057880000,0x0000000057980000)]
=>0x0000000056f4a800 JavaThread "C2 CompilerThread1" daemon [_thread_in_native, id=14744, stack(0x00000000574f0000,0x00000000575f0000)]
  0x0000000056f45000 JavaThread "C2 CompilerThread0" daemon [_thread_in_native, id=8892, stack(0x0000000057600000,0x0000000057700000)]
  0x0000000056f43800 JavaThread "Attach Listener" daemon [_thread_blocked, id=14120, stack(0x0000000056ac0000,0x0000000056bc0000)]
  0x0000000056f43000 JavaThread "Signal Dispatcher" daemon [_thread_blocked, id=17400, stack(0x0000000057330000,0x0000000057430000)]
  0x00000000554c3000 JavaThread "Finalizer" daemon [_thread_blocked, id=11004, stack(0x0000000056df0000,0x0000000056ef0000)]
  0x00000000554b6000 JavaThread "Reference Handler" daemon [_thread_blocked, id=17260, stack(0x0000000056c50000,0x0000000056d50000)]
  0x000000000228f000 JavaThread "main" [_thread_in_Java, id=12632, stack(0x0000000002290000,0x0000000002390000)]

Other Threads:
  0x00000000554b2800 VMThread [stack: 0x00000000569b0000,0x0000000056ab0000] [id=10860]
  0x0000000056f9e000 WatcherThread [stack: 0x0000000057cd0000,0x0000000057dd0000] [id=15364]

VM state:not at safepoint (normal execution)

VM Mutex/Monitor currently owned by a thread: None

Heap:
 PSYoungGen      total 83456K, used 64175K [0x00000000eab00000, 0x00000000f0980000, 0x0000000100000000)
  eden space 73216K, 76% used [0x00000000eab00000,0x00000000ee1adab8,0x00000000ef280000)
  from space 10240K, 79% used [0x00000000efd80000,0x00000000f057e320,0x00000000f0780000)
  to   space 11264K, 0% used [0x00000000ef280000,0x00000000ef280000,0x00000000efd80000)
 ParOldGen       total 129536K, used 34058K [0x00000000c0000000, 0x00000000c7e80000, 0x00000000eab00000)
  object space 129536K, 26% used [0x00000000c0000000,0x00000000c2142a90,0x00000000c7e80000)
 Metaspace       used 5837K, capacity 7088K, committed 7296K, reserved 1056768K
  class space    used 579K, capacity 616K, committed 640K, reserved 1048576K

Card table byte_map: [0x0000000011b90000,0x0000000011da0000] byte_map_base: 0x0000000011590000

Marking Bits: (ParMarkBitMap*) 0x00000000661413b0
 Begin Bits: [0x00000000128d0000, 0x00000000138d0000)
 End Bits:   [0x00000000138d0000, 0x00000000148d0000)

Polling page: 0x0000000000130000

CodeCache: size=245760Kb used=7908Kb max_used=7908Kb free=237851Kb
 bounds [0x00000000027d0000, 0x0000000002f90000, 0x00000000117d0000]
 total_blobs=2237 nmethods=1978 adapters=173
 compilation: disabled (not enough contiguous free space left)

Compilation events (10 events):
Event: 4.234 Thread 0x0000000056f4d000 nmethod 2024 0x0000000002f84190 code [0x0000000002f84320, 0x0000000002f84718]
Event: 4.234 Thread 0x0000000056f4d000 2025       2       com.android.dx.dex.code.OutputFinisher::assignAddresses (51 bytes)
Event: 4.235 Thread 0x0000000056f4d000 nmethod 2025 0x0000000002f84ad0 code [0x0000000002f84c80, 0x0000000002f85078]
Event: 4.235 Thread 0x0000000056f4d000 2026   !   2       com.android.dx.dex.code.OutputFinisher::fixBranches (234 bytes)
Event: 4.236 Thread 0x0000000056f4d000 nmethod 2026 0x0000000002f85450 code [0x0000000002f85720, 0x0000000002f86558]
Event: 4.236 Thread 0x0000000056f4d000 2028       2       com.android.dx.dex.code.OutputFinisher::massageInstructions (89 bytes)
Event: 4.237 Thread 0x0000000056f4d000 nmethod 2028 0x0000000002f87810 code [0x0000000002f879e0, 0x0000000002f87f18]
Event: 4.237 Thread 0x0000000056f4d000 2027       2       com.android.dx.dex.file.MethodIdsSection::get (49 bytes)
Event: 4.237 Thread 0x0000000056f4d000 nmethod 2027 0x0000000002f885d0 code [0x0000000002f88780, 0x0000000002f88b38]
Event: 4.237 Thread 0x0000000056f4d000 2033       2       com.android.dx.dex.code.form.Form35c::wordCount (74 bytes)

GC Heap History (10 events):
Event: 1.818 GC heap before
{Heap before GC invocations=14 (full 0):
 PSYoungGen      total 24064K, used 23072K [0x00000000eab00000, 0x00000000ed300000, 0x0000000100000000)
  eden space 20480K, 100% used [0x00000000eab00000,0x00000000ebf00000,0x00000000ebf00000)
  from space 3584K, 72% used [0x00000000ebf00000,0x00000000ec188000,0x00000000ec280000)
  to   space 4096K, 0% used [0x00000000ecf00000,0x00000000ecf00000,0x00000000ed300000)
 ParOldGen       total 129536K, used 10936K [0x00000000c0000000, 0x00000000c7e80000, 0x00000000eab00000)
  object space 129536K, 8% used [0x00000000c0000000,0x00000000c0aae3f0,0x00000000c7e80000)
 Metaspace       used 5416K, capacity 6832K, committed 7040K, reserved 1056768K
  class space    used 540K, capacity 616K, committed 640K, reserved 1048576K
Event: 1.910 GC heap after
Heap after GC invocations=14 (full 0):
 PSYoungGen      total 36864K, used 3375K [0x00000000eab00000, 0x00000000ed300000, 0x0000000100000000)
  eden space 32768K, 0% used [0x00000000eab00000,0x00000000eab00000,0x00000000ecb00000)
  from space 4096K, 82% used [0x00000000ecf00000,0x00000000ed24bec0,0x00000000ed300000)
  to   space 4096K, 0% used [0x00000000ecb00000,0x00000000ecb00000,0x00000000ecf00000)
 ParOldGen       total 129536K, used 13451K [0x00000000c0000000, 0x00000000c7e80000, 0x00000000eab00000)
  object space 129536K, 10% used [0x00000000c0000000,0x00000000c0d22dc8,0x00000000c7e80000)
 Metaspace       used 5416K, capacity 6832K, committed 7040K, reserved 1056768K
  class space    used 540K, capacity 616K, committed 640K, reserved 1048576K
}
Event: 2.154 GC heap before
{Heap before GC invocations=15 (full 0):
 PSYoungGen      total 36864K, used 36143K [0x00000000eab00000, 0x00000000ed300000, 0x0000000100000000)
  eden space 32768K, 100% used [0x00000000eab00000,0x00000000ecb00000,0x00000000ecb00000)
  from space 4096K, 82% used [0x00000000ecf00000,0x00000000ed24bec0,0x00000000ed300000)
  to   space 4096K, 0% used [0x00000000ecb00000,0x00000000ecb00000,0x00000000ecf00000)
 ParOldGen       total 129536K, used 13451K [0x00000000c0000000, 0x00000000c7e80000, 0x00000000eab00000)
  object space 129536K, 10% used [0x00000000c0000000,0x00000000c0d22dc8,0x00000000c7e80000)
 Metaspace       used 5437K, capacity 6832K, committed 7040K, reserved 1056768K
  class space    used 540K, capacity 616K, committed 640K, reserved 1048576K
Event: 2.298 GC heap after
Heap after GC invocations=15 (full 0):
 PSYoungGen      total 36864K, used 4079K [0x00000000eab00000, 0x00000000eeb80000, 0x0000000100000000)
  eden space 32768K, 0% used [0x00000000eab00000,0x00000000eab00000,0x00000000ecb00000)
  from space 4096K, 99% used [0x00000000ecb00000,0x00000000ecefbe00,0x00000000ecf00000)
  to   space 6656K, 0% used [0x00000000ee500000,0x00000000ee500000,0x00000000eeb80000)
 ParOldGen       total 129536K, used 17647K [0x00000000c0000000, 0x00000000c7e80000, 0x00000000eab00000)
  object space 129536K, 13% used [0x00000000c0000000,0x00000000c113bdf8,0x00000000c7e80000)
 Metaspace       used 5437K, capacity 6832K, committed 7040K, reserved 1056768K
  class space    used 540K, capacity 616K, committed 640K, reserved 1048576K
}
Event: 2.533 GC heap before
{Heap before GC invocations=16 (full 0):
 PSYoungGen      total 36864K, used 36847K [0x00000000eab00000, 0x00000000eeb80000, 0x0000000100000000)
  eden space 32768K, 100% used [0x00000000eab00000,0x00000000ecb00000,0x00000000ecb00000)
  from space 4096K, 99% used [0x00000000ecb00000,0x00000000ecefbe00,0x00000000ecf00000)
  to   space 6656K, 0% used [0x00000000ee500000,0x00000000ee500000,0x00000000eeb80000)
 ParOldGen       total 129536K, used 17647K [0x00000000c0000000, 0x00000000c7e80000, 0x00000000eab00000)
  object space 129536K, 13% used [0x00000000c0000000,0x00000000c113bdf8,0x00000000c7e80000)
 Metaspace       used 5443K, capacity 6832K, committed 7040K, reserved 1056768K
  class space    used 540K, capacity 616K, committed 640K, reserved 1048576K
Event: 2.559 GC heap after
Heap after GC invocations=16 (full 0):
 PSYoungGen      total 59392K, used 4448K [0x00000000eab00000, 0x00000000eeb80000, 0x0000000100000000)
  eden space 52736K, 0% used [0x00000000eab00000,0x00000000eab00000,0x00000000ede80000)
  from space 6656K, 66% used [0x00000000ee500000,0x00000000ee958000,0x00000000eeb80000)
  to   space 6656K, 0% used [0x00000000ede80000,0x00000000ede80000,0x00000000ee500000)
 ParOldGen       total 129536K, used 21567K [0x00000000c0000000, 0x00000000c7e80000, 0x00000000eab00000)
  object space 129536K, 16% used [0x00000000c0000000,0x00000000c150fc10,0x00000000c7e80000)
 Metaspace       used 5443K, capacity 6832K, committed 7040K, reserved 1056768K
  class space    used 540K, capacity 616K, committed 640K, reserved 1048576K
}
Event: 2.911 GC heap before
{Heap before GC invocations=17 (full 0):
 PSYoungGen      total 59392K, used 57184K [0x00000000eab00000, 0x00000000eeb80000, 0x0000000100000000)
  eden space 52736K, 100% used [0x00000000eab00000,0x00000000ede80000,0x00000000ede80000)
  from space 6656K, 66% used [0x00000000ee500000,0x00000000ee958000,0x00000000eeb80000)
  to   space 6656K, 0% used [0x00000000ede80000,0x00000000ede80000,0x00000000ee500000)
 ParOldGen       total 129536K, used 21567K [0x00000000c0000000, 0x00000000c7e80000, 0x00000000eab00000)
  object space 129536K, 16% used [0x00000000c0000000,0x00000000c150fc10,0x00000000c7e80000)
 Metaspace       used 5478K, capacity 6832K, committed 7040K, reserved 1056768K
  class space    used 540K, capacity 616K, committed 640K, reserved 1048576K
Event: 2.994 GC heap after
Heap after GC invocations=17 (full 0):
 PSYoungGen      total 59392K, used 6624K [0x00000000eab00000, 0x00000000f0780000, 0x0000000100000000)
  eden space 52736K, 0% used [0x00000000eab00000,0x00000000eab00000,0x00000000ede80000)
  from space 6656K, 99% used [0x00000000ede80000,0x00000000ee4f8010,0x00000000ee500000)
  to   space 10240K, 0% used [0x00000000efd80000,0x00000000efd80000,0x00000000f0780000)
 ParOldGen       total 129536K, used 27417K [0x00000000c0000000, 0x00000000c7e80000, 0x00000000eab00000)
  object space 129536K, 21% used [0x00000000c0000000,0x00000000c1ac6570,0x00000000c7e80000)
 Metaspace       used 5478K, capacity 6832K, committed 7040K, reserved 1056768K
  class space    used 540K, capacity 616K, committed 640K, reserved 1048576K
}
Event: 3.395 GC heap before
{Heap before GC invocations=18 (full 0):
 PSYoungGen      total 59392K, used 59360K [0x00000000eab00000, 0x00000000f0780000, 0x0000000100000000)
  eden space 52736K, 100% used [0x00000000eab00000,0x00000000ede80000,0x00000000ede80000)
  from space 6656K, 99% used [0x00000000ede80000,0x00000000ee4f8010,0x00000000ee500000)
  to   space 10240K, 0% used [0x00000000efd80000,0x00000000efd80000,0x00000000f0780000)
 ParOldGen       total 129536K, used 27417K [0x00000000c0000000, 0x00000000c7e80000, 0x00000000eab00000)
  object space 129536K, 21% used [0x00000000c0000000,0x00000000c1ac6570,0x00000000c7e80000)
 Metaspace       used 5492K, capacity 6896K, committed 7040K, reserved 1056768K
  class space    used 540K, capacity 616K, committed 640K, reserved 1048576K
Event: 3.568 GC heap after
Heap after GC invocations=18 (full 0):
 PSYoungGen      total 83456K, used 8184K [0x00000000eab00000, 0x00000000f0980000, 0x0000000100000000)
  eden space 73216K, 0% used [0x00000000eab00000,0x00000000eab00000,0x00000000ef280000)
  from space 10240K, 79% used [0x00000000efd80000,0x00000000f057e320,0x00000000f0780000)
  to   space 11264K, 0% used [0x00000000ef280000,0x00000000ef280000,0x00000000efd80000)
 ParOldGen       total 129536K, used 34058K [0x00000000c0000000, 0x00000000c7e80000, 0x00000000eab00000)
  object space 129536K, 26% used [0x00000000c0000000,0x00000000c2142a90,0x00000000c7e80000)
 Metaspace       used 5492K, capacity 6896K, committed 7040K, reserved 1056768K
  class space    used 540K, capacity 616K, committed 640K, reserved 1048576K
}

Deoptimization events (10 events):
Event: 3.111 Thread 0x000000000228f000 Uncommon trap: reason=bimorphic action=maybe_recompile pc=0x0000000002deb8fc method=java.util.HashMap.putVal(ILjava/lang/Object;Ljava/lang/Object;ZZ)Ljava/lang/Object; @ 203
Event: 3.654 Thread 0x000000000228f000 Uncommon trap: reason=bimorphic action=maybe_recompile pc=0x0000000002eda650 method=com.android.dx.cf.code.BytecodeArray.parseInstruction(ILcom/android/dx/cf/code/BytecodeArray$Visitor;)I @ 1035
Event: 3.654 Thread 0x000000000228f000 Uncommon trap: reason=bimorphic action=maybe_recompile pc=0x0000000002eda650 method=com.android.dx.cf.code.BytecodeArray.parseInstruction(ILcom/android/dx/cf/code/BytecodeArray$Visitor;)I @ 1035
Event: 3.727 Thread 0x000000000228f000 Uncommon trap: reason=unreached action=reinterpret pc=0x0000000002ae9430 method=java.util.HashMap.getNode(ILjava/lang/Object;)Ljava/util/HashMap$Node; @ 84
Event: 3.766 Thread 0x000000000228f000 Uncommon trap: reason=unreached action=reinterpret pc=0x0000000002c7fa5c method=java.util.HashMap.getNode(ILjava/lang/Object;)Ljava/util/HashMap$Node; @ 84
Event: 4.020 Thread 0x000000000228f000 Uncommon trap: reason=class_check action=maybe_recompile pc=0x0000000002bfbde8 method=java.util.Arrays.hashCode([Ljava/lang/Object;)I @ 43
Event: 4.020 Thread 0x000000000228f000 Uncommon trap: reason=class_check action=maybe_recompile pc=0x0000000002bfbde8 method=java.util.Arrays.hashCode([Ljava/lang/Object;)I @ 43
Event: 4.020 Thread 0x000000000228f000 Uncommon trap: reason=class_check action=maybe_recompile pc=0x0000000002bfbde8 method=java.util.Arrays.hashCode([Ljava/lang/Object;)I @ 43
Event: 4.020 Thread 0x000000000228f000 Uncommon trap: reason=class_check action=maybe_recompile pc=0x0000000002bfbde8 method=java.util.Arrays.hashCode([Ljava/lang/Object;)I @ 43
Event: 4.021 Thread 0x000000000228f000 Uncommon trap: reason=class_check action=maybe_recompile pc=0x0000000002bfc3dc method=java.util.Arrays.hashCode([Ljava/lang/Object;)I @ 43

Internal exceptions (7 events):
Event: 0.064 Thread 0x000000000228f000 Exception <a 'java/lang/NoSuchMethodError': Method sun.misc.Unsafe.defineClass(Ljava/lang/String;[BII)Ljava/lang/Class; name or signature does not match> (0x00000000eab0fa30) thrown at [D:\re\workspace\8-2-build-windows-amd64-cygwin\jdk8u5\2488\hotspot\src™¨8âI°?
Event: 0.064 Thread 0x000000000228f000 Exception <a 'java/lang/NoSuchMethodError': Method sun.misc.Unsafe.prefetchRead(Ljava/lang/Object;J)V name or signature does not match> (0x00000000eab0fce0) thrown at [D:\re\workspace\8-2-build-windows-amd64-cygwin\jdk8u5\2488\hotspot\src\share\vm\prims\jn¦Ï†%aò?
Event: 1.131 Thread 0x000000000228f000 Implicit null exception at 0x0000000002b55dd0 to 0x0000000002b57001
Event: 1.755 Thread 0x000000000228f000 Implicit null exception at 0x0000000002b499f8 to 0x0000000002b4ab91
Event: 3.725 Thread 0x000000000228f000 Exception <a 'java/lang/ArrayIndexOutOfBoundsException': 18> (0x00000000ebf7bbd0) thrown at [D:\re\workspace\8-2-build-windows-amd64-cygwin\jdk8u5\2488\hotspot\src\share\vm\interpreter\interpreterRuntime.cpp, line 337]
Event: 3.725 Thread 0x000000000228f000 Exception <a 'java/lang/ArrayIndexOutOfBoundsException': 145> (0x00000000ebf7d668) thrown at [D:\re\workspace\8-2-build-windows-amd64-cygwin\jdk8u5\2488\hotspot\src\share\vm\interpreter\interpreterRuntime.cpp, line 337]
Event: 3.726 Thread 0x000000000228f000 Exception <a 'java/lang/ArrayIndexOutOfBoundsException'> (0x00000000ebf7e880) thrown at [D:\re\workspace\8-2-build-windows-amd64-cygwin\jdk8u5\2488\hotspot\src\share\vm\runtime\sharedRuntime.cpp, line 595]

Events (10 events):
Event: 4.216 loading class com/android/dx/dex/code/CatchHandlerList
Event: 4.216 loading class com/android/dx/dex/code/CatchHandlerList done
Event: 4.216 loading class com/android/dx/dex/code/CatchTable
Event: 4.216 loading class com/android/dx/dex/code/CatchTable done
Event: 4.224 loading class com/android/dx/dex/code/CatchHandlerList$Entry
Event: 4.224 loading class com/android/dx/dex/code/CatchHandlerList$Entry done
Event: 4.225 loading class com/android/dx/dex/code/CatchTable$Entry
Event: 4.225 loading class com/android/dx/dex/code/CatchTable$Entry done
Event: 4.225 loading class com/android/dx/util/ByteArrayAnnotatedOutput
Event: 4.225 loading class com/android/dx/util/ByteArrayAnnotatedOutput done


Dynamic libraries:
0x000000013fda0000 - 0x000000013fdd4000 	C:\PROGRA~1\Java\JDK18~1.0_0\bin\java.exe
0x0000000076ed0000 - 0x0000000077079000 	C:\Windows\SYSTEM32\ntdll.dll
0x0000000076cb0000 - 0x0000000076dcf000 	C:\Windows\system32\kernel32.dll
0x000007fefcfe0000 - 0x000007fefd04c000 	C:\Windows\system32\KERNELBASE.dll
0x000007feff010000 - 0x000007feff0eb000 	C:\Windows\system32\ADVAPI32.dll
0x000007fefeb00000 - 0x000007fefeb9f000 	C:\Windows\system32\msvcrt.dll
0x000007fefd200000 - 0x000007fefd21f000 	C:\Windows\SYSTEM32\sechost.dll
0x000007fefd400000 - 0x000007fefd52d000 	C:\Windows\system32\RPCRT4.dll
0x0000000076dd0000 - 0x0000000076eca000 	C:\Windows\system32\USER32.dll
0x000007fefd0c0000 - 0x000007fefd127000 	C:\Windows\system32\GDI32.dll
0x000007fefedd0000 - 0x000007fefedde000 	C:\Windows\system32\LPK.dll
0x000007fefd130000 - 0x000007fefd1f9000 	C:\Windows\system32\USP10.dll
0x000007fefb6f0000 - 0x000007fefb8e4000 	C:\Windows\WinSxS\amd64_microsoft.windows.common-controls_6595b64144ccf1df_6.0.7601.17514_none_fa396087175ac9ac\COMCTL32.dll
0x000007fefef90000 - 0x000007feff001000 	C:\Windows\system32\SHLWAPI.dll
0x000007fefede0000 - 0x000007fefee0e000 	C:\Windows\system32\IMM32.DLL
0x000007fefe6a0000 - 0x000007fefe7a9000 	C:\Windows\system32\MSCTF.dll
0x000000006d9a0000 - 0x000000006da72000 	C:\PROGRA~1\Java\JDK18~1.0_0\jre\bin\msvcr100.dll
0x0000000065990000 - 0x00000000661ba000 	C:\PROGRA~1\Java\JDK18~1.0_0\jre\bin\server\jvm.dll
0x000007fef6b10000 - 0x000007fef6b19000 	C:\Windows\system32\WSOCK32.dll
0x000007fefd860000 - 0x000007fefd8ad000 	C:\Windows\system32\WS2_32.dll
0x000007feff1d0000 - 0x000007feff1d8000 	C:\Windows\system32\NSI.dll
0x000007fefa8c0000 - 0x000007fefa8fb000 	C:\Windows\system32\WINMM.dll
0x00000000770a0000 - 0x00000000770a7000 	C:\Windows\system32\PSAPI.DLL
0x000000006fea0000 - 0x000000006feaf000 	C:\PROGRA~1\Java\JDK18~1.0_0\jre\bin\verify.dll
0x000000006d470000 - 0x000000006d498000 	C:\PROGRA~1\Java\JDK18~1.0_0\jre\bin\java.dll
0x000000006f330000 - 0x000000006f346000 	C:\PROGRA~1\Java\JDK18~1.0_0\jre\bin\zip.dll
0x000007fefd910000 - 0x000007fefe698000 	C:\Windows\system32\SHELL32.dll
0x000007fefe7b0000 - 0x000007fefe9b3000 	C:\Windows\system32\ole32.dll
0x000007fefcc90000 - 0x000007fefcc9f000 	C:\Windows\system32\profapi.dll
0x000007fefaa00000 - 0x000007fefab25000 	C:\Windows\system32\dbghelp.dll

VM Arguments:
jvm_args: -Xmx1024M -Xss1m -Djava.ext.dirs=C:\Program Files (x86)\Android\android-studio\sdk\build-tools\android-4.4.2\lib 
java_command: C:\Program Files (x86)\Android\android-studio\sdk\build-tools\android-4.4.2\lib\dx.jar --dex --output C:\Users\Siza\Arrythmia Project Newtonmin\ArrythmiaProject\Arrythmia\app\build\pre-dexed\debug\support-v4-19.1.0-e311e493b238b75da4095bd5ee7b69d76d73dc42.jar C:\Program Files (x86)\Android\android-studio\sdk\extras\android\m2repository\com\android\support\support-v4\19.1.0\support-v4-19.1.0.jar
java_class_path (initial): C:\Program Files (x86)\Android\android-studio\sdk\build-tools\android-4.4.2\lib\dx.jar
Launcher Type: SUN_STANDARD

Environment Variables:
JAVA_HOME=C:\Program Files\Java\jdk1.8.0_05
PATH=C:\Program Files (x86)\NVIDIA Corporation\PhysX\Common;C:\Program Files\Common Files\Microsoft Shared\Windows Live;C:\Program Files (x86)\Common Files\Microsoft Shared\Windows Live;C:\Program Files (x86)\Microchip\MPLABC18\v3.45\mpasm;C:\Program Files (x86)\Microchip\MPLABC18\v3.45\bin;C:\Program Files (x86)\Microchip\MPLABC18\v3.41\mpasm;C:\Program Files (x86)\Microchip\MPLABC18\v3.41\bin;C:\Program Files (x86)\Microchip\mplabc32\v2.02\bin;C:\Program Files (x86)\Microchip\MPLAB C30\bin;C:\Program Files (x86)\Microchip\xc32\v1.20\bin;C:\Program Files (x86)\Microchip\xc16\v1.11\bin;C:\Program Files (x86)\Microchip\xc8\v1.12\bin;C:\Windows\system32;C:\Windows;C:\Windows\System32\Wbem;C:\Windows\System32\WindowsPowerShell\v1.0\;C:\Program Files\Microsoft\Web Platform Installer\;C:\Program Files (x86)\Microsoft ASP.NET\ASP.NET Web Pages\v1.0\;C:\Program Files (x86)\Windows Kits\8.0\Windows Performance Toolkit\;C:\Program Files\Microsoft SQL Server\110\Tools\Binn\;C:\Program Files\IVI Foundation\VISA\Win64\Bin\;C:\Program Files (x86)\IVI Foundation\VISA\WinNT\Bin\;C:\Program Files (x86)\IVI Foundation\VISA\WinNT\Bin;C:\Program Files (x86)\Microsoft SQL Server\100\Tools\Binn\;C:\Program Files\Microsoft SQL Server\100\Tools\Binn\;C:\Program Files\Microsoft SQL Server\100\DTS\Binn\;C:\Program Files\MATLAB\R2011b\runtime\win64;C:\Program Files\MATLAB\R2011b\bin;C:\Program Files\MATLAB\R2010b\runtime\win64;C:\Program Files\MATLAB\R2010b\bin;C:\Program Files (x86)\Microchip\MPLAB C32 Suite\bin;C:\Program Files\Java\jdk1.7.0_17\bin;C:\Program Files (x86)\HI-TECH Software\PICC\9.83\bin;C:\Program Files (x86)\Windows Live\Shared;C:\Program Files (x86)\QuickTime\QTSystem\;
USERNAME=Siza
OS=Windows_NT
PROCESSOR_IDENTIFIER=AMD64 Family 16 Model 10 Stepping 0, AuthenticAMD



---------------  S Y S T E M  ---------------

OS: Windows 7 , 64 bit Build 7601 Service Pack 1

CPU:total 6 (6 cores per cpu, 1 threads per core) family 16 model 10 stepping 0, cmov, cx8, fxsr, mmx, sse, sse2, sse3, popcnt, mmxext, 3dnowpref, lzcnt, sse4a, tsc, tscinvbit

Memory: 4k page, physical 8387816k(1542684k free), swap 8385952k(5120k free)

vm_info: Java HotSpot(TM) 64-Bit Server VM (25.5-b02) for windows-amd64 JRE (1.8.0_05-b13), built on Mar 18 2014 01:08:39 by "java_re" with MS VC++ 10.0 (VS2010)

time: Sat Jun 07 18:57:43 2014
elapsed time: 4 seconds

