#
# There is insufficient memory for the Java Runtime Environment to continue.
# Native memory allocation (malloc) failed to allocate 1533616 bytes for Chunk::new
# Possible reasons:
#   The system is out of physical RAM or swap space
#   In 32 bit mode, the process size limit was hit
# Possible solutions:
#   Reduce memory load on the system
#   Increase physical memory or swap space
#   Check if swap backing store is full
#   Use 64 bit Java on a 64 bit OS
#   Decrease Java heap size (-Xmx/-Xms)
#   Decrease number of Java threads
#   Decrease Java thread stack sizes (-Xss)
#   Set larger code cache with -XX:ReservedCodeCacheSize=
# This output file may be truncated or incomplete.
#
#  Out of Memory Error (allocation.cpp:388), pid=16476, tid=4516
#
# JRE version: Java(TM) SE Runtime Environment (8.0_05-b13) (build 1.8.0_05-b13)
# Java VM: Java HotSpot(TM) 64-Bit Server VM (25.5-b02 mixed mode windows-amd64 compressed oops)
# Failed to write core dump. Minidumps are not enabled by default on client versions of Windows
#

---------------  T H R E A D  ---------------

Current thread (0x0000000056d9f000):  JavaThread "C2 CompilerThread0" daemon [_thread_in_native, id=4516, stack(0x00000000574c0000,0x00000000575c0000)]

Stack: [0x00000000574c0000,0x00000000575c0000]
Native frames: (J=compiled Java code, j=interpreted, Vv=VM code, C=native code)
V  [jvm.dll+0x308dea]
V  [jvm.dll+0x25def1]
V  [jvm.dll+0x25eb0f]
V  [jvm.dll+0x2564e5]
V  [jvm.dll+0xbcfc5]
V  [jvm.dll+0xbd45c]
V  [jvm.dll+0x44d422]
V  [jvm.dll+0x48e13f]
V  [jvm.dll+0x44293e]
V  [jvm.dll+0x44366b]
V  [jvm.dll+0x427532]
V  [jvm.dll+0x96702]
V  [jvm.dll+0x96ef3]
V  [jvm.dll+0x2232c4]
V  [jvm.dll+0x27baca]
C  [msvcr100.dll+0x21d9f]
C  [msvcr100.dll+0x21e3b]
C  [kernel32.dll+0x159ed]
C  [ntdll.dll+0x2c541]


Current CompileTask:
C2:   1909 1481   !   4       com.android.dx.cf.code.BytecodeArray::parseInstruction (2764 bytes)


---------------  P R O C E S S  ---------------

Java Threads: ( => current thread )
  0x0000000056d99000 JavaThread "Service Thread" daemon [_thread_blocked, id=16212, stack(0x0000000057640000,0x0000000057740000)]
  0x0000000056d94800 JavaThread "C1 CompilerThread2" daemon [_thread_blocked, id=11444, stack(0x0000000057770000,0x0000000057870000)]
  0x0000000056d92800 JavaThread "C2 CompilerThread1" daemon [_thread_in_native, id=15380, stack(0x0000000056ac0000,0x0000000056bc0000)]
=>0x0000000056d9f000 JavaThread "C2 CompilerThread0" daemon [_thread_in_native, id=4516, stack(0x00000000574c0000,0x00000000575c0000)]
  0x0000000056d9d800 JavaThread "Attach Listener" daemon [_thread_blocked, id=11440, stack(0x00000000573b0000,0x00000000574b0000)]
  0x0000000056d9c800 JavaThread "Signal Dispatcher" daemon [_thread_blocked, id=4152, stack(0x00000000571e0000,0x00000000572e0000)]
  0x0000000055281000 JavaThread "Finalizer" daemon [_thread_blocked, id=17116, stack(0x0000000056c40000,0x0000000056d40000)]
  0x0000000055276000 JavaThread "Reference Handler" daemon [_thread_blocked, id=11924, stack(0x00000000569c0000,0x0000000056ac0000)]
  0x000000000210f000 JavaThread "main" [_thread_in_Java, id=15184, stack(0x0000000002440000,0x0000000002540000)]

Other Threads:
  0x0000000055272800 VMThread [stack: 0x00000000567f0000,0x00000000568f0000] [id=8952]
  0x0000000056de3800 WatcherThread [stack: 0x00000000578b0000,0x00000000579b0000] [id=14980]

VM state:not at safepoint (normal execution)

VM Mutex/Monitor currently owned by a thread: None

Heap:
 PSYoungGen      total 24576K, used 12070K [0x00000000eab00000, 0x00000000ed400000, 0x0000000100000000)
  eden space 20992K, 40% used [0x00000000eab00000,0x00000000eb355928,0x00000000ebf80000)
  from space 3584K, 98% used [0x00000000ebf80000,0x00000000ec2f41d0,0x00000000ec300000)
  to   space 4096K, 0% used [0x00000000ed000000,0x00000000ed000000,0x00000000ed400000)
 ParOldGen       total 129536K, used 10078K [0x00000000c0000000, 0x00000000c7e80000, 0x00000000eab00000)
  object space 129536K, 7% used [0x00000000c0000000,0x00000000c09d7818,0x00000000c7e80000)
 Metaspace       used 5502K, capacity 6832K, committed 7040K, reserved 1056768K
  class space    used 559K, capacity 616K, committed 640K, reserved 1048576K

Card table byte_map: [0x0000000011bd0000,0x0000000011de0000] byte_map_base: 0x00000000115d0000

Marking Bits: (ParMarkBitMap*) 0x00000000661413b0
 Begin Bits: [0x0000000012690000, 0x0000000013690000)
 End Bits:   [0x0000000013690000, 0x0000000014690000)

Polling page: 0x0000000000440000

CodeCache: size=245760Kb used=5973Kb max_used=5973Kb free=239786Kb
 bounds [0x0000000002810000, 0x0000000002df0000, 0x0000000011810000]
 total_blobs=1775 nmethods=1517 adapters=173
 compilation: enabled

Compilation events (10 events):
Event: 1.860 Thread 0x0000000056d94800 1518       2       java.util.zip.ZipFile$ZipFileInputStream::finalize (5 bytes)
Event: 1.860 Thread 0x0000000056d94800 nmethod 1518 0x0000000002de4b90 code [0x0000000002de4d00, 0x0000000002de4e68]
Event: 1.860 Thread 0x0000000056d94800 1519       2       java.util.zip.ZipFile$ZipFileInflaterInputStream::finalize (5 bytes)
Event: 1.860 Thread 0x0000000056d94800 nmethod 1519 0x0000000002de4f10 code [0x0000000002de5080, 0x0000000002de51e8]
Event: 1.860 Thread 0x0000000056d94800 1520       2       com.android.dx.rop.cst.CstString::equals (24 bytes)
Event: 1.860 Thread 0x0000000056d94800 nmethod 1520 0x0000000002de5290 code [0x0000000002de5400, 0x0000000002de5608]
Event: 1.860 Thread 0x0000000056d94800 1521       2       com.android.dx.rop.code.SourcePosition::equals (46 bytes)
Event: 1.860 Thread 0x0000000056d94800 nmethod 1521 0x0000000002de5710 code [0x0000000002de5880, 0x0000000002de5ac8]
Event: 1.860 Thread 0x0000000056d94800 1522       2       com.android.dx.rop.cst.CstFloat::getType (4 bytes)
Event: 1.860 Thread 0x0000000056d94800 nmethod 1522 0x0000000002de5bd0 code [0x0000000002de5d20, 0x0000000002de5e70]

GC Heap History (10 events):
Event: 1.096 GC heap before
{Heap before GC invocations=9 (full 0):
 PSYoungGen      total 10240K, used 10208K [0x00000000eab00000, 0x00000000eb700000, 0x0000000100000000)
  eden space 8192K, 100% used [0x00000000eab00000,0x00000000eb300000,0x00000000eb300000)
  from space 2048K, 98% used [0x00000000eb500000,0x00000000eb6f8300,0x00000000eb700000)
  to   space 2048K, 0% used [0x00000000eb300000,0x00000000eb300000,0x00000000eb500000)
 ParOldGen       total 129536K, used 1926K [0x00000000c0000000, 0x00000000c7e80000, 0x00000000eab00000)
  object space 129536K, 1% used [0x00000000c0000000,0x00000000c01e1bd0,0x00000000c7e80000)
 Metaspace       used 5205K, capacity 6640K, committed 6784K, reserved 1056768K
  class space    used 538K, capacity 616K, committed 640K, reserved 1048576K
Event: 1.126 GC heap after
Heap after GC invocations=9 (full 0):
 PSYoungGen      total 10240K, used 2016K [0x00000000eab00000, 0x00000000ebe00000, 0x0000000100000000)
  eden space 8192K, 0% used [0x00000000eab00000,0x00000000eab00000,0x00000000eb300000)
  from space 2048K, 98% used [0x00000000eb300000,0x00000000eb4f8010,0x00000000eb500000)
  to   space 3072K, 0% used [0x00000000ebb00000,0x00000000ebb00000,0x00000000ebe00000)
 ParOldGen       total 129536K, used 3053K [0x00000000c0000000, 0x00000000c7e80000, 0x00000000eab00000)
  object space 129536K, 2% used [0x00000000c0000000,0x00000000c02fb7d0,0x00000000c7e80000)
 Metaspace       used 5205K, capacity 6640K, committed 6784K, reserved 1056768K
  class space    used 538K, capacity 616K, committed 640K, reserved 1048576K
}
Event: 1.229 GC heap before
{Heap before GC invocations=10 (full 0):
 PSYoungGen      total 10240K, used 10208K [0x00000000eab00000, 0x00000000ebe00000, 0x0000000100000000)
  eden space 8192K, 100% used [0x00000000eab00000,0x00000000eb300000,0x00000000eb300000)
  from space 2048K, 98% used [0x00000000eb300000,0x00000000eb4f8010,0x00000000eb500000)
  to   space 3072K, 0% used [0x00000000ebb00000,0x00000000ebb00000,0x00000000ebe00000)
 ParOldGen       total 129536K, used 3053K [0x00000000c0000000, 0x00000000c7e80000, 0x00000000eab00000)
  object space 129536K, 2% used [0x00000000c0000000,0x00000000c02fb7d0,0x00000000c7e80000)
 Metaspace       used 5312K, capacity 6704K, committed 6784K, reserved 1056768K
  class space    used 540K, capacity 616K, committed 640K, reserved 1048576K
Event: 1.232 GC heap after
Heap after GC invocations=10 (full 0):
 PSYoungGen      total 16384K, used 2326K [0x00000000eab00000, 0x00000000ebe00000, 0x0000000100000000)
  eden space 13312K, 0% used [0x00000000eab00000,0x00000000eab00000,0x00000000eb800000)
  from space 3072K, 75% used [0x00000000ebb00000,0x00000000ebd458b0,0x00000000ebe00000)
  to   space 3072K, 0% used [0x00000000eb800000,0x00000000eb800000,0x00000000ebb00000)
 ParOldGen       total 129536K, used 4238K [0x00000000c0000000, 0x00000000c7e80000, 0x00000000eab00000)
  object space 129536K, 3% used [0x00000000c0000000,0x00000000c0423a10,0x00000000c7e80000)
 Metaspace       used 5312K, capacity 6704K, committed 6784K, reserved 1056768K
  class space    used 540K, capacity 616K, committed 640K, reserved 1048576K
}
Event: 1.373 GC heap before
{Heap before GC invocations=11 (full 0):
 PSYoungGen      total 16384K, used 15638K [0x00000000eab00000, 0x00000000ebe00000, 0x0000000100000000)
  eden space 13312K, 100% used [0x00000000eab00000,0x00000000eb800000,0x00000000eb800000)
  from space 3072K, 75% used [0x00000000ebb00000,0x00000000ebd458b0,0x00000000ebe00000)
  to   space 3072K, 0% used [0x00000000eb800000,0x00000000eb800000,0x00000000ebb00000)
 ParOldGen       total 129536K, used 4238K [0x00000000c0000000, 0x00000000c7e80000, 0x00000000eab00000)
  object space 129536K, 3% used [0x00000000c0000000,0x00000000c0423a10,0x00000000c7e80000)
 Metaspace       used 5351K, capacity 6768K, committed 7040K, reserved 1056768K
  class space    used 540K, capacity 616K, committed 640K, reserved 1048576K
Event: 1.437 GC heap after
Heap after GC invocations=11 (full 0):
 PSYoungGen      total 16384K, used 1856K [0x00000000eab00000, 0x00000000ec600000, 0x0000000100000000)
  eden space 13312K, 0% used [0x00000000eab00000,0x00000000eab00000,0x00000000eb800000)
  from space 3072K, 60% used [0x00000000eb800000,0x00000000eb9d0000,0x00000000ebb00000)
  to   space 3072K, 0% used [0x00000000ec300000,0x00000000ec300000,0x00000000ec600000)
 ParOldGen       total 129536K, used 6281K [0x00000000c0000000, 0x00000000c7e80000, 0x00000000eab00000)
  object space 129536K, 4% used [0x00000000c0000000,0x00000000c06224b8,0x00000000c7e80000)
 Metaspace       used 5351K, capacity 6768K, committed 7040K, reserved 1056768K
  class space    used 540K, capacity 616K, committed 640K, reserved 1048576K
}
Event: 1.555 GC heap before
{Heap before GC invocations=12 (full 0):
 PSYoungGen      total 16384K, used 15168K [0x00000000eab00000, 0x00000000ec600000, 0x0000000100000000)
  eden space 13312K, 100% used [0x00000000eab00000,0x00000000eb800000,0x00000000eb800000)
  from space 3072K, 60% used [0x00000000eb800000,0x00000000eb9d0000,0x00000000ebb00000)
  to   space 3072K, 0% used [0x00000000ec300000,0x00000000ec300000,0x00000000ec600000)
 ParOldGen       total 129536K, used 6281K [0x00000000c0000000, 0x00000000c7e80000, 0x00000000eab00000)
  object space 129536K, 4% used [0x00000000c0000000,0x00000000c06224b8,0x00000000c7e80000)
 Metaspace       used 5397K, capacity 6768K, committed 7040K, reserved 1056768K
  class space    used 540K, capacity 616K, committed 640K, reserved 1048576K
Event: 1.591 GC heap after
Heap after GC invocations=12 (full 0):
 PSYoungGen      total 24064K, used 2224K [0x00000000eab00000, 0x00000000ec700000, 0x0000000100000000)
  eden space 20992K, 0% used [0x00000000eab00000,0x00000000eab00000,0x00000000ebf80000)
  from space 3072K, 72% used [0x00000000ec300000,0x00000000ec52c170,0x00000000ec600000)
  to   space 3584K, 0% used [0x00000000ebf80000,0x00000000ebf80000,0x00000000ec300000)
 ParOldGen       total 129536K, used 7985K [0x00000000c0000000, 0x00000000c7e80000, 0x00000000eab00000)
  object space 129536K, 6% used [0x00000000c0000000,0x00000000c07cc6f8,0x00000000c7e80000)
 Metaspace       used 5397K, capacity 6768K, committed 7040K, reserved 1056768K
  class space    used 540K, capacity 616K, committed 640K, reserved 1048576K
}
Event: 1.813 GC heap before
{Heap before GC invocations=13 (full 0):
 PSYoungGen      total 24064K, used 23216K [0x00000000eab00000, 0x00000000ec700000, 0x0000000100000000)
  eden space 20992K, 100% used [0x00000000eab00000,0x00000000ebf80000,0x00000000ebf80000)
  from space 3072K, 72% used [0x00000000ec300000,0x00000000ec52c170,0x00000000ec600000)
  to   space 3584K, 0% used [0x00000000ebf80000,0x00000000ebf80000,0x00000000ec300000)
 ParOldGen       total 129536K, used 7985K [0x00000000c0000000, 0x00000000c7e80000, 0x00000000eab00000)
  object space 129536K, 6% used [0x00000000c0000000,0x00000000c07cc6f8,0x00000000c7e80000)
 Metaspace       used 5500K, capacity 6832K, committed 7040K, reserved 1056768K
  class space    used 559K, capacity 616K, committed 640K, reserved 1048576K
Event: 1.858 GC heap after
Heap after GC invocations=13 (full 0):
 PSYoungGen      total 24576K, used 3536K [0x00000000eab00000, 0x00000000ed400000, 0x0000000100000000)
  eden space 20992K, 0% used [0x00000000eab00000,0x00000000eab00000,0x00000000ebf80000)
  from space 3584K, 98% used [0x00000000ebf80000,0x00000000ec2f41d0,0x00000000ec300000)
  to   space 4096K, 0% used [0x00000000ed000000,0x00000000ed000000,0x00000000ed400000)
 ParOldGen       total 129536K, used 10078K [0x00000000c0000000, 0x00000000c7e80000, 0x00000000eab00000)
  object space 129536K, 7% used [0x00000000c0000000,0x00000000c09d7818,0x00000000c7e80000)
 Metaspace       used 5500K, capacity 6832K, committed 7040K, reserved 1056768K
  class space    used 559K, capacity 616K, committed 640K, reserved 1048576K
}

Deoptimization events (10 events):
Event: 1.299 Thread 0x000000000210f000 Uncommon trap: reason=class_check action=maybe_recompile pc=0x0000000002c50be4 method=java.util.HashMap.putVal(ILjava/lang/Object;Ljava/lang/Object;ZZ)Ljava/lang/Object; @ 203
Event: 1.299 Thread 0x000000000210f000 Uncommon trap: reason=bimorphic action=maybe_recompile pc=0x0000000002a3ede8 method=java.util.HashMap.getNode(ILjava/lang/Object;)Ljava/util/HashMap$Node; @ 126
Event: 1.713 Thread 0x000000000210f000 Uncommon trap: reason=bimorphic action=maybe_recompile pc=0x0000000002dbb068 method=com.android.dx.cf.code.BytecodeArray.parseInstruction(ILcom/android/dx/cf/code/BytecodeArray$Visitor;)I @ 923
Event: 1.713 Thread 0x000000000210f000 Uncommon trap: reason=bimorphic action=maybe_recompile pc=0x0000000002dbafe8 method=com.android.dx.cf.code.BytecodeArray.parseInstruction(ILcom/android/dx/cf/code/BytecodeArray$Visitor;)I @ 907
Event: 1.713 Thread 0x000000000210f000 Uncommon trap: reason=bimorphic action=maybe_recompile pc=0x0000000002dbd3b4 method=com.android.dx.cf.code.BytecodeArray.parseInstruction(ILcom/android/dx/cf/code/BytecodeArray$Visitor;)I @ 2484
Event: 1.713 Thread 0x000000000210f000 Uncommon trap: reason=bimorphic action=maybe_recompile pc=0x0000000002dbb068 method=com.android.dx.cf.code.BytecodeArray.parseInstruction(ILcom/android/dx/cf/code/BytecodeArray$Visitor;)I @ 923
Event: 1.798 Thread 0x000000000210f000 Uncommon trap: reason=unreached action=reinterpret pc=0x0000000002b917f8 method=java.util.HashMap.getNode(ILjava/lang/Object;)Ljava/util/HashMap$Node; @ 84
Event: 1.799 Thread 0x000000000210f000 Uncommon trap: reason=unreached action=reinterpret pc=0x0000000002d7e2cc method=java.util.HashMap.getNode(ILjava/lang/Object;)Ljava/util/HashMap$Node; @ 84
Event: 1.802 Thread 0x000000000210f000 Uncommon trap: reason=unreached action=reinterpret pc=0x0000000002d6a1a8 method=java.util.HashMap.getNode(ILjava/lang/Object;)Ljava/util/HashMap$Node; @ 84
Event: 1.804 Thread 0x000000000210f000 Uncommon trap: reason=unreached action=reinterpret pc=0x0000000002dcd304 method=com.android.dx.ssa.MoveParamCombiner$1.visitNonMoveInsn(Lcom/android/dx/ssa/NormalSsaInsn;)V @ 27

Internal exceptions (6 events):
Event: 0.061 Thread 0x000000000210f000 Exception <a 'java/lang/NoSuchMethodError': Method sun.misc.Unsafe.defineClass(Ljava/lang/String;[BII)Ljava/lang/Class; name or signature does not match> (0x00000000eab0fa88) thrown at [D:\re\workspace\8-2-build-windows-amd64-cygwin\jdk8u5\2488\hotspot\src;T%$u¯?
Event: 0.061 Thread 0x000000000210f000 Exception <a 'java/lang/NoSuchMethodError': Method sun.misc.Unsafe.prefetchRead(Ljava/lang/Object;J)V name or signature does not match> (0x00000000eab0fd30) thrown at [D:\re\workspace\8-2-build-windows-amd64-cygwin\jdk8u5\2488\hotspot\src\share\vm\prims\jn·Ó°0·ê?
Event: 0.835 Thread 0x000000000210f000 Implicit null exception at 0x0000000002b3952e to 0x0000000002b3b641
Event: 1.795 Thread 0x000000000210f000 Exception <a 'java/lang/ArrayIndexOutOfBoundsException': 18> (0x00000000ebe62528) thrown at [D:\re\workspace\8-2-build-windows-amd64-cygwin\jdk8u5\2488\hotspot\src\share\vm\interpreter\interpreterRuntime.cpp, line 337]
Event: 1.796 Thread 0x000000000210f000 Exception <a 'java/lang/ArrayIndexOutOfBoundsException'> (0x00000000ebe63fc0) thrown at [D:\re\workspace\8-2-build-windows-amd64-cygwin\jdk8u5\2488\hotspot\src\share\vm\runtime\sharedRuntime.cpp, line 595]
Event: 1.797 Thread 0x000000000210f000 Exception <a 'java/lang/ArrayIndexOutOfBoundsException'> (0x00000000ebe651d8) thrown at [D:\re\workspace\8-2-build-windows-amd64-cygwin\jdk8u5\2488\hotspot\src\share\vm\runtime\sharedRuntime.cpp, line 595]

Events (10 events):
Event: 1.799 Thread 0x000000000210f000 DEOPT PACKING pc=0x0000000002d7e2cc sp=0x000000000253e560
Event: 1.799 Thread 0x000000000210f000 DEOPT UNPACKING pc=0x00000000028573ef sp=0x000000000253e480 mode 2
Event: 1.802 Thread 0x000000000210f000 Uncommon trap: trap_request=0xffffffad fr.pc=0x0000000002d6a1a8
Event: 1.802 Thread 0x000000000210f000 DEOPT PACKING pc=0x0000000002d6a1a8 sp=0x000000000253e500
Event: 1.802 Thread 0x000000000210f000 DEOPT UNPACKING pc=0x00000000028573ef sp=0x000000000253e478 mode 2
Event: 1.804 Thread 0x000000000210f000 Uncommon trap: trap_request=0xffffffad fr.pc=0x0000000002dcd304
Event: 1.804 Thread 0x000000000210f000 DEOPT PACKING pc=0x0000000002dcd304 sp=0x000000000253e5c0
Event: 1.804 Thread 0x000000000210f000 DEOPT UNPACKING pc=0x00000000028573ef sp=0x000000000253e518 mode 2
Event: 1.813 Executing VM operation: ParallelGCFailedAllocation
Event: 1.858 Executing VM operation: ParallelGCFailedAllocation done


Dynamic libraries:
0x000000013fc10000 - 0x000000013fc44000 	C:\PROGRA~1\Java\JDK18~1.0_0\bin\java.exe
0x0000000076ed0000 - 0x0000000077079000 	C:\Windows\SYSTEM32\ntdll.dll
0x0000000076cb0000 - 0x0000000076dcf000 	C:\Windows\system32\kernel32.dll
0x000007fefcfe0000 - 0x000007fefd04c000 	C:\Windows\system32\KERNELBASE.dll
0x000007feff010000 - 0x000007feff0eb000 	C:\Windows\system32\ADVAPI32.dll
0x000007fefeb00000 - 0x000007fefeb9f000 	C:\Windows\system32\msvcrt.dll
0x000007fefd200000 - 0x000007fefd21f000 	C:\Windows\SYSTEM32\sechost.dll
0x000007fefd400000 - 0x000007fefd52d000 	C:\Windows\system32\RPCRT4.dll
0x0000000076dd0000 - 0x0000000076eca000 	C:\Windows\system32\USER32.dll
0x000007fefd0c0000 - 0x000007fefd127000 	C:\Windows\system32\GDI32.dll
0x000007fefedd0000 - 0x000007fefedde000 	C:\Windows\system32\LPK.dll
0x000007fefd130000 - 0x000007fefd1f9000 	C:\Windows\system32\USP10.dll
0x000007fefb6f0000 - 0x000007fefb8e4000 	C:\Windows\WinSxS\amd64_microsoft.windows.common-controls_6595b64144ccf1df_6.0.7601.17514_none_fa396087175ac9ac\COMCTL32.dll
0x000007fefef90000 - 0x000007feff001000 	C:\Windows\system32\SHLWAPI.dll
0x000007fefede0000 - 0x000007fefee0e000 	C:\Windows\system32\IMM32.DLL
0x000007fefe6a0000 - 0x000007fefe7a9000 	C:\Windows\system32\MSCTF.dll
0x000000006d9a0000 - 0x000000006da72000 	C:\PROGRA~1\Java\JDK18~1.0_0\jre\bin\msvcr100.dll
0x0000000065990000 - 0x00000000661ba000 	C:\PROGRA~1\Java\JDK18~1.0_0\jre\bin\server\jvm.dll
0x000007fef6b10000 - 0x000007fef6b19000 	C:\Windows\system32\WSOCK32.dll
0x000007fefd860000 - 0x000007fefd8ad000 	C:\Windows\system32\WS2_32.dll
0x000007feff1d0000 - 0x000007feff1d8000 	C:\Windows\system32\NSI.dll
0x000007fefa8c0000 - 0x000007fefa8fb000 	C:\Windows\system32\WINMM.dll
0x00000000770a0000 - 0x00000000770a7000 	C:\Windows\system32\PSAPI.DLL
0x000000006fea0000 - 0x000000006feaf000 	C:\PROGRA~1\Java\JDK18~1.0_0\jre\bin\verify.dll
0x000000006d470000 - 0x000000006d498000 	C:\PROGRA~1\Java\JDK18~1.0_0\jre\bin\java.dll
0x000000006f330000 - 0x000000006f346000 	C:\PROGRA~1\Java\JDK18~1.0_0\jre\bin\zip.dll
0x000007fefd910000 - 0x000007fefe698000 	C:\Windows\system32\SHELL32.dll
0x000007fefe7b0000 - 0x000007fefe9b3000 	C:\Windows\system32\ole32.dll
0x000007fefcc90000 - 0x000007fefcc9f000 	C:\Windows\system32\profapi.dll
0x000007fefaa00000 - 0x000007fefab25000 	C:\Windows\system32\dbghelp.dll

VM Arguments:
jvm_args: -Xmx1024M -Xss1m -Djava.ext.dirs=C:\Program Files (x86)\Android\android-studio\sdk\build-tools\android-4.4.2\lib 
java_command: C:\Program Files (x86)\Android\android-studio\sdk\build-tools\android-4.4.2\lib\dx.jar --dex --output C:\Users\Siza\Arrythmia Project Newtonmin\ArrythmiaProject\Arrythmia\app\build\pre-dexed\debug\classes-155060e0ae02b3b139bf6535a04ca272e9c6ee87.jar C:\Users\Siza\Arrythmia Project Newtonmin\ArrythmiaProject\Arrythmia\app\build\exploded-aar\com.android.support\appcompat-v7\19.1.0\classes.jar
java_class_path (initial): C:\Program Files (x86)\Android\android-studio\sdk\build-tools\android-4.4.2\lib\dx.jar
Launcher Type: SUN_STANDARD

Environment Variables:
JAVA_HOME=C:\Program Files\Java\jdk1.8.0_05
PATH=C:\Program Files (x86)\NVIDIA Corporation\PhysX\Common;C:\Program Files\Common Files\Microsoft Shared\Windows Live;C:\Program Files (x86)\Common Files\Microsoft Shared\Windows Live;C:\Program Files (x86)\Microchip\MPLABC18\v3.45\mpasm;C:\Program Files (x86)\Microchip\MPLABC18\v3.45\bin;C:\Program Files (x86)\Microchip\MPLABC18\v3.41\mpasm;C:\Program Files (x86)\Microchip\MPLABC18\v3.41\bin;C:\Program Files (x86)\Microchip\mplabc32\v2.02\bin;C:\Program Files (x86)\Microchip\MPLAB C30\bin;C:\Program Files (x86)\Microchip\xc32\v1.20\bin;C:\Program Files (x86)\Microchip\xc16\v1.11\bin;C:\Program Files (x86)\Microchip\xc8\v1.12\bin;C:\Windows\system32;C:\Windows;C:\Windows\System32\Wbem;C:\Windows\System32\WindowsPowerShell\v1.0\;C:\Program Files\Microsoft\Web Platform Installer\;C:\Program Files (x86)\Microsoft ASP.NET\ASP.NET Web Pages\v1.0\;C:\Program Files (x86)\Windows Kits\8.0\Windows Performance Toolkit\;C:\Program Files\Microsoft SQL Server\110\Tools\Binn\;C:\Program Files\IVI Foundation\VISA\Win64\Bin\;C:\Program Files (x86)\IVI Foundation\VISA\WinNT\Bin\;C:\Program Files (x86)\IVI Foundation\VISA\WinNT\Bin;C:\Program Files (x86)\Microsoft SQL Server\100\Tools\Binn\;C:\Program Files\Microsoft SQL Server\100\Tools\Binn\;C:\Program Files\Microsoft SQL Server\100\DTS\Binn\;C:\Program Files\MATLAB\R2011b\runtime\win64;C:\Program Files\MATLAB\R2011b\bin;C:\Program Files\MATLAB\R2010b\runtime\win64;C:\Program Files\MATLAB\R2010b\bin;C:\Program Files (x86)\Microchip\MPLAB C32 Suite\bin;C:\Program Files\Java\jdk1.7.0_17\bin;C:\Program Files (x86)\HI-TECH Software\PICC\9.83\bin;C:\Program Files (x86)\Windows Live\Shared;C:\Program Files (x86)\QuickTime\QTSystem\;
USERNAME=Siza
OS=Windows_NT
PROCESSOR_IDENTIFIER=AMD64 Family 16 Model 10 Stepping 0, AuthenticAMD



---------------  S Y S T E M  ---------------

OS: Windows 7 , 64 bit Build 7601 Service Pack 1

CPU:total 6 (6 cores per cpu, 1 threads per core) family 16 model 10 stepping 0, cmov, cx8, fxsr, mmx, sse, sse2, sse3, popcnt, mmxext, 3dnowpref, lzcnt, sse4a, tsc, tscinvbit

Memory: 4k page, physical 8387816k(1396104k free), swap 8385952k(10268k free)

vm_info: Java HotSpot(TM) 64-Bit Server VM (25.5-b02) for windows-amd64 JRE (1.8.0_05-b13), built on Mar 18 2014 01:08:39 by "java_re" with MS VC++ 10.0 (VS2010)

time: Sat Jun 07 18:55:53 2014
elapsed time: 1 seconds

