#
# There is insufficient memory for the Java Runtime Environment to continue.
# Native memory allocation (malloc) failed to allocate 262160 bytes for Chunk::new
# Possible reasons:
#   The system is out of physical RAM or swap space
#   In 32 bit mode, the process size limit was hit
# Possible solutions:
#   Reduce memory load on the system
#   Increase physical memory or swap space
#   Check if swap backing store is full
#   Use 64 bit Java on a 64 bit OS
#   Decrease Java heap size (-Xmx/-Xms)
#   Decrease number of Java threads
#   Decrease Java thread stack sizes (-Xss)
#   Set larger code cache with -XX:ReservedCodeCacheSize=
# This output file may be truncated or incomplete.
#
#  Out of Memory Error (allocation.cpp:328), pid=15504, tid=16316
#
# JRE version: 7.0_17-b02
# Java VM: Java HotSpot(TM) 64-Bit Server VM (23.7-b01 mixed mode windows-amd64 compressed oops)
# Failed to write core dump. Minidumps are not enabled by default on client versions of Windows
#

---------------  T H R E A D  ---------------

Current thread (0x00000000097a5000):  JavaThread "C2 CompilerThread0" daemon [_thread_in_native, id=16316, stack(0x000000000b3a0000,0x000000000b4a0000)]

Stack: [0x000000000b3a0000,0x000000000b4a0000]

Current CompileTask:
C2:   4679  339             groovy.lang.MetaClassImpl::populateMethods (372 bytes)


---------------  P R O C E S S  ---------------

Java Threads: ( => current thread )
  0x000000000cb7a000 JavaThread "File lock request listener" [_thread_in_native, id=12304, stack(0x000000000e5a0000,0x000000000e6a0000)]
  0x000000000c209000 JavaThread "Stdin handler" [_thread_blocked, id=15456, stack(0x000000000e6f0000,0x000000000e7f0000)]
  0x000000000c3de000 JavaThread "Handler for socket connection at /127.0.0.1:32497 with /127.0.0.1:32498" [_thread_in_native, id=12324, stack(0x000000000e410000,0x000000000e510000)]
  0x000000000ca9d800 JavaThread "Daemon" [_thread_in_vm, id=9160, stack(0x000000000df90000,0x000000000e090000)]
  0x000000000c421800 JavaThread "Incoming local TCP Connector on port 32497" [_thread_in_native, id=14216, stack(0x000000000e190000,0x000000000e290000)]
  0x00000000097ab000 JavaThread "Service Thread" daemon [_thread_blocked, id=14328, stack(0x000000000b700000,0x000000000b800000)]
  0x00000000097aa000 JavaThread "C2 CompilerThread1" daemon [_thread_in_native, id=11024, stack(0x000000000b5b0000,0x000000000b6b0000)]
=>0x00000000097a5000 JavaThread "C2 CompilerThread0" daemon [_thread_in_native, id=16316, stack(0x000000000b3a0000,0x000000000b4a0000)]
  0x00000000097a4000 JavaThread "Attach Listener" daemon [_thread_blocked, id=14288, stack(0x000000000b1b0000,0x000000000b2b0000)]
  0x00000000097a3000 JavaThread "Signal Dispatcher" daemon [_thread_blocked, id=4648, stack(0x000000000ad70000,0x000000000ae70000)]
  0x0000000009719800 JavaThread "Finalizer" daemon [_thread_blocked, id=7256, stack(0x000000000b010000,0x000000000b110000)]
  0x000000000970e000 JavaThread "Reference Handler" daemon [_thread_blocked, id=9212, stack(0x000000000aef0000,0x000000000aff0000)]
  0x000000000008d800 JavaThread "main" [_thread_blocked, id=1568, stack(0x0000000002550000,0x0000000002650000)]

Other Threads:
  0x0000000009709800 VMThread [stack: 0x000000000ac40000,0x000000000ad40000] [id=14588]
  0x000000000b814800 WatcherThread [stack: 0x000000000bc60000,0x000000000bd60000] [id=15532]

VM state:not at safepoint (normal execution)

VM Mutex/Monitor currently owned by a thread: None

Heap
 PSYoungGen      total 70976K, used 65565K [0x00000000eaab0000, 0x00000000ef550000, 0x0000000100000000)
  eden space 65536K, 91% used [0x00000000eaab0000,0x00000000ee56b7b8,0x00000000eeab0000)
  from space 5440K, 99% used [0x00000000eeab0000,0x00000000eeffc010,0x00000000ef000000)
  to   space 5440K, 0% used [0x00000000ef000000,0x00000000ef000000,0x00000000ef550000)
 ParOldGen       total 87424K, used 9686K [0x00000000c0000000, 0x00000000c5560000, 0x00000000eaab0000)
  object space 87424K, 11% used [0x00000000c0000000,0x00000000c09758b0,0x00000000c5560000)
 PSPermGen       total 24320K, used 24237K [0x00000000b0000000, 0x00000000b17c0000, 0x00000000c0000000)
  object space 24320K, 99% used [0x00000000b0000000,0x00000000b17ab558,0x00000000b17c0000)

Card table byte_map: [0x0000000005650000,0x00000000058e0000] byte_map_base: 0x00000000050d0000

Polling page: 0x0000000000250000

Code Cache  [0x0000000002650000, 0x00000000028c0000, 0x0000000005650000)
 total_blobs=894 nmethods=335 adapters=510 free_code_cache=46785Kb largest_free_block=47842880

Compilation events (10 events):
Event: 4.554 Thread 0x00000000097a5000 nmethod 337 0x000000000289edd0 code [0x000000000289ef20, 0x000000000289f128]
Event: 4.554 Thread 0x00000000097a5000  338             java.util.LinkedHashMap$Entry::<init> (10 bytes)
Event: 4.554 Thread 0x00000000097a5000 nmethod 338 0x00000000028a08d0 code [0x00000000028a0a00, 0x00000000028a0a78]
Event: 4.560 Thread 0x00000000097a5000  339             groovy.lang.MetaClassImpl::populateMethods (372 bytes)
Event: 4.620 Thread 0x00000000097aa000 nmethod 336 0x00000000028a8350 code [0x00000000028a88c0, 0x00000000028ab450]
Event: 4.620 Thread 0x00000000097aa000  340             groovy.lang.MetaClassImpl$1MOPIter::processFastArray (210 bytes)
Event: 4.647 Thread 0x00000000097aa000 nmethod 340 0x00000000028a5250 code [0x00000000028a54e0, 0x00000000028a6cc8]
Event: 4.647 Thread 0x00000000097aa000  341             org.codehaus.groovy.reflection.GeneratedMetaMethod::getModifiers (2 bytes)
Event: 4.647 Thread 0x00000000097aa000 nmethod 341 0x000000000289ebd0 code [0x000000000289ed00, 0x000000000289ed58]
Event: 4.647 Thread 0x00000000097aa000  342             groovy.lang.MetaClassImpl$1MOPIter::methodNameAction (417 bytes)

GC Heap History (6 events):
Event: 1.652 GC heap before
{Heap before GC invocations=1 (full 0):
 PSYoungGen      total 38208K, used 32768K [0x00000000eaab0000, 0x00000000ed550000, 0x0000000100000000)
  eden space 32768K, 100% used [0x00000000eaab0000,0x00000000ecab0000,0x00000000ecab0000)
  from space 5440K, 0% used [0x00000000ed000000,0x00000000ed000000,0x00000000ed550000)
  to   space 5440K, 0% used [0x00000000ecab0000,0x00000000ecab0000,0x00000000ed000000)
 ParOldGen       total 87424K, used 0K [0x00000000c0000000, 0x00000000c5560000, 0x00000000eaab0000)
  object space 87424K, 0% used [0x00000000c0000000,0x00000000c0000000,0x00000000c5560000)
 PSPermGen       total 21248K, used 9203K [0x00000000b0000000, 0x00000000b14c0000, 0x00000000c0000000)
  object space 21248K, 43% used [0x00000000b0000000,0x00000000b08fcd58,0x00000000b14c0000)
Event: 1.670 GC heap after
Heap after GC invocations=1 (full 0):
 PSYoungGen      total 38208K, used 5415K [0x00000000eaab0000, 0x00000000ef550000, 0x0000000100000000)
  eden space 32768K, 0% used [0x00000000eaab0000,0x00000000eaab0000,0x00000000ecab0000)
  from space 5440K, 99% used [0x00000000ecab0000,0x00000000ecff9f30,0x00000000ed000000)
  to   space 5440K, 0% used [0x00000000ef000000,0x00000000ef000000,0x00000000ef550000)
 ParOldGen       total 87424K, used 8K [0x00000000c0000000, 0x00000000c5560000, 0x00000000eaab0000)
  object space 87424K, 0% used [0x00000000c0000000,0x00000000c0002000,0x00000000c5560000)
 PSPermGen       total 21248K, used 9203K [0x00000000b0000000, 0x00000000b14c0000, 0x00000000c0000000)
  object space 21248K, 43% used [0x00000000b0000000,0x00000000b08fcd58,0x00000000b14c0000)
}
Event: 2.437 GC heap before
{Heap before GC invocations=2 (full 0):
 PSYoungGen      total 38208K, used 38183K [0x00000000eaab0000, 0x00000000ef550000, 0x0000000100000000)
  eden space 32768K, 100% used [0x00000000eaab0000,0x00000000ecab0000,0x00000000ecab0000)
  from space 5440K, 99% used [0x00000000ecab0000,0x00000000ecff9f30,0x00000000ed000000)
  to   space 5440K, 0% used [0x00000000ef000000,0x00000000ef000000,0x00000000ef550000)
 ParOldGen       total 87424K, used 8K [0x00000000c0000000, 0x00000000c5560000, 0x00000000eaab0000)
  object space 87424K, 0% used [0x00000000c0000000,0x00000000c0002000,0x00000000c5560000)
 PSPermGen       total 21248K, used 14254K [0x00000000b0000000, 0x00000000b14c0000, 0x00000000c0000000)
  object space 21248K, 67% used [0x00000000b0000000,0x00000000b0deb910,0x00000000b14c0000)
Event: 2.482 GC heap after
Heap after GC invocations=2 (full 0):
 PSYoungGen      total 70976K, used 5438K [0x00000000eaab0000, 0x00000000ef550000, 0x0000000100000000)
  eden space 65536K, 0% used [0x00000000eaab0000,0x00000000eaab0000,0x00000000eeab0000)
  from space 5440K, 99% used [0x00000000ef000000,0x00000000ef54fac0,0x00000000ef550000)
  to   space 5440K, 0% used [0x00000000eeab0000,0x00000000eeab0000,0x00000000ef000000)
 ParOldGen       total 87424K, used 2339K [0x00000000c0000000, 0x00000000c5560000, 0x00000000eaab0000)
  object space 87424K, 2% used [0x00000000c0000000,0x00000000c0248e30,0x00000000c5560000)
 PSPermGen       total 21248K, used 14254K [0x00000000b0000000, 0x00000000b14c0000, 0x00000000c0000000)
  object space 21248K, 67% used [0x00000000b0000000,0x00000000b0deb910,0x00000000b14c0000)
}
Event: 3.674 GC heap before
{Heap before GC invocations=3 (full 0):
 PSYoungGen      total 70976K, used 70974K [0x00000000eaab0000, 0x00000000ef550000, 0x0000000100000000)
  eden space 65536K, 100% used [0x00000000eaab0000,0x00000000eeab0000,0x00000000eeab0000)
  from space 5440K, 99% used [0x00000000ef000000,0x00000000ef54fac0,0x00000000ef550000)
  to   space 5440K, 0% used [0x00000000eeab0000,0x00000000eeab0000,0x00000000ef000000)
 ParOldGen       total 87424K, used 2339K [0x00000000c0000000, 0x00000000c5560000, 0x00000000eaab0000)
  object space 87424K, 2% used [0x00000000c0000000,0x00000000c0248e30,0x00000000c5560000)
 PSPermGen       total 21248K, used 19353K [0x00000000b0000000, 0x00000000b14c0000, 0x00000000c0000000)
  object space 21248K, 91% used [0x00000000b0000000,0x00000000b12e66e0,0x00000000b14c0000)
Event: 3.692 GC heap after
Heap after GC invocations=3 (full 0):
 PSYoungGen      total 70976K, used 5424K [0x00000000eaab0000, 0x00000000ef550000, 0x0000000100000000)
  eden space 65536K, 0% used [0x00000000eaab0000,0x00000000eaab0000,0x00000000eeab0000)
  from space 5440K, 99% used [0x00000000eeab0000,0x00000000eeffc010,0x00000000ef000000)
  to   space 5440K, 0% used [0x00000000ef000000,0x00000000ef000000,0x00000000ef550000)
 ParOldGen       total 87424K, used 9686K [0x00000000c0000000, 0x00000000c5560000, 0x00000000eaab0000)
  object space 87424K, 11% used [0x00000000c0000000,0x00000000c09758b0,0x00000000c5560000)
 PSPermGen       total 21248K, used 19353K [0x00000000b0000000, 0x00000000b14c0000, 0x00000000c0000000)
  object space 21248K, 91% used [0x00000000b0000000,0x00000000b12e66e0,0x00000000b14c0000)
}

Deoptimization events (10 events):
Event: 4.216 Thread 0x000000000ca9d800 Uncommon trap -34 fr.pc 0x0000000002838ad8
Event: 4.216 Thread 0x000000000ca9d800 Uncommon trap -34 fr.pc 0x0000000002838ad8
Event: 4.220 Thread 0x000000000ca9d800 Uncommon trap -34 fr.pc 0x0000000002838ad8
Event: 4.256 Thread 0x000000000ca9d800 Uncommon trap -42 fr.pc 0x00000000026e56d8
Event: 4.256 Thread 0x000000000ca9d800 Uncommon trap -42 fr.pc 0x00000000026e56d8
Event: 4.258 Thread 0x000000000ca9d800 Uncommon trap -42 fr.pc 0x00000000026e56d8
Event: 4.259 Thread 0x000000000ca9d800 Uncommon trap -42 fr.pc 0x00000000026e56d8
Event: 4.518 Thread 0x000000000ca9d800 Uncommon trap -83 fr.pc 0x0000000002866128
Event: 4.531 Thread 0x000000000ca9d800 Uncommon trap -122 fr.pc 0x00000000028411c0
Event: 4.589 Thread 0x000000000ca9d800 Uncommon trap -83 fr.pc 0x0000000002892d8c

Internal exceptions (10 events):
Event: 4.668 Thread 0x000000000ca9d800 Threw 0x00000000ee3f3fa8 at C:\jdk7u2_64p\jdk7u17\hotspot\src\share\vm\prims\jvm.cpp:1166
Event: 4.669 Thread 0x000000000ca9d800 Threw 0x00000000ee3fcde8 at C:\jdk7u2_64p\jdk7u17\hotspot\src\share\vm\prims\jvm.cpp:1166
Event: 4.669 Thread 0x000000000ca9d800 Threw 0x00000000ee405940 at C:\jdk7u2_64p\jdk7u17\hotspot\src\share\vm\prims\jvm.cpp:1166
Event: 4.669 Thread 0x000000000ca9d800 Threw 0x00000000ee406728 at C:\jdk7u2_64p\jdk7u17\hotspot\src\share\vm\prims\jvm.cpp:1166
Event: 4.669 Thread 0x000000000ca9d800 Threw 0x00000000ee410d90 at C:\jdk7u2_64p\jdk7u17\hotspot\src\share\vm\prims\jvm.cpp:1166
Event: 4.669 Thread 0x000000000ca9d800 Threw 0x00000000ee411ca0 at C:\jdk7u2_64p\jdk7u17\hotspot\src\share\vm\prims\jvm.cpp:1166
Event: 4.670 Thread 0x000000000ca9d800 Threw 0x00000000ee4165e8 at C:\jdk7u2_64p\jdk7u17\hotspot\src\share\vm\prims\jvm.cpp:1166
Event: 4.670 Thread 0x000000000ca9d800 Threw 0x00000000ee4174b0 at C:\jdk7u2_64p\jdk7u17\hotspot\src\share\vm\prims\jvm.cpp:1166
Event: 4.671 Thread 0x000000000ca9d800 Threw 0x00000000ee41dff0 at C:\jdk7u2_64p\jdk7u17\hotspot\src\share\vm\prims\jvm.cpp:1166
Event: 4.672 Thread 0x000000000ca9d800 Threw 0x00000000ee426f50 at C:\jdk7u2_64p\jdk7u17\hotspot\src\share\vm\prims\jvm.cpp:1166

Events (10 events):
Event: 4.667 loading class 0x000000000d33ea00
Event: 4.667 loading class 0x000000000d33ea00 done
Event: 4.668 loading class 0x000000000f37e350
Event: 4.668 loading class 0x000000000f37e350 done
Event: 4.668 loading class 0x000000000f37e350
Event: 4.668 loading class 0x000000000f37e350 done
Event: 4.669 loading class 0x000000000ca74660
Event: 4.669 loading class 0x000000000ca74660 done
Event: 4.670 loading class 0x000000000ca74610
Event: 4.670 loading class 0x000000000ca74610 done


Dynamic libraries:
0x000000013f6d0000 - 0x000000013f703000 	C:\Program Files\Java\jdk1.7.0_17\bin\java.exe
0x0000000076ed0000 - 0x0000000077079000 	C:\Windows\SYSTEM32\ntdll.dll
0x0000000076cb0000 - 0x0000000076dcf000 	C:\Windows\system32\kernel32.dll
0x000007fefcfe0000 - 0x000007fefd04c000 	C:\Windows\system32\KERNELBASE.dll
0x000007feff010000 - 0x000007feff0eb000 	C:\Windows\system32\ADVAPI32.dll
0x000007fefeb00000 - 0x000007fefeb9f000 	C:\Windows\system32\msvcrt.dll
0x000007fefd200000 - 0x000007fefd21f000 	C:\Windows\SYSTEM32\sechost.dll
0x000007fefd400000 - 0x000007fefd52d000 	C:\Windows\system32\RPCRT4.dll
0x0000000076dd0000 - 0x0000000076eca000 	C:\Windows\system32\USER32.dll
0x000007fefd0c0000 - 0x000007fefd127000 	C:\Windows\system32\GDI32.dll
0x000007fefedd0000 - 0x000007fefedde000 	C:\Windows\system32\LPK.dll
0x000007fefd130000 - 0x000007fefd1f9000 	C:\Windows\system32\USP10.dll
0x000007fefb6f0000 - 0x000007fefb8e4000 	C:\Windows\WinSxS\amd64_microsoft.windows.common-controls_6595b64144ccf1df_6.0.7601.17514_none_fa396087175ac9ac\COMCTL32.dll
0x000007fefef90000 - 0x000007feff001000 	C:\Windows\system32\SHLWAPI.dll
0x000007fefede0000 - 0x000007fefee0e000 	C:\Windows\system32\IMM32.DLL
0x000007fefe6a0000 - 0x000007fefe7a9000 	C:\Windows\system32\MSCTF.dll
0x00000000666f0000 - 0x00000000667c1000 	C:\Program Files\Java\jdk1.7.0_17\jre\bin\msvcr100.dll
0x0000000064370000 - 0x0000000064a8f000 	C:\Program Files\Java\jdk1.7.0_17\jre\bin\server\jvm.dll
0x000007fef6b10000 - 0x000007fef6b19000 	C:\Windows\system32\WSOCK32.dll
0x000007fefd860000 - 0x000007fefd8ad000 	C:\Windows\system32\WS2_32.dll
0x000007feff1d0000 - 0x000007feff1d8000 	C:\Windows\system32\NSI.dll
0x000007fefa8c0000 - 0x000007fefa8fb000 	C:\Windows\system32\WINMM.dll
0x00000000770a0000 - 0x00000000770a7000 	C:\Windows\system32\PSAPI.DLL
0x00000000701c0000 - 0x00000000701cf000 	C:\Program Files\Java\jdk1.7.0_17\jre\bin\verify.dll
0x0000000070190000 - 0x00000000701b8000 	C:\Program Files\Java\jdk1.7.0_17\jre\bin\java.dll
0x0000000070170000 - 0x0000000070185000 	C:\Program Files\Java\jdk1.7.0_17\jre\bin\zip.dll
0x0000000070150000 - 0x0000000070169000 	C:\Program Files\Java\jdk1.7.0_17\jre\bin\net.dll
0x000007fefc430000 - 0x000007fefc485000 	C:\Windows\system32\mswsock.dll
0x000007fefc6f0000 - 0x000007fefc6f7000 	C:\Windows\System32\wship6.dll
0x000000006fa60000 - 0x000000006fa71000 	C:\Program Files\Java\jdk1.7.0_17\jre\bin\nio.dll
0x000007fefc630000 - 0x000007fefc647000 	C:\Windows\system32\CRYPTSP.dll
0x000007fefc1d0000 - 0x000007fefc217000 	C:\Windows\system32\rsaenh.dll
0x000007fefbf90000 - 0x000007fefbfae000 	C:\Windows\system32\USERENV.dll
0x000007fefcc90000 - 0x000007fefcc9f000 	C:\Windows\system32\profapi.dll
0x000007fefcb80000 - 0x000007fefcb8f000 	C:\Windows\system32\CRYPTBASE.dll
0x000007fefaf80000 - 0x000007fefaf95000 	C:\Windows\system32\NLAapi.dll
0x000007fef6aa0000 - 0x000007fef6ab5000 	C:\Windows\system32\napinsp.dll
0x000007fef6920000 - 0x000007fef6939000 	C:\Windows\system32\pnrpnsp.dll
0x000007fefc2c0000 - 0x000007fefc31b000 	C:\Windows\system32\DNSAPI.dll
0x000007fef6870000 - 0x000007fef687b000 	C:\Windows\System32\winrnr.dll
0x0000000063560000 - 0x0000000063569000 	C:\Program Files\National Instruments\Shared\mDNS Responder\nimdnsNSP.dll
0x0000000063550000 - 0x000000006355e000 	C:\Windows\system32\nimdnsResponder.dll
0x000000006fa90000 - 0x000000006fb33000 	C:\Windows\WinSxS\amd64_microsoft.vc90.crt_1fc8b3b9a1e18e3b_9.0.30729.6161_none_08e61857a83bc251\MSVCR90.dll
0x000007fef9be0000 - 0x000007fef9c07000 	C:\Windows\system32\Iphlpapi.DLL
0x000007fef9bd0000 - 0x000007fef9bdb000 	C:\Windows\system32\WINNSI.DLL
0x000007fef7220000 - 0x000007fef724f000 	C:\Program Files\Common Files\Microsoft Shared\Windows Live\WLIDNSP.DLL
0x000000006f9e0000 - 0x000000006fa06000 	C:\Program Files\Bonjour\mdnsNSP.dll
0x000007fef6860000 - 0x000007fef6870000 	C:\Windows\system32\wshbth.dll
0x000007fefbe50000 - 0x000007fefbe57000 	C:\Windows\System32\wshtcpip.dll
0x000007fef7210000 - 0x000007fef7218000 	C:\Windows\system32\rasadhlp.dll
0x000007fef9980000 - 0x000007fef99d3000 	C:\Windows\System32\fwpuclnt.dll
0x000007fef3610000 - 0x000007fef3624000 	C:\Users\Siza\AppData\Local\Temp\native-platform5234657646396851848dir\native-platform-windows-amd64.dll
0x000007fef9810000 - 0x000007fef9828000 	C:\Windows\system32\dhcpcsvc.DLL
0x000007fef97d0000 - 0x000007fef97e1000 	C:\Windows\system32\dhcpcsvc6.DLL
0x000007fefcb20000 - 0x000007fefcb77000 	C:\Windows\system32\apphelp.dll

VM Arguments:
jvm_args: -XX:MaxPermSize=256m -XX:+HeapDumpOnOutOfMemoryError -Xmx1024m -Dfile.encoding=windows-1252 
java_command: org.gradle.launcher.daemon.bootstrap.GradleDaemon 1.10 C:\Users\Siza\.gradle\daemon 60000 808ab955-8a51-47d6-8e09-1c08d69f2432 -XX:MaxPermSize=256m -XX:+HeapDumpOnOutOfMemoryError -Xmx1024m -Dfile.encoding=windows-1252
Launcher Type: SUN_STANDARD

Environment Variables:
JAVA_HOME=C:\Program Files\Java\jdk1.8.0_05
PATH=C:\Program Files (x86)\NVIDIA Corporation\PhysX\Common;C:\Program Files\Common Files\Microsoft Shared\Windows Live;C:\Program Files (x86)\Common Files\Microsoft Shared\Windows Live;C:\Program Files (x86)\Microchip\MPLABC18\v3.45\mpasm;C:\Program Files (x86)\Microchip\MPLABC18\v3.45\bin;C:\Program Files (x86)\Microchip\MPLABC18\v3.41\mpasm;C:\Program Files (x86)\Microchip\MPLABC18\v3.41\bin;C:\Program Files (x86)\Microchip\mplabc32\v2.02\bin;C:\Program Files (x86)\Microchip\MPLAB C30\bin;C:\Program Files (x86)\Microchip\xc32\v1.20\bin;C:\Program Files (x86)\Microchip\xc16\v1.11\bin;C:\Program Files (x86)\Microchip\xc8\v1.12\bin;C:\Windows\system32;C:\Windows;C:\Windows\System32\Wbem;C:\Windows\System32\WindowsPowerShell\v1.0\;C:\Program Files\Microsoft\Web Platform Installer\;C:\Program Files (x86)\Microsoft ASP.NET\ASP.NET Web Pages\v1.0\;C:\Program Files (x86)\Windows Kits\8.0\Windows Performance Toolkit\;C:\Program Files\Microsoft SQL Server\110\Tools\Binn\;C:\Program Files\IVI Foundation\VISA\Win64\Bin\;C:\Program Files (x86)\IVI Foundation\VISA\WinNT\Bin\;C:\Program Files (x86)\IVI Foundation\VISA\WinNT\Bin;C:\Program Files (x86)\Microsoft SQL Server\100\Tools\Binn\;C:\Program Files\Microsoft SQL Server\100\Tools\Binn\;C:\Program Files\Microsoft SQL Server\100\DTS\Binn\;C:\Program Files\MATLAB\R2011b\runtime\win64;C:\Program Files\MATLAB\R2011b\bin;C:\Program Files\MATLAB\R2010b\runtime\win64;C:\Program Files\MATLAB\R2010b\bin;C:\Program Files (x86)\Microchip\MPLAB C32 Suite\bin;C:\Program Files\Java\jdk1.7.0_17\bin;C:\Program Files (x86)\HI-TECH Software\PICC\9.83\bin;C:\Program Files (x86)\Windows Live\Shared;C:\Program Files (x86)\QuickTime\QTSystem\;C:\Program Files (x86)\Microchip\MPLABC18\v3.41\mpasm;C:\Program Files (x86)\Microchip\MPLABC18\v3.41\bin;C:\Program Files (x86)\Microchip\MPLABC18\v3.45\mpasm;C:\Program Files (x86)\Microchip\MPLABC18\v3.45\bin;C:\Windows\system32;C:\Windows;C:\Windows\System32\Wbem
USERNAME=Siza
OS=Windows_NT
PROCESSOR_IDENTIFIER=AMD64 Family 16 Model 10 Stepping 0, AuthenticAMD



---------------  S Y S T E M  ---------------

OS: Windows 7 , 64 bit Build 7601 Service Pack 1

CPU:total 6 (6 cores per cpu, 1 threads per core) family 16 model 10 stepping 0, cmov, cx8, fxsr, mmx, sse, sse2, sse3, popcnt, mmxext, 3dnowpref, lzcnt, sse4a, tsc, tscinvbit, tscinv

Memory: 4k page, physical 8387816k(990964k free), swap 8385952k(4932k free)

vm_info: Java HotSpot(TM) 64-Bit Server VM (23.7-b01) for windows-amd64 JRE (1.7.0_17-b02), built on Mar  1 2013 03:38:30 by "java_re" with unknown MS VC++:1600

time: Mon Jun 02 02:07:34 2014
elapsed time: 4 seconds

