#
# There is insufficient memory for the Java Runtime Environment to continue.
# Native memory allocation (malloc) failed to allocate 297296 bytes for Chunk::new
# Possible reasons:
#   The system is out of physical RAM or swap space
#   In 32 bit mode, the process size limit was hit
# Possible solutions:
#   Reduce memory load on the system
#   Increase physical memory or swap space
#   Check if swap backing store is full
#   Use 64 bit Java on a 64 bit OS
#   Decrease Java heap size (-Xmx/-Xms)
#   Decrease number of Java threads
#   Decrease Java thread stack sizes (-Xss)
#   Set larger code cache with -XX:ReservedCodeCacheSize=
# This output file may be truncated or incomplete.
#
#  Out of Memory Error (allocation.cpp:388), pid=6340, tid=16100
#
# JRE version: Java(TM) SE Runtime Environment (8.0_05-b13) (build 1.8.0_05-b13)
# Java VM: Java HotSpot(TM) 64-Bit Server VM (25.5-b02 mixed mode windows-amd64 compressed oops)
# Failed to write core dump. Minidumps are not enabled by default on client versions of Windows
#

---------------  T H R E A D  ---------------

Current thread (0x0000000056f90800):  JavaThread "C2 CompilerThread0" daemon [_thread_in_native, id=16100, stack(0x0000000057650000,0x0000000057750000)]

Stack: [0x0000000057650000,0x0000000057750000]
Native frames: (J=compiled Java code, j=interpreted, Vv=VM code, C=native code)
V  [jvm.dll+0x308dea]


Current CompileTask:
C2:   2028 1476   !   4       com.android.dx.cf.code.BytecodeArray::parseInstruction (2764 bytes)


---------------  P R O C E S S  ---------------

Java Threads: ( => current thread )
  0x0000000056fe4800 JavaThread "Service Thread" daemon [_thread_blocked, id=3384, stack(0x0000000057ab0000,0x0000000057bb0000)]
  0x0000000056f98000 JavaThread "C1 CompilerThread2" daemon [_thread_blocked, id=13456, stack(0x0000000057550000,0x0000000057650000)]
  0x0000000056f95800 JavaThread "C2 CompilerThread1" daemon [_thread_in_native, id=13076, stack(0x00000000577c0000,0x00000000578c0000)]
=>0x0000000056f90800 JavaThread "C2 CompilerThread0" daemon [_thread_in_native, id=16100, stack(0x0000000057650000,0x0000000057750000)]
  0x0000000056f8e800 JavaThread "Attach Listener" daemon [_thread_blocked, id=15776, stack(0x0000000057370000,0x0000000057470000)]
  0x0000000056f8d000 JavaThread "Signal Dispatcher" daemon [_thread_blocked, id=10312, stack(0x0000000056c80000,0x0000000056d80000)]
  0x0000000055603000 JavaThread "Finalizer" daemon [_thread_blocked, id=15472, stack(0x0000000056e40000,0x0000000056f40000)]
  0x00000000555f6000 JavaThread "Reference Handler" daemon [_thread_blocked, id=7112, stack(0x0000000056a70000,0x0000000056b70000)]
  0x000000000234f000 JavaThread "main" [_thread_in_native, id=13876, stack(0x00000000024a0000,0x00000000025a0000)]

Other Threads:
  0x00000000555f2800 VMThread [stack: 0x0000000056b70000,0x0000000056c70000] [id=15372]
  0x0000000056fe7800 WatcherThread [stack: 0x0000000057940000,0x0000000057a40000] [id=15836]

VM state:not at safepoint (normal execution)

VM Mutex/Monitor currently owned by a thread: None

Heap:
 PSYoungGen      total 24064K, used 3993K [0x00000000eab00000, 0x00000000ec600000, 0x0000000100000000)
  eden space 20480K, 6% used [0x00000000eab00000,0x00000000eac364c8,0x00000000ebf00000)
  from space 3584K, 76% used [0x00000000ebf00000,0x00000000ec1b0000,0x00000000ec280000)
  to   space 3584K, 0% used [0x00000000ec280000,0x00000000ec280000,0x00000000ec600000)
 ParOldGen       total 129536K, used 10975K [0x00000000c0000000, 0x00000000c7e80000, 0x00000000eab00000)
  object space 129536K, 8% used [0x00000000c0000000,0x00000000c0ab7db0,0x00000000c7e80000)
 Metaspace       used 5407K, capacity 6832K, committed 7040K, reserved 1056768K
  class space    used 540K, capacity 616K, committed 640K, reserved 1048576K

Card table byte_map: [0x0000000011c30000,0x0000000011e40000] byte_map_base: 0x0000000011630000

Marking Bits: (ParMarkBitMap*) 0x000000005bf513b0
 Begin Bits: [0x0000000012a10000, 0x0000000013a10000)
 End Bits:   [0x0000000013a10000, 0x0000000014a10000)

Polling page: 0x0000000000130000

CodeCache: size=245760Kb used=6135Kb max_used=6135Kb free=239624Kb
 bounds [0x0000000002870000, 0x0000000002e80000, 0x0000000011870000]
 total_blobs=1772 nmethods=1514 adapters=173
 compilation: enabled

Compilation events (10 events):
Event: 2.010 Thread 0x0000000056f98000 1527       2       com.android.dx.ssa.MoveParamCombiner::run (45 bytes)
Event: 2.011 Thread 0x0000000056f98000 nmethod 1527 0x0000000002e63050 code [0x0000000002e631e0, 0x0000000002e63578]
Event: 2.011 Thread 0x0000000056f98000 1526       2       com.android.dx.ssa.LocalVariableInfo::<init> (78 bytes)
Event: 2.011 Thread 0x0000000056f98000 nmethod 1526 0x0000000002e628d0 code [0x0000000002e62a40, 0x0000000002e62e68]
Event: 2.011 Thread 0x0000000056f98000 1528       2       com.android.dx.ssa.back.SsaToRop::convert (99 bytes)
Event: 2.012 Thread 0x0000000056f98000 nmethod 1528 0x0000000002e618d0 code [0x0000000002e61ae0, 0x0000000002e621b8]
Event: 2.012 Thread 0x0000000056f98000 1523       2       com.android.dx.cf.code.Ropper::addSynchExceptionHandlerBlock (206 bytes)
Event: 2.014 Thread 0x0000000056f98000 nmethod 1523 0x0000000002e6ead0 code [0x0000000002e6ee60, 0x0000000002e70298]
Event: 2.025 Thread 0x0000000056f98000 1535       2       com.android.dx.rop.annotation.Annotations::add (75 bytes)
Event: 2.026 Thread 0x0000000056f98000 nmethod 1535 0x0000000002e72250 code [0x0000000002e72440, 0x0000000002e729c8]

GC Heap History (10 events):
Event: 1.080 GC heap before
{Heap before GC invocations=9 (full 0):
 PSYoungGen      total 10240K, used 10144K [0x00000000eab00000, 0x00000000eb700000, 0x0000000100000000)
  eden space 8192K, 100% used [0x00000000eab00000,0x00000000eb300000,0x00000000eb300000)
  from space 2048K, 95% used [0x00000000eb500000,0x00000000eb6e8018,0x00000000eb700000)
  to   space 2048K, 0% used [0x00000000eb300000,0x00000000eb300000,0x00000000eb500000)
 ParOldGen       total 129536K, used 1924K [0x00000000c0000000, 0x00000000c7e80000, 0x00000000eab00000)
  object space 129536K, 1% used [0x00000000c0000000,0x00000000c01e1138,0x00000000c7e80000)
 Metaspace       used 5260K, capacity 6704K, committed 6784K, reserved 1056768K
  class space    used 539K, capacity 616K, committed 640K, reserved 1048576K
Event: 1.112 GC heap after
Heap after GC invocations=9 (full 0):
 PSYoungGen      total 10240K, used 2048K [0x00000000eab00000, 0x00000000ebe00000, 0x0000000100000000)
  eden space 8192K, 0% used [0x00000000eab00000,0x00000000eab00000,0x00000000eb300000)
  from space 2048K, 100% used [0x00000000eb300000,0x00000000eb500000,0x00000000eb500000)
  to   space 3072K, 0% used [0x00000000ebb00000,0x00000000ebb00000,0x00000000ebe00000)
 ParOldGen       total 129536K, used 3231K [0x00000000c0000000, 0x00000000c7e80000, 0x00000000eab00000)
  object space 129536K, 2% used [0x00000000c0000000,0x00000000c0327cd8,0x00000000c7e80000)
 Metaspace       used 5260K, capacity 6704K, committed 6784K, reserved 1056768K
  class space    used 539K, capacity 616K, committed 640K, reserved 1048576K
}
Event: 1.294 GC heap before
{Heap before GC invocations=10 (full 0):
 PSYoungGen      total 10240K, used 10240K [0x00000000eab00000, 0x00000000ebe00000, 0x0000000100000000)
  eden space 8192K, 100% used [0x00000000eab00000,0x00000000eb300000,0x00000000eb300000)
  from space 2048K, 100% used [0x00000000eb300000,0x00000000eb500000,0x00000000eb500000)
  to   space 3072K, 0% used [0x00000000ebb00000,0x00000000ebb00000,0x00000000ebe00000)
 ParOldGen       total 129536K, used 3231K [0x00000000c0000000, 0x00000000c7e80000, 0x00000000eab00000)
  object space 129536K, 2% used [0x00000000c0000000,0x00000000c0327cd8,0x00000000c7e80000)
 Metaspace       used 5304K, capacity 6704K, committed 6784K, reserved 1056768K
  class space    used 539K, capacity 616K, committed 640K, reserved 1048576K
Event: 1.302 GC heap after
Heap after GC invocations=10 (full 0):
 PSYoungGen      total 15872K, used 2662K [0x00000000eab00000, 0x00000000ebf00000, 0x0000000100000000)
  eden space 12800K, 0% used [0x00000000eab00000,0x00000000eab00000,0x00000000eb780000)
  from space 3072K, 86% used [0x00000000ebb00000,0x00000000ebd99a90,0x00000000ebe00000)
  to   space 3584K, 0% used [0x00000000eb780000,0x00000000eb780000,0x00000000ebb00000)
 ParOldGen       total 129536K, used 4334K [0x00000000c0000000, 0x00000000c7e80000, 0x00000000eab00000)
  object space 129536K, 3% used [0x00000000c0000000,0x00000000c043bb48,0x00000000c7e80000)
 Metaspace       used 5304K, capacity 6704K, committed 6784K, reserved 1056768K
  class space    used 539K, capacity 616K, committed 640K, reserved 1048576K
}
Event: 1.466 GC heap before
{Heap before GC invocations=11 (full 0):
 PSYoungGen      total 15872K, used 15462K [0x00000000eab00000, 0x00000000ebf00000, 0x0000000100000000)
  eden space 12800K, 100% used [0x00000000eab00000,0x00000000eb780000,0x00000000eb780000)
  from space 3072K, 86% used [0x00000000ebb00000,0x00000000ebd99a90,0x00000000ebe00000)
  to   space 3584K, 0% used [0x00000000eb780000,0x00000000eb780000,0x00000000ebb00000)
 ParOldGen       total 129536K, used 4334K [0x00000000c0000000, 0x00000000c7e80000, 0x00000000eab00000)
  object space 129536K, 3% used [0x00000000c0000000,0x00000000c043bb48,0x00000000c7e80000)
 Metaspace       used 5342K, capacity 6768K, committed 7040K, reserved 1056768K
  class space    used 540K, capacity 616K, committed 640K, reserved 1048576K
Event: 1.535 GC heap after
Heap after GC invocations=11 (full 0):
 PSYoungGen      total 16384K, used 2432K [0x00000000eab00000, 0x00000000ec600000, 0x0000000100000000)
  eden space 12800K, 0% used [0x00000000eab00000,0x00000000eab00000,0x00000000eb780000)
  from space 3584K, 67% used [0x00000000eb780000,0x00000000eb9e0010,0x00000000ebb00000)
  to   space 3584K, 0% used [0x00000000ec280000,0x00000000ec280000,0x00000000ec600000)
 ParOldGen       total 129536K, used 6586K [0x00000000c0000000, 0x00000000c7e80000, 0x00000000eab00000)
  object space 129536K, 5% used [0x00000000c0000000,0x00000000c066e8b8,0x00000000c7e80000)
 Metaspace       used 5342K, capacity 6768K, committed 7040K, reserved 1056768K
  class space    used 540K, capacity 616K, committed 640K, reserved 1048576K
}
Event: 1.667 GC heap before
{Heap before GC invocations=12 (full 0):
 PSYoungGen      total 16384K, used 15232K [0x00000000eab00000, 0x00000000ec600000, 0x0000000100000000)
  eden space 12800K, 100% used [0x00000000eab00000,0x00000000eb780000,0x00000000eb780000)
  from space 3584K, 67% used [0x00000000eb780000,0x00000000eb9e0010,0x00000000ebb00000)
  to   space 3584K, 0% used [0x00000000ec280000,0x00000000ec280000,0x00000000ec600000)
 ParOldGen       total 129536K, used 6586K [0x00000000c0000000, 0x00000000c7e80000, 0x00000000eab00000)
  object space 129536K, 5% used [0x00000000c0000000,0x00000000c066e8b8,0x00000000c7e80000)
 Metaspace       used 5399K, capacity 6768K, committed 7040K, reserved 1056768K
  class space    used 540K, capacity 616K, committed 640K, reserved 1048576K
Event: 1.708 GC heap after
Heap after GC invocations=12 (full 0):
 PSYoungGen      total 24064K, used 2637K [0x00000000eab00000, 0x00000000ec600000, 0x0000000100000000)
  eden space 20480K, 0% used [0x00000000eab00000,0x00000000eab00000,0x00000000ebf00000)
  from space 3584K, 73% used [0x00000000ec280000,0x00000000ec513610,0x00000000ec600000)
  to   space 3584K, 0% used [0x00000000ebf00000,0x00000000ebf00000,0x00000000ec280000)
 ParOldGen       total 129536K, used 8774K [0x00000000c0000000, 0x00000000c7e80000, 0x00000000eab00000)
  object space 129536K, 6% used [0x00000000c0000000,0x00000000c08918c8,0x00000000c7e80000)
 Metaspace       used 5399K, capacity 6768K, committed 7040K, reserved 1056768K
  class space    used 540K, capacity 616K, committed 640K, reserved 1048576K
}
Event: 1.839 GC heap before
{Heap before GC invocations=13 (full 0):
 PSYoungGen      total 24064K, used 23117K [0x00000000eab00000, 0x00000000ec600000, 0x0000000100000000)
  eden space 20480K, 100% used [0x00000000eab00000,0x00000000ebf00000,0x00000000ebf00000)
  from space 3584K, 73% used [0x00000000ec280000,0x00000000ec513610,0x00000000ec600000)
  to   space 3584K, 0% used [0x00000000ebf00000,0x00000000ebf00000,0x00000000ec280000)
 ParOldGen       total 129536K, used 8774K [0x00000000c0000000, 0x00000000c7e80000, 0x00000000eab00000)
  object space 129536K, 6% used [0x00000000c0000000,0x00000000c08918c8,0x00000000c7e80000)
 Metaspace       used 5406K, capacity 6832K, committed 7040K, reserved 1056768K
  class space    used 540K, capacity 616K, committed 640K, reserved 1048576K
Event: 2.009 GC heap after
Heap after GC invocations=13 (full 0):
 PSYoungGen      total 24064K, used 2752K [0x00000000eab00000, 0x00000000ec600000, 0x0000000100000000)
  eden space 20480K, 0% used [0x00000000eab00000,0x00000000eab00000,0x00000000ebf00000)
  from space 3584K, 76% used [0x00000000ebf00000,0x00000000ec1b0000,0x00000000ec280000)
  to   space 3584K, 0% used [0x00000000ec280000,0x00000000ec280000,0x00000000ec600000)
 ParOldGen       total 129536K, used 10975K [0x00000000c0000000, 0x00000000c7e80000, 0x00000000eab00000)
  object space 129536K, 8% used [0x00000000c0000000,0x00000000c0ab7db0,0x00000000c7e80000)
 Metaspace       used 5406K, capacity 6832K, committed 7040K, reserved 1056768K
  class space    used 540K, capacity 616K, committed 640K, reserved 1048576K
}

Deoptimization events (10 events):
Event: 1.169 Thread 0x000000000234f000 Uncommon trap: reason=bimorphic action=maybe_recompile pc=0x0000000002ac76ec method=java.util.HashMap.getNode(ILjava/lang/Object;)Ljava/util/HashMap$Node; @ 126
Event: 1.169 Thread 0x000000000234f000 Uncommon trap: reason=bimorphic action=maybe_recompile pc=0x0000000002ac76ec method=java.util.HashMap.getNode(ILjava/lang/Object;)Ljava/util/HashMap$Node; @ 126
Event: 1.169 Thread 0x000000000234f000 Uncommon trap: reason=bimorphic action=maybe_recompile pc=0x0000000002ac76ec method=java.util.HashMap.getNode(ILjava/lang/Object;)Ljava/util/HashMap$Node; @ 126
Event: 1.169 Thread 0x000000000234f000 Uncommon trap: reason=bimorphic action=maybe_recompile pc=0x0000000002ac76ec method=java.util.HashMap.getNode(ILjava/lang/Object;)Ljava/util/HashMap$Node; @ 126
Event: 1.169 Thread 0x000000000234f000 Uncommon trap: reason=unreached action=reinterpret pc=0x0000000002c24484 method=com.android.dx.rop.cst.Constant.compareTo(Lcom/android/dx/rop/cst/Constant;)I @ 12
Event: 1.169 Thread 0x000000000234f000 Uncommon trap: reason=bimorphic action=maybe_recompile pc=0x0000000002a7ccf0 method=java.util.HashMap.getNode(ILjava/lang/Object;)Ljava/util/HashMap$Node; @ 126
Event: 1.234 Thread 0x000000000234f000 Uncommon trap: reason=null_check action=make_not_entrant pc=0x0000000002c19f04 method=com.android.dx.ssa.SsaRenamer.getLocalForNewReg(I)Lcom/android/dx/rop/code/LocalItem; @ 19
Event: 1.236 Thread 0x000000000234f000 Uncommon trap: reason=uninitialized action=reinterpret pc=0x0000000002d1a4d4 method=com.android.dx.cf.code.BytecodeArray.parseInstruction(ILcom/android/dx/cf/code/BytecodeArray$Visitor;)I @ 1031
Event: 1.237 Thread 0x000000000234f000 Uncommon trap: reason=bimorphic action=maybe_recompile pc=0x0000000002d3657c method=java.util.HashMap.putVal(ILjava/lang/Object;Ljava/lang/Object;ZZ)Ljava/lang/Object; @ 91
Event: 1.237 Thread 0x000000000234f000 Uncommon trap: reason=bimorphic action=maybe_recompile pc=0x0000000002d3657c method=java.util.HashMap.putVal(ILjava/lang/Object;Ljava/lang/Object;ZZ)Ljava/lang/Object; @ 91

Internal exceptions (4 events):
Event: 0.060 Thread 0x000000000234f000 Exception <a 'java/lang/NoSuchMethodError': Method sun.misc.Unsafe.defineClass(Ljava/lang/String;[BII)Ljava/lang/Class; name or signature does not match> (0x00000000eab0fcd8) thrown at [D:\re\workspace\8-2-build-windows-amd64-cygwin\jdk8u5\2488\hotspot\src¿„Ö2÷®?
Event: 0.060 Thread 0x000000000234f000 Exception <a 'java/lang/NoSuchMethodError': Method sun.misc.Unsafe.prefetchRead(Ljava/lang/Object;J)V name or signature does not match> (0x00000000eab0ff68) thrown at [D:\re\workspace\8-2-build-windows-amd64-cygwin\jdk8u5\2488\hotspot\src\share\vm\prims\jn¸·e††í?
Event: 0.923 Thread 0x000000000234f000 Implicit null exception at 0x0000000002b32012 to 0x0000000002b320b1
Event: 1.234 Thread 0x000000000234f000 Implicit null exception at 0x0000000002c18cfa to 0x0000000002c19ee9

Events (10 events):
Event: 1.293 Executing VM operation: ParallelGCFailedAllocation
Event: 1.302 Executing VM operation: ParallelGCFailedAllocation done
Event: 1.349 loading class com/android/dx/cf/attrib/AttExceptions
Event: 1.349 loading class com/android/dx/cf/attrib/AttExceptions done
Event: 1.466 Executing VM operation: ParallelGCFailedAllocation
Event: 1.535 Executing VM operation: ParallelGCFailedAllocation done
Event: 1.667 Executing VM operation: ParallelGCFailedAllocation
Event: 1.708 Executing VM operation: ParallelGCFailedAllocation done
Event: 1.839 Executing VM operation: ParallelGCFailedAllocation
Event: 2.009 Executing VM operation: ParallelGCFailedAllocation done


Dynamic libraries:
0x000000013f7f0000 - 0x000000013f824000 	C:\PROGRA~1\Java\JDK18~1.0_0\bin\java.exe
0x0000000076ed0000 - 0x0000000077079000 	C:\Windows\SYSTEM32\ntdll.dll
0x0000000076cb0000 - 0x0000000076dcf000 	C:\Windows\system32\kernel32.dll
0x000007fefcfe0000 - 0x000007fefd04c000 	C:\Windows\system32\KERNELBASE.dll
0x000007feff010000 - 0x000007feff0eb000 	C:\Windows\system32\ADVAPI32.dll
0x000007fefeb00000 - 0x000007fefeb9f000 	C:\Windows\system32\msvcrt.dll
0x000007fefd200000 - 0x000007fefd21f000 	C:\Windows\SYSTEM32\sechost.dll
0x000007fefd400000 - 0x000007fefd52d000 	C:\Windows\system32\RPCRT4.dll
0x0000000076dd0000 - 0x0000000076eca000 	C:\Windows\system32\USER32.dll
0x000007fefd0c0000 - 0x000007fefd127000 	C:\Windows\system32\GDI32.dll
0x000007fefedd0000 - 0x000007fefedde000 	C:\Windows\system32\LPK.dll
0x000007fefd130000 - 0x000007fefd1f9000 	C:\Windows\system32\USP10.dll
0x000007fefb6f0000 - 0x000007fefb8e4000 	C:\Windows\WinSxS\amd64_microsoft.windows.common-controls_6595b64144ccf1df_6.0.7601.17514_none_fa396087175ac9ac\COMCTL32.dll
0x000007fefef90000 - 0x000007feff001000 	C:\Windows\system32\SHLWAPI.dll
0x000007fefede0000 - 0x000007fefee0e000 	C:\Windows\system32\IMM32.DLL
0x000007fefe6a0000 - 0x000007fefe7a9000 	C:\Windows\system32\MSCTF.dll
0x000000006bfc0000 - 0x000000006c092000 	C:\PROGRA~1\Java\JDK18~1.0_0\jre\bin\msvcr100.dll
0x000000005b7a0000 - 0x000000005bfca000 	C:\PROGRA~1\Java\JDK18~1.0_0\jre\bin\server\jvm.dll
0x000007fef6b10000 - 0x000007fef6b19000 	C:\Windows\system32\WSOCK32.dll
0x000007fefd860000 - 0x000007fefd8ad000 	C:\Windows\system32\WS2_32.dll
0x000007feff1d0000 - 0x000007feff1d8000 	C:\Windows\system32\NSI.dll
0x000007fefa8c0000 - 0x000007fefa8fb000 	C:\Windows\system32\WINMM.dll
0x00000000770a0000 - 0x00000000770a7000 	C:\Windows\system32\PSAPI.DLL
0x000000006f330000 - 0x000000006f33f000 	C:\PROGRA~1\Java\JDK18~1.0_0\jre\bin\verify.dll
0x000000006d660000 - 0x000000006d688000 	C:\PROGRA~1\Java\JDK18~1.0_0\jre\bin\java.dll
0x000000006de80000 - 0x000000006de96000 	C:\PROGRA~1\Java\JDK18~1.0_0\jre\bin\zip.dll
0x000007fefd910000 - 0x000007fefe698000 	C:\Windows\system32\SHELL32.dll
0x000007fefe7b0000 - 0x000007fefe9b3000 	C:\Windows\system32\ole32.dll
0x000007fefcc90000 - 0x000007fefcc9f000 	C:\Windows\system32\profapi.dll

VM Arguments:
jvm_args: -Xmx1024M -Xss1m -Djava.ext.dirs=C:\Program Files (x86)\Android\android-studio\sdk\build-tools\android-4.4.2\lib 
java_command: C:\Program Files (x86)\Android\android-studio\sdk\build-tools\android-4.4.2\lib\dx.jar --dex --output C:\Users\Siza\Arrythmia Project Newtonmin\ArrythmiaProject\Arrythmia\app\build\pre-dexed\debug\support-v4-19.1.0-e311e493b238b75da4095bd5ee7b69d76d73dc42.jar C:\Program Files (x86)\Android\android-studio\sdk\extras\android\m2repository\com\android\support\support-v4\19.1.0\support-v4-19.1.0.jar
java_class_path (initial): C:\Program Files (x86)\Android\android-studio\sdk\build-tools\android-4.4.2\lib\dx.jar
Launcher Type: SUN_STANDARD

Environment Variables:
JAVA_HOME=C:\Program Files\Java\jdk1.8.0_05
PATH=C:\Program Files (x86)\NVIDIA Corporation\PhysX\Common;C:\Program Files\Common Files\Microsoft Shared\Windows Live;C:\Program Files (x86)\Common Files\Microsoft Shared\Windows Live;C:\Program Files (x86)\Microchip\MPLABC18\v3.45\mpasm;C:\Program Files (x86)\Microchip\MPLABC18\v3.45\bin;C:\Program Files (x86)\Microchip\MPLABC18\v3.41\mpasm;C:\Program Files (x86)\Microchip\MPLABC18\v3.41\bin;C:\Program Files (x86)\Microchip\mplabc32\v2.02\bin;C:\Program Files (x86)\Microchip\MPLAB C30\bin;C:\Program Files (x86)\Microchip\xc32\v1.20\bin;C:\Program Files (x86)\Microchip\xc16\v1.11\bin;C:\Program Files (x86)\Microchip\xc8\v1.12\bin;C:\Windows\system32;C:\Windows;C:\Windows\System32\Wbem;C:\Windows\System32\WindowsPowerShell\v1.0\;C:\Program Files\Microsoft\Web Platform Installer\;C:\Program Files (x86)\Microsoft ASP.NET\ASP.NET Web Pages\v1.0\;C:\Program Files (x86)\Windows Kits\8.0\Windows Performance Toolkit\;C:\Program Files\Microsoft SQL Server\110\Tools\Binn\;C:\Program Files\IVI Foundation\VISA\Win64\Bin\;C:\Program Files (x86)\IVI Foundation\VISA\WinNT\Bin\;C:\Program Files (x86)\IVI Foundation\VISA\WinNT\Bin;C:\Program Files (x86)\Microsoft SQL Server\100\Tools\Binn\;C:\Program Files\Microsoft SQL Server\100\Tools\Binn\;C:\Program Files\Microsoft SQL Server\100\DTS\Binn\;C:\Program Files\MATLAB\R2011b\runtime\win64;C:\Program Files\MATLAB\R2011b\bin;C:\Program Files\MATLAB\R2010b\runtime\win64;C:\Program Files\MATLAB\R2010b\bin;C:\Program Files (x86)\Microchip\MPLAB C32 Suite\bin;C:\Program Files\Java\jdk1.7.0_17\bin;C:\Program Files (x86)\HI-TECH Software\PICC\9.83\bin;C:\Program Files (x86)\Windows Live\Shared;C:\Program Files (x86)\QuickTime\QTSystem\;C:\Program Files (x86)\Microchip\MPLABC18\v3.41\mpasm;C:\Program Files (x86)\Microchip\MPLABC18\v3.41\bin;C:\Program Files (x86)\Microchip\MPLABC18\v3.45\mpasm;C:\Program Files (x86)\Microchip\MPLABC18\v3.45\bin;C:\Windows\system32;C:\Windows;C:\Windows\System32\Wbem
USERNAME=Siza
OS=Windows_NT
PROCESSOR_IDENTIFIER=AMD64 Family 16 Model 10 Stepping 0, AuthenticAMD



---------------  S Y S T E M  ---------------

OS: Windows 7 , 64 bit Build 7601 Service Pack 1

CPU:total 6 (6 cores per cpu, 1 threads per core) family 16 model 10 stepping 0, cmov, cx8, fxsr, mmx, sse, sse2, sse3, popcnt, mmxext, 3dnowpref, lzcnt, sse4a, tsc, tscinvbit

Memory: 4k page, physical 8387816k(1344948k free), swap 8385952k(7268k free)

vm_info: Java HotSpot(TM) 64-Bit Server VM (25.5-b02) for windows-amd64 JRE (1.8.0_05-b13), built on Mar 18 2014 01:08:39 by "java_re" with MS VC++ 10.0 (VS2010)

time: Mon Jun 02 23:04:54 2014
elapsed time: 2 seconds

