#
# There is insufficient memory for the Java Runtime Environment to continue.
# Native memory allocation (malloc) failed to allocate 1041808 bytes for Chunk::new
# Possible reasons:
#   The system is out of physical RAM or swap space
#   In 32 bit mode, the process size limit was hit
# Possible solutions:
#   Reduce memory load on the system
#   Increase physical memory or swap space
#   Check if swap backing store is full
#   Use 64 bit Java on a 64 bit OS
#   Decrease Java heap size (-Xmx/-Xms)
#   Decrease number of Java threads
#   Decrease Java thread stack sizes (-Xss)
#   Set larger code cache with -XX:ReservedCodeCacheSize=
# This output file may be truncated or incomplete.
#
#  Out of Memory Error (allocation.cpp:328), pid=8828, tid=16820
#
# JRE version: 7.0_17-b02
# Java VM: Java HotSpot(TM) 64-Bit Server VM (23.7-b01 mixed mode windows-amd64 compressed oops)
# Failed to write core dump. Minidumps are not enabled by default on client versions of Windows
#

---------------  T H R E A D  ---------------

Current thread (0x0000000008dcb800):  JavaThread "C2 CompilerThread1" daemon [_thread_in_native, id=16820, stack(0x000000000ac60000,0x000000000ad60000)]

Stack: [0x000000000ac60000,0x000000000ad60000]
[error occurred during error reporting (printing stack bounds), id 0xc0000005]


[error occurred during error reporting (printing native stack), id 0xc0000005]


Current CompileTask:
C2:   2150  178             com.android.dx.ssa.Dominators::run (506 bytes)


---------------  P R O C E S S  ---------------

Java Threads: ( => current thread )
  0x0000000008dcd800 JavaThread "Service Thread" daemon [_thread_blocked, id=12616, stack(0x000000000aae0000,0x000000000abe0000)]
=>0x0000000008dcb800 JavaThread "C2 CompilerThread1" daemon [_thread_in_native, id=16820, stack(0x000000000ac60000,0x000000000ad60000)]
  0x0000000008dc6800 JavaThread "C2 CompilerThread0" daemon [_thread_in_vm, id=8592, stack(0x000000000a850000,0x000000000a950000)]
  0x0000000008dc6000 JavaThread "Attach Listener" daemon [_thread_blocked, id=13812, stack(0x000000000a970000,0x000000000aa70000)]
  0x0000000008dc5000 JavaThread "Signal Dispatcher" daemon [_thread_blocked, id=17332, stack(0x000000000a720000,0x000000000a820000)]
  0x0000000008d3d000 JavaThread "Finalizer" daemon [_thread_blocked, id=14024, stack(0x000000000a330000,0x000000000a430000)]
  0x0000000008d31800 JavaThread "Reference Handler" daemon [_thread_blocked, id=9280, stack(0x000000000a5d0000,0x000000000a6d0000)]
  0x0000000001cdd800 JavaThread "main" [_thread_in_Java, id=14908, stack(0x0000000002460000,0x0000000002560000)]

Other Threads:
  0x0000000008d2d000 VMThread [stack: 0x000000000a4a0000,0x000000000a5a0000] [id=16652]
  0x000000000ad78800 WatcherThread [stack: 0x000000000b1b0000,0x000000000b2b0000] [id=15000]

VM state:not at safepoint (normal execution)

VM Mutex/Monitor currently owned by a thread: None

Heap
 PSYoungGen      total 38208K, used 31520K [0x00000000eaab0000, 0x00000000ed550000, 0x0000000100000000)
  eden space 32768K, 96% used [0x00000000eaab0000,0x00000000ec9782e0,0x00000000ecab0000)
  from space 5440K, 0% used [0x00000000ed000000,0x00000000ed000000,0x00000000ed550000)
  to   space 5440K, 0% used [0x00000000ecab0000,0x00000000ecab0000,0x00000000ed000000)
 ParOldGen       total 87424K, used 0K [0x00000000c0000000, 0x00000000c5560000, 0x00000000eaab0000)
  object space 87424K, 0% used [0x00000000c0000000,0x00000000c0000000,0x00000000c5560000)
 PSPermGen       total 21248K, used 5485K [0x00000000bae00000, 0x00000000bc2c0000, 0x00000000c0000000)
  object space 21248K, 25% used [0x00000000bae00000,0x00000000bb35b718,0x00000000bc2c0000)

Card table byte_map: [0x0000000005560000,0x0000000005790000] byte_map_base: 0x0000000004f89000

Polling page: 0x0000000000340000

Code Cache  [0x0000000002560000, 0x00000000027d0000, 0x0000000005560000)
 total_blobs=446 nmethods=215 adapters=182 free_code_cache=48306Kb largest_free_block=49443008

Compilation events (10 events):
Event: 2.034 Thread 0x0000000008dc6800 nmethod 195 0x0000000002610cd0 code [0x0000000002610e60, 0x0000000002611170]
Event: 2.034 Thread 0x0000000008dc6800  196             java.util.Arrays::hashCode (56 bytes)
Event: 2.036 Thread 0x0000000008dc6800 nmethod 196 0x0000000002610910 code [0x0000000002610a60, 0x0000000002610b98]
Event: 2.036 Thread 0x0000000008dc6800  197             com.android.dx.ssa.SCCP::run (298 bytes)
Event: 2.109 Thread 0x0000000008dc6800 nmethod 197 0x00000000026311d0 code [0x00000000026315c0, 0x0000000002633730]
Event: 2.110 Thread 0x0000000008dc6800  198             java.util.ArrayList$SubList::checkForComodification (23 bytes)
Event: 2.110 Thread 0x0000000008dc6800 nmethod 198 0x000000000262e310 code [0x000000000262e440, 0x000000000262e4b8]
Event: 2.110 Thread 0x0000000008dc6800  199             com.android.dx.dex.code.ZeroSizeInsn::<init> (12 bytes)
Event: 2.111 Thread 0x0000000008dc6800 nmethod 199 0x000000000262e090 code [0x000000000262e1e0, 0x000000000262e278]
Event: 2.111 Thread 0x0000000008dc6800  200             java.util.HashMap::put (124 bytes)

GC Heap History (0 events):
No events

Deoptimization events (9 events):
Event: 1.572 Thread 0x0000000001cdd800 Uncommon trap -34 fr.pc 0x00000000025d32f4
Event: 1.573 Thread 0x0000000001cdd800 Uncommon trap -34 fr.pc 0x00000000025d32f4
Event: 1.573 Thread 0x0000000001cdd800 Uncommon trap -34 fr.pc 0x00000000025d32f4
Event: 1.575 Thread 0x0000000001cdd800 Uncommon trap -34 fr.pc 0x00000000025d32f4
Event: 1.604 Thread 0x0000000001cdd800 Uncommon trap -12 fr.pc 0x00000000025e1364
Event: 1.626 Thread 0x0000000001cdd800 Uncommon trap -12 fr.pc 0x00000000025dac60
Event: 1.626 Thread 0x0000000001cdd800 Uncommon trap -12 fr.pc 0x00000000025ea3c8
Event: 1.751 Thread 0x0000000001cdd800 Uncommon trap -83 fr.pc 0x00000000025f0104
Event: 1.774 Thread 0x0000000001cdd800 Uncommon trap -12 fr.pc 0x00000000025f8ec0

Internal exceptions (5 events):
Event: 0.072 Thread 0x0000000001cdd800 Threw 0x00000000eaab61a8 at C:\jdk7u2_64p\jdk7u17\hotspot\src\share\vm\prims\jni.cpp:3994
Event: 1.604 Thread 0x0000000001cdd800 Implicit null exception at 0x00000000025e0a77 to 0x00000000025e1349
Event: 1.626 Thread 0x0000000001cdd800 Implicit null exception at 0x00000000025da999 to 0x00000000025dac4d
Event: 1.626 Thread 0x0000000001cdd800 Implicit null exception at 0x00000000025e9c7e to 0x00000000025ea3ad
Event: 1.774 Thread 0x0000000001cdd800 Implicit null exception at 0x00000000025f8e12 to 0x00000000025f8eb1

Events (10 events):
Event: 1.803 loading class 0x000000000adc1fc0
Event: 1.803 loading class 0x000000000adc1fc0 done
Event: 1.887 loading class 0x000000000ad9e740
Event: 1.887 loading class 0x000000000ad9e740 done
Event: 2.009 loading class 0x000000000ad9e480
Event: 2.009 loading class 0x000000000ad9e480 done
Event: 2.010 loading class 0x000000000ad906e0
Event: 2.010 loading class 0x000000000ad906e0 done
Event: 2.010 loading class 0x000000000b050480
Event: 2.010 loading class 0x000000000b050480 done


Dynamic libraries:
0x000000013f380000 - 0x000000013f3b3000 	C:\PROGRA~1\Java\JDK17~1.0_1\bin\java.exe
0x0000000076ed0000 - 0x0000000077079000 	C:\Windows\SYSTEM32\ntdll.dll
0x0000000076cb0000 - 0x0000000076dcf000 	C:\Windows\system32\kernel32.dll
0x000007fefcfe0000 - 0x000007fefd04c000 	C:\Windows\system32\KERNELBASE.dll
0x000007feff010000 - 0x000007feff0eb000 	C:\Windows\system32\ADVAPI32.dll
0x000007fefeb00000 - 0x000007fefeb9f000 	C:\Windows\system32\msvcrt.dll
0x000007fefd200000 - 0x000007fefd21f000 	C:\Windows\SYSTEM32\sechost.dll
0x000007fefd400000 - 0x000007fefd52d000 	C:\Windows\system32\RPCRT4.dll
0x0000000076dd0000 - 0x0000000076eca000 	C:\Windows\system32\USER32.dll
0x000007fefd0c0000 - 0x000007fefd127000 	C:\Windows\system32\GDI32.dll
0x000007fefedd0000 - 0x000007fefedde000 	C:\Windows\system32\LPK.dll
0x000007fefd130000 - 0x000007fefd1f9000 	C:\Windows\system32\USP10.dll
0x000007fefb6f0000 - 0x000007fefb8e4000 	C:\Windows\WinSxS\amd64_microsoft.windows.common-controls_6595b64144ccf1df_6.0.7601.17514_none_fa396087175ac9ac\COMCTL32.dll
0x000007fefef90000 - 0x000007feff001000 	C:\Windows\system32\SHLWAPI.dll
0x000007fefede0000 - 0x000007fefee0e000 	C:\Windows\system32\IMM32.DLL
0x000007fefe6a0000 - 0x000007fefe7a9000 	C:\Windows\system32\MSCTF.dll
0x0000000057820000 - 0x00000000578f1000 	C:\PROGRA~1\Java\JDK17~1.0_1\jre\bin\msvcr100.dll
0x00000000580a0000 - 0x00000000587bf000 	C:\PROGRA~1\Java\JDK17~1.0_1\jre\bin\server\jvm.dll
0x000007fef6b10000 - 0x000007fef6b19000 	C:\Windows\system32\WSOCK32.dll
0x000007fefd860000 - 0x000007fefd8ad000 	C:\Windows\system32\WS2_32.dll
0x000007feff1d0000 - 0x000007feff1d8000 	C:\Windows\system32\NSI.dll
0x000007fefa8c0000 - 0x000007fefa8fb000 	C:\Windows\system32\WINMM.dll
0x00000000770a0000 - 0x00000000770a7000 	C:\Windows\system32\PSAPI.DLL
0x0000000062830000 - 0x000000006283f000 	C:\PROGRA~1\Java\JDK17~1.0_1\jre\bin\verify.dll
0x0000000060c70000 - 0x0000000060c98000 	C:\PROGRA~1\Java\JDK17~1.0_1\jre\bin\java.dll
0x0000000060c50000 - 0x0000000060c65000 	C:\PROGRA~1\Java\JDK17~1.0_1\jre\bin\zip.dll
0x0000000060ae0000 - 0x0000000060af9000 	C:\Program Files\Java\jdk1.7.0_17\jre\bin\net.dll
0x000007fefc430000 - 0x000007fefc485000 	C:\Windows\system32\mswsock.dll
0x000007fefc6f0000 - 0x000007fefc6f7000 	C:\Windows\System32\wship6.dll
0x0000000060570000 - 0x0000000060581000 	C:\Program Files\Java\jdk1.7.0_17\jre\bin\nio.dll

VM Arguments:
jvm_args: -Xmx1024M -Xss1m -Djava.ext.dirs=C:\Program Files (x86)\Android\android-studio\sdk\build-tools\android-4.4.2\lib 
java_command: C:\Program Files (x86)\Android\android-studio\sdk\build-tools\android-4.4.2\lib\dx.jar --dex --output C:\Users\Siza\Arrythmia Project Newtonmin\ArrythmiaProject\Arrythmia\app\build\pre-dexed\debug\classes-155060e0ae02b3b139bf6535a04ca272e9c6ee87.jar C:\Users\Siza\Arrythmia Project Newtonmin\ArrythmiaProject\Arrythmia\app\build\exploded-aar\com.android.support\appcompat-v7\19.1.0\classes.jar
Launcher Type: SUN_STANDARD

Environment Variables:
JAVA_HOME=C:\Program Files\Java\jdk1.8.0_05
PATH=C:\Program Files (x86)\NVIDIA Corporation\PhysX\Common;C:\Program Files\Common Files\Microsoft Shared\Windows Live;C:\Program Files (x86)\Common Files\Microsoft Shared\Windows Live;C:\Program Files (x86)\Microchip\MPLABC18\v3.45\mpasm;C:\Program Files (x86)\Microchip\MPLABC18\v3.45\bin;C:\Program Files (x86)\Microchip\MPLABC18\v3.41\mpasm;C:\Program Files (x86)\Microchip\MPLABC18\v3.41\bin;C:\Program Files (x86)\Microchip\mplabc32\v2.02\bin;C:\Program Files (x86)\Microchip\MPLAB C30\bin;C:\Program Files (x86)\Microchip\xc32\v1.20\bin;C:\Program Files (x86)\Microchip\xc16\v1.11\bin;C:\Program Files (x86)\Microchip\xc8\v1.12\bin;C:\Windows\system32;C:\Windows;C:\Windows\System32\Wbem;C:\Windows\System32\WindowsPowerShell\v1.0\;C:\Program Files\Microsoft\Web Platform Installer\;C:\Program Files (x86)\Microsoft ASP.NET\ASP.NET Web Pages\v1.0\;C:\Program Files (x86)\Windows Kits\8.0\Windows Performance Toolkit\;C:\Program Files\Microsoft SQL Server\110\Tools\Binn\;C:\Program Files\IVI Foundation\VISA\Win64\Bin\;C:\Program Files (x86)\IVI Foundation\VISA\WinNT\Bin\;C:\Program Files (x86)\IVI Foundation\VISA\WinNT\Bin;C:\Program Files (x86)\Microsoft SQL Server\100\Tools\Binn\;C:\Program Files\Microsoft SQL Server\100\Tools\Binn\;C:\Program Files\Microsoft SQL Server\100\DTS\Binn\;C:\Program Files\MATLAB\R2011b\runtime\win64;C:\Program Files\MATLAB\R2011b\bin;C:\Program Files\MATLAB\R2010b\runtime\win64;C:\Program Files\MATLAB\R2010b\bin;C:\Program Files (x86)\Microchip\MPLAB C32 Suite\bin;C:\Program Files\Java\jdk1.7.0_17\bin;C:\Program Files (x86)\HI-TECH Software\PICC\9.83\bin;C:\Program Files (x86)\Windows Live\Shared;C:\Program Files (x86)\QuickTime\QTSystem\;
USERNAME=Siza
OS=Windows_NT
PROCESSOR_IDENTIFIER=AMD64 Family 16 Model 10 Stepping 0, AuthenticAMD



---------------  S Y S T E M  ---------------

OS: Windows 7 , 64 bit Build 7601 Service Pack 1

CPU:total 6 (6 cores per cpu, 1 threads per core) family 16 model 10 stepping 0, cmov, cx8, fxsr, mmx, sse, sse2, sse3, popcnt, mmxext, 3dnowpref, lzcnt, sse4a, tsc, tscinvbit, tscinv

Memory: 4k page, physical 8387816k(1484252k free), swap 8385952k(4948k free)

vm_info: Java HotSpot(TM) 64-Bit Server VM (23.7-b01) for windows-amd64 JRE (1.7.0_17-b02), built on Mar  1 2013 03:38:30 by "java_re" with unknown MS VC++:1600

time: Sat Jun 07 18:56:15 2014
elapsed time: 2 seconds

