#
# There is insufficient memory for the Java Runtime Environment to continue.
# Native memory allocation (malloc) failed to allocate 2083536 bytes for Chunk::new
# Possible reasons:
#   The system is out of physical RAM or swap space
#   In 32 bit mode, the process size limit was hit
# Possible solutions:
#   Reduce memory load on the system
#   Increase physical memory or swap space
#   Check if swap backing store is full
#   Use 64 bit Java on a 64 bit OS
#   Decrease Java heap size (-Xmx/-Xms)
#   Decrease number of Java threads
#   Decrease Java thread stack sizes (-Xss)
#   Set larger code cache with -XX:ReservedCodeCacheSize=
# This output file may be truncated or incomplete.
#
#  Out of Memory Error (allocation.cpp:388), pid=13276, tid=4840
#
# JRE version: Java(TM) SE Runtime Environment (8.0_05-b13) (build 1.8.0_05-b13)
# Java VM: Java HotSpot(TM) 64-Bit Server VM (25.5-b02 mixed mode windows-amd64 compressed oops)
# Failed to write core dump. Minidumps are not enabled by default on client versions of Windows
#

---------------  T H R E A D  ---------------

Current thread (0x0000000056eaa800):  JavaThread "C2 CompilerThread1" daemon [_thread_in_native, id=4840, stack(0x00000000576c0000,0x00000000577c0000)]

Stack: [0x00000000576c0000,0x00000000577c0000]
Native frames: (J=compiled Java code, j=interpreted, Vv=VM code, C=native code)
V  [jvm.dll+0x308dea]
V  [jvm.dll+0x25def1]
V  [jvm.dll+0x25eb0f]
V  [jvm.dll+0x2564e5]
V  [jvm.dll+0xbcfc5]
V  [jvm.dll+0xbd45c]
V  [jvm.dll+0x44d422]
V  [jvm.dll+0x48e13f]
V  [jvm.dll+0x44293e]
V  [jvm.dll+0x44366b]
V  [jvm.dll+0x427532]
V  [jvm.dll+0x96702]
V  [jvm.dll+0x96ef3]
V  [jvm.dll+0x2232c4]
V  [jvm.dll+0x27baca]
C  [msvcr100.dll+0x21d9f]
C  [msvcr100.dll+0x21e3b]
C  [kernel32.dll+0x159ed]
C  [ntdll.dll+0x2c541]


Current CompileTask:
C2:   3509 1669   !   4       com.android.dx.cf.code.BytecodeArray::parseInstruction (2764 bytes)


---------------  P R O C E S S  ---------------

Java Threads: ( => current thread )
  0x0000000056f02800 JavaThread "Service Thread" daemon [_thread_blocked, id=8888, stack(0x0000000057840000,0x0000000057940000)]
  0x0000000056eac800 JavaThread "C1 CompilerThread2" daemon [_thread_blocked, id=10944, stack(0x0000000057390000,0x0000000057490000)]
=>0x0000000056eaa800 JavaThread "C2 CompilerThread1" daemon [_thread_in_native, id=4840, stack(0x00000000576c0000,0x00000000577c0000)]
  0x0000000056ea5000 JavaThread "C2 CompilerThread0" daemon [_thread_in_native, id=11800, stack(0x00000000574f0000,0x00000000575f0000)]
  0x0000000056ea3800 JavaThread "Attach Listener" daemon [_thread_blocked, id=13176, stack(0x0000000057280000,0x0000000057380000)]
  0x00000000554cf800 JavaThread "Signal Dispatcher" daemon [_thread_blocked, id=10048, stack(0x0000000056900000,0x0000000056a00000)]
  0x00000000554c1000 JavaThread "Finalizer" daemon [_thread_blocked, id=8496, stack(0x0000000056d50000,0x0000000056e50000)]
  0x00000000554b6000 JavaThread "Reference Handler" daemon [_thread_blocked, id=6072, stack(0x0000000056bf0000,0x0000000056cf0000)]
  0x000000000226f000 JavaThread "main" [_thread_in_Java, id=14040, stack(0x00000000023c0000,0x00000000024c0000)]

Other Threads:
  0x00000000554b2800 VMThread [stack: 0x0000000056aa0000,0x0000000056ba0000] [id=11716]
  0x0000000056f05800 WatcherThread [stack: 0x00000000579b0000,0x0000000057ab0000] [id=4988]

VM state:not at safepoint (normal execution)

VM Mutex/Monitor currently owned by a thread: None

Heap:
 PSYoungGen      total 58368K, used 26941K [0x00000000eab00000, 0x00000000eea80000, 0x0000000100000000)
  eden space 51712K, 39% used [0x00000000eab00000,0x00000000ebed7568,0x00000000edd80000)
  from space 6656K, 99% used [0x00000000edd80000,0x00000000ee3f8010,0x00000000ee400000)
  to   space 6656K, 0% used [0x00000000ee400000,0x00000000ee400000,0x00000000eea80000)
 ParOldGen       total 129536K, used 27259K [0x00000000c0000000, 0x00000000c7e80000, 0x00000000eab00000)
  object space 129536K, 21% used [0x00000000c0000000,0x00000000c1a9ed78,0x00000000c7e80000)
 Metaspace       used 5497K, capacity 6896K, committed 7040K, reserved 1056768K
  class space    used 540K, capacity 616K, committed 640K, reserved 1048576K

Card table byte_map: [0x0000000011b50000,0x0000000011d60000] byte_map_base: 0x0000000011550000

Marking Bits: (ParMarkBitMap*) 0x000000005cfd13b0
 Begin Bits: [0x00000000128d0000, 0x00000000138d0000)
 End Bits:   [0x00000000138d0000, 0x00000000148d0000)

Polling page: 0x0000000000130000

CodeCache: size=245760Kb used=7061Kb max_used=7061Kb free=238698Kb
 bounds [0x0000000002790000, 0x0000000002e80000, 0x0000000011790000]
 total_blobs=1962 nmethods=1704 adapters=173
 compilation: enabled

Compilation events (10 events):
Event: 3.431 Thread 0x0000000056eac800 1738       2       com.android.dx.ssa.SCCP::simulateBranch (666 bytes)
Event: 3.433 Thread 0x0000000056eac800 nmethod 1738 0x0000000002e70cd0 code [0x0000000002e70fe0, 0x0000000002e71f18]
Event: 3.435 Thread 0x0000000056eac800 1739       1       com.android.dx.rop.cst.CstType::getType (4 bytes)
Event: 3.435 Thread 0x0000000056eac800 nmethod 1739 0x0000000002e47790 code [0x0000000002e478e0, 0x0000000002e479f0]
Event: 3.441 Thread 0x0000000056eac800 1740       2       com.android.dx.rop.type.Type::isArray (19 bytes)
Event: 3.442 Thread 0x0000000056eac800 nmethod 1740 0x0000000002e73550 code [0x0000000002e736c0, 0x0000000002e738c8]
Event: 3.443 Thread 0x0000000056eac800 1741       2       com.android.dx.cf.code.LocalVariableList::mergeDescriptorsAndSignatures (80 bytes)
Event: 3.443 Thread 0x0000000056eac800 nmethod 1741 0x0000000002e73a50 code [0x0000000002e73c40, 0x0000000002e74378]
Event: 3.445 Thread 0x0000000056eac800 1742       2       com.android.dx.rop.code.RegisterSpecList::withoutLast (60 bytes)
Event: 3.445 Thread 0x0000000056eac800 nmethod 1742 0x0000000002e74d10 code [0x0000000002e74ee0, 0x0000000002e75468]

GC Heap History (10 events):
Event: 1.874 GC heap before
{Heap before GC invocations=13 (full 0):
 PSYoungGen      total 24064K, used 22957K [0x00000000eab00000, 0x00000000ec600000, 0x0000000100000000)
  eden space 20480K, 100% used [0x00000000eab00000,0x00000000ebf00000,0x00000000ebf00000)
  from space 3584K, 69% used [0x00000000ec280000,0x00000000ec4eb610,0x00000000ec600000)
  to   space 3584K, 0% used [0x00000000ebf00000,0x00000000ebf00000,0x00000000ec280000)
 ParOldGen       total 129536K, used 8737K [0x00000000c0000000, 0x00000000c7e80000, 0x00000000eab00000)
  object space 129536K, 6% used [0x00000000c0000000,0x00000000c0888440,0x00000000c7e80000)
 Metaspace       used 5414K, capacity 6832K, committed 7040K, reserved 1056768K
  class space    used 540K, capacity 616K, committed 640K, reserved 1048576K
Event: 1.910 GC heap after
Heap after GC invocations=13 (full 0):
 PSYoungGen      total 24064K, used 2656K [0x00000000eab00000, 0x00000000ed300000, 0x0000000100000000)
  eden space 20480K, 0% used [0x00000000eab00000,0x00000000eab00000,0x00000000ebf00000)
  from space 3584K, 74% used [0x00000000ebf00000,0x00000000ec198000,0x00000000ec280000)
  to   space 4096K, 0% used [0x00000000ecf00000,0x00000000ecf00000,0x00000000ed300000)
 ParOldGen       total 129536K, used 10962K [0x00000000c0000000, 0x00000000c7e80000, 0x00000000eab00000)
  object space 129536K, 8% used [0x00000000c0000000,0x00000000c0ab4bd8,0x00000000c7e80000)
 Metaspace       used 5414K, capacity 6832K, committed 7040K, reserved 1056768K
  class space    used 540K, capacity 616K, committed 640K, reserved 1048576K
}
Event: 2.075 GC heap before
{Heap before GC invocations=14 (full 0):
 PSYoungGen      total 24064K, used 23136K [0x00000000eab00000, 0x00000000ed300000, 0x0000000100000000)
  eden space 20480K, 100% used [0x00000000eab00000,0x00000000ebf00000,0x00000000ebf00000)
  from space 3584K, 74% used [0x00000000ebf00000,0x00000000ec198000,0x00000000ec280000)
  to   space 4096K, 0% used [0x00000000ecf00000,0x00000000ecf00000,0x00000000ed300000)
 ParOldGen       total 129536K, used 10962K [0x00000000c0000000, 0x00000000c7e80000, 0x00000000eab00000)
  object space 129536K, 8% used [0x00000000c0000000,0x00000000c0ab4bd8,0x00000000c7e80000)
 Metaspace       used 5419K, capacity 6832K, committed 7040K, reserved 1056768K
  class space    used 540K, capacity 616K, committed 640K, reserved 1048576K
Event: 2.225 GC heap after
Heap after GC invocations=14 (full 0):
 PSYoungGen      total 36352K, used 3375K [0x00000000eab00000, 0x00000000ed400000, 0x0000000100000000)
  eden space 32256K, 0% used [0x00000000eab00000,0x00000000eab00000,0x00000000eca80000)
  from space 4096K, 82% used [0x00000000ecf00000,0x00000000ed24bec0,0x00000000ed300000)
  to   space 4608K, 0% used [0x00000000eca80000,0x00000000eca80000,0x00000000ecf00000)
 ParOldGen       total 129536K, used 13484K [0x00000000c0000000, 0x00000000c7e80000, 0x00000000eab00000)
  object space 129536K, 10% used [0x00000000c0000000,0x00000000c0d2b1a0,0x00000000c7e80000)
 Metaspace       used 5419K, capacity 6832K, committed 7040K, reserved 1056768K
  class space    used 540K, capacity 616K, committed 640K, reserved 1048576K
}
Event: 2.483 GC heap before
{Heap before GC invocations=15 (full 0):
 PSYoungGen      total 36352K, used 35631K [0x00000000eab00000, 0x00000000ed400000, 0x0000000100000000)
  eden space 32256K, 100% used [0x00000000eab00000,0x00000000eca80000,0x00000000eca80000)
  from space 4096K, 82% used [0x00000000ecf00000,0x00000000ed24bec0,0x00000000ed300000)
  to   space 4608K, 0% used [0x00000000eca80000,0x00000000eca80000,0x00000000ecf00000)
 ParOldGen       total 129536K, used 13484K [0x00000000c0000000, 0x00000000c7e80000, 0x00000000eab00000)
  object space 129536K, 10% used [0x00000000c0000000,0x00000000c0d2b1a0,0x00000000c7e80000)
 Metaspace       used 5438K, capacity 6832K, committed 7040K, reserved 1056768K
  class space    used 540K, capacity 616K, committed 640K, reserved 1048576K
Event: 2.568 GC heap after
Heap after GC invocations=15 (full 0):
 PSYoungGen      total 36864K, used 4607K [0x00000000eab00000, 0x00000000eea80000, 0x0000000100000000)
  eden space 32256K, 0% used [0x00000000eab00000,0x00000000eab00000,0x00000000eca80000)
  from space 4608K, 99% used [0x00000000eca80000,0x00000000eceffe10,0x00000000ecf00000)
  to   space 6656K, 0% used [0x00000000ee400000,0x00000000ee400000,0x00000000eea80000)
 ParOldGen       total 129536K, used 17145K [0x00000000c0000000, 0x00000000c7e80000, 0x00000000eab00000)
  object space 129536K, 13% used [0x00000000c0000000,0x00000000c10be620,0x00000000c7e80000)
 Metaspace       used 5438K, capacity 6832K, committed 7040K, reserved 1056768K
  class space    used 540K, capacity 616K, committed 640K, reserved 1048576K
}
Event: 2.809 GC heap before
{Heap before GC invocations=16 (full 0):
 PSYoungGen      total 36864K, used 36863K [0x00000000eab00000, 0x00000000eea80000, 0x0000000100000000)
  eden space 32256K, 100% used [0x00000000eab00000,0x00000000eca80000,0x00000000eca80000)
  from space 4608K, 99% used [0x00000000eca80000,0x00000000eceffe10,0x00000000ecf00000)
  to   space 6656K, 0% used [0x00000000ee400000,0x00000000ee400000,0x00000000eea80000)
 ParOldGen       total 129536K, used 17145K [0x00000000c0000000, 0x00000000c7e80000, 0x00000000eab00000)
  object space 129536K, 13% used [0x00000000c0000000,0x00000000c10be620,0x00000000c7e80000)
 Metaspace       used 5445K, capacity 6832K, committed 7040K, reserved 1056768K
  class space    used 540K, capacity 616K, committed 640K, reserved 1048576K
Event: 2.859 GC heap after
Heap after GC invocations=16 (full 0):
 PSYoungGen      total 58368K, used 4448K [0x00000000eab00000, 0x00000000eea80000, 0x0000000100000000)
  eden space 51712K, 0% used [0x00000000eab00000,0x00000000eab00000,0x00000000edd80000)
  from space 6656K, 66% used [0x00000000ee400000,0x00000000ee858000,0x00000000eea80000)
  to   space 6656K, 0% used [0x00000000edd80000,0x00000000edd80000,0x00000000ee400000)
 ParOldGen       total 129536K, used 21567K [0x00000000c0000000, 0x00000000c7e80000, 0x00000000eab00000)
  object space 129536K, 16% used [0x00000000c0000000,0x00000000c150fc48,0x00000000c7e80000)
 Metaspace       used 5445K, capacity 6832K, committed 7040K, reserved 1056768K
  class space    used 540K, capacity 616K, committed 640K, reserved 1048576K
}
Event: 3.273 GC heap before
{Heap before GC invocations=17 (full 0):
 PSYoungGen      total 58368K, used 56160K [0x00000000eab00000, 0x00000000eea80000, 0x0000000100000000)
  eden space 51712K, 100% used [0x00000000eab00000,0x00000000edd80000,0x00000000edd80000)
  from space 6656K, 66% used [0x00000000ee400000,0x00000000ee858000,0x00000000eea80000)
  to   space 6656K, 0% used [0x00000000edd80000,0x00000000edd80000,0x00000000ee400000)
 ParOldGen       total 129536K, used 21567K [0x00000000c0000000, 0x00000000c7e80000, 0x00000000eab00000)
  object space 129536K, 16% used [0x00000000c0000000,0x00000000c150fc48,0x00000000c7e80000)
 Metaspace       used 5490K, capacity 6896K, committed 7040K, reserved 1056768K
  class space    used 540K, capacity 616K, committed 640K, reserved 1048576K
Event: 3.369 GC heap after
Heap after GC invocations=17 (full 0):
 PSYoungGen      total 58368K, used 6624K [0x00000000eab00000, 0x00000000eea80000, 0x0000000100000000)
  eden space 51712K, 0% used [0x00000000eab00000,0x00000000eab00000,0x00000000edd80000)
  from space 6656K, 99% used [0x00000000edd80000,0x00000000ee3f8010,0x00000000ee400000)
  to   space 6656K, 0% used [0x00000000ee400000,0x00000000ee400000,0x00000000eea80000)
 ParOldGen       total 129536K, used 27259K [0x00000000c0000000, 0x00000000c7e80000, 0x00000000eab00000)
  object space 129536K, 21% used [0x00000000c0000000,0x00000000c1a9ed78,0x00000000c7e80000)
 Metaspace       used 5490K, capacity 6896K, committed 7040K, reserved 1056768K
  class space    used 540K, capacity 616K, committed 640K, reserved 1048576K
}

Deoptimization events (10 events):
Event: 2.010 Thread 0x000000000226f000 Uncommon trap: reason=null_check action=make_not_entrant pc=0x0000000002b41840 method=com.android.dx.ssa.SsaRenamer.getLocalForNewReg(I)Lcom/android/dx/rop/code/LocalItem; @ 19
Event: 2.332 Thread 0x000000000226f000 Uncommon trap: reason=bimorphic action=maybe_recompile pc=0x0000000002d66ba4 method=com.android.dx.rop.code.RegisterSpec.withSimpleType()Lcom/android/dx/rop/code/RegisterSpec; @ 21
Event: 2.338 Thread 0x000000000226f000 Uncommon trap: reason=bimorphic action=maybe_recompile pc=0x0000000002d66ba4 method=com.android.dx.rop.code.RegisterSpec.withSimpleType()Lcom/android/dx/rop/code/RegisterSpec; @ 21
Event: 2.445 Thread 0x000000000226f000 Uncommon trap: reason=bimorphic action=maybe_recompile pc=0x0000000002d66ba4 method=com.android.dx.rop.code.RegisterSpec.withSimpleType()Lcom/android/dx/rop/code/RegisterSpec; @ 21
Event: 2.446 Thread 0x000000000226f000 Uncommon trap: reason=bimorphic action=maybe_recompile pc=0x0000000002d66ba4 method=com.android.dx.rop.code.RegisterSpec.withSimpleType()Lcom/android/dx/rop/code/RegisterSpec; @ 21
Event: 2.581 Thread 0x000000000226f000 Uncommon trap: reason=bimorphic action=maybe_recompile pc=0x0000000002c876fc method=java.util.HashMap.putVal(ILjava/lang/Object;Ljava/lang/Object;ZZ)Ljava/lang/Object; @ 203
Event: 3.008 Thread 0x000000000226f000 Uncommon trap: reason=bimorphic action=maybe_recompile pc=0x0000000002dda684 method=com.android.dx.cf.code.BytecodeArray.parseInstruction(ILcom/android/dx/cf/code/BytecodeArray$Visitor;)I @ 2281
Event: 3.008 Thread 0x000000000226f000 Uncommon trap: reason=bimorphic action=maybe_recompile pc=0x0000000002dda684 method=com.android.dx.cf.code.BytecodeArray.parseInstruction(ILcom/android/dx/cf/code/BytecodeArray$Visitor;)I @ 2281
Event: 3.194 Thread 0x000000000226f000 Uncommon trap: reason=unreached action=reinterpret pc=0x0000000002babe0c method=com.android.dx.ssa.SsaMethod.updateOneDefinition(Lcom/android/dx/ssa/SsaInsn;Lcom/android/dx/rop/code/RegisterSpec;)V @ 4
Event: 3.426 Thread 0x000000000226f000 Uncommon trap: reason=unreached action=reinterpret pc=0x0000000002d90ee0 method=com.android.dx.ssa.SCCP.simulateBranch(Lcom/android/dx/ssa/SsaInsn;)V @ 132

Internal exceptions (4 events):
Event: 0.065 Thread 0x000000000226f000 Exception <a 'java/lang/NoSuchMethodError': Method sun.misc.Unsafe.defineClass(Ljava/lang/String;[BII)Ljava/lang/Class; name or signature does not match> (0x00000000eab0fb38) thrown at [D:\re\workspace\8-2-build-windows-amd64-cygwin\jdk8u5\2488\hotspot\srcª,!™ø∞?
Event: 0.065 Thread 0x000000000226f000 Exception <a 'java/lang/NoSuchMethodError': Method sun.misc.Unsafe.prefetchRead(Ljava/lang/Object;J)V name or signature does not match> (0x00000000eab0fdc8) thrown at [D:\re\workspace\8-2-build-windows-amd64-cygwin\jdk8u5\2488\hotspot\src\share\vm\prims\jn»ûﬁ‡›¡Ú?
Event: 1.172 Thread 0x000000000226f000 Implicit null exception at 0x0000000002b71a90 to 0x0000000002b72cc1
Event: 2.010 Thread 0x000000000226f000 Implicit null exception at 0x0000000002b40678 to 0x0000000002b41805

Events (10 events):
Event: 3.194 Thread 0x000000000226f000 Uncommon trap: trap_request=0xffffffad fr.pc=0x0000000002babe0c
Event: 3.194 Thread 0x000000000226f000 DEOPT PACKING pc=0x0000000002babe0c sp=0x00000000024be540
Event: 3.194 Thread 0x000000000226f000 DEOPT UNPACKING pc=0x00000000027d73ef sp=0x00000000024be4e8 mode 2
Event: 3.273 Executing VM operation: ParallelGCFailedAllocation
Event: 3.369 Executing VM operation: ParallelGCFailedAllocation done
Event: 3.426 Thread 0x000000000226f000 Uncommon trap: trap_request=0xffffffad fr.pc=0x0000000002d90ee0
Event: 3.426 Thread 0x000000000226f000 DEOPT PACKING pc=0x0000000002d90ee0 sp=0x00000000024be6a0
Event: 3.426 Thread 0x000000000226f000 DEOPT UNPACKING pc=0x00000000027d73ef sp=0x00000000024be698 mode 2
Event: 3.427 loading class com/android/dx/rop/code/RegOps
Event: 3.427 loading class com/android/dx/rop/code/RegOps done


Dynamic libraries:
0x000000013fb90000 - 0x000000013fbc4000 	C:\PROGRA~1\Java\JDK18~1.0_0\bin\java.exe
0x0000000076ed0000 - 0x0000000077079000 	C:\Windows\SYSTEM32\ntdll.dll
0x0000000076cb0000 - 0x0000000076dcf000 	C:\Windows\system32\kernel32.dll
0x000007fefcfe0000 - 0x000007fefd04c000 	C:\Windows\system32\KERNELBASE.dll
0x000007feff010000 - 0x000007feff0eb000 	C:\Windows\system32\ADVAPI32.dll
0x000007fefeb00000 - 0x000007fefeb9f000 	C:\Windows\system32\msvcrt.dll
0x000007fefd200000 - 0x000007fefd21f000 	C:\Windows\SYSTEM32\sechost.dll
0x000007fefd400000 - 0x000007fefd52d000 	C:\Windows\system32\RPCRT4.dll
0x0000000076dd0000 - 0x0000000076eca000 	C:\Windows\system32\USER32.dll
0x000007fefd0c0000 - 0x000007fefd127000 	C:\Windows\system32\GDI32.dll
0x000007fefedd0000 - 0x000007fefedde000 	C:\Windows\system32\LPK.dll
0x000007fefd130000 - 0x000007fefd1f9000 	C:\Windows\system32\USP10.dll
0x000007fefb6f0000 - 0x000007fefb8e4000 	C:\Windows\WinSxS\amd64_microsoft.windows.common-controls_6595b64144ccf1df_6.0.7601.17514_none_fa396087175ac9ac\COMCTL32.dll
0x000007fefef90000 - 0x000007feff001000 	C:\Windows\system32\SHLWAPI.dll
0x000007fefede0000 - 0x000007fefee0e000 	C:\Windows\system32\IMM32.DLL
0x000007fefe6a0000 - 0x000007fefe7a9000 	C:\Windows\system32\MSCTF.dll
0x000000006b620000 - 0x000000006b6f2000 	C:\PROGRA~1\Java\JDK18~1.0_0\jre\bin\msvcr100.dll
0x000000005c820000 - 0x000000005d04a000 	C:\PROGRA~1\Java\JDK18~1.0_0\jre\bin\server\jvm.dll
0x000007fef6b10000 - 0x000007fef6b19000 	C:\Windows\system32\WSOCK32.dll
0x000007fefd860000 - 0x000007fefd8ad000 	C:\Windows\system32\WS2_32.dll
0x000007feff1d0000 - 0x000007feff1d8000 	C:\Windows\system32\NSI.dll
0x000007fefa8c0000 - 0x000007fefa8fb000 	C:\Windows\system32\WINMM.dll
0x00000000770a0000 - 0x00000000770a7000 	C:\Windows\system32\PSAPI.DLL
0x000000006feb0000 - 0x000000006febf000 	C:\PROGRA~1\Java\JDK18~1.0_0\jre\bin\verify.dll
0x000000006e330000 - 0x000000006e358000 	C:\PROGRA~1\Java\JDK18~1.0_0\jre\bin\java.dll
0x000000006e3f0000 - 0x000000006e406000 	C:\PROGRA~1\Java\JDK18~1.0_0\jre\bin\zip.dll
0x000007fefd910000 - 0x000007fefe698000 	C:\Windows\system32\SHELL32.dll
0x000007fefe7b0000 - 0x000007fefe9b3000 	C:\Windows\system32\ole32.dll
0x000007fefcc90000 - 0x000007fefcc9f000 	C:\Windows\system32\profapi.dll
0x000007fefaa00000 - 0x000007fefab25000 	C:\Windows\system32\dbghelp.dll

VM Arguments:
jvm_args: -Xmx1024M -Xss1m -Djava.ext.dirs=C:\Program Files (x86)\Android\android-studio\sdk\build-tools\android-4.4.2\lib 
java_command: C:\Program Files (x86)\Android\android-studio\sdk\build-tools\android-4.4.2\lib\dx.jar --dex --output C:\Users\Siza\Arrythmia Project Newtonmin\ArrythmiaProject\Arrythmia\app\build\pre-dexed\debug\support-v4-19.1.0-e311e493b238b75da4095bd5ee7b69d76d73dc42.jar C:\Program Files (x86)\Android\android-studio\sdk\extras\android\m2repository\com\android\support\support-v4\19.1.0\support-v4-19.1.0.jar
java_class_path (initial): C:\Program Files (x86)\Android\android-studio\sdk\build-tools\android-4.4.2\lib\dx.jar
Launcher Type: SUN_STANDARD

Environment Variables:
JAVA_HOME=C:\Program Files\Java\jdk1.8.0_05
PATH=C:\Program Files (x86)\NVIDIA Corporation\PhysX\Common;C:\Program Files\Common Files\Microsoft Shared\Windows Live;C:\Program Files (x86)\Common Files\Microsoft Shared\Windows Live;C:\Program Files (x86)\Microchip\MPLABC18\v3.45\mpasm;C:\Program Files (x86)\Microchip\MPLABC18\v3.45\bin;C:\Program Files (x86)\Microchip\MPLABC18\v3.41\mpasm;C:\Program Files (x86)\Microchip\MPLABC18\v3.41\bin;C:\Program Files (x86)\Microchip\mplabc32\v2.02\bin;C:\Program Files (x86)\Microchip\MPLAB C30\bin;C:\Program Files (x86)\Microchip\xc32\v1.20\bin;C:\Program Files (x86)\Microchip\xc16\v1.11\bin;C:\Program Files (x86)\Microchip\xc8\v1.12\bin;C:\Windows\system32;C:\Windows;C:\Windows\System32\Wbem;C:\Windows\System32\WindowsPowerShell\v1.0\;C:\Program Files\Microsoft\Web Platform Installer\;C:\Program Files (x86)\Microsoft ASP.NET\ASP.NET Web Pages\v1.0\;C:\Program Files (x86)\Windows Kits\8.0\Windows Performance Toolkit\;C:\Program Files\Microsoft SQL Server\110\Tools\Binn\;C:\Program Files\IVI Foundation\VISA\Win64\Bin\;C:\Program Files (x86)\IVI Foundation\VISA\WinNT\Bin\;C:\Program Files (x86)\IVI Foundation\VISA\WinNT\Bin;C:\Program Files (x86)\Microsoft SQL Server\100\Tools\Binn\;C:\Program Files\Microsoft SQL Server\100\Tools\Binn\;C:\Program Files\Microsoft SQL Server\100\DTS\Binn\;C:\Program Files\MATLAB\R2011b\runtime\win64;C:\Program Files\MATLAB\R2011b\bin;C:\Program Files\MATLAB\R2010b\runtime\win64;C:\Program Files\MATLAB\R2010b\bin;C:\Program Files (x86)\Microchip\MPLAB C32 Suite\bin;C:\Program Files\Java\jdk1.7.0_17\bin;C:\Program Files (x86)\HI-TECH Software\PICC\9.83\bin;C:\Program Files (x86)\Windows Live\Shared;C:\Program Files (x86)\QuickTime\QTSystem\;C:\Program Files (x86)\Microchip\MPLABC18\v3.41\mpasm;C:\Program Files (x86)\Microchip\MPLABC18\v3.41\bin;C:\Program Files (x86)\Microchip\MPLABC18\v3.45\mpasm;C:\Program Files (x86)\Microchip\MPLABC18\v3.45\bin;C:\Windows\system32;C:\Windows;C:\Windows\System32\Wbem
USERNAME=Siza
OS=Windows_NT
PROCESSOR_IDENTIFIER=AMD64 Family 16 Model 10 Stepping 0, AuthenticAMD



---------------  S Y S T E M  ---------------

OS: Windows 7 , 64 bit Build 7601 Service Pack 1

CPU:total 6 (6 cores per cpu, 1 threads per core) family 16 model 10 stepping 0, cmov, cx8, fxsr, mmx, sse, sse2, sse3, popcnt, mmxext, 3dnowpref, lzcnt, sse4a, tsc, tscinvbit

Memory: 4k page, physical 8387816k(1220368k free), swap 8385952k(10996k free)

vm_info: Java HotSpot(TM) 64-Bit Server VM (25.5-b02) for windows-amd64 JRE (1.8.0_05-b13), built on Mar 18 2014 01:08:39 by "java_re" with MS VC++ 10.0 (VS2010)

time: Sun Jun 01 15:40:06 2014
elapsed time: 3 seconds

