#
# A fatal error has been detected by the Java Runtime Environment:
#
#  Internal Error (virtualspace.cpp:114), pid=8792, tid=10264
#  fatal error: os::release_memory failed
#
# JRE version:  (7.0_55-b14) (build )
# Java VM: Java HotSpot(TM) Client VM (24.55-b03 mixed mode windows-x86 )
# Failed to write core dump. Minidumps are not enabled by default on client versions of Windows
#
# If you would like to submit a bug report, please visit:
#   http://bugreport.sun.com/bugreport/crash.jsp
#

---------------  T H R E A D  ---------------

Current thread (0x00c5c800):  JavaThread "Unknown thread" [_thread_in_vm, id=10264, stack(0x00730000,0x00780000)]

Stack: [0x00730000,0x00780000],  sp=0x0077f20c,  free space=316k
Native frames: (J=compiled Java code, j=interpreted, Vv=VM code, C=native code)
V  [jvm.dll+0x18e051]
V  [jvm.dll+0x187dd6]
V  [jvm.dll+0x16416c]
V  [jvm.dll+0x16461b]
V  [jvm.dll+0x89a66]
V  [jvm.dll+0x87546]
V  [jvm.dll+0x86262]
V  [jvm.dll+0x90603]
V  [jvm.dll+0x13db04]
V  [jvm.dll+0x1606ac]
V  [jvm.dll+0xc8e1f]
C  [java.exe+0x13c1]
C  [java.exe+0x1e33]
C  [java.exe+0xa591]
C  [java.exe+0xa61b]
C  [kernel32.dll+0x1338a]
C  [ntdll.dll+0x39f72]
C  [ntdll.dll+0x39f45]


---------------  P R O C E S S  ---------------

Java Threads: ( => current thread )

Other Threads:

=>0x00c5c800 (exited) JavaThread "Unknown thread" [_thread_in_vm, id=10264, stack(0x00730000,0x00780000)]

VM state:not at safepoint (not fully initialized)

VM Mutex/Monitor currently owned by a thread: None

GC Heap History (0 events):
No events

Deoptimization events (0 events):
No events

Internal exceptions (0 events):
No events

Events (0 events):
No events


Dynamic libraries:
0x01320000 - 0x0134f000 	C:\Program Files (x86)\Java\jre7\bin\java.exe
0x770b0000 - 0x77230000 	C:\Windows\SysWOW64\ntdll.dll
0x756c0000 - 0x757d0000 	C:\Windows\syswow64\kernel32.dll
0x74b40000 - 0x74b87000 	C:\Windows\syswow64\KERNELBASE.dll
0x75860000 - 0x75900000 	C:\Windows\syswow64\ADVAPI32.dll
0x74d20000 - 0x74dcc000 	C:\Windows\syswow64\msvcrt.dll
0x74c70000 - 0x74c89000 	C:\Windows\SysWOW64\sechost.dll
0x75530000 - 0x75620000 	C:\Windows\syswow64\RPCRT4.dll
0x74ae0000 - 0x74b40000 	C:\Windows\syswow64\SspiCli.dll
0x74ad0000 - 0x74adc000 	C:\Windows\syswow64\CRYPTBASE.dll
0x76b20000 - 0x76c20000 	C:\Windows\syswow64\USER32.dll
0x74be0000 - 0x74c70000 	C:\Windows\syswow64\GDI32.dll
0x76a70000 - 0x76a7a000 	C:\Windows\syswow64\LPK.dll
0x76a80000 - 0x76b1d000 	C:\Windows\syswow64\USP10.dll
0x719a0000 - 0x71b3e000 	C:\Windows\WinSxS\x86_microsoft.windows.common-controls_6595b64144ccf1df_6.0.7601.17514_none_41e6975e2bd6f2b2\COMCTL32.dll
0x74f90000 - 0x74fe7000 	C:\Windows\syswow64\SHLWAPI.dll
0x74dd0000 - 0x74e30000 	C:\Windows\system32\IMM32.DLL
0x74e30000 - 0x74efc000 	C:\Windows\syswow64\MSCTF.dll
0x6d520000 - 0x6d5df000 	C:\Program Files (x86)\Java\jre7\bin\msvcr100.dll
0x6c9a0000 - 0x6cd20000 	C:\Program Files (x86)\Java\jre7\bin\client\jvm.dll
0x72f30000 - 0x72f37000 	C:\Windows\system32\WSOCK32.dll
0x757d0000 - 0x75805000 	C:\Windows\syswow64\WS2_32.dll
0x75220000 - 0x75226000 	C:\Windows\syswow64\NSI.dll
0x74450000 - 0x74482000 	C:\Windows\system32\WINMM.dll
0x753d0000 - 0x753d5000 	C:\Windows\syswow64\PSAPI.DLL
0x6fa50000 - 0x6fa5c000 	C:\Program Files (x86)\Java\jre7\bin\verify.dll
0x6f440000 - 0x6f460000 	C:\Program Files (x86)\Java\jre7\bin\java.dll
0x6e2b0000 - 0x6e2c3000 	C:\Program Files (x86)\Java\jre7\bin\zip.dll
0x70c40000 - 0x70d2b000 	C:\Windows\system32\dbghelp.dll

VM Arguments:
java_command: <unknown>
Launcher Type: SUN_STANDARD

Environment Variables:
JAVA_HOME=C:\Program Files\Java\jdk1.8.0_05
PATH=C:\Program Files (x86)\NVIDIA Corporation\PhysX\Common;C:\Program Files\Common Files\Microsoft Shared\Windows Live;C:\Program Files (x86)\Common Files\Microsoft Shared\Windows Live;C:\Program Files (x86)\Microchip\MPLABC18\v3.45\mpasm;C:\Program Files (x86)\Microchip\MPLABC18\v3.45\bin;C:\Program Files (x86)\Microchip\MPLABC18\v3.41\mpasm;C:\Program Files (x86)\Microchip\MPLABC18\v3.41\bin;C:\Program Files (x86)\Microchip\mplabc32\v2.02\bin;C:\Program Files (x86)\Microchip\MPLAB C30\bin;C:\Program Files (x86)\Microchip\xc32\v1.20\bin;C:\Program Files (x86)\Microchip\xc16\v1.11\bin;C:\Program Files (x86)\Microchip\xc8\v1.12\bin;C:\Windows\system32;C:\Windows;C:\Windows\System32\Wbem;C:\Windows\System32\WindowsPowerShell\v1.0\;C:\Program Files\Microsoft\Web Platform Installer\;C:\Program Files (x86)\Microsoft ASP.NET\ASP.NET Web Pages\v1.0\;C:\Program Files (x86)\Windows Kits\8.0\Windows Performance Toolkit\;C:\Program Files\Microsoft SQL Server\110\Tools\Binn\;C:\Program Files\IVI Foundation\VISA\Win64\Bin\;C:\Program Files (x86)\IVI Foundation\VISA\WinNT\Bin\;C:\Program Files (x86)\IVI Foundation\VISA\WinNT\Bin;C:\Program Files (x86)\Microsoft SQL Server\100\Tools\Binn\;C:\Program Files\Microsoft SQL Server\100\Tools\Binn\;C:\Program Files\Microsoft SQL Server\100\DTS\Binn\;C:\Program Files\MATLAB\R2011b\runtime\win64;C:\Program Files\MATLAB\R2011b\bin;C:\Program Files\MATLAB\R2010b\runtime\win64;C:\Program Files\MATLAB\R2010b\bin;C:\Program Files (x86)\Microchip\MPLAB C32 Suite\bin;C:\Program Files\Java\jdk1.7.0_17\bin;C:\Program Files (x86)\HI-TECH Software\PICC\9.83\bin;C:\Program Files (x86)\Windows Live\Shared;C:\Program Files (x86)\QuickTime\QTSystem\;
USERNAME=Siza
OS=Windows_NT
PROCESSOR_IDENTIFIER=AMD64 Family 16 Model 10 Stepping 0, AuthenticAMD



---------------  S Y S T E M  ---------------

OS: Windows 7 , 64 bit Build 7601 Service Pack 1

CPU:total 6 (6 cores per cpu, 1 threads per core) family 16 model 10 stepping 0, cmov, cx8, fxsr, mmx, sse, sse2, sse3, popcnt, mmxext, 3dnowpref, lzcnt, sse4a, tsc, tscinvbit, tscinv

Memory: 4k page, physical 8387816k(1265012k free), swap 8385952k(20724k free)

vm_info: Java HotSpot(TM) Client VM (24.55-b03) for windows-x86 JRE (1.7.0_55-b14), built on Apr 14 2014 18:25:32 by "java_re" with unknown MS VC++:1600

time: Sat May 31 15:35:16 2014
elapsed time: 0 seconds

