#
# There is insufficient memory for the Java Runtime Environment to continue.
# Native memory allocation (malloc) failed to allocate 1306048 bytes for Chunk::new
# Possible reasons:
#   The system is out of physical RAM or swap space
#   In 32 bit mode, the process size limit was hit
# Possible solutions:
#   Reduce memory load on the system
#   Increase physical memory or swap space
#   Check if swap backing store is full
#   Use 64 bit Java on a 64 bit OS
#   Decrease Java heap size (-Xmx/-Xms)
#   Decrease number of Java threads
#   Decrease Java thread stack sizes (-Xss)
#   Set larger code cache with -XX:ReservedCodeCacheSize=
# This output file may be truncated or incomplete.
#
#  Out of Memory Error (allocation.cpp:388), pid=6744, tid=14040
#
# JRE version: Java(TM) SE Runtime Environment (8.0_05-b13) (build 1.8.0_05-b13)
# Java VM: Java HotSpot(TM) 64-Bit Server VM (25.5-b02 mixed mode windows-amd64 compressed oops)
# Failed to write core dump. Minidumps are not enabled by default on client versions of Windows
#

---------------  T H R E A D  ---------------

Current thread (0x0000000056df2000):  JavaThread "C2 CompilerThread1" daemon [_thread_in_native, id=14040, stack(0x0000000057540000,0x0000000057640000)]

Stack: [0x0000000057540000,0x0000000057640000]
Native frames: (J=compiled Java code, j=interpreted, Vv=VM code, C=native code)
V  [jvm.dll+0x308dea]


Current CompileTask:
C2:   2268 1267   !   4       com.android.dx.cf.cst.ConstantPoolParser::parse0 (731 bytes)


---------------  P R O C E S S  ---------------

Java Threads: ( => current thread )
  0x0000000056e41000 JavaThread "Service Thread" daemon [_thread_blocked, id=16252, stack(0x0000000057820000,0x0000000057920000)]
  0x0000000056df6000 JavaThread "C1 CompilerThread2" daemon [_thread_in_vm, id=16936, stack(0x0000000056960000,0x0000000056a60000)]
=>0x0000000056df2000 JavaThread "C2 CompilerThread1" daemon [_thread_in_native, id=14040, stack(0x0000000057540000,0x0000000057640000)]
  0x0000000056dff000 JavaThread "C2 CompilerThread0" daemon [_thread_in_native, id=17104, stack(0x0000000057440000,0x0000000057540000)]
  0x0000000056dfd800 JavaThread "Attach Listener" daemon [_thread_blocked, id=9736, stack(0x00000000572f0000,0x00000000573f0000)]
  0x0000000056dfc800 JavaThread "Signal Dispatcher" daemon [_thread_blocked, id=9720, stack(0x00000000571d0000,0x00000000572d0000)]
  0x00000000553f1000 JavaThread "Finalizer" daemon [_thread_blocked, id=6640, stack(0x0000000056ca0000,0x0000000056da0000)]
  0x00000000553e6000 JavaThread "Reference Handler" daemon [_thread_blocked, id=16612, stack(0x0000000056ac0000,0x0000000056bc0000)]
  0x000000000214f000 JavaThread "main" [_thread_in_vm, id=13856, stack(0x00000000024c0000,0x00000000025c0000)]

Other Threads:
  0x00000000553e2800 VMThread [stack: 0x0000000056860000,0x0000000056960000] [id=15608]
  0x0000000056e43000 WatcherThread [stack: 0x0000000057980000,0x0000000057a80000] [id=5820]

VM state:not at safepoint (normal execution)

VM Mutex/Monitor currently owned by a thread:  ([mutex/lock_event])
[0x000000000214dc40] Compile_lock - owner thread: 0x0000000000000000

Heap:
 PSYoungGen      total 36864K, used 24015K [0x00000000eab00000, 0x00000000ed300000, 0x0000000100000000)
  eden space 32768K, 62% used [0x00000000eab00000,0x00000000ebf180b0,0x00000000ecb00000)
  from space 4096K, 83% used [0x00000000ecf00000,0x00000000ed25bec0,0x00000000ed300000)
  to   space 4096K, 0% used [0x00000000ecb00000,0x00000000ecb00000,0x00000000ecf00000)
 ParOldGen       total 129536K, used 13437K [0x00000000c0000000, 0x00000000c7e80000, 0x00000000eab00000)
  object space 129536K, 10% used [0x00000000c0000000,0x00000000c0d1f600,0x00000000c7e80000)
 Metaspace       used 5438K, capacity 6832K, committed 7040K, reserved 1056768K
  class space    used 540K, capacity 616K, committed 640K, reserved 1048576K

Card table byte_map: [0x0000000011c50000,0x0000000011e60000] byte_map_base: 0x0000000011650000

Marking Bits: (ParMarkBitMap*) 0x00000000661413b0
 Begin Bits: [0x0000000012800000, 0x0000000013800000)
 End Bits:   [0x0000000013800000, 0x0000000014800000)

Polling page: 0x0000000000430000

CodeCache: size=245760Kb used=6077Kb max_used=6077Kb free=239682Kb
 bounds [0x0000000002890000, 0x0000000002e90000, 0x0000000011890000]
 total_blobs=1836 nmethods=1578 adapters=173
 compilation: enabled

Compilation events (10 events):
Event: 2.031 Thread 0x0000000056df6000 1523       2       com.android.dx.rop.annotation.NameValuePair::<init> (43 bytes)
Event: 2.032 Thread 0x0000000056df6000 nmethod 1523 0x0000000002e61250 code [0x0000000002e613c0, 0x0000000002e61658]
Event: 2.032 Thread 0x0000000056df6000 1524       2       com.android.dx.rop.annotation.Annotation::put (32 bytes)
Event: 2.032 Thread 0x0000000056df6000 nmethod 1524 0x0000000002e61750 code [0x0000000002e618e0, 0x0000000002e61ba8]
Event: 2.034 Thread 0x0000000056df6000 1525       2       com.android.dx.dex.file.ClassDefItem::addInstanceField (9 bytes)
Event: 2.035 Thread 0x0000000056df6000 nmethod 1525 0x0000000002e61d50 code [0x0000000002e61ee0, 0x0000000002e621f8]
Event: 2.035 Thread 0x0000000056df6000 1526       2       com.android.dx.ssa.NormalSsaInsn::accept (25 bytes)
Event: 2.035 Thread 0x0000000056df6000 nmethod 1526 0x0000000002e62490 code [0x0000000002e62600, 0x0000000002e627d8]
Event: 2.055 Thread 0x0000000056df6000 1529       2       com.android.dx.rop.cst.CstArray$List::set (7 bytes)
Event: 2.056 Thread 0x0000000056df6000 nmethod 1529 0x0000000002e62910 code [0x0000000002e62aa0, 0x0000000002e62ea8]

GC Heap History (10 events):
Event: 1.020 GC heap before
{Heap before GC invocations=9 (full 0):
 PSYoungGen      total 10240K, used 10176K [0x00000000eab00000, 0x00000000eb700000, 0x0000000100000000)
  eden space 8192K, 100% used [0x00000000eab00000,0x00000000eb300000,0x00000000eb300000)
  from space 2048K, 96% used [0x00000000eb500000,0x00000000eb6f0018,0x00000000eb700000)
  to   space 2048K, 0% used [0x00000000eb300000,0x00000000eb300000,0x00000000eb500000)
 ParOldGen       total 129536K, used 1899K [0x00000000c0000000, 0x00000000c7e80000, 0x00000000eab00000)
  object space 129536K, 1% used [0x00000000c0000000,0x00000000c01dadd0,0x00000000c7e80000)
 Metaspace       used 5250K, capacity 6640K, committed 6784K, reserved 1056768K
  class space    used 539K, capacity 616K, committed 640K, reserved 1048576K
Event: 1.030 GC heap after
Heap after GC invocations=9 (full 0):
 PSYoungGen      total 10240K, used 2016K [0x00000000eab00000, 0x00000000ebe00000, 0x0000000100000000)
  eden space 8192K, 0% used [0x00000000eab00000,0x00000000eab00000,0x00000000eb300000)
  from space 2048K, 98% used [0x00000000eb300000,0x00000000eb4f8010,0x00000000eb500000)
  to   space 3072K, 0% used [0x00000000ebb00000,0x00000000ebb00000,0x00000000ebe00000)
 ParOldGen       total 129536K, used 3245K [0x00000000c0000000, 0x00000000c7e80000, 0x00000000eab00000)
  object space 129536K, 2% used [0x00000000c0000000,0x00000000c032b6a8,0x00000000c7e80000)
 Metaspace       used 5250K, capacity 6640K, committed 6784K, reserved 1056768K
  class space    used 539K, capacity 616K, committed 640K, reserved 1048576K
}
Event: 1.175 GC heap before
{Heap before GC invocations=10 (full 0):
 PSYoungGen      total 10240K, used 10208K [0x00000000eab00000, 0x00000000ebe00000, 0x0000000100000000)
  eden space 8192K, 100% used [0x00000000eab00000,0x00000000eb300000,0x00000000eb300000)
  from space 2048K, 98% used [0x00000000eb300000,0x00000000eb4f8010,0x00000000eb500000)
  to   space 3072K, 0% used [0x00000000ebb00000,0x00000000ebb00000,0x00000000ebe00000)
 ParOldGen       total 129536K, used 3245K [0x00000000c0000000, 0x00000000c7e80000, 0x00000000eab00000)
  object space 129536K, 2% used [0x00000000c0000000,0x00000000c032b6a8,0x00000000c7e80000)
 Metaspace       used 5319K, capacity 6704K, committed 6784K, reserved 1056768K
  class space    used 539K, capacity 616K, committed 640K, reserved 1048576K
Event: 1.251 GC heap after
Heap after GC invocations=10 (full 0):
 PSYoungGen      total 15872K, used 2611K [0x00000000eab00000, 0x00000000ebf00000, 0x0000000100000000)
  eden space 12800K, 0% used [0x00000000eab00000,0x00000000eab00000,0x00000000eb780000)
  from space 3072K, 85% used [0x00000000ebb00000,0x00000000ebd8cd58,0x00000000ebe00000)
  to   space 3584K, 0% used [0x00000000eb780000,0x00000000eb780000,0x00000000ebb00000)
 ParOldGen       total 129536K, used 4284K [0x00000000c0000000, 0x00000000c7e80000, 0x00000000eab00000)
  object space 129536K, 3% used [0x00000000c0000000,0x00000000c042f380,0x00000000c7e80000)
 Metaspace       used 5319K, capacity 6704K, committed 6784K, reserved 1056768K
  class space    used 539K, capacity 616K, committed 640K, reserved 1048576K
}
Event: 1.377 GC heap before
{Heap before GC invocations=11 (full 0):
 PSYoungGen      total 15872K, used 15411K [0x00000000eab00000, 0x00000000ebf00000, 0x0000000100000000)
  eden space 12800K, 100% used [0x00000000eab00000,0x00000000eb780000,0x00000000eb780000)
  from space 3072K, 85% used [0x00000000ebb00000,0x00000000ebd8cd58,0x00000000ebe00000)
  to   space 3584K, 0% used [0x00000000eb780000,0x00000000eb780000,0x00000000ebb00000)
 ParOldGen       total 129536K, used 4284K [0x00000000c0000000, 0x00000000c7e80000, 0x00000000eab00000)
  object space 129536K, 3% used [0x00000000c0000000,0x00000000c042f380,0x00000000c7e80000)
 Metaspace       used 5340K, capacity 6768K, committed 7040K, reserved 1056768K
  class space    used 540K, capacity 616K, committed 640K, reserved 1048576K
Event: 1.412 GC heap after
Heap after GC invocations=11 (full 0):
 PSYoungGen      total 16384K, used 2400K [0x00000000eab00000, 0x00000000ec600000, 0x0000000100000000)
  eden space 12800K, 0% used [0x00000000eab00000,0x00000000eab00000,0x00000000eb780000)
  from space 3584K, 66% used [0x00000000eb780000,0x00000000eb9d8010,0x00000000ebb00000)
  to   space 3584K, 0% used [0x00000000ec280000,0x00000000ec280000,0x00000000ec600000)
 ParOldGen       total 129536K, used 6499K [0x00000000c0000000, 0x00000000c7e80000, 0x00000000eab00000)
  object space 129536K, 5% used [0x00000000c0000000,0x00000000c0658e08,0x00000000c7e80000)
 Metaspace       used 5340K, capacity 6768K, committed 7040K, reserved 1056768K
  class space    used 540K, capacity 616K, committed 640K, reserved 1048576K
}
Event: 1.546 GC heap before
{Heap before GC invocations=12 (full 0):
 PSYoungGen      total 16384K, used 15200K [0x00000000eab00000, 0x00000000ec600000, 0x0000000100000000)
  eden space 12800K, 100% used [0x00000000eab00000,0x00000000eb780000,0x00000000eb780000)
  from space 3584K, 66% used [0x00000000eb780000,0x00000000eb9d8010,0x00000000ebb00000)
  to   space 3584K, 0% used [0x00000000ec280000,0x00000000ec280000,0x00000000ec600000)
 ParOldGen       total 129536K, used 6499K [0x00000000c0000000, 0x00000000c7e80000, 0x00000000eab00000)
  object space 129536K, 5% used [0x00000000c0000000,0x00000000c0658e08,0x00000000c7e80000)
 Metaspace       used 5373K, capacity 6768K, committed 7040K, reserved 1056768K
  class space    used 540K, capacity 616K, committed 640K, reserved 1048576K
Event: 1.647 GC heap after
Heap after GC invocations=12 (full 0):
 PSYoungGen      total 24064K, used 2413K [0x00000000eab00000, 0x00000000ec600000, 0x0000000100000000)
  eden space 20480K, 0% used [0x00000000eab00000,0x00000000eab00000,0x00000000ebf00000)
  from space 3584K, 67% used [0x00000000ec280000,0x00000000ec4db610,0x00000000ec600000)
  to   space 3584K, 0% used [0x00000000ebf00000,0x00000000ebf00000,0x00000000ec280000)
 ParOldGen       total 129536K, used 8682K [0x00000000c0000000, 0x00000000c7e80000, 0x00000000eab00000)
  object space 129536K, 6% used [0x00000000c0000000,0x00000000c087aa20,0x00000000c7e80000)
 Metaspace       used 5373K, capacity 6768K, committed 7040K, reserved 1056768K
  class space    used 540K, capacity 616K, committed 640K, reserved 1048576K
}
Event: 1.820 GC heap before
{Heap before GC invocations=13 (full 0):
 PSYoungGen      total 24064K, used 22893K [0x00000000eab00000, 0x00000000ec600000, 0x0000000100000000)
  eden space 20480K, 100% used [0x00000000eab00000,0x00000000ebf00000,0x00000000ebf00000)
  from space 3584K, 67% used [0x00000000ec280000,0x00000000ec4db610,0x00000000ec600000)
  to   space 3584K, 0% used [0x00000000ebf00000,0x00000000ebf00000,0x00000000ec280000)
 ParOldGen       total 129536K, used 8682K [0x00000000c0000000, 0x00000000c7e80000, 0x00000000eab00000)
  object space 129536K, 6% used [0x00000000c0000000,0x00000000c087aa20,0x00000000c7e80000)
 Metaspace       used 5383K, capacity 6768K, committed 7040K, reserved 1056768K
  class space    used 540K, capacity 616K, committed 640K, reserved 1048576K
Event: 1.864 GC heap after
Heap after GC invocations=13 (full 0):
 PSYoungGen      total 24064K, used 2560K [0x00000000eab00000, 0x00000000ed300000, 0x0000000100000000)
  eden space 20480K, 0% used [0x00000000eab00000,0x00000000eab00000,0x00000000ebf00000)
  from space 3584K, 71% used [0x00000000ebf00000,0x00000000ec180000,0x00000000ec280000)
  to   space 4096K, 0% used [0x00000000ecf00000,0x00000000ecf00000,0x00000000ed300000)
 ParOldGen       total 129536K, used 10925K [0x00000000c0000000, 0x00000000c7e80000, 0x00000000eab00000)
  object space 129536K, 8% used [0x00000000c0000000,0x00000000c0aab5b0,0x00000000c7e80000)
 Metaspace       used 5383K, capacity 6768K, committed 7040K, reserved 1056768K
  class space    used 540K, capacity 616K, committed 640K, reserved 1048576K
}

Deoptimization events (10 events):
Event: 1.044 Thread 0x000000000214f000 Uncommon trap: reason=bimorphic action=maybe_recompile pc=0x0000000002ac6c8c method=java.util.HashMap.getNode(ILjava/lang/Object;)Ljava/util/HashMap$Node; @ 126
Event: 1.044 Thread 0x000000000214f000 Uncommon trap: reason=unreached action=reinterpret pc=0x0000000002c58084 method=com.android.dx.rop.cst.Constant.compareTo(Lcom/android/dx/rop/cst/Constant;)I @ 12
Event: 1.044 Thread 0x000000000214f000 Uncommon trap: reason=bimorphic action=maybe_recompile pc=0x0000000002a9f1b0 method=java.util.HashMap.getNode(ILjava/lang/Object;)Ljava/util/HashMap$Node; @ 126
Event: 1.118 Thread 0x000000000214f000 Uncommon trap: reason=null_check action=make_not_entrant pc=0x0000000002c24c44 method=com.android.dx.ssa.SsaRenamer.getLocalForNewReg(I)Lcom/android/dx/rop/code/LocalItem; @ 19
Event: 1.785 Thread 0x000000000214f000 Uncommon trap: reason=bimorphic action=maybe_recompile pc=0x0000000002dc689c method=com.android.dx.cf.code.BytecodeArray.parseInstruction(ILcom/android/dx/cf/code/BytecodeArray$Visitor;)I @ 1501
Event: 1.786 Thread 0x000000000214f000 Uncommon trap: reason=bimorphic action=maybe_recompile pc=0x0000000002dc689c method=com.android.dx.cf.code.BytecodeArray.parseInstruction(ILcom/android/dx/cf/code/BytecodeArray$Visitor;)I @ 1501
Event: 1.937 Thread 0x000000000214f000 Uncommon trap: reason=bimorphic action=maybe_recompile pc=0x0000000002dc6c88 method=com.android.dx.cf.code.BytecodeArray.parseInstruction(ILcom/android/dx/cf/code/BytecodeArray$Visitor;)I @ 955
Event: 1.938 Thread 0x000000000214f000 Uncommon trap: reason=bimorphic action=maybe_recompile pc=0x0000000002dc6c0c method=com.android.dx.cf.code.BytecodeArray.parseInstruction(ILcom/android/dx/cf/code/BytecodeArray$Visitor;)I @ 939
Event: 1.938 Thread 0x000000000214f000 Uncommon trap: reason=bimorphic action=maybe_recompile pc=0x0000000002dc6c88 method=com.android.dx.cf.code.BytecodeArray.parseInstruction(ILcom/android/dx/cf/code/BytecodeArray$Visitor;)I @ 955
Event: 2.035 Thread 0x000000000214f000 Uncommon trap: reason=null_check action=make_not_entrant pc=0x0000000002c29bc8 method=com.android.dx.ssa.SsaRenamer.getLocalForNewReg(I)Lcom/android/dx/rop/code/LocalItem; @ 19

Internal exceptions (5 events):
Event: 0.066 Thread 0x000000000214f000 Exception <a 'java/lang/NoSuchMethodError': Method sun.misc.Unsafe.defineClass(Ljava/lang/String;[BII)Ljava/lang/Class; name or signature does not match> (0x00000000eab0fa90) thrown at [D:\re\workspace\8-2-build-windows-amd64-cygwin\jdk8u5\2488\hotspot\src‹é´Œð°?
Event: 0.066 Thread 0x000000000214f000 Exception <a 'java/lang/NoSuchMethodError': Method sun.misc.Unsafe.prefetchRead(Ljava/lang/Object;J)V name or signature does not match> (0x00000000eab0fd38) thrown at [D:\re\workspace\8-2-build-windows-amd64-cygwin\jdk8u5\2488\hotspot\src\share\vm\prims\jnzXÐN†Fì?
Event: 0.884 Thread 0x000000000214f000 Implicit null exception at 0x0000000002b81792 to 0x0000000002b81831
Event: 1.118 Thread 0x000000000214f000 Implicit null exception at 0x0000000002c23a3a to 0x0000000002c24c29
Event: 2.035 Thread 0x000000000214f000 Implicit null exception at 0x0000000002c289f8 to 0x0000000002c29b8d

Events (10 events):
Event: 1.938 Thread 0x000000000214f000 DEOPT UNPACKING pc=0x00000000028d73ef sp=0x00000000025be678 mode 2
Event: 1.938 Thread 0x000000000214f000 Uncommon trap: trap_request=0xffffffc6 fr.pc=0x0000000002dc6c0c
Event: 1.938 Thread 0x000000000214f000 DEOPT PACKING pc=0x0000000002dc6c0c sp=0x00000000025be6e0
Event: 1.938 Thread 0x000000000214f000 DEOPT UNPACKING pc=0x00000000028d73ef sp=0x00000000025be678 mode 2
Event: 1.938 Thread 0x000000000214f000 Uncommon trap: trap_request=0xffffffc6 fr.pc=0x0000000002dc6c88
Event: 1.938 Thread 0x000000000214f000 DEOPT PACKING pc=0x0000000002dc6c88 sp=0x00000000025be490
Event: 1.938 Thread 0x000000000214f000 DEOPT UNPACKING pc=0x00000000028d73ef sp=0x00000000025be428 mode 2
Event: 2.035 Thread 0x000000000214f000 Uncommon trap: trap_request=0xfffffff4 fr.pc=0x0000000002c29bc8
Event: 2.035 Thread 0x000000000214f000 DEOPT PACKING pc=0x0000000002c29bc8 sp=0x00000000025be6b0
Event: 2.035 Thread 0x000000000214f000 DEOPT UNPACKING pc=0x00000000028d73ef sp=0x00000000025be508 mode 2


Dynamic libraries:
0x000000013fd80000 - 0x000000013fdb4000 	C:\PROGRA~1\Java\JDK18~1.0_0\bin\java.exe
0x0000000076ed0000 - 0x0000000077079000 	C:\Windows\SYSTEM32\ntdll.dll
0x0000000076cb0000 - 0x0000000076dcf000 	C:\Windows\system32\kernel32.dll
0x000007fefcfe0000 - 0x000007fefd04c000 	C:\Windows\system32\KERNELBASE.dll
0x000007feff010000 - 0x000007feff0eb000 	C:\Windows\system32\ADVAPI32.dll
0x000007fefeb00000 - 0x000007fefeb9f000 	C:\Windows\system32\msvcrt.dll
0x000007fefd200000 - 0x000007fefd21f000 	C:\Windows\SYSTEM32\sechost.dll
0x000007fefd400000 - 0x000007fefd52d000 	C:\Windows\system32\RPCRT4.dll
0x0000000076dd0000 - 0x0000000076eca000 	C:\Windows\system32\USER32.dll
0x000007fefd0c0000 - 0x000007fefd127000 	C:\Windows\system32\GDI32.dll
0x000007fefedd0000 - 0x000007fefedde000 	C:\Windows\system32\LPK.dll
0x000007fefd130000 - 0x000007fefd1f9000 	C:\Windows\system32\USP10.dll
0x000007fefb6f0000 - 0x000007fefb8e4000 	C:\Windows\WinSxS\amd64_microsoft.windows.common-controls_6595b64144ccf1df_6.0.7601.17514_none_fa396087175ac9ac\COMCTL32.dll
0x000007fefef90000 - 0x000007feff001000 	C:\Windows\system32\SHLWAPI.dll
0x000007fefede0000 - 0x000007fefee0e000 	C:\Windows\system32\IMM32.DLL
0x000007fefe6a0000 - 0x000007fefe7a9000 	C:\Windows\system32\MSCTF.dll
0x000000006d9a0000 - 0x000000006da72000 	C:\PROGRA~1\Java\JDK18~1.0_0\jre\bin\msvcr100.dll
0x0000000065990000 - 0x00000000661ba000 	C:\PROGRA~1\Java\JDK18~1.0_0\jre\bin\server\jvm.dll
0x000007fef6b10000 - 0x000007fef6b19000 	C:\Windows\system32\WSOCK32.dll
0x000007fefd860000 - 0x000007fefd8ad000 	C:\Windows\system32\WS2_32.dll
0x000007feff1d0000 - 0x000007feff1d8000 	C:\Windows\system32\NSI.dll
0x000007fefa8c0000 - 0x000007fefa8fb000 	C:\Windows\system32\WINMM.dll
0x00000000770a0000 - 0x00000000770a7000 	C:\Windows\system32\PSAPI.DLL
0x000000006fea0000 - 0x000000006feaf000 	C:\PROGRA~1\Java\JDK18~1.0_0\jre\bin\verify.dll
0x000000006d470000 - 0x000000006d498000 	C:\PROGRA~1\Java\JDK18~1.0_0\jre\bin\java.dll
0x000000006f330000 - 0x000000006f346000 	C:\PROGRA~1\Java\JDK18~1.0_0\jre\bin\zip.dll
0x000007fefd910000 - 0x000007fefe698000 	C:\Windows\system32\SHELL32.dll
0x000007fefe7b0000 - 0x000007fefe9b3000 	C:\Windows\system32\ole32.dll
0x000007fefcc90000 - 0x000007fefcc9f000 	C:\Windows\system32\profapi.dll
0x000007fefaa00000 - 0x000007fefab25000 	C:\Windows\system32\dbghelp.dll

VM Arguments:
jvm_args: -Xmx1024M -Xss1m -Djava.ext.dirs=C:\Program Files (x86)\Android\android-studio\sdk\build-tools\android-4.4.2\lib 
java_command: C:\Program Files (x86)\Android\android-studio\sdk\build-tools\android-4.4.2\lib\dx.jar --dex --output C:\Users\Siza\Arrythmia Project Newtonmin\ArrythmiaProject\Arrythmia\app\build\pre-dexed\debug\support-v4-19.1.0-e311e493b238b75da4095bd5ee7b69d76d73dc42.jar C:\Program Files (x86)\Android\android-studio\sdk\extras\android\m2repository\com\android\support\support-v4\19.1.0\support-v4-19.1.0.jar
java_class_path (initial): C:\Program Files (x86)\Android\android-studio\sdk\build-tools\android-4.4.2\lib\dx.jar
Launcher Type: SUN_STANDARD

Environment Variables:
JAVA_HOME=C:\Program Files\Java\jdk1.8.0_05
PATH=C:\Program Files (x86)\NVIDIA Corporation\PhysX\Common;C:\Program Files\Common Files\Microsoft Shared\Windows Live;C:\Program Files (x86)\Common Files\Microsoft Shared\Windows Live;C:\Program Files (x86)\Microchip\MPLABC18\v3.45\mpasm;C:\Program Files (x86)\Microchip\MPLABC18\v3.45\bin;C:\Program Files (x86)\Microchip\MPLABC18\v3.41\mpasm;C:\Program Files (x86)\Microchip\MPLABC18\v3.41\bin;C:\Program Files (x86)\Microchip\mplabc32\v2.02\bin;C:\Program Files (x86)\Microchip\MPLAB C30\bin;C:\Program Files (x86)\Microchip\xc32\v1.20\bin;C:\Program Files (x86)\Microchip\xc16\v1.11\bin;C:\Program Files (x86)\Microchip\xc8\v1.12\bin;C:\Windows\system32;C:\Windows;C:\Windows\System32\Wbem;C:\Windows\System32\WindowsPowerShell\v1.0\;C:\Program Files\Microsoft\Web Platform Installer\;C:\Program Files (x86)\Microsoft ASP.NET\ASP.NET Web Pages\v1.0\;C:\Program Files (x86)\Windows Kits\8.0\Windows Performance Toolkit\;C:\Program Files\Microsoft SQL Server\110\Tools\Binn\;C:\Program Files\IVI Foundation\VISA\Win64\Bin\;C:\Program Files (x86)\IVI Foundation\VISA\WinNT\Bin\;C:\Program Files (x86)\IVI Foundation\VISA\WinNT\Bin;C:\Program Files (x86)\Microsoft SQL Server\100\Tools\Binn\;C:\Program Files\Microsoft SQL Server\100\Tools\Binn\;C:\Program Files\Microsoft SQL Server\100\DTS\Binn\;C:\Program Files\MATLAB\R2011b\runtime\win64;C:\Program Files\MATLAB\R2011b\bin;C:\Program Files\MATLAB\R2010b\runtime\win64;C:\Program Files\MATLAB\R2010b\bin;C:\Program Files (x86)\Microchip\MPLAB C32 Suite\bin;C:\Program Files\Java\jdk1.7.0_17\bin;C:\Program Files (x86)\HI-TECH Software\PICC\9.83\bin;C:\Program Files (x86)\Windows Live\Shared;C:\Program Files (x86)\QuickTime\QTSystem\;
USERNAME=Siza
OS=Windows_NT
PROCESSOR_IDENTIFIER=AMD64 Family 16 Model 10 Stepping 0, AuthenticAMD



---------------  S Y S T E M  ---------------

OS: Windows 7 , 64 bit Build 7601 Service Pack 1

CPU:total 6 (6 cores per cpu, 1 threads per core) family 16 model 10 stepping 0, cmov, cx8, fxsr, mmx, sse, sse2, sse3, popcnt, mmxext, 3dnowpref, lzcnt, sse4a, tsc, tscinvbit

Memory: 4k page, physical 8387816k(1474568k free), swap 8385952k(273224k free)

vm_info: Java HotSpot(TM) 64-Bit Server VM (25.5-b02) for windows-amd64 JRE (1.8.0_05-b13), built on Mar 18 2014 01:08:39 by "java_re" with MS VC++ 10.0 (VS2010)

time: Sat Jun 07 18:54:46 2014
elapsed time: 2 seconds

