#
# There is insufficient memory for the Java Runtime Environment to continue.
# Native memory allocation (malloc) failed to allocate 1048576 bytes for AllocateHeap
# Possible reasons:
#   The system is out of physical RAM or swap space
#   In 32 bit mode, the process size limit was hit
# Possible solutions:
#   Reduce memory load on the system
#   Increase physical memory or swap space
#   Check if swap backing store is full
#   Use 64 bit Java on a 64 bit OS
#   Decrease Java heap size (-Xmx/-Xms)
#   Decrease number of Java threads
#   Decrease Java thread stack sizes (-Xss)
#   Set larger code cache with -XX:ReservedCodeCacheSize=
# This output file may be truncated or incomplete.
#
#  Out of Memory Error (memory/allocation.inline.hpp:62), pid=13964, tid=13112
#
# JRE version:  (8.0_05-b13) (build )
# Java VM: Java HotSpot(TM) 64-Bit Server VM (25.5-b02 mixed mode windows-amd64 compressed oops)
# Failed to write core dump. Minidumps are not enabled by default on client versions of Windows
#

---------------  T H R E A D  ---------------

Current thread (0x00000000021ae800):  JavaThread "Unknown thread" [_thread_in_vm, id=13112, stack(0x0000000002350000,0x0000000002450000)]

Stack: [0x0000000002350000,0x0000000002450000]
Native frames: (J=compiled Java code, j=interpreted, Vv=VM code, C=native code)
V  [jvm.dll+0x308dea]


---------------  P R O C E S S  ---------------

Java Threads: ( => current thread )

Other Threads:

=>0x00000000021ae800 (exited) JavaThread "Unknown thread" [_thread_in_vm, id=13112, stack(0x0000000002350000,0x0000000002450000)]

VM state:not at safepoint (normal execution)

VM Mutex/Monitor currently owned by a thread: None

Heap:
 PSYoungGen      total 1024K, used 20K [0x00000000d5580000, 0x00000000d5700000, 0x0000000100000000)
  eden space 512K, 4% used [0x00000000d5580000,0x00000000d5585288,0x00000000d5600000)
  from space 512K, 0% used [0x00000000d5680000,0x00000000d5680000,0x00000000d5700000)
  to   space 512K, 0% used [0x00000000d5600000,0x00000000d5600000,0x00000000d5680000)
 ParOldGen       total 129536K, used 0K [0x0000000080000000, 0x0000000087e80000, 0x00000000d5580000)
  object space 129536K, 0% used [0x0000000080000000,0x0000000080000000,0x0000000087e80000)
 Metaspace       used 653K, capacity 4480K, committed 4480K, reserved 1056768K
  class space    used 66K, capacity 384K, committed 384K, reserved 1048576K

Card table byte_map: [0x0000000011ae0000,0x0000000011ef0000] byte_map_base: 0x00000000116e0000

Marking Bits: (ParMarkBitMap*) 0x0000000053b813b0
 Begin Bits: [0x0000000012a60000, 0x0000000014a60000)
 End Bits:   [0x0000000014a60000, 0x0000000016a60000)

Polling page: 0x0000000000330000

CodeCache: size=245760Kb used=326Kb max_used=326Kb free=245433Kb
 bounds [0x0000000002720000, 0x0000000002990000, 0x0000000011720000]
 total_blobs=55 nmethods=0 adapters=37
 compilation: enabled

Compilation events (0 events):
No events

GC Heap History (0 events):
No events

Deoptimization events (0 events):
No events

Internal exceptions (0 events):
No events

Events (10 events):
Event: 0.500 loading class java/lang/Short
Event: 0.500 loading class java/lang/Short done
Event: 0.500 loading class java/lang/Integer
Event: 0.500 loading class java/lang/Integer done
Event: 0.500 loading class java/lang/Long
Event: 0.500 loading class java/lang/Long done
Event: 0.502 loading class java/lang/NullPointerException
Event: 0.502 loading class java/lang/NullPointerException done
Event: 0.502 loading class java/lang/ArithmeticException
Event: 0.502 loading class java/lang/ArithmeticException done


Dynamic libraries:
0x000000013fd30000 - 0x000000013fd64000 	C:\Program Files\Java\jre8\bin\java.exe
0x0000000076ed0000 - 0x0000000077079000 	C:\Windows\SYSTEM32\ntdll.dll
0x0000000076cb0000 - 0x0000000076dcf000 	C:\Windows\system32\kernel32.dll
0x000007fefcfe0000 - 0x000007fefd04c000 	C:\Windows\system32\KERNELBASE.dll
0x000007feff010000 - 0x000007feff0eb000 	C:\Windows\system32\ADVAPI32.dll
0x000007fefeb00000 - 0x000007fefeb9f000 	C:\Windows\system32\msvcrt.dll
0x000007fefd200000 - 0x000007fefd21f000 	C:\Windows\SYSTEM32\sechost.dll
0x000007fefd400000 - 0x000007fefd52d000 	C:\Windows\system32\RPCRT4.dll
0x0000000076dd0000 - 0x0000000076eca000 	C:\Windows\system32\USER32.dll
0x000007fefd0c0000 - 0x000007fefd127000 	C:\Windows\system32\GDI32.dll
0x000007fefedd0000 - 0x000007fefedde000 	C:\Windows\system32\LPK.dll
0x000007fefd130000 - 0x000007fefd1f9000 	C:\Windows\system32\USP10.dll
0x000007fefb6f0000 - 0x000007fefb8e4000 	C:\Windows\WinSxS\amd64_microsoft.windows.common-controls_6595b64144ccf1df_6.0.7601.17514_none_fa396087175ac9ac\COMCTL32.dll
0x000007fefef90000 - 0x000007feff001000 	C:\Windows\system32\SHLWAPI.dll
0x000007fefede0000 - 0x000007fefee0e000 	C:\Windows\system32\IMM32.DLL
0x000007fefe6a0000 - 0x000007fefe7a9000 	C:\Windows\system32\MSCTF.dll
0x000000006c510000 - 0x000000006c5e2000 	C:\Program Files\Java\jre8\bin\msvcr100.dll
0x00000000533d0000 - 0x0000000053bfa000 	C:\Program Files\Java\jre8\bin\server\jvm.dll
0x000007fef6b10000 - 0x000007fef6b19000 	C:\Windows\system32\WSOCK32.dll
0x000007fefd860000 - 0x000007fefd8ad000 	C:\Windows\system32\WS2_32.dll
0x000007feff1d0000 - 0x000007feff1d8000 	C:\Windows\system32\NSI.dll
0x000007fefa8c0000 - 0x000007fefa8fb000 	C:\Windows\system32\WINMM.dll
0x00000000770a0000 - 0x00000000770a7000 	C:\Windows\system32\PSAPI.DLL
0x000000006f330000 - 0x000000006f33f000 	C:\Program Files\Java\jre8\bin\verify.dll
0x000000006dd50000 - 0x000000006dd78000 	C:\Program Files\Java\jre8\bin\java.dll
0x000000006e240000 - 0x000000006e256000 	C:\Program Files\Java\jre8\bin\zip.dll

VM Arguments:
java_command: <unknown>
java_class_path (initial): .
Launcher Type: SUN_STANDARD

Environment Variables:
JAVA_HOME=C:\Program Files\Java\jdk1.8.0_05
PATH=C:\Program Files (x86)\NVIDIA Corporation\PhysX\Common;C:\Program Files\Common Files\Microsoft Shared\Windows Live;C:\Program Files (x86)\Common Files\Microsoft Shared\Windows Live;C:\Program Files (x86)\Microchip\MPLABC18\v3.45\mpasm;C:\Program Files (x86)\Microchip\MPLABC18\v3.45\bin;C:\Program Files (x86)\Microchip\MPLABC18\v3.41\mpasm;C:\Program Files (x86)\Microchip\MPLABC18\v3.41\bin;C:\Program Files (x86)\Microchip\mplabc32\v2.02\bin;C:\Program Files (x86)\Microchip\MPLAB C30\bin;C:\Program Files (x86)\Microchip\xc32\v1.20\bin;C:\Program Files (x86)\Microchip\xc16\v1.11\bin;C:\Program Files (x86)\Microchip\xc8\v1.12\bin;C:\Windows\system32;C:\Windows;C:\Windows\System32\Wbem;C:\Windows\System32\WindowsPowerShell\v1.0\;C:\Program Files\Microsoft\Web Platform Installer\;C:\Program Files (x86)\Microsoft ASP.NET\ASP.NET Web Pages\v1.0\;C:\Program Files (x86)\Windows Kits\8.0\Windows Performance Toolkit\;C:\Program Files\Microsoft SQL Server\110\Tools\Binn\;C:\Program Files\IVI Foundation\VISA\Win64\Bin\;C:\Program Files (x86)\IVI Foundation\VISA\WinNT\Bin\;C:\Program Files (x86)\IVI Foundation\VISA\WinNT\Bin;C:\Program Files (x86)\Microsoft SQL Server\100\Tools\Binn\;C:\Program Files\Microsoft SQL Server\100\Tools\Binn\;C:\Program Files\Microsoft SQL Server\100\DTS\Binn\;C:\Program Files\MATLAB\R2011b\runtime\win64;C:\Program Files\MATLAB\R2011b\bin;C:\Program Files\MATLAB\R2010b\runtime\win64;C:\Program Files\MATLAB\R2010b\bin;C:\Program Files (x86)\Microchip\MPLAB C32 Suite\bin;C:\Program Files\Java\jdk1.7.0_17\bin;C:\Program Files (x86)\HI-TECH Software\PICC\9.83\bin;C:\Program Files (x86)\Windows Live\Shared;C:\Program Files (x86)\QuickTime\QTSystem\;
USERNAME=Siza
OS=Windows_NT
PROCESSOR_IDENTIFIER=AMD64 Family 16 Model 10 Stepping 0, AuthenticAMD



---------------  S Y S T E M  ---------------

OS: Windows 7 , 64 bit Build 7601 Service Pack 1

CPU:total 6 (6 cores per cpu, 1 threads per core) family 16 model 10 stepping 0, cmov, cx8, fxsr, mmx, sse, sse2, sse3, popcnt, mmxext, 3dnowpref, lzcnt, sse4a, tsc, tscinvbit

Memory: 4k page, physical 8387816k(1349556k free), swap 8385952k(5104k free)

vm_info: Java HotSpot(TM) 64-Bit Server VM (25.5-b02) for windows-amd64 JRE (1.8.0_05-b13), built on Mar 18 2014 01:08:39 by "java_re" with MS VC++ 10.0 (VS2010)

time: Mon Jun 02 19:43:13 2014
elapsed time: 0 seconds

