#
# There is insufficient memory for the Java Runtime Environment to continue.
# Native memory allocation (malloc) failed to allocate 1819600 bytes for Chunk::new
# Possible reasons:
#   The system is out of physical RAM or swap space
#   In 32 bit mode, the process size limit was hit
# Possible solutions:
#   Reduce memory load on the system
#   Increase physical memory or swap space
#   Check if swap backing store is full
#   Use 64 bit Java on a 64 bit OS
#   Decrease Java heap size (-Xmx/-Xms)
#   Decrease number of Java threads
#   Decrease Java thread stack sizes (-Xss)
#   Set larger code cache with -XX:ReservedCodeCacheSize=
# This output file may be truncated or incomplete.
#
#  Out of Memory Error (allocation.cpp:388), pid=8092, tid=8172
#
# JRE version: Java(TM) SE Runtime Environment (8.0_05-b13) (build 1.8.0_05-b13)
# Java VM: Java HotSpot(TM) 64-Bit Server VM (25.5-b02 mixed mode windows-amd64 compressed oops)
# Failed to write core dump. Minidumps are not enabled by default on client versions of Windows
#

---------------  T H R E A D  ---------------

Current thread (0x0000000056f44800):  JavaThread "C2 CompilerThread1" daemon [_thread_in_native, id=8172, stack(0x0000000057740000,0x0000000057840000)]

Stack: [0x0000000057740000,0x0000000057840000]
Native frames: (J=compiled Java code, j=interpreted, Vv=VM code, C=native code)
V  [jvm.dll+0x308dea]
V  [jvm.dll+0x25def1]
V  [jvm.dll+0x25eb0f]
V  [jvm.dll+0x2564e5]
V  [jvm.dll+0xbcfc5]
V  [jvm.dll+0xbd45c]
V  [jvm.dll+0x43adc2]
V  [jvm.dll+0x4af6a5]
V  [jvm.dll+0x4b02df]
V  [jvm.dll+0x440f31]
V  [jvm.dll+0x4436a9]
V  [jvm.dll+0x427532]
V  [jvm.dll+0x96702]
V  [jvm.dll+0x96ef3]
V  [jvm.dll+0x2232c4]
V  [jvm.dll+0x27baca]
C  [msvcr100.dll+0x21d9f]
C  [msvcr100.dll+0x21e3b]
C  [kernel32.dll+0x159ed]
C  [ntdll.dll+0x2c541]


Current CompileTask:
C2:   3919 1796   !   4       com.android.dx.cf.code.BytecodeArray::parseInstruction (2764 bytes)


---------------  P R O C E S S  ---------------

Java Threads: ( => current thread )
  0x0000000056f91800 JavaThread "Service Thread" daemon [_thread_blocked, id=13584, stack(0x0000000057470000,0x0000000057570000)]
  0x0000000056f48800 JavaThread "C1 CompilerThread2" daemon [_thread_blocked, id=12400, stack(0x0000000057840000,0x0000000057940000)]
=>0x0000000056f44800 JavaThread "C2 CompilerThread1" daemon [_thread_in_native, id=8172, stack(0x0000000057740000,0x0000000057840000)]
  0x0000000056f51000 JavaThread "C2 CompilerThread0" daemon [_thread_in_native, id=12868, stack(0x0000000057570000,0x0000000057670000)]
  0x0000000056f4f800 JavaThread "Attach Listener" daemon [_thread_blocked, id=16760, stack(0x0000000056cf0000,0x0000000056df0000)]
  0x0000000056f4e800 JavaThread "Signal Dispatcher" daemon [_thread_blocked, id=7256, stack(0x0000000057370000,0x0000000057470000)]
  0x00000000553d3000 JavaThread "Finalizer" daemon [_thread_blocked, id=8468, stack(0x0000000056df0000,0x0000000056ef0000)]
  0x00000000553c6000 JavaThread "Reference Handler" daemon [_thread_blocked, id=2024, stack(0x0000000056bb0000,0x0000000056cb0000)]
  0x000000000223f000 JavaThread "main" [_thread_in_Java, id=17100, stack(0x00000000023f0000,0x00000000024f0000)]

Other Threads:
  0x00000000553c2800 VMThread [stack: 0x00000000569e0000,0x0000000056ae0000] [id=13080]
  0x0000000056f9d000 WatcherThread [stack: 0x0000000057ad0000,0x0000000057bd0000] [id=7724]

VM state:not at safepoint (normal execution)

VM Mutex/Monitor currently owned by a thread: None

Heap:
 PSYoungGen      total 83456K, used 38412K [0x00000000eab00000, 0x00000000f0980000, 0x0000000100000000)
  eden space 73216K, 41% used [0x00000000eab00000,0x00000000ec88ce58,0x00000000ef280000)
  from space 10240K, 79% used [0x00000000efd80000,0x00000000f0576370,0x00000000f0780000)
  to   space 11264K, 0% used [0x00000000ef280000,0x00000000ef280000,0x00000000efd80000)
 ParOldGen       total 129536K, used 34173K [0x00000000c0000000, 0x00000000c7e80000, 0x00000000eab00000)
  object space 129536K, 26% used [0x00000000c0000000,0x00000000c215f490,0x00000000c7e80000)
 Metaspace       used 5595K, capacity 6896K, committed 7040K, reserved 1056768K
  class space    used 559K, capacity 616K, committed 640K, reserved 1048576K

Card table byte_map: [0x0000000011b80000,0x0000000011d90000] byte_map_base: 0x0000000011580000

Marking Bits: (ParMarkBitMap*) 0x0000000061d413b0
 Begin Bits: [0x00000000127e0000, 0x00000000137e0000)
 End Bits:   [0x00000000137e0000, 0x00000000147e0000)

Polling page: 0x00000000001d0000

CodeCache: size=245760Kb used=7316Kb max_used=7319Kb free=238443Kb
 bounds [0x00000000027c0000, 0x0000000002ef0000, 0x00000000117c0000]
 total_blobs=2040 nmethods=1782 adapters=173
 compilation: enabled

Compilation events (10 events):
Event: 3.781 Thread 0x0000000056f51000 nmethod 1768 0x0000000002ed3390 code [0x0000000002ed3ca0, 0x0000000002ed94f8]
Event: 3.782 Thread 0x0000000056f51000 1793       4       com.android.dx.ssa.SsaMethod::mapRegisters (87 bytes)
Event: 3.824 Thread 0x0000000056f51000 nmethod 1793 0x0000000002ee2fd0 code [0x0000000002ee3220, 0x0000000002ee48a0]
Event: 3.825 Thread 0x0000000056f51000 1786       4       com.android.dx.ssa.SsaMethod::forEachBlockDepthFirst (194 bytes)
Event: 3.841 Thread 0x0000000056f48800 1824       1       java.lang.CharacterDataLatin1::getProperties (11 bytes)
Event: 3.841 Thread 0x0000000056f48800 nmethod 1824 0x0000000002eaf210 code [0x0000000002eaf360, 0x0000000002eaf4b0]
Event: 3.841 Thread 0x0000000056f48800 1825   !   2       sun.reflect.generics.parser.SignatureParser::current (40 bytes)
Event: 3.841 Thread 0x0000000056f48800 nmethod 1825 0x0000000002ed2f50 code [0x0000000002ed30a0, 0x0000000002ed3250]
Event: 3.843 Thread 0x0000000056f48800 1826   !   2       com.android.dx.rop.code.RegisterSpec::intern (70 bytes)
Event: 3.844 Thread 0x0000000056f48800 nmethod 1826 0x0000000002ed23d0 code [0x0000000002ed2580, 0x0000000002ed2ae8]

GC Heap History (10 events):
Event: 2.003 GC heap before
{Heap before GC invocations=14 (full 0):
 PSYoungGen      total 24064K, used 23072K [0x00000000eab00000, 0x00000000ed300000, 0x0000000100000000)
  eden space 20480K, 100% used [0x00000000eab00000,0x00000000ebf00000,0x00000000ebf00000)
  from space 3584K, 72% used [0x00000000ebf00000,0x00000000ec188000,0x00000000ec280000)
  to   space 4096K, 0% used [0x00000000ecf00000,0x00000000ecf00000,0x00000000ed300000)
 ParOldGen       total 129536K, used 10919K [0x00000000c0000000, 0x00000000c7e80000, 0x00000000eab00000)
  object space 129536K, 8% used [0x00000000c0000000,0x00000000c0aa9d80,0x00000000c7e80000)
 Metaspace       used 5417K, capacity 6832K, committed 7040K, reserved 1056768K
  class space    used 540K, capacity 616K, committed 640K, reserved 1048576K
Event: 2.037 GC heap after
Heap after GC invocations=14 (full 0):
 PSYoungGen      total 36864K, used 3383K [0x00000000eab00000, 0x00000000ed300000, 0x0000000100000000)
  eden space 32768K, 0% used [0x00000000eab00000,0x00000000eab00000,0x00000000ecb00000)
  from space 4096K, 82% used [0x00000000ecf00000,0x00000000ed24df60,0x00000000ed300000)
  to   space 4096K, 0% used [0x00000000ecb00000,0x00000000ecb00000,0x00000000ecf00000)
 ParOldGen       total 129536K, used 13424K [0x00000000c0000000, 0x00000000c7e80000, 0x00000000eab00000)
  object space 129536K, 10% used [0x00000000c0000000,0x00000000c0d1c3f0,0x00000000c7e80000)
 Metaspace       used 5417K, capacity 6832K, committed 7040K, reserved 1056768K
  class space    used 540K, capacity 616K, committed 640K, reserved 1048576K
}
Event: 2.282 GC heap before
{Heap before GC invocations=15 (full 0):
 PSYoungGen      total 36864K, used 36151K [0x00000000eab00000, 0x00000000ed300000, 0x0000000100000000)
  eden space 32768K, 100% used [0x00000000eab00000,0x00000000ecb00000,0x00000000ecb00000)
  from space 4096K, 82% used [0x00000000ecf00000,0x00000000ed24df60,0x00000000ed300000)
  to   space 4096K, 0% used [0x00000000ecb00000,0x00000000ecb00000,0x00000000ecf00000)
 ParOldGen       total 129536K, used 13424K [0x00000000c0000000, 0x00000000c7e80000, 0x00000000eab00000)
  object space 129536K, 10% used [0x00000000c0000000,0x00000000c0d1c3f0,0x00000000c7e80000)
 Metaspace       used 5443K, capacity 6832K, committed 7040K, reserved 1056768K
  class space    used 540K, capacity 616K, committed 640K, reserved 1048576K
Event: 2.333 GC heap after
Heap after GC invocations=15 (full 0):
 PSYoungGen      total 36864K, used 4079K [0x00000000eab00000, 0x00000000eeb80000, 0x0000000100000000)
  eden space 32768K, 0% used [0x00000000eab00000,0x00000000eab00000,0x00000000ecb00000)
  from space 4096K, 99% used [0x00000000ecb00000,0x00000000ecefbe00,0x00000000ecf00000)
  to   space 6656K, 0% used [0x00000000ee500000,0x00000000ee500000,0x00000000eeb80000)
 ParOldGen       total 129536K, used 17703K [0x00000000c0000000, 0x00000000c7e80000, 0x00000000eab00000)
  object space 129536K, 13% used [0x00000000c0000000,0x00000000c1149e18,0x00000000c7e80000)
 Metaspace       used 5443K, capacity 6832K, committed 7040K, reserved 1056768K
  class space    used 540K, capacity 616K, committed 640K, reserved 1048576K
}
Event: 2.593 GC heap before
{Heap before GC invocations=16 (full 0):
 PSYoungGen      total 36864K, used 36847K [0x00000000eab00000, 0x00000000eeb80000, 0x0000000100000000)
  eden space 32768K, 100% used [0x00000000eab00000,0x00000000ecb00000,0x00000000ecb00000)
  from space 4096K, 99% used [0x00000000ecb00000,0x00000000ecefbe00,0x00000000ecf00000)
  to   space 6656K, 0% used [0x00000000ee500000,0x00000000ee500000,0x00000000eeb80000)
 ParOldGen       total 129536K, used 17703K [0x00000000c0000000, 0x00000000c7e80000, 0x00000000eab00000)
  object space 129536K, 13% used [0x00000000c0000000,0x00000000c1149e18,0x00000000c7e80000)
 Metaspace       used 5449K, capacity 6832K, committed 7040K, reserved 1056768K
  class space    used 540K, capacity 616K, committed 640K, reserved 1048576K
Event: 2.709 GC heap after
Heap after GC invocations=16 (full 0):
 PSYoungGen      total 59392K, used 4544K [0x00000000eab00000, 0x00000000eeb80000, 0x0000000100000000)
  eden space 52736K, 0% used [0x00000000eab00000,0x00000000eab00000,0x00000000ede80000)
  from space 6656K, 68% used [0x00000000ee500000,0x00000000ee970000,0x00000000eeb80000)
  to   space 6656K, 0% used [0x00000000ede80000,0x00000000ede80000,0x00000000ee500000)
 ParOldGen       total 129536K, used 21528K [0x00000000c0000000, 0x00000000c7e80000, 0x00000000eab00000)
  object space 129536K, 16% used [0x00000000c0000000,0x00000000c15063a0,0x00000000c7e80000)
 Metaspace       used 5449K, capacity 6832K, committed 7040K, reserved 1056768K
  class space    used 540K, capacity 616K, committed 640K, reserved 1048576K
}
Event: 3.171 GC heap before
{Heap before GC invocations=17 (full 0):
 PSYoungGen      total 59392K, used 57280K [0x00000000eab00000, 0x00000000eeb80000, 0x0000000100000000)
  eden space 52736K, 100% used [0x00000000eab00000,0x00000000ede80000,0x00000000ede80000)
  from space 6656K, 68% used [0x00000000ee500000,0x00000000ee970000,0x00000000eeb80000)
  to   space 6656K, 0% used [0x00000000ede80000,0x00000000ede80000,0x00000000ee500000)
 ParOldGen       total 129536K, used 21528K [0x00000000c0000000, 0x00000000c7e80000, 0x00000000eab00000)
  object space 129536K, 16% used [0x00000000c0000000,0x00000000c15063a0,0x00000000c7e80000)
 Metaspace       used 5495K, capacity 6896K, committed 7040K, reserved 1056768K
  class space    used 540K, capacity 616K, committed 640K, reserved 1048576K
Event: 3.228 GC heap after
Heap after GC invocations=17 (full 0):
 PSYoungGen      total 59392K, used 6624K [0x00000000eab00000, 0x00000000f0780000, 0x0000000100000000)
  eden space 52736K, 0% used [0x00000000eab00000,0x00000000eab00000,0x00000000ede80000)
  from space 6656K, 99% used [0x00000000ede80000,0x00000000ee4f8010,0x00000000ee500000)
  to   space 10240K, 0% used [0x00000000efd80000,0x00000000efd80000,0x00000000f0780000)
 ParOldGen       total 129536K, used 27483K [0x00000000c0000000, 0x00000000c7e80000, 0x00000000eab00000)
  object space 129536K, 21% used [0x00000000c0000000,0x00000000c1ad6e48,0x00000000c7e80000)
 Metaspace       used 5495K, capacity 6896K, committed 7040K, reserved 1056768K
  class space    used 540K, capacity 616K, committed 640K, reserved 1048576K
}
Event: 3.614 GC heap before
{Heap before GC invocations=18 (full 0):
 PSYoungGen      total 59392K, used 59360K [0x00000000eab00000, 0x00000000f0780000, 0x0000000100000000)
  eden space 52736K, 100% used [0x00000000eab00000,0x00000000ede80000,0x00000000ede80000)
  from space 6656K, 99% used [0x00000000ede80000,0x00000000ee4f8010,0x00000000ee500000)
  to   space 10240K, 0% used [0x00000000efd80000,0x00000000efd80000,0x00000000f0780000)
 ParOldGen       total 129536K, used 27483K [0x00000000c0000000, 0x00000000c7e80000, 0x00000000eab00000)
  object space 129536K, 21% used [0x00000000c0000000,0x00000000c1ad6e48,0x00000000c7e80000)
 Metaspace       used 5504K, capacity 6896K, committed 7040K, reserved 1056768K
  class space    used 540K, capacity 616K, committed 640K, reserved 1048576K
Event: 3.703 GC heap after
Heap after GC invocations=18 (full 0):
 PSYoungGen      total 83456K, used 8152K [0x00000000eab00000, 0x00000000f0980000, 0x0000000100000000)
  eden space 73216K, 0% used [0x00000000eab00000,0x00000000eab00000,0x00000000ef280000)
  from space 10240K, 79% used [0x00000000efd80000,0x00000000f0576370,0x00000000f0780000)
  to   space 11264K, 0% used [0x00000000ef280000,0x00000000ef280000,0x00000000efd80000)
 ParOldGen       total 129536K, used 34173K [0x00000000c0000000, 0x00000000c7e80000, 0x00000000eab00000)
  object space 129536K, 26% used [0x00000000c0000000,0x00000000c215f490,0x00000000c7e80000)
 Metaspace       used 5504K, capacity 6896K, committed 7040K, reserved 1056768K
  class space    used 540K, capacity 616K, committed 640K, reserved 1048576K
}

Deoptimization events (10 events):
Event: 3.268 Thread 0x000000000223f000 Uncommon trap: reason=unreached action=reinterpret pc=0x0000000002d72a78 method=com.android.dx.ssa.SCCP.simulateBranch(Lcom/android/dx/ssa/SsaInsn;)V @ 132
Event: 3.268 Thread 0x000000000223f000 Uncommon trap: reason=unloaded action=reinterpret pc=0x0000000002e1f3bc method=com.android.dx.ssa.LiteralOpUpgrader$1.visitNonMoveInsn(Lcom/android/dx/ssa/NormalSsaInsn;)V @ 72
Event: 3.312 Thread 0x000000000223f000 Uncommon trap: reason=bimorphic action=maybe_recompile pc=0x0000000002cccc7c method=java.util.HashMap.putVal(ILjava/lang/Object;Ljava/lang/Object;ZZ)Ljava/lang/Object; @ 203
Event: 3.312 Thread 0x000000000223f000 Uncommon trap: reason=bimorphic action=maybe_recompile pc=0x0000000002cccc7c method=java.util.HashMap.putVal(ILjava/lang/Object;Ljava/lang/Object;ZZ)Ljava/lang/Object; @ 203
Event: 3.312 Thread 0x000000000223f000 Uncommon trap: reason=bimorphic action=maybe_recompile pc=0x0000000002cccc7c method=java.util.HashMap.putVal(ILjava/lang/Object;Ljava/lang/Object;ZZ)Ljava/lang/Object; @ 203
Event: 3.381 Thread 0x000000000223f000 Uncommon trap: reason=bimorphic action=maybe_recompile pc=0x0000000002e8cc74 method=com.android.dx.cf.code.BytecodeArray.parseInstruction(ILcom/android/dx/cf/code/BytecodeArray$Visitor;)I @ 1130
Event: 3.381 Thread 0x000000000223f000 Uncommon trap: reason=bimorphic action=maybe_recompile pc=0x0000000002e8ca58 method=com.android.dx.cf.code.BytecodeArray.parseInstruction(ILcom/android/dx/cf/code/BytecodeArray$Visitor;)I @ 1035
Event: 3.381 Thread 0x000000000223f000 Uncommon trap: reason=bimorphic action=maybe_recompile pc=0x0000000002e8c95c method=com.android.dx.cf.code.BytecodeArray.parseInstruction(ILcom/android/dx/cf/code/BytecodeArray$Visitor;)I @ 987
Event: 3.381 Thread 0x000000000223f000 Uncommon trap: reason=bimorphic action=maybe_recompile pc=0x0000000002e8cc74 method=com.android.dx.cf.code.BytecodeArray.parseInstruction(ILcom/android/dx/cf/code/BytecodeArray$Visitor;)I @ 1130
Event: 3.843 Thread 0x000000000223f000 Uncommon trap: reason=unreached action=reinterpret pc=0x0000000002ae87b0 method=java.util.HashMap.getNode(ILjava/lang/Object;)Ljava/util/HashMap$Node; @ 84

Internal exceptions (8 events):
Event: 0.068 Thread 0x000000000223f000 Exception <a 'java/lang/NoSuchMethodError': Method sun.misc.Unsafe.defineClass(Ljava/lang/String;[BII)Ljava/lang/Class; name or signature does not match> (0x00000000eab0f900) thrown at [D:\re\workspace\8-2-build-windows-amd64-cygwin\jdk8u5\2488\hotspot\srcóŸ:èY±?
Event: 0.068 Thread 0x000000000223f000 Exception <a 'java/lang/NoSuchMethodError': Method sun.misc.Unsafe.prefetchRead(Ljava/lang/Object;J)V name or signature does not match> (0x00000000eab0fba8) thrown at [D:\re\workspace\8-2-build-windows-amd64-cygwin\jdk8u5\2488\hotspot\src\share\vm\prims\jn„@TÜKí?
Event: 0.909 Thread 0x000000000223f000 Implicit null exception at 0x0000000002a7fa92 to 0x0000000002a7fb31
Event: 1.195 Thread 0x000000000223f000 Implicit null exception at 0x0000000002b3a690 to 0x0000000002b3b8c5
Event: 1.935 Thread 0x000000000223f000 Implicit null exception at 0x0000000002b472f8 to 0x0000000002b4848d
Event: 3.841 Thread 0x000000000223f000 Exception <a 'java/lang/ArrayIndexOutOfBoundsException': 18> (0x00000000ebf55f60) thrown at [D:\re\workspace\8-2-build-windows-amd64-cygwin\jdk8u5\2488\hotspot\src\share\vm\interpreter\interpreterRuntime.cpp, line 337]
Event: 3.841 Thread 0x000000000223f000 Exception <a 'java/lang/ArrayIndexOutOfBoundsException': 145> (0x00000000ebf579f8) thrown at [D:\re\workspace\8-2-build-windows-amd64-cygwin\jdk8u5\2488\hotspot\src\share\vm\interpreter\interpreterRuntime.cpp, line 337]
Event: 3.842 Thread 0x000000000223f000 Exception <a 'java/lang/ArrayIndexOutOfBoundsException'> (0x00000000ebf58c10) thrown at [D:\re\workspace\8-2-build-windows-amd64-cygwin\jdk8u5\2488\hotspot\src\share\vm\runtime\sharedRuntime.cpp, line 595]

Events (10 events):
Event: 3.841 loading class sun/reflect/generics/reflectiveObjects/ParameterizedTypeImpl done
Event: 3.842 loading class java/lang/reflect/TypeVariable
Event: 3.842 loading class java/lang/reflect/TypeVariable done
Event: 3.842 loading class sun/reflect/generics/reflectiveObjects/TypeVariableImpl
Event: 3.842 loading class sun/reflect/generics/reflectiveObjects/LazyReflectiveObjectGenerator
Event: 3.842 loading class sun/reflect/generics/reflectiveObjects/LazyReflectiveObjectGenerator done
Event: 3.842 loading class sun/reflect/generics/reflectiveObjects/TypeVariableImpl done
Event: 3.843 Thread 0x000000000223f000 Uncommon trap: trap_request=0xffffffad fr.pc=0x0000000002ae87b0
Event: 3.843 Thread 0x000000000223f000 DEOPT PACKING pc=0x0000000002ae87b0 sp=0x00000000024ee870
Event: 3.843 Thread 0x000000000223f000 DEOPT UNPACKING pc=0x00000000028073ef sp=0x00000000024ee730 mode 2


Dynamic libraries:
0x000000013f0d0000 - 0x000000013f104000 	C:\PROGRA~1\Java\JDK18~1.0_0\bin\java.exe
0x0000000076ed0000 - 0x0000000077079000 	C:\Windows\SYSTEM32\ntdll.dll
0x0000000076cb0000 - 0x0000000076dcf000 	C:\Windows\system32\kernel32.dll
0x000007fefcfe0000 - 0x000007fefd04c000 	C:\Windows\system32\KERNELBASE.dll
0x000007feff010000 - 0x000007feff0eb000 	C:\Windows\system32\ADVAPI32.dll
0x000007fefeb00000 - 0x000007fefeb9f000 	C:\Windows\system32\msvcrt.dll
0x000007fefd200000 - 0x000007fefd21f000 	C:\Windows\SYSTEM32\sechost.dll
0x000007fefd400000 - 0x000007fefd52d000 	C:\Windows\system32\RPCRT4.dll
0x0000000076dd0000 - 0x0000000076eca000 	C:\Windows\system32\USER32.dll
0x000007fefd0c0000 - 0x000007fefd127000 	C:\Windows\system32\GDI32.dll
0x000007fefedd0000 - 0x000007fefedde000 	C:\Windows\system32\LPK.dll
0x000007fefd130000 - 0x000007fefd1f9000 	C:\Windows\system32\USP10.dll
0x000007fefb6f0000 - 0x000007fefb8e4000 	C:\Windows\WinSxS\amd64_microsoft.windows.common-controls_6595b64144ccf1df_6.0.7601.17514_none_fa396087175ac9ac\COMCTL32.dll
0x000007fefef90000 - 0x000007feff001000 	C:\Windows\system32\SHLWAPI.dll
0x000007fefede0000 - 0x000007fefee0e000 	C:\Windows\system32\IMM32.DLL
0x000007fefe6a0000 - 0x000007fefe7a9000 	C:\Windows\system32\MSCTF.dll
0x000000006d3a0000 - 0x000000006d472000 	C:\PROGRA~1\Java\JDK18~1.0_0\jre\bin\msvcr100.dll
0x0000000061590000 - 0x0000000061dba000 	C:\PROGRA~1\Java\JDK18~1.0_0\jre\bin\server\jvm.dll
0x000007fef6b10000 - 0x000007fef6b19000 	C:\Windows\system32\WSOCK32.dll
0x000007fefd860000 - 0x000007fefd8ad000 	C:\Windows\system32\WS2_32.dll
0x000007feff1d0000 - 0x000007feff1d8000 	C:\Windows\system32\NSI.dll
0x000007fefa8c0000 - 0x000007fefa8fb000 	C:\Windows\system32\WINMM.dll
0x00000000770a0000 - 0x00000000770a7000 	C:\Windows\system32\PSAPI.DLL
0x0000000070130000 - 0x000000007013f000 	C:\PROGRA~1\Java\JDK18~1.0_0\jre\bin\verify.dll
0x000000006e210000 - 0x000000006e238000 	C:\PROGRA~1\Java\JDK18~1.0_0\jre\bin\java.dll
0x000000006d9b0000 - 0x000000006d9c6000 	C:\PROGRA~1\Java\JDK18~1.0_0\jre\bin\zip.dll
0x000007fefd910000 - 0x000007fefe698000 	C:\Windows\system32\SHELL32.dll
0x000007fefe7b0000 - 0x000007fefe9b3000 	C:\Windows\system32\ole32.dll
0x000007fefcc90000 - 0x000007fefcc9f000 	C:\Windows\system32\profapi.dll
0x000007fefaa00000 - 0x000007fefab25000 	C:\Windows\system32\dbghelp.dll

VM Arguments:
jvm_args: -Xmx1024M -Xss1m -Djava.ext.dirs=C:\Program Files (x86)\Android\android-studio\sdk\build-tools\android-4.4.2\lib 
java_command: C:\Program Files (x86)\Android\android-studio\sdk\build-tools\android-4.4.2\lib\dx.jar --dex --output C:\Users\Siza\Arrythmia Project Newtonmin\ArrythmiaProject\Arrythmia\app\build\pre-dexed\debug\support-v4-19.1.0-e311e493b238b75da4095bd5ee7b69d76d73dc42.jar C:\Program Files (x86)\Android\android-studio\sdk\extras\android\m2repository\com\android\support\support-v4\19.1.0\support-v4-19.1.0.jar
java_class_path (initial): C:\Program Files (x86)\Android\android-studio\sdk\build-tools\android-4.4.2\lib\dx.jar
Launcher Type: SUN_STANDARD

Environment Variables:
JAVA_HOME=C:\Program Files\Java\jdk1.8.0_05
PATH=C:\Program Files (x86)\NVIDIA Corporation\PhysX\Common;C:\Program Files\Common Files\Microsoft Shared\Windows Live;C:\Program Files (x86)\Common Files\Microsoft Shared\Windows Live;C:\Program Files (x86)\Microchip\MPLABC18\v3.45\mpasm;C:\Program Files (x86)\Microchip\MPLABC18\v3.45\bin;C:\Program Files (x86)\Microchip\MPLABC18\v3.41\mpasm;C:\Program Files (x86)\Microchip\MPLABC18\v3.41\bin;C:\Program Files (x86)\Microchip\mplabc32\v2.02\bin;C:\Program Files (x86)\Microchip\MPLAB C30\bin;C:\Program Files (x86)\Microchip\xc32\v1.20\bin;C:\Program Files (x86)\Microchip\xc16\v1.11\bin;C:\Program Files (x86)\Microchip\xc8\v1.12\bin;C:\Windows\system32;C:\Windows;C:\Windows\System32\Wbem;C:\Windows\System32\WindowsPowerShell\v1.0\;C:\Program Files\Microsoft\Web Platform Installer\;C:\Program Files (x86)\Microsoft ASP.NET\ASP.NET Web Pages\v1.0\;C:\Program Files (x86)\Windows Kits\8.0\Windows Performance Toolkit\;C:\Program Files\Microsoft SQL Server\110\Tools\Binn\;C:\Program Files\IVI Foundation\VISA\Win64\Bin\;C:\Program Files (x86)\IVI Foundation\VISA\WinNT\Bin\;C:\Program Files (x86)\IVI Foundation\VISA\WinNT\Bin;C:\Program Files (x86)\Microsoft SQL Server\100\Tools\Binn\;C:\Program Files\Microsoft SQL Server\100\Tools\Binn\;C:\Program Files\Microsoft SQL Server\100\DTS\Binn\;C:\Program Files\MATLAB\R2011b\runtime\win64;C:\Program Files\MATLAB\R2011b\bin;C:\Program Files\MATLAB\R2010b\runtime\win64;C:\Program Files\MATLAB\R2010b\bin;C:\Program Files (x86)\Microchip\MPLAB C32 Suite\bin;C:\Program Files\Java\jdk1.7.0_17\bin;C:\Program Files (x86)\HI-TECH Software\PICC\9.83\bin;C:\Program Files (x86)\Windows Live\Shared;C:\Program Files (x86)\QuickTime\QTSystem\;
USERNAME=Siza
OS=Windows_NT
PROCESSOR_IDENTIFIER=AMD64 Family 16 Model 10 Stepping 0, AuthenticAMD



---------------  S Y S T E M  ---------------

OS: Windows 7 , 64 bit Build 7601 Service Pack 1

CPU:total 6 (6 cores per cpu, 1 threads per core) family 16 model 10 stepping 0, cmov, cx8, fxsr, mmx, sse, sse2, sse3, popcnt, mmxext, 3dnowpref, lzcnt, sse4a, tsc, tscinvbit

Memory: 4k page, physical 8387816k(1204496k free), swap 8385952k(4908k free)

vm_info: Java HotSpot(TM) 64-Bit Server VM (25.5-b02) for windows-amd64 JRE (1.8.0_05-b13), built on Mar 18 2014 01:08:39 by "java_re" with MS VC++ 10.0 (VS2010)

time: Sat Jun 07 22:20:47 2014
elapsed time: 3 seconds

