#
# There is insufficient memory for the Java Runtime Environment to continue.
# Native memory allocation (malloc) failed to allocate 985936 bytes for Chunk::new
# Possible reasons:
#   The system is out of physical RAM or swap space
#   In 32 bit mode, the process size limit was hit
# Possible solutions:
#   Reduce memory load on the system
#   Increase physical memory or swap space
#   Check if swap backing store is full
#   Use 64 bit Java on a 64 bit OS
#   Decrease Java heap size (-Xmx/-Xms)
#   Decrease number of Java threads
#   Decrease Java thread stack sizes (-Xss)
#   Set larger code cache with -XX:ReservedCodeCacheSize=
# This output file may be truncated or incomplete.
#
#  Out of Memory Error (allocation.cpp:388), pid=1092, tid=9448
#
# JRE version: Java(TM) SE Runtime Environment (8.0_05-b13) (build 1.8.0_05-b13)
# Java VM: Java HotSpot(TM) 64-Bit Server VM (25.5-b02 mixed mode windows-amd64 compressed oops)
# Failed to write core dump. Minidumps are not enabled by default on client versions of Windows
#

---------------  T H R E A D  ---------------

Current thread (0x0000000056edf800):  JavaThread "C2 CompilerThread0" daemon [_thread_in_native, id=9448, stack(0x0000000057480000,0x0000000057580000)]

Stack: [0x0000000057480000,0x0000000057580000]
Native frames: (J=compiled Java code, j=interpreted, Vv=VM code, C=native code)
V  [jvm.dll+0x308dea]


Current CompileTask:
C2:   3714 1622   !   4       com.android.dx.cf.code.BytecodeArray::parseInstruction (2764 bytes)


---------------  P R O C E S S  ---------------

Java Threads: ( => current thread )
  0x0000000056f20000 JavaThread "Service Thread" daemon [_thread_blocked, id=4692, stack(0x0000000057a10000,0x0000000057b10000)]
  0x0000000056ed4800 JavaThread "C1 CompilerThread2" daemon [_thread_in_native, id=9792, stack(0x0000000057910000,0x0000000057a10000)]
  0x0000000056ed2800 JavaThread "C2 CompilerThread1" daemon [_thread_in_native, id=13640, stack(0x0000000057710000,0x0000000057810000)]
=>0x0000000056edf800 JavaThread "C2 CompilerThread0" daemon [_thread_in_native, id=9448, stack(0x0000000057480000,0x0000000057580000)]
  0x0000000056edd800 JavaThread "Attach Listener" daemon [_thread_blocked, id=16152, stack(0x0000000057600000,0x0000000057700000)]
  0x0000000056edc800 JavaThread "Signal Dispatcher" daemon [_thread_blocked, id=14276, stack(0x0000000057380000,0x0000000057480000)]
  0x0000000055561000 JavaThread "Finalizer" daemon [_thread_blocked, id=16492, stack(0x00000000569d0000,0x0000000056ad0000)]
  0x0000000055556000 JavaThread "Reference Handler" daemon [_thread_blocked, id=7452, stack(0x0000000056d80000,0x0000000056e80000)]
  0x0000000001d3f000 JavaThread "main" [_thread_in_Java, id=13380, stack(0x0000000002390000,0x0000000002490000)]

Other Threads:
  0x0000000055552800 VMThread [stack: 0x0000000056b50000,0x0000000056c50000] [id=6752]
  0x0000000056f28000 WatcherThread [stack: 0x0000000057b70000,0x0000000057c70000] [id=11708]

VM state:not at safepoint (normal execution)

VM Mutex/Monitor currently owned by a thread: None

Heap:
 PSYoungGen      total 36864K, used 15997K [0x00000000eab00000, 0x00000000ed380000, 0x0000000100000000)
  eden space 32256K, 35% used [0x00000000eab00000,0x00000000eb6260c8,0x00000000eca80000)
  from space 4608K, 99% used [0x00000000eca80000,0x00000000ecef9710,0x00000000ecf00000)
  to   space 4608K, 0% used [0x00000000ecf00000,0x00000000ecf00000,0x00000000ed380000)
 ParOldGen       total 129536K, used 25018K [0x00000000c0000000, 0x00000000c7e80000, 0x00000000eab00000)
  object space 129536K, 19% used [0x00000000c0000000,0x00000000c186ea28,0x00000000c7e80000)
 Metaspace       used 5812K, capacity 7024K, committed 7296K, reserved 1056768K
  class space    used 580K, capacity 616K, committed 640K, reserved 1048576K

Card table byte_map: [0x0000000011be0000,0x0000000011df0000] byte_map_base: 0x00000000115e0000

Marking Bits: (ParMarkBitMap*) 0x00000000661413b0
 Begin Bits: [0x0000000012970000, 0x0000000013970000)
 End Bits:   [0x0000000013970000, 0x0000000014970000)

Polling page: 0x0000000000130000

CodeCache: size=245760Kb used=7359Kb max_used=7359Kb free=238400Kb
 bounds [0x0000000002820000, 0x0000000002f60000, 0x0000000011820000]
 total_blobs=2106 nmethods=1848 adapters=173
 compilation: enabled

Compilation events (10 events):
Event: 3.697 Thread 0x0000000056ed4800 nmethod 1880 0x0000000002f45790 code [0x0000000002f459e0, 0x0000000002f46778]
Event: 3.697 Thread 0x0000000056ed4800 1878       3       com.android.dx.dex.code.OutputFinisher::assignIndices (46 bytes)
Event: 3.697 Thread 0x0000000056ed4800 nmethod 1878 0x0000000002f47190 code [0x0000000002f47360, 0x0000000002f47b78]
Event: 3.697 Thread 0x0000000056ed4800 1879       3       com.android.dx.dex.code.OutputFinisher::makeOpcodesArray (45 bytes)
Event: 3.698 Thread 0x0000000056ed4800 nmethod 1879 0x0000000002f47ed0 code [0x0000000002f480a0, 0x0000000002f48858]
Event: 3.698 Thread 0x0000000056ed4800 1874       3       com.android.dx.dex.code.OutputFinisher::assignAddresses (51 bytes)
Event: 3.698 Thread 0x0000000056ed4800 nmethod 1874 0x0000000002f48cd0 code [0x0000000002f48ec0, 0x0000000002f496b8]
Event: 3.698 Thread 0x0000000056ed4800 1881       3       com.android.dx.dex.code.LocalList::make (134 bytes)
Event: 3.699 Thread 0x0000000056ed4800 nmethod 1881 0x0000000002f49b50 code [0x0000000002f49de0, 0x0000000002f4b258]
Event: 3.699 Thread 0x0000000056ed4800 1882       3       com.android.dx.dex.code.OutputFinisher::massageInstructions (89 bytes)

GC Heap History (10 events):
Event: 1.953 GC heap before
{Heap before GC invocations=13 (full 0):
 PSYoungGen      total 23040K, used 22048K [0x00000000eab00000, 0x00000000ec480000, 0x0000000100000000)
  eden space 19968K, 100% used [0x00000000eab00000,0x00000000ebe80000,0x00000000ebe80000)
  from space 3072K, 67% used [0x00000000ec180000,0x00000000ec388010,0x00000000ec480000)
  to   space 3072K, 0% used [0x00000000ebe80000,0x00000000ebe80000,0x00000000ec180000)
 ParOldGen       total 129536K, used 7682K [0x00000000c0000000, 0x00000000c7e80000, 0x00000000eab00000)
  object space 129536K, 5% used [0x00000000c0000000,0x00000000c07809c0,0x00000000c7e80000)
 Metaspace       used 5409K, capacity 6832K, committed 7040K, reserved 1056768K
  class space    used 540K, capacity 616K, committed 640K, reserved 1048576K
Event: 2.000 GC heap after
Heap after GC invocations=13 (full 0):
 PSYoungGen      total 23040K, used 3056K [0x00000000eab00000, 0x00000000ed380000, 0x0000000100000000)
  eden space 19968K, 0% used [0x00000000eab00000,0x00000000eab00000,0x00000000ebe80000)
  from space 3072K, 99% used [0x00000000ebe80000,0x00000000ec17c158,0x00000000ec180000)
  to   space 4608K, 0% used [0x00000000ecf00000,0x00000000ecf00000,0x00000000ed380000)
 ParOldGen       total 129536K, used 9737K [0x00000000c0000000, 0x00000000c7e80000, 0x00000000eab00000)
  object space 129536K, 7% used [0x00000000c0000000,0x00000000c0982660,0x00000000c7e80000)
 Metaspace       used 5409K, capacity 6832K, committed 7040K, reserved 1056768K
  class space    used 540K, capacity 616K, committed 640K, reserved 1048576K
}
Event: 2.196 GC heap before
{Heap before GC invocations=14 (full 0):
 PSYoungGen      total 23040K, used 23024K [0x00000000eab00000, 0x00000000ed380000, 0x0000000100000000)
  eden space 19968K, 100% used [0x00000000eab00000,0x00000000ebe80000,0x00000000ebe80000)
  from space 3072K, 99% used [0x00000000ebe80000,0x00000000ec17c158,0x00000000ec180000)
  to   space 4608K, 0% used [0x00000000ecf00000,0x00000000ecf00000,0x00000000ed380000)
 ParOldGen       total 129536K, used 9737K [0x00000000c0000000, 0x00000000c7e80000, 0x00000000eab00000)
  object space 129536K, 7% used [0x00000000c0000000,0x00000000c0982660,0x00000000c7e80000)
 Metaspace       used 5505K, capacity 6832K, committed 7040K, reserved 1056768K
  class space    used 559K, capacity 616K, committed 640K, reserved 1048576K
Event: 2.416 GC heap after
Heap after GC invocations=14 (full 0):
 PSYoungGen      total 36864K, used 3088K [0x00000000eab00000, 0x00000000ed380000, 0x0000000100000000)
  eden space 32256K, 0% used [0x00000000eab00000,0x00000000eab00000,0x00000000eca80000)
  from space 4608K, 67% used [0x00000000ecf00000,0x00000000ed2041d0,0x00000000ed380000)
  to   space 4608K, 0% used [0x00000000eca80000,0x00000000eca80000,0x00000000ecf00000)
 ParOldGen       total 129536K, used 12750K [0x00000000c0000000, 0x00000000c7e80000, 0x00000000eab00000)
  object space 129536K, 9% used [0x00000000c0000000,0x00000000c0c73a18,0x00000000c7e80000)
 Metaspace       used 5505K, capacity 6832K, committed 7040K, reserved 1056768K
  class space    used 559K, capacity 616K, committed 640K, reserved 1048576K
}
Event: 2.666 GC heap before
{Heap before GC invocations=15 (full 0):
 PSYoungGen      total 36864K, used 35344K [0x00000000eab00000, 0x00000000ed380000, 0x0000000100000000)
  eden space 32256K, 100% used [0x00000000eab00000,0x00000000eca80000,0x00000000eca80000)
  from space 4608K, 67% used [0x00000000ecf00000,0x00000000ed2041d0,0x00000000ed380000)
  to   space 4608K, 0% used [0x00000000eca80000,0x00000000eca80000,0x00000000ecf00000)
 ParOldGen       total 129536K, used 12750K [0x00000000c0000000, 0x00000000c7e80000, 0x00000000eab00000)
  object space 129536K, 9% used [0x00000000c0000000,0x00000000c0c73a18,0x00000000c7e80000)
 Metaspace       used 5525K, capacity 6832K, committed 7040K, reserved 1056768K
  class space    used 559K, capacity 616K, committed 640K, reserved 1048576K
Event: 2.709 GC heap after
Heap after GC invocations=15 (full 0):
 PSYoungGen      total 36864K, used 4416K [0x00000000eab00000, 0x00000000ed380000, 0x0000000100000000)
  eden space 32256K, 0% used [0x00000000eab00000,0x00000000eab00000,0x00000000eca80000)
  from space 4608K, 95% used [0x00000000eca80000,0x00000000eced0268,0x00000000ecf00000)
  to   space 4608K, 0% used [0x00000000ecf00000,0x00000000ecf00000,0x00000000ed380000)
 ParOldGen       total 129536K, used 15738K [0x00000000c0000000, 0x00000000c7e80000, 0x00000000eab00000)
  object space 129536K, 12% used [0x00000000c0000000,0x00000000c0f5ebc8,0x00000000c7e80000)
 Metaspace       used 5525K, capacity 6832K, committed 7040K, reserved 1056768K
  class space    used 559K, capacity 616K, committed 640K, reserved 1048576K
}
Event: 2.981 GC heap before
{Heap before GC invocations=16 (full 0):
 PSYoungGen      total 36864K, used 36672K [0x00000000eab00000, 0x00000000ed380000, 0x0000000100000000)
  eden space 32256K, 100% used [0x00000000eab00000,0x00000000eca80000,0x00000000eca80000)
  from space 4608K, 95% used [0x00000000eca80000,0x00000000eced0268,0x00000000ecf00000)
  to   space 4608K, 0% used [0x00000000ecf00000,0x00000000ecf00000,0x00000000ed380000)
 ParOldGen       total 129536K, used 15738K [0x00000000c0000000, 0x00000000c7e80000, 0x00000000eab00000)
  object space 129536K, 12% used [0x00000000c0000000,0x00000000c0f5ebc8,0x00000000c7e80000)
 Metaspace       used 5531K, capacity 6832K, committed 7040K, reserved 1056768K
  class space    used 559K, capacity 616K, committed 640K, reserved 1048576K
Event: 3.093 GC heap after
Heap after GC invocations=16 (full 0):
 PSYoungGen      total 36864K, used 4587K [0x00000000eab00000, 0x00000000ed380000, 0x0000000100000000)
  eden space 32256K, 0% used [0x00000000eab00000,0x00000000eab00000,0x00000000eca80000)
  from space 4608K, 99% used [0x00000000ecf00000,0x00000000ed37adb0,0x00000000ed380000)
  to   space 4608K, 0% used [0x00000000eca80000,0x00000000eca80000,0x00000000ecf00000)
 ParOldGen       total 129536K, used 19963K [0x00000000c0000000, 0x00000000c7e80000, 0x00000000eab00000)
  object space 129536K, 15% used [0x00000000c0000000,0x00000000c137ec08,0x00000000c7e80000)
 Metaspace       used 5531K, capacity 6832K, committed 7040K, reserved 1056768K
  class space    used 559K, capacity 616K, committed 640K, reserved 1048576K
}
Event: 3.365 GC heap before
{Heap before GC invocations=17 (full 0):
 PSYoungGen      total 36864K, used 36843K [0x00000000eab00000, 0x00000000ed380000, 0x0000000100000000)
  eden space 32256K, 100% used [0x00000000eab00000,0x00000000eca80000,0x00000000eca80000)
  from space 4608K, 99% used [0x00000000ecf00000,0x00000000ed37adb0,0x00000000ed380000)
  to   space 4608K, 0% used [0x00000000eca80000,0x00000000eca80000,0x00000000ecf00000)
 ParOldGen       total 129536K, used 19963K [0x00000000c0000000, 0x00000000c7e80000, 0x00000000eab00000)
  object space 129536K, 15% used [0x00000000c0000000,0x00000000c137ec08,0x00000000c7e80000)
 Metaspace       used 5533K, capacity 6832K, committed 7040K, reserved 1056768K
  class space    used 559K, capacity 616K, committed 640K, reserved 1048576K
Event: 3.422 GC heap after
Heap after GC invocations=17 (full 0):
 PSYoungGen      total 36864K, used 4581K [0x00000000eab00000, 0x00000000ed380000, 0x0000000100000000)
  eden space 32256K, 0% used [0x00000000eab00000,0x00000000eab00000,0x00000000eca80000)
  from space 4608K, 99% used [0x00000000eca80000,0x00000000ecef9710,0x00000000ecf00000)
  to   space 4608K, 0% used [0x00000000ecf00000,0x00000000ecf00000,0x00000000ed380000)
 ParOldGen       total 129536K, used 25018K [0x00000000c0000000, 0x00000000c7e80000, 0x00000000eab00000)
  object space 129536K, 19% used [0x00000000c0000000,0x00000000c186ea28,0x00000000c7e80000)
 Metaspace       used 5533K, capacity 6832K, committed 7040K, reserved 1056768K
  class space    used 559K, capacity 616K, committed 640K, reserved 1048576K
}

Deoptimization events (10 events):
Event: 3.168 Thread 0x0000000001d3f000 Uncommon trap: reason=bimorphic action=maybe_recompile pc=0x0000000002e23790 method=com.android.dx.cf.code.BytecodeArray.parseInstruction(ILcom/android/dx/cf/code/BytecodeArray$Visitor;)I @ 1597
Event: 3.168 Thread 0x0000000001d3f000 Uncommon trap: reason=bimorphic action=maybe_recompile pc=0x0000000002e23790 method=com.android.dx.cf.code.BytecodeArray.parseInstruction(ILcom/android/dx/cf/code/BytecodeArray$Visitor;)I @ 1597
Event: 3.488 Thread 0x0000000001d3f000 Uncommon trap: reason=class_check action=maybe_recompile pc=0x0000000002c699e8 method=java.util.Arrays.hashCode([Ljava/lang/Object;)I @ 43
Event: 3.489 Thread 0x0000000001d3f000 Uncommon trap: reason=class_check action=maybe_recompile pc=0x0000000002c699e8 method=java.util.Arrays.hashCode([Ljava/lang/Object;)I @ 43
Event: 3.489 Thread 0x0000000001d3f000 Uncommon trap: reason=class_check action=maybe_recompile pc=0x0000000002c699e8 method=java.util.Arrays.hashCode([Ljava/lang/Object;)I @ 43
Event: 3.489 Thread 0x0000000001d3f000 Uncommon trap: reason=class_check action=maybe_recompile pc=0x0000000002c699e8 method=java.util.Arrays.hashCode([Ljava/lang/Object;)I @ 43
Event: 3.622 Thread 0x0000000001d3f000 Uncommon trap: reason=class_check action=maybe_recompile pc=0x0000000002c0b9f4 method=com.android.dx.util.FixedSizeList.equals(Ljava/lang/Object;)Z @ 25
Event: 3.630 Thread 0x0000000001d3f000 Uncommon trap: reason=class_check action=maybe_recompile pc=0x0000000002c0b9f4 method=com.android.dx.util.FixedSizeList.equals(Ljava/lang/Object;)Z @ 25
Event: 3.630 Thread 0x0000000001d3f000 Uncommon trap: reason=class_check action=maybe_recompile pc=0x0000000002c0b9f4 method=com.android.dx.util.FixedSizeList.equals(Ljava/lang/Object;)Z @ 25
Event: 3.630 Thread 0x0000000001d3f000 Uncommon trap: reason=class_check action=maybe_recompile pc=0x0000000002c0b9f4 method=com.android.dx.util.FixedSizeList.equals(Ljava/lang/Object;)Z @ 25

Internal exceptions (7 events):
Event: 0.059 Thread 0x0000000001d3f000 Exception <a 'java/lang/NoSuchMethodError': Method sun.misc.Unsafe.defineClass(Ljava/lang/String;[BII)Ljava/lang/Class; name or signature does not match> (0x00000000eab0f7d8) thrown at [D:\re\workspace\8-2-build-windows-amd64-cygwin\jdk8u5\2488\hotspot\srcÒ57ßV®?
Event: 0.059 Thread 0x0000000001d3f000 Exception <a 'java/lang/NoSuchMethodError': Method sun.misc.Unsafe.prefetchRead(Ljava/lang/Object;J)V name or signature does not match> (0x00000000eab0fa68) thrown at [D:\re\workspace\8-2-build-windows-amd64-cygwin\jdk8u5\2488\hotspot\src\share\vm\prims\jn&ÏºÀ©Ÿê?
Event: 0.832 Thread 0x0000000001d3f000 Implicit null exception at 0x0000000002b8825e to 0x0000000002b8a375
Event: 1.251 Thread 0x0000000001d3f000 Implicit null exception at 0x0000000002b7f133 to 0x0000000002b81639
Event: 2.054 Thread 0x0000000001d3f000 Exception <a 'java/lang/ArrayIndexOutOfBoundsException': 18> (0x00000000eade8090) thrown at [D:\re\workspace\8-2-build-windows-amd64-cygwin\jdk8u5\2488\hotspot\src\share\vm\interpreter\interpreterRuntime.cpp, line 337]
Event: 2.054 Thread 0x0000000001d3f000 Exception <a 'java/lang/ArrayIndexOutOfBoundsException': 145> (0x00000000eade9b28) thrown at [D:\re\workspace\8-2-build-windows-amd64-cygwin\jdk8u5\2488\hotspot\src\share\vm\interpreter\interpreterRuntime.cpp, line 337]
Event: 2.056 Thread 0x0000000001d3f000 Exception <a 'java/lang/ArrayIndexOutOfBoundsException'> (0x00000000eadead40) thrown at [D:\re\workspace\8-2-build-windows-amd64-cygwin\jdk8u5\2488\hotspot\src\share\vm\runtime\sharedRuntime.cpp, line 595]

Events (10 events):
Event: 3.695 Thread 0x0000000001d3f000 DEOPT PACKING pc=0x0000000002f14e0b sp=0x000000000248eeb0
Event: 3.695 Thread 0x0000000001d3f000 DEOPT UNPACKING pc=0x0000000002867204 sp=0x000000000248ec20 mode 0
Event: 3.695 Thread 0x0000000001d3f000 DEOPT PACKING pc=0x0000000002f15586 sp=0x000000000248edd0
Event: 3.695 Thread 0x0000000001d3f000 DEOPT UNPACKING pc=0x0000000002867204 sp=0x000000000248eb50 mode 0
Event: 3.695 Thread 0x0000000001d3f000 DEOPT PACKING pc=0x0000000002f17b51 sp=0x000000000248ed90
Event: 3.695 Thread 0x0000000001d3f000 DEOPT UNPACKING pc=0x0000000002867204 sp=0x000000000248eb48 mode 0
Event: 3.695 Thread 0x0000000001d3f000 DEOPT PACKING pc=0x0000000002f18b7e sp=0x000000000248ee30
Event: 3.695 Thread 0x0000000001d3f000 DEOPT UNPACKING pc=0x0000000002867204 sp=0x000000000248eba0 mode 0
Event: 3.695 Thread 0x0000000001d3f000 DEOPT PACKING pc=0x0000000002f16cb1 sp=0x000000000248edc0
Event: 3.695 Thread 0x0000000001d3f000 DEOPT UNPACKING pc=0x0000000002867204 sp=0x000000000248eb38 mode 0


Dynamic libraries:
0x000000013f510000 - 0x000000013f544000 	C:\PROGRA~1\Java\JDK18~1.0_0\bin\java.exe
0x0000000076ed0000 - 0x0000000077079000 	C:\Windows\SYSTEM32\ntdll.dll
0x0000000076cb0000 - 0x0000000076dcf000 	C:\Windows\system32\kernel32.dll
0x000007fefcfe0000 - 0x000007fefd04c000 	C:\Windows\system32\KERNELBASE.dll
0x000007feff010000 - 0x000007feff0eb000 	C:\Windows\system32\ADVAPI32.dll
0x000007fefeb00000 - 0x000007fefeb9f000 	C:\Windows\system32\msvcrt.dll
0x000007fefd200000 - 0x000007fefd21f000 	C:\Windows\SYSTEM32\sechost.dll
0x000007fefd400000 - 0x000007fefd52d000 	C:\Windows\system32\RPCRT4.dll
0x0000000076dd0000 - 0x0000000076eca000 	C:\Windows\system32\USER32.dll
0x000007fefd0c0000 - 0x000007fefd127000 	C:\Windows\system32\GDI32.dll
0x000007fefedd0000 - 0x000007fefedde000 	C:\Windows\system32\LPK.dll
0x000007fefd130000 - 0x000007fefd1f9000 	C:\Windows\system32\USP10.dll
0x000007fefb6f0000 - 0x000007fefb8e4000 	C:\Windows\WinSxS\amd64_microsoft.windows.common-controls_6595b64144ccf1df_6.0.7601.17514_none_fa396087175ac9ac\COMCTL32.dll
0x000007fefef90000 - 0x000007feff001000 	C:\Windows\system32\SHLWAPI.dll
0x000007fefede0000 - 0x000007fefee0e000 	C:\Windows\system32\IMM32.DLL
0x000007fefe6a0000 - 0x000007fefe7a9000 	C:\Windows\system32\MSCTF.dll
0x000000006d9a0000 - 0x000000006da72000 	C:\PROGRA~1\Java\JDK18~1.0_0\jre\bin\msvcr100.dll
0x0000000065990000 - 0x00000000661ba000 	C:\PROGRA~1\Java\JDK18~1.0_0\jre\bin\server\jvm.dll
0x000007fef6b10000 - 0x000007fef6b19000 	C:\Windows\system32\WSOCK32.dll
0x000007fefd860000 - 0x000007fefd8ad000 	C:\Windows\system32\WS2_32.dll
0x000007feff1d0000 - 0x000007feff1d8000 	C:\Windows\system32\NSI.dll
0x000007fefa8c0000 - 0x000007fefa8fb000 	C:\Windows\system32\WINMM.dll
0x00000000770a0000 - 0x00000000770a7000 	C:\Windows\system32\PSAPI.DLL
0x000000006fea0000 - 0x000000006feaf000 	C:\PROGRA~1\Java\JDK18~1.0_0\jre\bin\verify.dll
0x000000006d470000 - 0x000000006d498000 	C:\PROGRA~1\Java\JDK18~1.0_0\jre\bin\java.dll
0x000000006f330000 - 0x000000006f346000 	C:\PROGRA~1\Java\JDK18~1.0_0\jre\bin\zip.dll
0x000007fefd910000 - 0x000007fefe698000 	C:\Windows\system32\SHELL32.dll
0x000007fefe7b0000 - 0x000007fefe9b3000 	C:\Windows\system32\ole32.dll
0x000007fefcc90000 - 0x000007fefcc9f000 	C:\Windows\system32\profapi.dll

VM Arguments:
jvm_args: -Xmx1024M -Xss1m -Djava.ext.dirs=C:\Program Files (x86)\Android\android-studio\sdk\build-tools\android-4.4.2\lib 
java_command: C:\Program Files (x86)\Android\android-studio\sdk\build-tools\android-4.4.2\lib\dx.jar --dex --output C:\Users\Siza\Arrythmia Project Newtonmin\ArrythmiaProject\Arrythmia\app\build\pre-dexed\debug\classes-155060e0ae02b3b139bf6535a04ca272e9c6ee87.jar C:\Users\Siza\Arrythmia Project Newtonmin\ArrythmiaProject\Arrythmia\app\build\exploded-aar\com.android.support\appcompat-v7\19.1.0\classes.jar
java_class_path (initial): C:\Program Files (x86)\Android\android-studio\sdk\build-tools\android-4.4.2\lib\dx.jar
Launcher Type: SUN_STANDARD

Environment Variables:
JAVA_HOME=C:\Program Files\Java\jdk1.8.0_05
PATH=C:\Program Files (x86)\NVIDIA Corporation\PhysX\Common;C:\Program Files\Common Files\Microsoft Shared\Windows Live;C:\Program Files (x86)\Common Files\Microsoft Shared\Windows Live;C:\Program Files (x86)\Microchip\MPLABC18\v3.45\mpasm;C:\Program Files (x86)\Microchip\MPLABC18\v3.45\bin;C:\Program Files (x86)\Microchip\MPLABC18\v3.41\mpasm;C:\Program Files (x86)\Microchip\MPLABC18\v3.41\bin;C:\Program Files (x86)\Microchip\mplabc32\v2.02\bin;C:\Program Files (x86)\Microchip\MPLAB C30\bin;C:\Program Files (x86)\Microchip\xc32\v1.20\bin;C:\Program Files (x86)\Microchip\xc16\v1.11\bin;C:\Program Files (x86)\Microchip\xc8\v1.12\bin;C:\Windows\system32;C:\Windows;C:\Windows\System32\Wbem;C:\Windows\System32\WindowsPowerShell\v1.0\;C:\Program Files\Microsoft\Web Platform Installer\;C:\Program Files (x86)\Microsoft ASP.NET\ASP.NET Web Pages\v1.0\;C:\Program Files (x86)\Windows Kits\8.0\Windows Performance Toolkit\;C:\Program Files\Microsoft SQL Server\110\Tools\Binn\;C:\Program Files\IVI Foundation\VISA\Win64\Bin\;C:\Program Files (x86)\IVI Foundation\VISA\WinNT\Bin\;C:\Program Files (x86)\IVI Foundation\VISA\WinNT\Bin;C:\Program Files (x86)\Microsoft SQL Server\100\Tools\Binn\;C:\Program Files\Microsoft SQL Server\100\Tools\Binn\;C:\Program Files\Microsoft SQL Server\100\DTS\Binn\;C:\Program Files\MATLAB\R2011b\runtime\win64;C:\Program Files\MATLAB\R2011b\bin;C:\Program Files\MATLAB\R2010b\runtime\win64;C:\Program Files\MATLAB\R2010b\bin;C:\Program Files (x86)\Microchip\MPLAB C32 Suite\bin;C:\Program Files\Java\jdk1.7.0_17\bin;C:\Program Files (x86)\HI-TECH Software\PICC\9.83\bin;C:\Program Files (x86)\Windows Live\Shared;C:\Program Files (x86)\QuickTime\QTSystem\;
USERNAME=Siza
OS=Windows_NT
PROCESSOR_IDENTIFIER=AMD64 Family 16 Model 10 Stepping 0, AuthenticAMD



---------------  S Y S T E M  ---------------

OS: Windows 7 , 64 bit Build 7601 Service Pack 1

CPU:total 6 (6 cores per cpu, 1 threads per core) family 16 model 10 stepping 0, cmov, cx8, fxsr, mmx, sse, sse2, sse3, popcnt, mmxext, 3dnowpref, lzcnt, sse4a, tsc, tscinvbit

Memory: 4k page, physical 8387816k(1414816k free), swap 8385952k(5136k free)

vm_info: Java HotSpot(TM) 64-Bit Server VM (25.5-b02) for windows-amd64 JRE (1.8.0_05-b13), built on Mar 18 2014 01:08:39 by "java_re" with MS VC++ 10.0 (VS2010)

time: Sat Jun 07 18:58:08 2014
elapsed time: 3 seconds

