#
# There is insufficient memory for the Java Runtime Environment to continue.
# Native memory allocation (malloc) failed to allocate 262160 bytes for Chunk::new
# Possible reasons:
#   The system is out of physical RAM or swap space
#   In 32 bit mode, the process size limit was hit
# Possible solutions:
#   Reduce memory load on the system
#   Increase physical memory or swap space
#   Check if swap backing store is full
#   Use 64 bit Java on a 64 bit OS
#   Decrease Java heap size (-Xmx/-Xms)
#   Decrease number of Java threads
#   Decrease Java thread stack sizes (-Xss)
#   Set larger code cache with -XX:ReservedCodeCacheSize=
# This output file may be truncated or incomplete.
#
#  Out of Memory Error (allocation.cpp:388), pid=12640, tid=11292
#
# JRE version: Java(TM) SE Runtime Environment (8.0_05-b13) (build 1.8.0_05-b13)
# Java VM: Java HotSpot(TM) 64-Bit Server VM (25.5-b02 mixed mode windows-amd64 compressed oops)
# Failed to write core dump. Minidumps are not enabled by default on client versions of Windows
#

---------------  T H R E A D  ---------------

Current thread (0x0000000016f70800):  JavaThread "C2 CompilerThread1" daemon [_thread_in_native, id=11292, stack(0x0000000017880000,0x0000000017980000)]

Stack: [0x0000000017880000,0x0000000017980000]
Native frames: (J=compiled Java code, j=interpreted, Vv=VM code, C=native code)
V  [jvm.dll+0x308dea]


Current CompileTask:
C2:  11213 1660   !   4       com.android.dx.cf.code.BytecodeArray::parseInstruction (2764 bytes)


---------------  P R O C E S S  ---------------

Java Threads: ( => current thread )
  0x0000000016fb7000 JavaThread "Service Thread" daemon [_thread_blocked, id=13236, stack(0x0000000017990000,0x0000000017a90000)]
  0x0000000016f72000 JavaThread "C1 CompilerThread2" daemon [_thread_blocked, id=13212, stack(0x0000000016d10000,0x0000000016e10000)]
=>0x0000000016f70800 JavaThread "C2 CompilerThread1" daemon [_thread_in_native, id=11292, stack(0x0000000017880000,0x0000000017980000)]
  0x0000000016f7b000 JavaThread "C2 CompilerThread0" daemon [_thread_in_native, id=13304, stack(0x0000000017710000,0x0000000017810000)]
  0x0000000016f79800 JavaThread "Attach Listener" daemon [_thread_blocked, id=12672, stack(0x0000000017580000,0x0000000017680000)]
  0x0000000016f78800 JavaThread "Signal Dispatcher" daemon [_thread_blocked, id=4552, stack(0x0000000017360000,0x0000000017460000)]
  0x0000000015311000 JavaThread "Finalizer" daemon [_thread_blocked, id=13704, stack(0x0000000016e20000,0x0000000016f20000)]
  0x0000000015306000 JavaThread "Reference Handler" daemon [_thread_blocked, id=13772, stack(0x0000000016b60000,0x0000000016c60000)]
  0x00000000022bf000 JavaThread "main" [_thread_in_Java, id=13012, stack(0x0000000002490000,0x0000000002590000)]

Other Threads:
  0x0000000015302800 VMThread [stack: 0x00000000169b0000,0x0000000016ab0000] [id=11928]
  0x0000000016fb9000 WatcherThread [stack: 0x0000000017ad0000,0x0000000017bd0000] [id=4852]

VM state:not at safepoint (normal execution)

VM Mutex/Monitor currently owned by a thread: None

Heap:
 PSYoungGen      total 34304K, used 11904K [0x00000000eab00000, 0x00000000edf00000, 0x0000000100000000)
  eden space 29696K, 24% used [0x00000000eab00000,0x00000000eb220228,0x00000000ec800000)
  from space 4608K, 100% used [0x00000000ec800000,0x00000000ecc80000,0x00000000ecc80000)
  to   space 5632K, 0% used [0x00000000ed980000,0x00000000ed980000,0x00000000edf00000)
 ParOldGen       total 129536K, used 21193K [0x00000000c0000000, 0x00000000c7e80000, 0x00000000eab00000)
  object space 129536K, 16% used [0x00000000c0000000,0x00000000c14b2448,0x00000000c7e80000)
 Metaspace       used 5447K, capacity 6832K, committed 7040K, reserved 1056768K
  class space    used 541K, capacity 616K, committed 640K, reserved 1048576K

Card table byte_map: [0x0000000011c20000,0x0000000011e30000] byte_map_base: 0x0000000011620000

Marking Bits: (ParMarkBitMap*) 0x0000000051ec13b0
 Begin Bits: [0x0000000012720000, 0x0000000013720000)
 End Bits:   [0x0000000013720000, 0x0000000014720000)

Polling page: 0x0000000000230000

CodeCache: size=245760Kb used=6342Kb max_used=6361Kb free=239417Kb
 bounds [0x0000000002860000, 0x0000000002ea0000, 0x0000000011860000]
 total_blobs=1923 nmethods=1665 adapters=173
 compilation: enabled

Compilation events (10 events):
Event: 11.123 Thread 0x0000000016f72000 1696       2       com.android.dx.rop.cst.CstLong::getType (4 bytes)
Event: 11.123 Thread 0x0000000016f72000 nmethod 1696 0x0000000002e89b90 code [0x0000000002e89ce0, 0x0000000002e89e30]
Event: 11.125 Thread 0x0000000016f72000 1697       2       java.util.TreeMap::entrySet (27 bytes)
Event: 11.125 Thread 0x0000000016f72000 nmethod 1697 0x0000000002e89ed0 code [0x0000000002e8a020, 0x0000000002e8a1f0]
Event: 11.125 Thread 0x0000000016f72000 1698       2       java.util.TreeMap$EntrySet::iterator (19 bytes)
Event: 11.125 Thread 0x0000000016f72000 nmethod 1698 0x0000000002e8a290 code [0x0000000002e8a400, 0x0000000002e8a670]
Event: 11.127 Thread 0x0000000016f72000 1699       1       com.android.dx.rop.cst.CstType::getType (4 bytes)
Event: 11.127 Thread 0x0000000016f72000 nmethod 1699 0x0000000002e8bcd0 code [0x0000000002e8be20, 0x0000000002e8bf30]
Event: 11.131 Thread 0x0000000016f7b000 nmethod 1652 0x0000000002e90690 code [0x0000000002e90aa0, 0x0000000002e938e0]
Event: 11.131 Thread 0x0000000016f7b000 1655       4       com.android.dx.ssa.SCCP::simulatePhi (169 bytes)

GC Heap History (10 events):
Event: 10.365 GC heap before
{Heap before GC invocations=17 (full 0):
 PSYoungGen      total 17408K, used 17389K [0x00000000eab00000, 0x00000000ec100000, 0x0000000100000000)
  eden space 15360K, 100% used [0x00000000eab00000,0x00000000eba00000,0x00000000eba00000)
  from space 2048K, 99% used [0x00000000ebd00000,0x00000000ebefb580,0x00000000ebf00000)
  to   space 3072K, 0% used [0x00000000eba00000,0x00000000eba00000,0x00000000ebd00000)
 ParOldGen       total 129536K, used 7719K [0x00000000c0000000, 0x00000000c7e80000, 0x00000000eab00000)
  object space 129536K, 5% used [0x00000000c0000000,0x00000000c0789cb8,0x00000000c7e80000)
 Metaspace       used 5349K, capacity 6768K, committed 7040K, reserved 1056768K
  class space    used 540K, capacity 616K, committed 640K, reserved 1048576K
Event: 10.380 GC heap after
Heap after GC invocations=17 (full 0):
 PSYoungGen      total 18432K, used 2528K [0x00000000eab00000, 0x00000000ec700000, 0x0000000100000000)
  eden space 15360K, 0% used [0x00000000eab00000,0x00000000eab00000,0x00000000eba00000)
  from space 3072K, 82% used [0x00000000eba00000,0x00000000ebc78000,0x00000000ebd00000)
  to   space 3584K, 0% used [0x00000000ec380000,0x00000000ec380000,0x00000000ec700000)
 ParOldGen       total 129536K, used 9586K [0x00000000c0000000, 0x00000000c7e80000, 0x00000000eab00000)
  object space 129536K, 7% used [0x00000000c0000000,0x00000000c095c888,0x00000000c7e80000)
 Metaspace       used 5349K, capacity 6768K, committed 7040K, reserved 1056768K
  class space    used 540K, capacity 616K, committed 640K, reserved 1048576K
}
Event: 10.491 GC heap before
{Heap before GC invocations=18 (full 0):
 PSYoungGen      total 18432K, used 17888K [0x00000000eab00000, 0x00000000ec700000, 0x0000000100000000)
  eden space 15360K, 100% used [0x00000000eab00000,0x00000000eba00000,0x00000000eba00000)
  from space 3072K, 82% used [0x00000000eba00000,0x00000000ebc78000,0x00000000ebd00000)
  to   space 3584K, 0% used [0x00000000ec380000,0x00000000ec380000,0x00000000ec700000)
 ParOldGen       total 129536K, used 9586K [0x00000000c0000000, 0x00000000c7e80000, 0x00000000eab00000)
  object space 129536K, 7% used [0x00000000c0000000,0x00000000c095c888,0x00000000c7e80000)
 Metaspace       used 5363K, capacity 6768K, committed 7040K, reserved 1056768K
  class space    used 540K, capacity 616K, committed 640K, reserved 1048576K
Event: 10.513 GC heap after
Heap after GC invocations=18 (full 0):
 PSYoungGen      total 24576K, used 2816K [0x00000000eab00000, 0x00000000ec800000, 0x0000000100000000)
  eden space 20992K, 0% used [0x00000000eab00000,0x00000000eab00000,0x00000000ebf80000)
  from space 3584K, 78% used [0x00000000ec380000,0x00000000ec640000,0x00000000ec700000)
  to   space 4096K, 0% used [0x00000000ebf80000,0x00000000ebf80000,0x00000000ec380000)
 ParOldGen       total 129536K, used 12008K [0x00000000c0000000, 0x00000000c7e80000, 0x00000000eab00000)
  object space 129536K, 9% used [0x00000000c0000000,0x00000000c0bba238,0x00000000c7e80000)
 Metaspace       used 5363K, capacity 6768K, committed 7040K, reserved 1056768K
  class space    used 540K, capacity 616K, committed 640K, reserved 1048576K
}
Event: 10.681 GC heap before
{Heap before GC invocations=19 (full 0):
 PSYoungGen      total 24576K, used 23808K [0x00000000eab00000, 0x00000000ec800000, 0x0000000100000000)
  eden space 20992K, 100% used [0x00000000eab00000,0x00000000ebf80000,0x00000000ebf80000)
  from space 3584K, 78% used [0x00000000ec380000,0x00000000ec640000,0x00000000ec700000)
  to   space 4096K, 0% used [0x00000000ebf80000,0x00000000ebf80000,0x00000000ec380000)
 ParOldGen       total 129536K, used 12008K [0x00000000c0000000, 0x00000000c7e80000, 0x00000000eab00000)
  object space 129536K, 9% used [0x00000000c0000000,0x00000000c0bba238,0x00000000c7e80000)
 Metaspace       used 5377K, capacity 6768K, committed 7040K, reserved 1056768K
  class space    used 540K, capacity 616K, committed 640K, reserved 1048576K
Event: 10.689 GC heap after
Heap after GC invocations=19 (full 0):
 PSYoungGen      total 25088K, used 3776K [0x00000000eab00000, 0x00000000ed100000, 0x0000000100000000)
  eden space 20992K, 0% used [0x00000000eab00000,0x00000000eab00000,0x00000000ebf80000)
  from space 4096K, 92% used [0x00000000ebf80000,0x00000000ec330010,0x00000000ec380000)
  to   space 4608K, 0% used [0x00000000ecc80000,0x00000000ecc80000,0x00000000ed100000)
 ParOldGen       total 129536K, used 14571K [0x00000000c0000000, 0x00000000c7e80000, 0x00000000eab00000)
  object space 129536K, 11% used [0x00000000c0000000,0x00000000c0e3ae08,0x00000000c7e80000)
 Metaspace       used 5377K, capacity 6768K, committed 7040K, reserved 1056768K
  class space    used 540K, capacity 616K, committed 640K, reserved 1048576K
}
Event: 10.903 GC heap before
{Heap before GC invocations=20 (full 0):
 PSYoungGen      total 25088K, used 24768K [0x00000000eab00000, 0x00000000ed100000, 0x0000000100000000)
  eden space 20992K, 100% used [0x00000000eab00000,0x00000000ebf80000,0x00000000ebf80000)
  from space 4096K, 92% used [0x00000000ebf80000,0x00000000ec330010,0x00000000ec380000)
  to   space 4608K, 0% used [0x00000000ecc80000,0x00000000ecc80000,0x00000000ed100000)
 ParOldGen       total 129536K, used 14571K [0x00000000c0000000, 0x00000000c7e80000, 0x00000000eab00000)
  object space 129536K, 11% used [0x00000000c0000000,0x00000000c0e3ae08,0x00000000c7e80000)
 Metaspace       used 5430K, capacity 6832K, committed 7040K, reserved 1056768K
  class space    used 540K, capacity 616K, committed 640K, reserved 1048576K
Event: 10.925 GC heap after
Heap after GC invocations=20 (full 0):
 PSYoungGen      total 34304K, used 3344K [0x00000000eab00000, 0x00000000ed100000, 0x0000000100000000)
  eden space 29696K, 0% used [0x00000000eab00000,0x00000000eab00000,0x00000000ec800000)
  from space 4608K, 72% used [0x00000000ecc80000,0x00000000ecfc4010,0x00000000ed100000)
  to   space 4608K, 0% used [0x00000000ec800000,0x00000000ec800000,0x00000000ecc80000)
 ParOldGen       total 129536K, used 18074K [0x00000000c0000000, 0x00000000c7e80000, 0x00000000eab00000)
  object space 129536K, 13% used [0x00000000c0000000,0x00000000c11a68f8,0x00000000c7e80000)
 Metaspace       used 5430K, capacity 6832K, committed 7040K, reserved 1056768K
  class space    used 540K, capacity 616K, committed 640K, reserved 1048576K
}
Event: 11.136 GC heap before
{Heap before GC invocations=21 (full 0):
 PSYoungGen      total 34304K, used 33040K [0x00000000eab00000, 0x00000000ed100000, 0x0000000100000000)
  eden space 29696K, 100% used [0x00000000eab00000,0x00000000ec800000,0x00000000ec800000)
  from space 4608K, 72% used [0x00000000ecc80000,0x00000000ecfc4010,0x00000000ed100000)
  to   space 4608K, 0% used [0x00000000ec800000,0x00000000ec800000,0x00000000ecc80000)
 ParOldGen       total 129536K, used 18074K [0x00000000c0000000, 0x00000000c7e80000, 0x00000000eab00000)
  object space 129536K, 13% used [0x00000000c0000000,0x00000000c11a68f8,0x00000000c7e80000)
 Metaspace       used 5446K, capacity 6832K, committed 7040K, reserved 1056768K
  class space    used 541K, capacity 616K, committed 640K, reserved 1048576K
Event: 11.156 GC heap after
Heap after GC invocations=21 (full 0):
 PSYoungGen      total 34304K, used 4608K [0x00000000eab00000, 0x00000000edf00000, 0x0000000100000000)
  eden space 29696K, 0% used [0x00000000eab00000,0x00000000eab00000,0x00000000ec800000)
  from space 4608K, 100% used [0x00000000ec800000,0x00000000ecc80000,0x00000000ecc80000)
  to   space 5632K, 0% used [0x00000000ed980000,0x00000000ed980000,0x00000000edf00000)
 ParOldGen       total 129536K, used 21193K [0x00000000c0000000, 0x00000000c7e80000, 0x00000000eab00000)
  object space 129536K, 16% used [0x00000000c0000000,0x00000000c14b2448,0x00000000c7e80000)
 Metaspace       used 5446K, capacity 6832K, committed 7040K, reserved 1056768K
  class space    used 541K, capacity 616K, committed 640K, reserved 1048576K
}

Deoptimization events (10 events):
Event: 10.429 Thread 0x00000000022bf000 Uncommon trap: reason=bimorphic action=maybe_recompile pc=0x0000000002add3a8 method=java.util.HashMap.getNode(ILjava/lang/Object;)Ljava/util/HashMap$Node; @ 126
Event: 10.430 Thread 0x00000000022bf000 Uncommon trap: reason=bimorphic action=maybe_recompile pc=0x0000000002a5b070 method=java.util.HashMap.getNode(ILjava/lang/Object;)Ljava/util/HashMap$Node; @ 126
Event: 10.755 Thread 0x00000000022bf000 Uncommon trap: reason=bimorphic action=maybe_recompile pc=0x0000000002defff8 method=com.android.dx.cf.code.BytecodeArray.parseInstruction(ILcom/android/dx/cf/code/BytecodeArray$Visitor;)I @ 2281
Event: 10.755 Thread 0x00000000022bf000 Uncommon trap: reason=bimorphic action=maybe_recompile pc=0x0000000002defff8 method=com.android.dx.cf.code.BytecodeArray.parseInstruction(ILcom/android/dx/cf/code/BytecodeArray$Visitor;)I @ 2281
Event: 10.945 Thread 0x00000000022bf000 Uncommon trap: reason=bimorphic action=maybe_recompile pc=0x0000000002df0d70 method=com.android.dx.cf.code.BytecodeArray.parseInstruction(ILcom/android/dx/cf/code/BytecodeArray$Visitor;)I @ 1161
Event: 10.945 Thread 0x00000000022bf000 Uncommon trap: reason=bimorphic action=maybe_recompile pc=0x0000000002df0d70 method=com.android.dx.cf.code.BytecodeArray.parseInstruction(ILcom/android/dx/cf/code/BytecodeArray$Visitor;)I @ 1161
Event: 11.037 Thread 0x00000000022bf000 Uncommon trap: reason=unreached action=reinterpret pc=0x0000000002e3d944 method=com.android.dx.ssa.MoveParamCombiner$1.visitNonMoveInsn(Lcom/android/dx/ssa/NormalSsaInsn;)V @ 27
Event: 11.078 Thread 0x00000000022bf000 Uncommon trap: reason=unreached action=reinterpret pc=0x0000000002e06bfc method=com.android.dx.ssa.SCCP.simulateBranch(Lcom/android/dx/ssa/SsaInsn;)V @ 132
Event: 11.079 Thread 0x00000000022bf000 Uncommon trap: reason=unloaded action=reinterpret pc=0x0000000002e72194 method=com.android.dx.ssa.LiteralOpUpgrader$1.visitNonMoveInsn(Lcom/android/dx/ssa/NormalSsaInsn;)V @ 72
Event: 11.079 Thread 0x00000000022bf000 Uncommon trap: reason=unreached action=reinterpret pc=0x0000000002bb344c method=com.android.dx.ssa.SsaMethod.updateOneDefinition(Lcom/android/dx/ssa/SsaInsn;Lcom/android/dx/rop/code/RegisterSpec;)V @ 4

Internal exceptions (3 events):
Event: 3.685 Thread 0x00000000022bf000 Exception <a 'java/lang/NoSuchMethodError': Method sun.misc.Unsafe.defineClass(Ljava/lang/String;[BII)Ljava/lang/Class; name or signature does not match> (0x00000000eab0f900) thrown at [D:\re\workspace\8-2-build-windows-amd64-cygwin\jdk8u5\2488\hotspot\srcœê…µ&{@
Event: 3.685 Thread 0x00000000022bf000 Exception <a 'java/lang/NoSuchMethodError': Method sun.misc.Unsafe.prefetchRead(Ljava/lang/Object;J)V name or signature does not match> (0x00000000eab0fba8) thrown at [D:\re\workspace\8-2-build-windows-amd64-cygwin\jdk8u5\2488\hotspot\src\share\vm\prims\jn€ÒËãí#@
Event: 9.965 Thread 0x00000000022bf000 Implicit null exception at 0x0000000002b6b612 to 0x0000000002b6b6c1

Events (10 events):
Event: 11.079 Thread 0x00000000022bf000 Uncommon trap: trap_request=0x0000004a fr.pc=0x0000000002e72194
Event: 11.079 loading class com/android/dx/rop/code/RegOps
Event: 11.079 loading class com/android/dx/rop/code/RegOps done
Event: 11.079 Thread 0x00000000022bf000 DEOPT PACKING pc=0x0000000002e72194 sp=0x000000000258e660
Event: 11.079 Thread 0x00000000022bf000 DEOPT UNPACKING pc=0x00000000028a73ef sp=0x000000000258e618 mode 2
Event: 11.079 Thread 0x00000000022bf000 Uncommon trap: trap_request=0xffffffad fr.pc=0x0000000002bb344c
Event: 11.079 Thread 0x00000000022bf000 DEOPT PACKING pc=0x0000000002bb344c sp=0x000000000258e490
Event: 11.079 Thread 0x00000000022bf000 DEOPT UNPACKING pc=0x00000000028a73ef sp=0x000000000258e438 mode 2
Event: 11.136 Executing VM operation: ParallelGCFailedAllocation
Event: 11.156 Executing VM operation: ParallelGCFailedAllocation done


Dynamic libraries:
0x000000013ffa0000 - 0x000000013ffd4000 	C:\PROGRA~1\Java\JDK18~1.0_0\bin\java.exe
0x0000000076ed0000 - 0x0000000077079000 	C:\Windows\SYSTEM32\ntdll.dll
0x0000000076cb0000 - 0x0000000076dcf000 	C:\Windows\system32\kernel32.dll
0x000007fefcfe0000 - 0x000007fefd04c000 	C:\Windows\system32\KERNELBASE.dll
0x000007feff010000 - 0x000007feff0eb000 	C:\Windows\system32\ADVAPI32.dll
0x000007fefeb00000 - 0x000007fefeb9f000 	C:\Windows\system32\msvcrt.dll
0x000007fefd200000 - 0x000007fefd21f000 	C:\Windows\SYSTEM32\sechost.dll
0x000007fefd400000 - 0x000007fefd52d000 	C:\Windows\system32\RPCRT4.dll
0x0000000076dd0000 - 0x0000000076eca000 	C:\Windows\system32\USER32.dll
0x000007fefd0c0000 - 0x000007fefd127000 	C:\Windows\system32\GDI32.dll
0x000007fefedd0000 - 0x000007fefedde000 	C:\Windows\system32\LPK.dll
0x000007fefd130000 - 0x000007fefd1f9000 	C:\Windows\system32\USP10.dll
0x000007fefb6f0000 - 0x000007fefb8e4000 	C:\Windows\WinSxS\amd64_microsoft.windows.common-controls_6595b64144ccf1df_6.0.7601.17514_none_fa396087175ac9ac\COMCTL32.dll
0x000007fefef90000 - 0x000007feff001000 	C:\Windows\system32\SHLWAPI.dll
0x000007fefede0000 - 0x000007fefee0e000 	C:\Windows\system32\IMM32.DLL
0x000007fefe6a0000 - 0x000007fefe7a9000 	C:\Windows\system32\MSCTF.dll
0x0000000068730000 - 0x0000000068802000 	C:\PROGRA~1\Java\JDK18~1.0_0\jre\bin\msvcr100.dll
0x0000000051710000 - 0x0000000051f3a000 	C:\PROGRA~1\Java\JDK18~1.0_0\jre\bin\server\jvm.dll
0x000007fef6b10000 - 0x000007fef6b19000 	C:\Windows\system32\WSOCK32.dll
0x000007fefd860000 - 0x000007fefd8ad000 	C:\Windows\system32\WS2_32.dll
0x000007feff1d0000 - 0x000007feff1d8000 	C:\Windows\system32\NSI.dll
0x000007fefa8c0000 - 0x000007fefa8fb000 	C:\Windows\system32\WINMM.dll
0x00000000770a0000 - 0x00000000770a7000 	C:\Windows\system32\PSAPI.DLL
0x000000006e3e0000 - 0x000000006e3ef000 	C:\PROGRA~1\Java\JDK18~1.0_0\jre\bin\verify.dll
0x000000006b670000 - 0x000000006b698000 	C:\PROGRA~1\Java\JDK18~1.0_0\jre\bin\java.dll
0x000000006c360000 - 0x000000006c376000 	C:\PROGRA~1\Java\JDK18~1.0_0\jre\bin\zip.dll
0x000007fefd910000 - 0x000007fefe698000 	C:\Windows\system32\SHELL32.dll
0x000007fefe7b0000 - 0x000007fefe9b3000 	C:\Windows\system32\ole32.dll
0x000007fefcc90000 - 0x000007fefcc9f000 	C:\Windows\system32\profapi.dll

VM Arguments:
jvm_args: -Xmx1024M -Xss1m -Djava.ext.dirs=C:\Program Files (x86)\Android\android-studio\sdk\build-tools\android-4.4.2\lib 
java_command: C:\Program Files (x86)\Android\android-studio\sdk\build-tools\android-4.4.2\lib\dx.jar --dex --output C:\Users\Siza\Arrythmia Project Newtonmin\ArrythmiaProject\Arrythmia\app\build\pre-dexed\debug\support-v4-19.0.1-04dde37e48405b4442ed2e114457f34f6f27cab4.jar C:\Program Files (x86)\Android\android-studio\sdk\extras\android\m2repository\com\android\support\support-v4\19.0.1\support-v4-19.0.1.jar
java_class_path (initial): C:\Program Files (x86)\Android\android-studio\sdk\build-tools\android-4.4.2\lib\dx.jar
Launcher Type: SUN_STANDARD

Environment Variables:
JAVA_HOME=C:\Program Files\Java\jdk1.8.0_05
PATH=C:\Program Files (x86)\NVIDIA Corporation\PhysX\Common;C:\Program Files\Common Files\Microsoft Shared\Windows Live;C:\Program Files (x86)\Common Files\Microsoft Shared\Windows Live;C:\Program Files (x86)\Microchip\MPLABC18\v3.45\mpasm;C:\Program Files (x86)\Microchip\MPLABC18\v3.45\bin;C:\Program Files (x86)\Microchip\MPLABC18\v3.41\mpasm;C:\Program Files (x86)\Microchip\MPLABC18\v3.41\bin;C:\Program Files (x86)\Microchip\mplabc32\v2.02\bin;C:\Program Files (x86)\Microchip\MPLAB C30\bin;C:\Program Files (x86)\Microchip\xc32\v1.20\bin;C:\Program Files (x86)\Microchip\xc16\v1.11\bin;C:\Program Files (x86)\Microchip\xc8\v1.12\bin;C:\Windows\system32;C:\Windows;C:\Windows\System32\Wbem;C:\Windows\System32\WindowsPowerShell\v1.0\;C:\Program Files\Microsoft\Web Platform Installer\;C:\Program Files (x86)\Microsoft ASP.NET\ASP.NET Web Pages\v1.0\;C:\Program Files (x86)\Windows Kits\8.0\Windows Performance Toolkit\;C:\Program Files\Microsoft SQL Server\110\Tools\Binn\;C:\Program Files\IVI Foundation\VISA\Win64\Bin\;C:\Program Files (x86)\IVI Foundation\VISA\WinNT\Bin\;C:\Program Files (x86)\IVI Foundation\VISA\WinNT\Bin;C:\Program Files (x86)\Microsoft SQL Server\100\Tools\Binn\;C:\Program Files\Microsoft SQL Server\100\Tools\Binn\;C:\Program Files\Microsoft SQL Server\100\DTS\Binn\;C:\Program Files\MATLAB\R2011b\runtime\win64;C:\Program Files\MATLAB\R2011b\bin;C:\Program Files\MATLAB\R2010b\runtime\win64;C:\Program Files\MATLAB\R2010b\bin;C:\Program Files (x86)\Microchip\MPLAB C32 Suite\bin;C:\Program Files\Java\jdk1.7.0_17\bin;C:\Program Files (x86)\HI-TECH Software\PICC\9.83\bin;C:\Program Files (x86)\Windows Live\Shared;C:\Program Files (x86)\QuickTime\QTSystem\;
USERNAME=Siza
OS=Windows_NT
PROCESSOR_IDENTIFIER=AMD64 Family 16 Model 10 Stepping 0, AuthenticAMD



---------------  S Y S T E M  ---------------

OS: Windows 7 , 64 bit Build 7601 Service Pack 1

CPU:total 6 (6 cores per cpu, 1 threads per core) family 16 model 10 stepping 0, cmov, cx8, fxsr, mmx, sse, sse2, sse3, popcnt, mmxext, 3dnowpref, lzcnt, sse4a, tsc, tscinvbit

Memory: 4k page, physical 8387816k(858052k free), swap 8385952k(4792k free)

vm_info: Java HotSpot(TM) 64-Bit Server VM (25.5-b02) for windows-amd64 JRE (1.8.0_05-b13), built on Mar 18 2014 01:08:39 by "java_re" with MS VC++ 10.0 (VS2010)

time: Tue May 27 19:22:04 2014
elapsed time: 11 seconds

