#
# There is insufficient memory for the Java Runtime Environment to continue.
# Native memory allocation (malloc) failed to allocate 133664 bytes for Chunk::new
# Possible reasons:
#   The system is out of physical RAM or swap space
#   In 32 bit mode, the process size limit was hit
# Possible solutions:
#   Reduce memory load on the system
#   Increase physical memory or swap space
#   Check if swap backing store is full
#   Use 64 bit Java on a 64 bit OS
#   Decrease Java heap size (-Xmx/-Xms)
#   Decrease number of Java threads
#   Decrease Java thread stack sizes (-Xss)
#   Set larger code cache with -XX:ReservedCodeCacheSize=
# This output file may be truncated or incomplete.
#
#  Out of Memory Error (allocation.cpp:388), pid=15088, tid=1332
#
# JRE version: Java(TM) SE Runtime Environment (8.0_05-b13) (build 1.8.0_05-b13)
# Java VM: Java HotSpot(TM) 64-Bit Server VM (25.5-b02 mixed mode windows-amd64 compressed oops)
# Failed to write core dump. Minidumps are not enabled by default on client versions of Windows
#

---------------  T H R E A D  ---------------

Current thread (0x0000000056e59000):  JavaThread "C2 CompilerThread0" daemon [_thread_in_native, id=1332, stack(0x0000000057630000,0x0000000057730000)]

Stack: [0x0000000057630000,0x0000000057730000]
[error occurred during error reporting (printing stack bounds), id 0xc0000005]

Native frames: (J=compiled Java code, j=interpreted, Vv=VM code, C=native code)
V  [jvm.dll+0x308dea]
V  [jvm.dll+0x25def1]
V  [jvm.dll+0x25eb0f]
V  [jvm.dll+0x277136]
V  [jvm.dll+0x27aca3]
V  [jvm.dll+0x59668f]
C  [msvcr100.dll+0x712e3]
V  [jvm.dll+0x595dad]
C  [ntdll.dll+0x29d2d]
C  [ntdll.dll+0x191cf]
C  [ntdll.dll+0x51248]
V  [jvm.dll+0x1fdd91]


Current CompileTask:
C2:   3031 1444       4       com.android.dx.ssa.LiteralOpUpgrader$1::visitNonMoveInsn (203 bytes)


---------------  P R O C E S S  ---------------

Java Threads: ( => current thread )
  0x0000000056ea5000 JavaThread "Service Thread" daemon [_thread_blocked, id=14604, stack(0x0000000056b90000,0x0000000056c90000)]
  0x0000000056e64800 JavaThread "C1 CompilerThread2" daemon [_thread_blocked, id=13192, stack(0x00000000578e0000,0x00000000579e0000)]
  0x0000000056e5e800 JavaThread "C2 CompilerThread1" daemon [_thread_in_native, id=1456, stack(0x0000000057780000,0x0000000057880000)]
=>0x0000000056e59000 JavaThread "C2 CompilerThread0" daemon [_thread_in_native, id=1332, stack(0x0000000057630000,0x0000000057730000)]
  0x0000000056e57800 JavaThread "Attach Listener" daemon [_thread_blocked, id=13636, stack(0x0000000057490000,0x0000000057590000)]
  0x000000005524f000 JavaThread "Signal Dispatcher" daemon [_thread_blocked, id=12432, stack(0x00000000572f0000,0x00000000573f0000)]
  0x0000000055241000 JavaThread "Finalizer" daemon [_thread_blocked, id=14624, stack(0x0000000056d00000,0x0000000056e00000)]
  0x0000000055236000 JavaThread "Reference Handler" daemon [_thread_blocked, id=15080, stack(0x0000000056a20000,0x0000000056b20000)]
  0x000000000222f000 JavaThread "main" [_thread_in_Java, id=8504, stack(0x0000000002330000,0x0000000002430000)]

Other Threads:
  0x0000000055232800 VMThread [stack: 0x0000000056910000,0x0000000056a10000] [id=9684]
  0x0000000056ea6000 WatcherThread [stack: 0x0000000057b50000,0x0000000057c50000] [id=6812]

VM state:not at safepoint (normal execution)

VM Mutex/Monitor currently owned by a thread: None

Heap:
 PSYoungGen      total 30208K, used 13047K [0x00000000eab00000, 0x00000000ee980000, 0x0000000100000000)
  eden space 26624K, 35% used [0x00000000eab00000,0x00000000eb43dda8,0x00000000ec500000)
  from space 3584K, 100% used [0x00000000ecc80000,0x00000000ed000000,0x00000000ed000000)
  to   space 7680K, 0% used [0x00000000ec500000,0x00000000ec500000,0x00000000ecc80000)
 ParOldGen       total 129536K, used 20826K [0x00000000c0000000, 0x00000000c7e80000, 0x00000000eab00000)
  object space 129536K, 16% used [0x00000000c0000000,0x00000000c1456af0,0x00000000c7e80000)
 Metaspace       used 5448K, capacity 6832K, committed 7040K, reserved 1056768K
  class space    used 540K, capacity 616K, committed 640K, reserved 1048576K

Card table byte_map: [0x0000000011ac0000,0x0000000011cd0000] byte_map_base: 0x00000000114c0000

Marking Bits: (ParMarkBitMap*) 0x000000005cfd13b0
 Begin Bits: [0x0000000012650000, 0x0000000013650000)
 End Bits:   [0x0000000013650000, 0x0000000014650000)

Polling page: 0x0000000000230000

CodeCache: size=245760Kb used=6409Kb max_used=6411Kb free=239350Kb
 bounds [0x0000000002700000, 0x0000000002d50000, 0x0000000011700000]
 total_blobs=1886 nmethods=1628 adapters=173
 compilation: enabled

Compilation events (10 events):
Event: 2.860 Thread 0x0000000056e64800 1652       1       com.android.dx.cf.attrib.InnerClassList$Item::getAccessFlags (5 bytes)
Event: 2.860 Thread 0x0000000056e64800 nmethod 1652 0x0000000002d35850 code [0x0000000002d359a0, 0x0000000002d35ab0]
Event: 2.861 Thread 0x0000000056e59000 nmethod 1417 0x0000000002d41a10 code [0x0000000002d41b60, 0x0000000002d41cd8]
Event: 2.861 Thread 0x0000000056e59000 1603       4       java.lang.StringBuilder::append (8 bytes)
Event: 2.866 Thread 0x0000000056e59000 nmethod 1603 0x0000000002d42fd0 code [0x0000000002d43120, 0x0000000002d434b8]
Event: 2.866 Thread 0x0000000056e59000 1444       4       com.android.dx.ssa.LiteralOpUpgrader$1::visitNonMoveInsn (203 bytes)
Event: 2.866 Thread 0x0000000056e64800 1654       2       java.util.TreeMap::entrySet (27 bytes)
Event: 2.866 Thread 0x0000000056e64800 nmethod 1654 0x0000000002d42c10 code [0x0000000002d42d60, 0x0000000002d42f30]
Event: 2.866 Thread 0x0000000056e64800 1655       2       java.util.TreeMap$EntrySet::iterator (19 bytes)
Event: 2.867 Thread 0x0000000056e64800 nmethod 1655 0x0000000002d426d0 code [0x0000000002d42840, 0x0000000002d42ab0]

GC Heap History (10 events):
Event: 1.860 GC heap before
{Heap before GC invocations=12 (full 0):
 PSYoungGen      total 15360K, used 13856K [0x00000000eab00000, 0x00000000ec480000, 0x0000000100000000)
  eden space 11776K, 100% used [0x00000000eab00000,0x00000000eb680000,0x00000000eb680000)
  from space 3584K, 58% used [0x00000000eb680000,0x00000000eb888000,0x00000000eba00000)
  to   space 3584K, 0% used [0x00000000ec100000,0x00000000ec100000,0x00000000ec480000)
 ParOldGen       total 129536K, used 6469K [0x00000000c0000000, 0x00000000c7e80000, 0x00000000eab00000)
  object space 129536K, 4% used [0x00000000c0000000,0x00000000c0651758,0x00000000c7e80000)
 Metaspace       used 5355K, capacity 6768K, committed 7040K, reserved 1056768K
  class space    used 540K, capacity 616K, committed 640K, reserved 1048576K
Event: 1.906 GC heap after
Heap after GC invocations=12 (full 0):
 PSYoungGen      total 22528K, used 1920K [0x00000000eab00000, 0x00000000ec480000, 0x0000000100000000)
  eden space 18944K, 0% used [0x00000000eab00000,0x00000000eab00000,0x00000000ebd80000)
  from space 3584K, 53% used [0x00000000ec100000,0x00000000ec2e0010,0x00000000ec480000)
  to   space 3584K, 0% used [0x00000000ebd80000,0x00000000ebd80000,0x00000000ec100000)
 ParOldGen       total 129536K, used 8372K [0x00000000c0000000, 0x00000000c7e80000, 0x00000000eab00000)
  object space 129536K, 6% used [0x00000000c0000000,0x00000000c082d2c8,0x00000000c7e80000)
 Metaspace       used 5355K, capacity 6768K, committed 7040K, reserved 1056768K
  class space    used 540K, capacity 616K, committed 640K, reserved 1048576K
}
Event: 2.084 GC heap before
{Heap before GC invocations=13 (full 0):
 PSYoungGen      total 22528K, used 20864K [0x00000000eab00000, 0x00000000ec480000, 0x0000000100000000)
  eden space 18944K, 100% used [0x00000000eab00000,0x00000000ebd80000,0x00000000ebd80000)
  from space 3584K, 53% used [0x00000000ec100000,0x00000000ec2e0010,0x00000000ec480000)
  to   space 3584K, 0% used [0x00000000ebd80000,0x00000000ebd80000,0x00000000ec100000)
 ParOldGen       total 129536K, used 8372K [0x00000000c0000000, 0x00000000c7e80000, 0x00000000eab00000)
  object space 129536K, 6% used [0x00000000c0000000,0x00000000c082d2c8,0x00000000c7e80000)
 Metaspace       used 5364K, capacity 6768K, committed 7040K, reserved 1056768K
  class space    used 540K, capacity 616K, committed 640K, reserved 1048576K
Event: 2.148 GC heap after
Heap after GC invocations=13 (full 0):
 PSYoungGen      total 22528K, used 2605K [0x00000000eab00000, 0x00000000ed000000, 0x0000000100000000)
  eden space 18944K, 0% used [0x00000000eab00000,0x00000000eab00000,0x00000000ebd80000)
  from space 3584K, 72% used [0x00000000ebd80000,0x00000000ec00b610,0x00000000ec100000)
  to   space 3584K, 0% used [0x00000000ecc80000,0x00000000ecc80000,0x00000000ed000000)
 ParOldGen       total 129536K, used 10300K [0x00000000c0000000, 0x00000000c7e80000, 0x00000000eab00000)
  object space 129536K, 7% used [0x00000000c0000000,0x00000000c0a0f1d0,0x00000000c7e80000)
 Metaspace       used 5364K, capacity 6768K, committed 7040K, reserved 1056768K
  class space    used 540K, capacity 616K, committed 640K, reserved 1048576K
}
Event: 2.286 GC heap before
{Heap before GC invocations=14 (full 0):
 PSYoungGen      total 22528K, used 21549K [0x00000000eab00000, 0x00000000ed000000, 0x0000000100000000)
  eden space 18944K, 100% used [0x00000000eab00000,0x00000000ebd80000,0x00000000ebd80000)
  from space 3584K, 72% used [0x00000000ebd80000,0x00000000ec00b610,0x00000000ec100000)
  to   space 3584K, 0% used [0x00000000ecc80000,0x00000000ecc80000,0x00000000ed000000)
 ParOldGen       total 129536K, used 10300K [0x00000000c0000000, 0x00000000c7e80000, 0x00000000eab00000)
  object space 129536K, 7% used [0x00000000c0000000,0x00000000c0a0f1d0,0x00000000c7e80000)
 Metaspace       used 5396K, capacity 6768K, committed 7040K, reserved 1056768K
  class space    used 540K, capacity 616K, committed 640K, reserved 1048576K
Event: 2.354 GC heap after
Heap after GC invocations=14 (full 0):
 PSYoungGen      total 33792K, used 3040K [0x00000000eab00000, 0x00000000ed100000, 0x0000000100000000)
  eden space 30208K, 0% used [0x00000000eab00000,0x00000000eab00000,0x00000000ec880000)
  from space 3584K, 84% used [0x00000000ecc80000,0x00000000ecf78000,0x00000000ed000000)
  to   space 4096K, 0% used [0x00000000ec880000,0x00000000ec880000,0x00000000ecc80000)
 ParOldGen       total 129536K, used 12686K [0x00000000c0000000, 0x00000000c7e80000, 0x00000000eab00000)
  object space 129536K, 9% used [0x00000000c0000000,0x00000000c0c63ae0,0x00000000c7e80000)
 Metaspace       used 5396K, capacity 6768K, committed 7040K, reserved 1056768K
  class space    used 540K, capacity 616K, committed 640K, reserved 1048576K
}
Event: 2.622 GC heap before
{Heap before GC invocations=15 (full 0):
 PSYoungGen      total 33792K, used 33248K [0x00000000eab00000, 0x00000000ed100000, 0x0000000100000000)
  eden space 30208K, 100% used [0x00000000eab00000,0x00000000ec880000,0x00000000ec880000)
  from space 3584K, 84% used [0x00000000ecc80000,0x00000000ecf78000,0x00000000ed000000)
  to   space 4096K, 0% used [0x00000000ec880000,0x00000000ec880000,0x00000000ecc80000)
 ParOldGen       total 129536K, used 12686K [0x00000000c0000000, 0x00000000c7e80000, 0x00000000eab00000)
  object space 129536K, 9% used [0x00000000c0000000,0x00000000c0c63ae0,0x00000000c7e80000)
 Metaspace       used 5438K, capacity 6832K, committed 7040K, reserved 1056768K
  class space    used 540K, capacity 616K, committed 640K, reserved 1048576K
Event: 2.689 GC heap after
Heap after GC invocations=15 (full 0):
 PSYoungGen      total 34304K, used 4094K [0x00000000eab00000, 0x00000000ed100000, 0x0000000100000000)
  eden space 30208K, 0% used [0x00000000eab00000,0x00000000eab00000,0x00000000ec880000)
  from space 4096K, 99% used [0x00000000ec880000,0x00000000ecc7fb50,0x00000000ecc80000)
  to   space 3584K, 0% used [0x00000000ecc80000,0x00000000ecc80000,0x00000000ed000000)
 ParOldGen       total 129536K, used 16608K [0x00000000c0000000, 0x00000000c7e80000, 0x00000000eab00000)
  object space 129536K, 12% used [0x00000000c0000000,0x00000000c1038290,0x00000000c7e80000)
 Metaspace       used 5438K, capacity 6832K, committed 7040K, reserved 1056768K
  class space    used 540K, capacity 616K, committed 640K, reserved 1048576K
}
Event: 2.869 GC heap before
{Heap before GC invocations=16 (full 0):
 PSYoungGen      total 34304K, used 34302K [0x00000000eab00000, 0x00000000ed100000, 0x0000000100000000)
  eden space 30208K, 100% used [0x00000000eab00000,0x00000000ec880000,0x00000000ec880000)
  from space 4096K, 99% used [0x00000000ec880000,0x00000000ecc7fb50,0x00000000ecc80000)
  to   space 3584K, 0% used [0x00000000ecc80000,0x00000000ecc80000,0x00000000ed000000)
 ParOldGen       total 129536K, used 16608K [0x00000000c0000000, 0x00000000c7e80000, 0x00000000eab00000)
  object space 129536K, 12% used [0x00000000c0000000,0x00000000c1038290,0x00000000c7e80000)
 Metaspace       used 5446K, capacity 6832K, committed 7040K, reserved 1056768K
  class space    used 540K, capacity 616K, committed 640K, reserved 1048576K
Event: 2.960 GC heap after
Heap after GC invocations=16 (full 0):
 PSYoungGen      total 30208K, used 3584K [0x00000000eab00000, 0x00000000ee980000, 0x0000000100000000)
  eden space 26624K, 0% used [0x00000000eab00000,0x00000000eab00000,0x00000000ec500000)
  from space 3584K, 100% used [0x00000000ecc80000,0x00000000ed000000,0x00000000ed000000)
  to   space 7680K, 0% used [0x00000000ec500000,0x00000000ec500000,0x00000000ecc80000)
 ParOldGen       total 129536K, used 20826K [0x00000000c0000000, 0x00000000c7e80000, 0x00000000eab00000)
  object space 129536K, 16% used [0x00000000c0000000,0x00000000c1456af0,0x00000000c7e80000)
 Metaspace       used 5446K, capacity 6832K, committed 7040K, reserved 1056768K
  class space    used 540K, capacity 616K, committed 640K, reserved 1048576K
}

Deoptimization events (10 events):
Event: 1.495 Thread 0x000000000222f000 Uncommon trap: reason=bimorphic action=maybe_recompile pc=0x000000000293fc8c method=java.util.HashMap.getNode(ILjava/lang/Object;)Ljava/util/HashMap$Node; @ 126
Event: 1.495 Thread 0x000000000222f000 Uncommon trap: reason=bimorphic action=maybe_recompile pc=0x000000000293fc8c method=java.util.HashMap.getNode(ILjava/lang/Object;)Ljava/util/HashMap$Node; @ 126
Event: 1.495 Thread 0x000000000222f000 Uncommon trap: reason=bimorphic action=maybe_recompile pc=0x000000000293fc8c method=java.util.HashMap.getNode(ILjava/lang/Object;)Ljava/util/HashMap$Node; @ 126
Event: 1.495 Thread 0x000000000222f000 Uncommon trap: reason=unreached action=reinterpret pc=0x0000000002b0bd04 method=com.android.dx.rop.cst.Constant.compareTo(Lcom/android/dx/rop/cst/Constant;)I @ 12
Event: 1.496 Thread 0x000000000222f000 Uncommon trap: reason=bimorphic action=maybe_recompile pc=0x0000000002910430 method=java.util.HashMap.getNode(ILjava/lang/Object;)Ljava/util/HashMap$Node; @ 126
Event: 1.532 Thread 0x000000000222f000 Uncommon trap: reason=null_check action=make_not_entrant pc=0x0000000002ac69d8 method=com.android.dx.ssa.SsaRenamer.getLocalForNewReg(I)Lcom/android/dx/rop/code/LocalItem; @ 19
Event: 2.273 Thread 0x000000000222f000 Uncommon trap: reason=null_check action=make_not_entrant pc=0x0000000002aa9388 method=com.android.dx.ssa.SsaRenamer.getLocalForNewReg(I)Lcom/android/dx/rop/code/LocalItem; @ 19
Event: 2.748 Thread 0x000000000222f000 Uncommon trap: reason=bimorphic action=maybe_recompile pc=0x0000000002c42dc0 method=java.util.HashMap.putVal(ILjava/lang/Object;Ljava/lang/Object;ZZ)Ljava/lang/Object; @ 203
Event: 2.814 Thread 0x000000000222f000 Uncommon trap: reason=bimorphic action=maybe_recompile pc=0x0000000002cdd0d4 method=com.android.dx.cf.code.BytecodeArray.parseInstruction(ILcom/android/dx/cf/code/BytecodeArray$Visitor;)I @ 1287
Event: 2.815 Thread 0x000000000222f000 Uncommon trap: reason=bimorphic action=maybe_recompile pc=0x0000000002cdd0d4 method=com.android.dx.cf.code.BytecodeArray.parseInstruction(ILcom/android/dx/cf/code/BytecodeArray$Visitor;)I @ 1287

Internal exceptions (5 events):
Event: 0.066 Thread 0x000000000222f000 Exception <a 'java/lang/NoSuchMethodError': Method sun.misc.Unsafe.defineClass(Ljava/lang/String;[BII)Ljava/lang/Class; name or signature does not match> (0x00000000eab0fcd8) thrown at [D:\re\workspace\8-2-build-windows-amd64-cygwin\jdk8u5\2488\hotspot\srcÕ
Event: 0.066 Thread 0x000000000222f000 Exception <a 'java/lang/NoSuchMethodError': Method sun.misc.Unsafe.prefetchRead(Ljava/lang/Object;J)V name or signature does not match> (0x00000000eab0ff68) thrown at [D:\re\workspace\8-2-build-windows-amd64-cygwin\jdk8u5\2488\hotspot\src\share\vm\prims\jnîÄ@äõ?
Event: 1.320 Thread 0x000000000222f000 Implicit null exception at 0x0000000002a067d2 to 0x0000000002a06871
Event: 1.532 Thread 0x000000000222f000 Implicit null exception at 0x0000000002ac57c4 to 0x0000000002ac69b5
Event: 2.273 Thread 0x000000000222f000 Implicit null exception at 0x0000000002aa81b8 to 0x0000000002aa934d

Events (10 events):
Event: 2.748 Thread 0x000000000222f000 DEOPT PACKING pc=0x0000000002c42dc0 sp=0x000000000242e230
Event: 2.748 Thread 0x000000000222f000 DEOPT UNPACKING pc=0x00000000027473ef sp=0x000000000242e1a8 mode 2
Event: 2.814 Thread 0x000000000222f000 Uncommon trap: trap_request=0xffffffc6 fr.pc=0x0000000002cdd0d4
Event: 2.814 Thread 0x000000000222f000 DEOPT PACKING pc=0x0000000002cdd0d4 sp=0x000000000242e360
Event: 2.814 Thread 0x000000000222f000 DEOPT UNPACKING pc=0x00000000027473ef sp=0x000000000242e318 mode 2
Event: 2.815 Thread 0x000000000222f000 Uncommon trap: trap_request=0xffffffc6 fr.pc=0x0000000002cdd0d4
Event: 2.815 Thread 0x000000000222f000 DEOPT PACKING pc=0x0000000002cdd0d4 sp=0x000000000242e1b0
Event: 2.815 Thread 0x000000000222f000 DEOPT UNPACKING pc=0x00000000027473ef sp=0x000000000242e168 mode 2
Event: 2.869 Executing VM operation: ParallelGCFailedAllocation
Event: 2.960 Executing VM operation: ParallelGCFailedAllocation done


Dynamic libraries:
0x000000013f330000 - 0x000000013f364000 	C:\PROGRA~1\Java\JDK18~1.0_0\bin\java.exe
0x0000000076ed0000 - 0x0000000077079000 	C:\Windows\SYSTEM32\ntdll.dll
0x0000000076cb0000 - 0x0000000076dcf000 	C:\Windows\system32\kernel32.dll
0x000007fefcfe0000 - 0x000007fefd04c000 	C:\Windows\system32\KERNELBASE.dll
0x000007feff010000 - 0x000007feff0eb000 	C:\Windows\system32\ADVAPI32.dll
0x000007fefeb00000 - 0x000007fefeb9f000 	C:\Windows\system32\msvcrt.dll
0x000007fefd200000 - 0x000007fefd21f000 	C:\Windows\SYSTEM32\sechost.dll
0x000007fefd400000 - 0x000007fefd52d000 	C:\Windows\system32\RPCRT4.dll
0x0000000076dd0000 - 0x0000000076eca000 	C:\Windows\system32\USER32.dll
0x000007fefd0c0000 - 0x000007fefd127000 	C:\Windows\system32\GDI32.dll
0x000007fefedd0000 - 0x000007fefedde000 	C:\Windows\system32\LPK.dll
0x000007fefd130000 - 0x000007fefd1f9000 	C:\Windows\system32\USP10.dll
0x000007fefb6f0000 - 0x000007fefb8e4000 	C:\Windows\WinSxS\amd64_microsoft.windows.common-controls_6595b64144ccf1df_6.0.7601.17514_none_fa396087175ac9ac\COMCTL32.dll
0x000007fefef90000 - 0x000007feff001000 	C:\Windows\system32\SHLWAPI.dll
0x000007fefede0000 - 0x000007fefee0e000 	C:\Windows\system32\IMM32.DLL
0x000007fefe6a0000 - 0x000007fefe7a9000 	C:\Windows\system32\MSCTF.dll
0x000000006b620000 - 0x000000006b6f2000 	C:\PROGRA~1\Java\JDK18~1.0_0\jre\bin\msvcr100.dll
0x000000005c820000 - 0x000000005d04a000 	C:\PROGRA~1\Java\JDK18~1.0_0\jre\bin\server\jvm.dll
0x000007fef6b10000 - 0x000007fef6b19000 	C:\Windows\system32\WSOCK32.dll
0x000007fefd860000 - 0x000007fefd8ad000 	C:\Windows\system32\WS2_32.dll
0x000007feff1d0000 - 0x000007feff1d8000 	C:\Windows\system32\NSI.dll
0x000007fefa8c0000 - 0x000007fefa8fb000 	C:\Windows\system32\WINMM.dll
0x00000000770a0000 - 0x00000000770a7000 	C:\Windows\system32\PSAPI.DLL
0x000000006feb0000 - 0x000000006febf000 	C:\PROGRA~1\Java\JDK18~1.0_0\jre\bin\verify.dll
0x000000006e330000 - 0x000000006e358000 	C:\PROGRA~1\Java\JDK18~1.0_0\jre\bin\java.dll
0x000000006e3f0000 - 0x000000006e406000 	C:\PROGRA~1\Java\JDK18~1.0_0\jre\bin\zip.dll
0x000007fefd910000 - 0x000007fefe698000 	C:\Windows\system32\SHELL32.dll
0x000007fefe7b0000 - 0x000007fefe9b3000 	C:\Windows\system32\ole32.dll
0x000007fefcc90000 - 0x000007fefcc9f000 	C:\Windows\system32\profapi.dll
0x000007fefaa00000 - 0x000007fefab25000 	C:\Windows\system32\dbghelp.dll

VM Arguments:
jvm_args: -Xmx1024M -Xss1m -Djava.ext.dirs=C:\Program Files (x86)\Android\android-studio\sdk\build-tools\android-4.4.2\lib 
java_command: C:\Program Files (x86)\Android\android-studio\sdk\build-tools\android-4.4.2\lib\dx.jar --dex --output C:\Users\Siza\Arrythmia Project Newtonmin\ArrythmiaProject\Arrythmia\app\build\pre-dexed\debug\support-v4-19.1.0-e311e493b238b75da4095bd5ee7b69d76d73dc42.jar C:\Program Files (x86)\Android\android-studio\sdk\extras\android\m2repository\com\android\support\support-v4\19.1.0\support-v4-19.1.0.jar
java_class_path (initial): C:\Program Files (x86)\Android\android-studio\sdk\build-tools\android-4.4.2\lib\dx.jar
Launcher Type: SUN_STANDARD

Environment Variables:
JAVA_HOME=C:\Program Files\Java\jdk1.8.0_05
PATH=C:\Program Files (x86)\NVIDIA Corporation\PhysX\Common;C:\Program Files\Common Files\Microsoft Shared\Windows Live;C:\Program Files (x86)\Common Files\Microsoft Shared\Windows Live;C:\Program Files (x86)\Microchip\MPLABC18\v3.45\mpasm;C:\Program Files (x86)\Microchip\MPLABC18\v3.45\bin;C:\Program Files (x86)\Microchip\MPLABC18\v3.41\mpasm;C:\Program Files (x86)\Microchip\MPLABC18\v3.41\bin;C:\Program Files (x86)\Microchip\mplabc32\v2.02\bin;C:\Program Files (x86)\Microchip\MPLAB C30\bin;C:\Program Files (x86)\Microchip\xc32\v1.20\bin;C:\Program Files (x86)\Microchip\xc16\v1.11\bin;C:\Program Files (x86)\Microchip\xc8\v1.12\bin;C:\Windows\system32;C:\Windows;C:\Windows\System32\Wbem;C:\Windows\System32\WindowsPowerShell\v1.0\;C:\Program Files\Microsoft\Web Platform Installer\;C:\Program Files (x86)\Microsoft ASP.NET\ASP.NET Web Pages\v1.0\;C:\Program Files (x86)\Windows Kits\8.0\Windows Performance Toolkit\;C:\Program Files\Microsoft SQL Server\110\Tools\Binn\;C:\Program Files\IVI Foundation\VISA\Win64\Bin\;C:\Program Files (x86)\IVI Foundation\VISA\WinNT\Bin\;C:\Program Files (x86)\IVI Foundation\VISA\WinNT\Bin;C:\Program Files (x86)\Microsoft SQL Server\100\Tools\Binn\;C:\Program Files\Microsoft SQL Server\100\Tools\Binn\;C:\Program Files\Microsoft SQL Server\100\DTS\Binn\;C:\Program Files\MATLAB\R2011b\runtime\win64;C:\Program Files\MATLAB\R2011b\bin;C:\Program Files\MATLAB\R2010b\runtime\win64;C:\Program Files\MATLAB\R2010b\bin;C:\Program Files (x86)\Microchip\MPLAB C32 Suite\bin;C:\Program Files\Java\jdk1.7.0_17\bin;C:\Program Files (x86)\HI-TECH Software\PICC\9.83\bin;C:\Program Files (x86)\Windows Live\Shared;C:\Program Files (x86)\QuickTime\QTSystem\;C:\Program Files (x86)\Microchip\MPLABC18\v3.41\mpasm;C:\Program Files (x86)\Microchip\MPLABC18\v3.41\bin;C:\Program Files (x86)\Microchip\MPLABC18\v3.45\mpasm;C:\Program Files (x86)\Microchip\MPLABC18\v3.45\bin;C:\Windows\system32;C:\Windows;C:\Windows\System32\Wbem
USERNAME=Siza
OS=Windows_NT
PROCESSOR_IDENTIFIER=AMD64 Family 16 Model 10 Stepping 0, AuthenticAMD



---------------  S Y S T E M  ---------------

OS: Windows 7 , 64 bit Build 7601 Service Pack 1

CPU:total 6 (6 cores per cpu, 1 threads per core) family 16 model 10 stepping 0, cmov, cx8, fxsr, mmx, sse, sse2, sse3, popcnt, mmxext, 3dnowpref, lzcnt, sse4a, tsc, tscinvbit

Memory: 4k page, physical 8387816k(1294192k free), swap 8385952k(8828k free)

vm_info: Java HotSpot(TM) 64-Bit Server VM (25.5-b02) for windows-amd64 JRE (1.8.0_05-b13), built on Mar 18 2014 01:08:39 by "java_re" with MS VC++ 10.0 (VS2010)

time: Sun Jun 01 15:38:59 2014
elapsed time: 3 seconds

